#
# A fatal error has been detected by the Java Runtime Environment:
#
#  SIGSEGV (0xb) at pc=0x00007f0a1f417443, pid=13634, tid=139681430484736
#
# JRE version: Java(TM) SE Runtime Environment (8.0_91-b14) (build 1.8.0_91-b14)
# Java VM: Java HotSpot(TM) 64-Bit Server VM (25.91-b14 mixed mode linux-amd64 compressed oops)
# Problematic frame:
# C  [libX11.so.6+0x89443]
#
# Failed to write core dump. Core dumps have been disabled. To enable core dumping, try "ulimit -c unlimited" before starting Java again
#
# If you would like to submit a bug report, please visit:
#   http://bugreport.java.com/bugreport/crash.jsp
# The crash happened outside the Java Virtual Machine in native code.
# See problematic frame for where to report the bug.
#

---------------  T H R E A D  ---------------

Current thread (0x00007f0a806a5000):  JavaThread "AWT-XAWT" daemon [_thread_in_native, id=13760, stack(0x00007f0a1dfbb000,0x00007f0a1e0bc000)]

siginfo: si_signo: 11 (SIGSEGV), si_code: 1 (SEGV_MAPERR), si_addr: 0x000000000000000a

Registers:
RAX=0x00007f0a8064fb80, RBX=0x00007f0a80660f60, RCX=0x0000000000000000, RDX=0x0000000000000087
RSP=0x00007f0a1e0ba470, RBP=0x000000000000000a, RSI=0x0000000000000000, RDI=0x00007f0a80660f60
R8 =0x0000000000000000, R9 =0x00007f0a0c0083c0, R10=0x00007f0a6ff7e9e8, R11=0x00007f0a84de2850
R12=0x0000000000000000, R13=0x00007f0a1fe96618, R14=0x00007f0a1e0ba578, R15=0x00007f0a806a5000
RIP=0x00007f0a1f417443, EFLAGS=0x0000000000010246, CSGSFS=0x0000000000000033, ERR=0x0000000000000004
  TRAPNO=0x000000000000000e

Top of Stack: (sp=0x00007f0a1e0ba470)
0x00007f0a1e0ba470:   0000000000000000 00007f0a80660f60
0x00007f0a1e0ba480:   0000000000000047 00007f0a1f4180f1
0x00007f0a1e0ba490:   00007f0a1fe96618 00007f0a1e0ba4b0
0x00007f0a1e0ba4a0:   0000000000000000 00007f0a1f905201
0x00007f0a1e0ba4b0:   00007f0a1e0ba530 00007f0a6ff7ea14
0x00007f0a1e0ba4c0:   00000000a49643a0 00007f0a1e0ba4c8
0x00007f0a1e0ba4d0:   00007f0a1ff7280c 00007f0a1e0ba520
0x00007f0a1e0ba4e0:   00007f0a1ff73fd8 0000000000000000
0x00007f0a1e0ba4f0:   00007f0a1e0ba4f0 0000000000000000
0x00007f0a1e0ba500:   00007f0a1e0ba578 00007f0a1fe97648
0x00007f0a1e0ba510:   0000000000000000 00007f0a1fe96618
0x00007f0a1e0ba520:   0000000000000000 00007f0a1e0ba550
0x00007f0a1e0ba530:   00007f0a1e0ba5c0 00007f0a6ff6edd0
0x00007f0a1e0ba540:   00000000a495d670 00007f0a6ff78537
0x00007f0a1e0ba550:   0000000000000000 0000000000000000
0x00007f0a1e0ba560:   0000000000000047 00007f0a6ff6edd0
0x00007f0a1e0ba570:   00007f0a80660f60 00007f0a6ff6edd0
0x00007f0a1e0ba580:   00007f0a1e0ba580 00007f0a1fe71fb7
0x00007f0a1e0ba590:   00007f0a1e0ba5e8 00007f0a1fe83ff0
0x00007f0a1e0ba5a0:   0000000000000000 00007f0a1fe71fd8
0x00007f0a1e0ba5b0:   00007f0a1e0ba550 00007f0a1e0ba5e0
0x00007f0a1e0ba5c0:   00007f0a1e0ba630 00007f0a6ff6f2bd
0x00007f0a1e0ba5d0:   0000000000000001 00000000e1812608
0x00007f0a1e0ba5e0:   00000000a4b6d7e8 00000000a4af22f0
0x00007f0a1e0ba5f0:   00007f0a1e0ba5f0 00007f0a1fe6c1b1
0x00007f0a1e0ba600:   00007f0a1e0ba678 00007f0a1fe83ff0
0x00007f0a1e0ba610:   0000000000000000 00007f0a1fe6c390
0x00007f0a1e0ba620:   00007f0a1e0ba5e0 00007f0a1e0ba670
0x00007f0a1e0ba630:   00007f0a1e0ba6c0 00007f0a6ff6f2bd
0x00007f0a1e0ba640:   0000000000000000 0000000000000000
0x00007f0a1e0ba650:   0000000000000000 0000000000000000
0x00007f0a1e0ba660:   0000000000000000 00000000a4b6d7e8 

Instructions: (pc=0x00007f0a1f417443)
0x00007f0a1f417423:   83 ec 08 e8 f5 57 fb ff 48 8b 93 20 0a 00 00 31
0x00007f0a1f417433:   c9 31 f6 48 8b 52 08 8b 52 04 c6 40 01 08 88 10
0x00007f0a1f417443:   0f b7 55 00 66 89 48 06 c6 40 0b 00 c6 40 0a 00
0x00007f0a1f417453:   c6 40 0d 00 c6 40 0c 00 c6 40 0f 00 66 89 50 04 

Register to memory mapping:

RAX=0x00007f0a8064fb80 is an unknown value
RBX=0x00007f0a80660f60 is an unknown value
RCX=0x0000000000000000 is an unknown value
RDX=0x0000000000000087 is an unknown value
RSP=0x00007f0a1e0ba470 is pointing into the stack for thread: 0x00007f0a806a5000
RBP=0x000000000000000a is an unknown value
RSI=0x0000000000000000 is an unknown value
RDI=0x00007f0a80660f60 is an unknown value
R8 =0x0000000000000000 is an unknown value
R9 =0x00007f0a0c0083c0 is an unknown value
R10=0x00007f0a6ff7e9e8 is at code_begin+808 in an Interpreter codelet
method entry point (kind = native)  [0x00007f0a6ff7e6c0, 0x00007f0a6ff7efc0]  2304 bytes
R11=0x00007f0a84de2850: <offset 0x9bb850> in /opt/java/jdk1.8.0_91/jre/lib/amd64/server/libjvm.so at 0x00007f0a84427000
R12=0x0000000000000000 is an unknown value
R13={method} {0x00007f0a1fe96618} 'XkbGetUpdatedMap' '(JJJ)J' in 'sun/awt/X11/XlibWrapper'
R14=0x00007f0a1e0ba578 is pointing into the stack for thread: 0x00007f0a806a5000
R15=0x00007f0a806a5000 is a thread


Stack: [0x00007f0a1dfbb000,0x00007f0a1e0bc000],  sp=0x00007f0a1e0ba470,  free space=1021k
Native frames: (J=compiled Java code, j=interpreted, Vv=VM code, C=native code)
C  [libX11.so.6+0x89443]

Java frames: (J=compiled Java code, j=interpreted, Vv=VM code)
j  sun.awt.X11.XlibWrapper.XkbGetUpdatedMap(JJJ)J+0
j  sun.awt.X11.XToolkit.processXkbChanges(Lsun/awt/X11/XEvent;)V+87
j  sun.awt.X11.XToolkit.run(Z)V+137
j  sun.awt.X11.XToolkit.run()V+5
j  java.lang.Thread.run()V+11
v  ~StubRoutines::call_stub

---------------  P R O C E S S  ---------------

Java Threads: ( => current thread )
  0x00007f0a00002000 JavaThread "Forwarding quit on session 95517e116d63c2e1918b4242966628b7 to remote" daemon [_thread_in_native, id=13960, stack(0x00007f0a64390000,0x00007f0a64491000)]
  0x00007f0a807da800 JavaThread "Thread-3" [_thread_blocked, id=13958, stack(0x00007f0a1d2ad000,0x00007f0a1d3ae000)]
  0x00007f0a806d3000 JavaThread "Okio Watchdog" daemon [_thread_blocked, id=13845, stack(0x00007f0a1d8af000,0x00007f0a1d9b0000)]
  0x00007f0a806b9800 JavaThread "OkHttp ConnectionPool" daemon [_thread_blocked, id=13844, stack(0x00007f0a1d9b0000,0x00007f0a1dab1000)]
  0x00007f0a806b3800 JavaThread "Webdrivers killer thread" daemon [_thread_blocked, id=13764, stack(0x00007f0a1deba000,0x00007f0a1dfbb000)]
=>0x00007f0a806a5000 JavaThread "AWT-XAWT" daemon [_thread_in_native, id=13760, stack(0x00007f0a1dfbb000,0x00007f0a1e0bc000)]
  0x00007f0a80688000 JavaThread "Java2D Disposer" daemon [_thread_blocked, id=13759, stack(0x00007f0a6404a000,0x00007f0a6414b000)]
  0x00007f0a2800e800 JavaThread "Exec Stream Pumper" daemon [_thread_in_native, id=13670, stack(0x00007f0a6414b000,0x00007f0a6424c000)]
  0x00007f0a2800d800 JavaThread "Exec Stream Pumper" daemon [_thread_in_native, id=13669, stack(0x00007f0a6424c000,0x00007f0a6434d000)]
  0x00007f0a2800b800 JavaThread "process reaper" daemon [_thread_in_native, id=13668, stack(0x00007f0a64357000,0x00007f0a64390000)]
  0x00007f0a805d6000 JavaThread "Exec Default Executor" daemon [_thread_blocked, id=13664, stack(0x00007f0a64491000,0x00007f0a64592000)]
  0x00007f0a800fa800 JavaThread "Monitor Ctrl-Break" daemon [_thread_in_native, id=13658, stack(0x00007f0a651ad000,0x00007f0a652ae000)]
  0x00007f0a800cb800 JavaThread "Service Thread" daemon [_thread_blocked, id=13656, stack(0x00007f0a655b1000,0x00007f0a656b2000)]
  0x00007f0a800c0800 JavaThread "C1 CompilerThread2" daemon [_thread_blocked, id=13655, stack(0x00007f0a656b2000,0x00007f0a657b3000)]
  0x00007f0a800bf000 JavaThread "C2 CompilerThread1" daemon [_thread_blocked, id=13654, stack(0x00007f0a657b3000,0x00007f0a658b4000)]
  0x00007f0a800bc000 JavaThread "C2 CompilerThread0" daemon [_thread_blocked, id=13653, stack(0x00007f0a658b4000,0x00007f0a659b5000)]
  0x00007f0a800ba800 JavaThread "Signal Dispatcher" daemon [_thread_blocked, id=13652, stack(0x00007f0a659b5000,0x00007f0a65ab6000)]
  0x00007f0a80086800 JavaThread "Finalizer" daemon [_thread_blocked, id=13645, stack(0x00007f0a665ee000,0x00007f0a666ef000)]
  0x00007f0a80081800 JavaThread "Reference Handler" daemon [_thread_blocked, id=13644, stack(0x00007f0a666ef000,0x00007f0a667f0000)]
  0x00007f0a8000c800 JavaThread "main" [_thread_blocked, id=13635, stack(0x00007f0a85f06000,0x00007f0a86007000)]

Other Threads:
  0x00007f0a8007a000 VMThread [stack: 0x00007f0a667f0000,0x00007f0a668f1000] [id=13643]
  0x00007f0a800cf000 WatcherThread [stack: 0x00007f0a654b0000,0x00007f0a655b1000] [id=13657]

VM state:not at safepoint (normal execution)

VM Mutex/Monitor currently owned by a thread: None

Heap:
 PSYoungGen      total 27648K, used 73K [0x00000000e1800000, 0x00000000e4880000, 0x0000000100000000)
  eden space 23040K, 0% used [0x00000000e1800000,0x00000000e1812648,0x00000000e2e80000)
  from space 4608K, 0% used [0x00000000e4400000,0x00000000e4400000,0x00000000e4880000)
  to   space 7168K, 0% used [0x00000000e3a80000,0x00000000e3a80000,0x00000000e4180000)
 ParOldGen       total 32768K, used 5638K [0x00000000a4800000, 0x00000000a6800000, 0x00000000e1800000)
  object space 32768K, 17% used [0x00000000a4800000,0x00000000a4d81a20,0x00000000a6800000)
 Metaspace       used 20679K, capacity 21020K, committed 21552K, reserved 1069056K
  class space    used 2503K, capacity 2591K, committed 2688K, reserved 1048576K

Card table byte_map: [0x00007f0a6f8ca000,0x00007f0a6fba7000] byte_map_base: 0x00007f0a6f3a6000

Marking Bits: (ParMarkBitMap*) 0x00007f0a853ddd60
 Begin Bits: [0x00007f0a6c61f000, 0x00007f0a6dcff000)
 End Bits:   [0x00007f0a6dcff000, 0x00007f0a6f3df000)

Polling page: 0x00007f0a86026000

CodeCache: size=245760Kb used=7446Kb max_used=7461Kb free=238313Kb
 bounds [0x00007f0a6ff67000, 0x00007f0a706c7000, 0x00007f0a7ef67000]
 total_blobs=2710 nmethods=2195 adapters=428
 compilation: enabled

Compilation events (10 events):
Event: 66,852 Thread 0x00007f0a800c0800 2224       3       java.util.logging.LogManager$LoggerContext::getGlobalLogger (6 bytes)
Event: 66,852 Thread 0x00007f0a800c0800 nmethod 2224 0x00007f0a706aae10 code [0x00007f0a706aaf80, 0x00007f0a706ab0d0]
Event: 66,852 Thread 0x00007f0a800c0800 2226       3       java.util.logging.LogManager::checkPermission (17 bytes)
Event: 66,853 Thread 0x00007f0a800c0800 nmethod 2226 0x00007f0a706aa850 code [0x00007f0a706aa9e0, 0x00007f0a706aace8]
Event: 66,853 Thread 0x00007f0a800c0800 2225       1       java.util.concurrent.CopyOnWriteArrayList::getArray (5 bytes)
Event: 66,853 Thread 0x00007f0a800c0800 nmethod 2225 0x00007f0a706aa590 code [0x00007f0a706aa6e0, 0x00007f0a706aa7f0]
Event: 66,856 Thread 0x00007f0a800bc000 nmethod 2209 0x00007f0a706b18d0 code [0x00007f0a706b1aa0, 0x00007f0a706b28d0]
Event: 66,856 Thread 0x00007f0a800bc000 2221       4       ru.yandex.qatools.allure.config.AllureNamingUtils::isBadXmlCharacter (72 bytes)
Event: 66,933 Thread 0x00007f0a800bf000 nmethod 2196 0x00007f0a706b5e90 code [0x00007f0a706b60e0, 0x00007f0a706b74f0]
Event: 66,933 Thread 0x00007f0a800bc000 nmethod 2221 0x00007f0a706a9a50 code [0x00007f0a706a9ba0, 0x00007f0a706a9c78]

GC Heap History (10 events):
Event: 51,991 GC heap before
{Heap before GC invocations=3 (full 0):
 PSYoungGen      total 27648K, used 27632K [0x00000000e1800000, 0x00000000e4e00000, 0x0000000100000000)
  eden space 24064K, 100% used [0x00000000e1800000,0x00000000e2f80000,0x00000000e2f80000)
  from space 3584K, 99% used [0x00000000e3300000,0x00000000e367c050,0x00000000e3680000)
  to   space 3584K, 0% used [0x00000000e2f80000,0x00000000e2f80000,0x00000000e3300000)
 ParOldGen       total 62976K, used 3153K [0x00000000a4800000, 0x00000000a8580000, 0x00000000e1800000)
  object space 62976K, 5% used [0x00000000a4800000,0x00000000a4b14610,0x00000000a8580000)
 Metaspace       used 17981K, capacity 18240K, committed 18432K, reserved 1064960K
  class space    used 2138K, capacity 2229K, committed 2304K, reserved 1048576K
Event: 52,018 GC heap after
Heap after GC invocations=3 (full 0):
 PSYoungGen      total 27648K, used 3552K [0x00000000e1800000, 0x00000000e4e00000, 0x0000000100000000)
  eden space 24064K, 0% used [0x00000000e1800000,0x00000000e1800000,0x00000000e2f80000)
  from space 3584K, 99% used [0x00000000e2f80000,0x00000000e32f8040,0x00000000e3300000)
  to   space 3584K, 0% used [0x00000000e4a80000,0x00000000e4a80000,0x00000000e4e00000)
 ParOldGen       total 62976K, used 5547K [0x00000000a4800000, 0x00000000a8580000, 0x00000000e1800000)
  object space 62976K, 8% used [0x00000000a4800000,0x00000000a4d6af50,0x00000000a8580000)
 Metaspace       used 17981K, capacity 18240K, committed 18432K, reserved 1064960K
  class space    used 2138K, capacity 2229K, committed 2304K, reserved 1048576K
}
Event: 59,986 GC heap before
{Heap before GC invocations=4 (full 0):
 PSYoungGen      total 27648K, used 27616K [0x00000000e1800000, 0x00000000e4e00000, 0x0000000100000000)
  eden space 24064K, 100% used [0x00000000e1800000,0x00000000e2f80000,0x00000000e2f80000)
  from space 3584K, 99% used [0x00000000e2f80000,0x00000000e32f8040,0x00000000e3300000)
  to   space 3584K, 0% used [0x00000000e4a80000,0x00000000e4a80000,0x00000000e4e00000)
 ParOldGen       total 62976K, used 5547K [0x00000000a4800000, 0x00000000a8580000, 0x00000000e1800000)
  object space 62976K, 8% used [0x00000000a4800000,0x00000000a4d6af50,0x00000000a8580000)
 Metaspace       used 18154K, capacity 18380K, committed 18688K, reserved 1064960K
  class space    used 2140K, capacity 2231K, committed 2304K, reserved 1048576K
Event: 59,997 GC heap after
Heap after GC invocations=4 (full 0):
 PSYoungGen      total 27648K, used 3552K [0x00000000e1800000, 0x00000000e4e00000, 0x0000000100000000)
  eden space 24064K, 0% used [0x00000000e1800000,0x00000000e1800000,0x00000000e2f80000)
  from space 3584K, 99% used [0x00000000e4a80000,0x00000000e4df8040,0x00000000e4e00000)
  to   space 3584K, 0% used [0x00000000e2f80000,0x00000000e2f80000,0x00000000e3300000)
 ParOldGen       total 62976K, used 5613K [0x00000000a4800000, 0x00000000a8580000, 0x00000000e1800000)
  object space 62976K, 8% used [0x00000000a4800000,0x00000000a4d7b7a8,0x00000000a8580000)
 Metaspace       used 18154K, capacity 18380K, committed 18688K, reserved 1064960K
  class space    used 2140K, capacity 2231K, committed 2304K, reserved 1048576K
}
Event: 65,946 GC heap before
{Heap before GC invocations=5 (full 0):
 PSYoungGen      total 27648K, used 27616K [0x00000000e1800000, 0x00000000e4e00000, 0x0000000100000000)
  eden space 24064K, 100% used [0x00000000e1800000,0x00000000e2f80000,0x00000000e2f80000)
  from space 3584K, 99% used [0x00000000e4a80000,0x00000000e4df8040,0x00000000e4e00000)
  to   space 3584K, 0% used [0x00000000e2f80000,0x00000000e2f80000,0x00000000e3300000)
 ParOldGen       total 62976K, used 5613K [0x00000000a4800000, 0x00000000a8580000, 0x00000000e1800000)
  object space 62976K, 8% used [0x00000000a4800000,0x00000000a4d7b7a8,0x00000000a8580000)
 Metaspace       used 18223K, capacity 18508K, committed 18944K, reserved 1067008K
  class space    used 2140K, capacity 2231K, committed 2304K, reserved 1048576K
Event: 65,961 GC heap after
Heap after GC invocations=5 (full 0):
 PSYoungGen      total 27136K, used 3552K [0x00000000e1800000, 0x00000000e4b00000, 0x0000000100000000)
  eden space 23552K, 0% used [0x00000000e1800000,0x00000000e1800000,0x00000000e2f00000)
  from space 3584K, 99% used [0x00000000e2f80000,0x00000000e32f8040,0x00000000e3300000)
  to   space 7168K, 0% used [0x00000000e4400000,0x00000000e4400000,0x00000000e4b00000)
 ParOldGen       total 62976K, used 5653K [0x00000000a4800000, 0x00000000a8580000, 0x00000000e1800000)
  object space 62976K, 8% used [0x00000000a4800000,0x00000000a4d857a8,0x00000000a8580000)
 Metaspace       used 18223K, capacity 18508K, committed 18944K, reserved 1067008K
  class space    used 2140K, capacity 2231K, committed 2304K, reserved 1048576K
}
Event: 66,857 GC heap before
{Heap before GC invocations=6 (full 0):
 PSYoungGen      total 27136K, used 17767K [0x00000000e1800000, 0x00000000e4b00000, 0x0000000100000000)
  eden space 23552K, 60% used [0x00000000e1800000,0x00000000e25e1d68,0x00000000e2f00000)
  from space 3584K, 99% used [0x00000000e2f80000,0x00000000e32f8040,0x00000000e3300000)
  to   space 7168K, 0% used [0x00000000e4400000,0x00000000e4400000,0x00000000e4b00000)
 ParOldGen       total 62976K, used 5653K [0x00000000a4800000, 0x00000000a8580000, 0x00000000e1800000)
  object space 62976K, 8% used [0x00000000a4800000,0x00000000a4d857a8,0x00000000a8580000)
 Metaspace       used 20679K, capacity 20956K, committed 21296K, reserved 1069056K
  class space    used 2503K, capacity 2591K, committed 2688K, reserved 1048576K
Event: 66,871 GC heap after
Heap after GC invocations=6 (full 0):
 PSYoungGen      total 27648K, used 4346K [0x00000000e1800000, 0x00000000e4880000, 0x0000000100000000)
  eden space 23040K, 0% used [0x00000000e1800000,0x00000000e1800000,0x00000000e2e80000)
  from space 4608K, 94% used [0x00000000e4400000,0x00000000e483e980,0x00000000e4880000)
  to   space 7168K, 0% used [0x00000000e3a80000,0x00000000e3a80000,0x00000000e4180000)
 ParOldGen       total 62976K, used 5661K [0x00000000a4800000, 0x00000000a8580000, 0x00000000e1800000)
  object space 62976K, 8% used [0x00000000a4800000,0x00000000a4d877a8,0x00000000a8580000)
 Metaspace       used 20679K, capacity 20956K, committed 21296K, reserved 1069056K
  class space    used 2503K, capacity 2591K, committed 2688K, reserved 1048576K
}
Event: 66,871 GC heap before
{Heap before GC invocations=7 (full 1):
 PSYoungGen      total 27648K, used 4346K [0x00000000e1800000, 0x00000000e4880000, 0x0000000100000000)
  eden space 23040K, 0% used [0x00000000e1800000,0x00000000e1800000,0x00000000e2e80000)
  from space 4608K, 94% used [0x00000000e4400000,0x00000000e483e980,0x00000000e4880000)
  to   space 7168K, 0% used [0x00000000e3a80000,0x00000000e3a80000,0x00000000e4180000)
 ParOldGen       total 62976K, used 5661K [0x00000000a4800000, 0x00000000a8580000, 0x00000000e1800000)
  object space 62976K, 8% used [0x00000000a4800000,0x00000000a4d877a8,0x00000000a8580000)
 Metaspace       used 20679K, capacity 20956K, committed 21296K, reserved 1069056K
  class space    used 2503K, capacity 2591K, committed 2688K, reserved 1048576K
Event: 66,933 GC heap after
Heap after GC invocations=7 (full 1):
 PSYoungGen      total 27648K, used 0K [0x00000000e1800000, 0x00000000e4880000, 0x0000000100000000)
  eden space 23040K, 0% used [0x00000000e1800000,0x00000000e1800000,0x00000000e2e80000)
  from space 4608K, 0% used [0x00000000e4400000,0x00000000e4400000,0x00000000e4880000)
  to   space 7168K, 0% used [0x00000000e3a80000,0x00000000e3a80000,0x00000000e4180000)
 ParOldGen       total 32768K, used 5638K [0x00000000a4800000, 0x00000000a6800000, 0x00000000e1800000)
  object space 32768K, 17% used [0x00000000a4800000,0x00000000a4d81a20,0x00000000a6800000)
 Metaspace       used 20679K, capacity 20956K, committed 21296K, reserved 1069056K
  class space    used 2503K, capacity 2591K, committed 2688K, reserved 1048576K
}

Deoptimization events (10 events):
Event: 66,425 Thread 0x00007f0a8000c800 Uncommon trap: reason=bimorphic action=maybe_recompile pc=0x00007f0a70582610 method=java.util.regex.Pattern$CharProperty.match(Ljava/util/regex/Matcher;ILjava/lang/CharSequence;)Z @ 18
Event: 66,425 Thread 0x00007f0a8000c800 Uncommon trap: reason=bimorphic action=maybe_recompile pc=0x00007f0a7051a73c method=java.util.regex.Pattern$Curly.match0(Ljava/util/regex/Matcher;IILjava/lang/CharSequence;)Z @ 77
Event: 66,425 Thread 0x00007f0a8000c800 Uncommon trap: reason=bimorphic action=maybe_recompile pc=0x00007f0a7051a73c method=java.util.regex.Pattern$Curly.match0(Ljava/util/regex/Matcher;IILjava/lang/CharSequence;)Z @ 77
Event: 66,426 Thread 0x00007f0a8000c800 Uncommon trap: reason=bimorphic action=maybe_recompile pc=0x00007f0a7051a73c method=java.util.regex.Pattern$Curly.match0(Ljava/util/regex/Matcher;IILjava/lang/CharSequence;)Z @ 77
Event: 66,429 Thread 0x00007f0a8000c800 Uncommon trap: reason=unstable_if action=reinterpret pc=0x00007f0a7055237c method=java.util.regex.Pattern$GroupTail.match(Ljava/util/regex/Matcher;ILjava/lang/CharSequence;)Z @ 73
Event: 66,757 Thread 0x00007f0a8000c800 Uncommon trap: reason=predicate action=maybe_recompile pc=0x00007f0a703a8fec method=java.lang.String.regionMatches(ZILjava/lang/String;II)Z @ 63
Event: 66,764 Thread 0x00007f0a8000c800 Uncommon trap: reason=class_check action=maybe_recompile pc=0x00007f0a703a5c78 method=java.io.DataInputStream.readInt()I @ 4
Event: 66,764 Thread 0x00007f0a8000c800 Uncommon trap: reason=class_check action=maybe_recompile pc=0x00007f0a703a5c78 method=java.io.DataInputStream.readInt()I @ 4
Event: 66,765 Thread 0x00007f0a8000c800 Uncommon trap: reason=class_check action=maybe_recompile pc=0x00007f0a703a5c78 method=java.io.DataInputStream.readInt()I @ 4
Event: 66,765 Thread 0x00007f0a8000c800 Uncommon trap: reason=class_check action=maybe_recompile pc=0x00007f0a703a5c78 method=java.io.DataInputStream.readInt()I @ 4

Internal exceptions (10 events):
Event: 2,790 Thread 0x00007f0a8000c800 Exception <a 'java/lang/ArrayIndexOutOfBoundsException': 90> (0x00000000e2e615a0) thrown at [/HUDSON/workspace/8-2-build-linux-amd64/jdk8u91/6644/hotspot/src/share/vm/interpreter/interpreterRuntime.cpp, line 366]
Event: 2,790 Thread 0x00007f0a8000c800 Exception <a 'java/lang/ArrayIndexOutOfBoundsException': 105> (0x00000000e2e630f8) thrown at [/HUDSON/workspace/8-2-build-linux-amd64/jdk8u91/6644/hotspot/src/share/vm/interpreter/interpreterRuntime.cpp, line 366]
Event: 4,161 Thread 0x00007f0a8000c800 Exception <a 'java/io/FileNotFoundException'> (0x00000000e1b33ec8) thrown at [/HUDSON/workspace/8-2-build-linux-amd64/jdk8u91/6644/hotspot/src/share/vm/prims/jni.cpp, line 709]
Event: 4,161 Thread 0x00007f0a8000c800 Exception <a 'java/io/FileNotFoundException'> (0x00000000e1b34a48) thrown at [/HUDSON/workspace/8-2-build-linux-amd64/jdk8u91/6644/hotspot/src/share/vm/prims/jni.cpp, line 709]
Event: 31,492 Thread 0x00007f0a8000c800 Exception <a 'java/net/SocketTimeoutException': Read timed out> (0x00000000e283ca08) thrown at [/HUDSON/workspace/8-2-build-linux-amd64/jdk8u91/6644/hotspot/src/share/vm/prims/jni.cpp, line 735]
Event: 31,681 Thread 0x00007f0a8000c800 Exception <a 'java/net/SocketTimeoutException': Read timed out> (0x00000000e2841ba0) thrown at [/HUDSON/workspace/8-2-build-linux-amd64/jdk8u91/6644/hotspot/src/share/vm/prims/jni.cpp, line 735]
Event: 35,148 Thread 0x00007f0a8000c800 Exception <a 'java/net/SocketTimeoutException': Read timed out> (0x00000000e285a4c8) thrown at [/HUDSON/workspace/8-2-build-linux-amd64/jdk8u91/6644/hotspot/src/share/vm/prims/jni.cpp, line 735]
Event: 66,421 Thread 0x00007f0a8000c800 Exception <a 'java/lang/reflect/InvocationTargetException'> (0x00000000e1e04a10) thrown at [/HUDSON/workspace/8-2-build-linux-amd64/jdk8u91/6644/hotspot/src/share/vm/runtime/reflection.cpp, line 1092]
Event: 66,570 Thread 0x00007f0a8000c800 Exception <a 'java/lang/ClassNotFoundException': com/sun/org/glassfish/hk2/osgiresourcelocator/ServiceLoader> (0x00000000e21efb50) thrown at [/HUDSON/workspace/8-2-build-linux-amd64/jdk8u91/6644/hotspot/src/share/vm/classfile/systemDictionary.cpp, line 21
Event: 66,576 Thread 0x00007f0a8000c800 Exception <a 'java/lang/NullPointerException'> (0x00000000e21faab8) thrown at [/HUDSON/workspace/8-2-build-linux-amd64/jdk8u91/6644/hotspot/src/share/vm/interpreter/linkResolver.cpp, line 1280]

Events (10 events):
Event: 66,853 loading class sun/awt/X11/XMSelectionListener done
Event: 66,854 loading class sun/awt/X11/XSystemTrayPeer done
Event: 66,854 Executing VM operation: RevokeBias
Event: 66,854 Executing VM operation: RevokeBias done
Event: 66,856 Thread 0x00007f0a00002000 Thread added: 0x00007f0a00002000
Event: 66,856 Thread 0x00007f0a807dc800 Thread exited: 0x00007f0a807dc800
Event: 66,857 loading class org/apache/http/client/methods/HttpDelete
Event: 66,857 loading class org/apache/http/client/methods/HttpDelete done
Event: 66,857 Executing VM operation: CollectForMetadataAllocation
Event: 66,933 Executing VM operation: CollectForMetadataAllocation done


Dynamic libraries:
00400000-00401000 r-xp 00000000 08:01 537552                             /opt/java/jdk1.8.0_91/bin/java
00600000-00601000 rw-p 00000000 08:01 537552                             /opt/java/jdk1.8.0_91/bin/java
008c0000-008e1000 rw-p 00000000 00:00 0                                  [heap]
a4800000-a6800000 rw-p 00000000 00:00 0 
a6800000-e1800000 ---p 00000000 00:00 0 
e1800000-e4880000 rw-p 00000000 00:00 0 
e4880000-100000000 ---p 00000000 00:00 0 
100000000-1002a0000 rw-p 00000000 00:00 0 
1002a0000-140000000 ---p 00000000 00:00 0 
7f09fc000000-7f09fc021000 rw-p 00000000 00:00 0 
7f09fc021000-7f0a00000000 ---p 00000000 00:00 0 
7f0a00000000-7f0a00021000 rw-p 00000000 00:00 0 
7f0a00021000-7f0a04000000 ---p 00000000 00:00 0 
7f0a04000000-7f0a04021000 rw-p 00000000 00:00 0 
7f0a04021000-7f0a08000000 ---p 00000000 00:00 0 
7f0a08000000-7f0a08021000 rw-p 00000000 00:00 0 
7f0a08021000-7f0a0c000000 ---p 00000000 00:00 0 
7f0a0c000000-7f0a0c02c000 rw-p 00000000 00:00 0 
7f0a0c02c000-7f0a10000000 ---p 00000000 00:00 0 
7f0a10000000-7f0a1028d000 rw-p 00000000 00:00 0 
7f0a1028d000-7f0a14000000 ---p 00000000 00:00 0 
7f0a14000000-7f0a14021000 rw-p 00000000 00:00 0 
7f0a14021000-7f0a18000000 ---p 00000000 00:00 0 
7f0a18000000-7f0a18021000 rw-p 00000000 00:00 0 
7f0a18021000-7f0a1c000000 ---p 00000000 00:00 0 
7f0a1d1ac000-7f0a1d1af000 ---p 00000000 00:00 0 
7f0a1d1af000-7f0a1d2ad000 rw-p 00000000 00:00 0 
7f0a1d2ad000-7f0a1d2b0000 ---p 00000000 00:00 0 
7f0a1d2b0000-7f0a1d3ae000 rw-p 00000000 00:00 0 
7f0a1d3ae000-7f0a1d3b1000 ---p 00000000 00:00 0 
7f0a1d3b1000-7f0a1d51b000 rw-p 00000000 00:00 0 
7f0a1d51b000-7f0a1d6af000 ---p 00000000 00:00 0 
7f0a1d6af000-7f0a1d8af000 rw-p 00000000 00:00 0 
7f0a1d8af000-7f0a1d8b2000 ---p 00000000 00:00 0 
7f0a1d8b2000-7f0a1d9b0000 rw-p 00000000 00:00 0 
7f0a1d9b0000-7f0a1d9b3000 ---p 00000000 00:00 0 
7f0a1d9b3000-7f0a1dab1000 rw-p 00000000 00:00 0 
7f0a1dab1000-7f0a1daba000 r-xp 00000000 08:01 539312                     /opt/java/jdk1.8.0_91/jre/lib/amd64/libmanagement.so
7f0a1daba000-7f0a1dcb9000 ---p 00009000 08:01 539312                     /opt/java/jdk1.8.0_91/jre/lib/amd64/libmanagement.so
7f0a1dcb9000-7f0a1dcba000 rw-p 00008000 08:01 539312                     /opt/java/jdk1.8.0_91/jre/lib/amd64/libmanagement.so
7f0a1dcba000-7f0a1deba000 rw-p 00000000 00:00 0 
7f0a1deba000-7f0a1debd000 ---p 00000000 00:00 0 
7f0a1debd000-7f0a1dfbb000 rw-p 00000000 00:00 0 
7f0a1dfbb000-7f0a1dfbe000 ---p 00000000 00:00 0 
7f0a1dfbe000-7f0a1e0bc000 rw-p 00000000 00:00 0 
7f0a1e0bc000-7f0a1e0c1000 r-xp 00000000 08:01 665357                     /usr/lib/x86_64-linux-gnu/libXfixes.so.3.1.0
7f0a1e0c1000-7f0a1e2c0000 ---p 00005000 08:01 665357                     /usr/lib/x86_64-linux-gnu/libXfixes.so.3.1.0
7f0a1e2c0000-7f0a1e2c1000 r--p 00004000 08:01 665357                     /usr/lib/x86_64-linux-gnu/libXfixes.so.3.1.0
7f0a1e2c1000-7f0a1e2c2000 rw-p 00005000 08:01 665357                     /usr/lib/x86_64-linux-gnu/libXfixes.so.3.1.0
7f0a1e2c2000-7f0a1e2cb000 r-xp 00000000 08:01 665349                     /usr/lib/x86_64-linux-gnu/libXcursor.so.1.0.2
7f0a1e2cb000-7f0a1e4ca000 ---p 00009000 08:01 665349                     /usr/lib/x86_64-linux-gnu/libXcursor.so.1.0.2
7f0a1e4ca000-7f0a1e4cb000 r--p 00008000 08:01 665349                     /usr/lib/x86_64-linux-gnu/libXcursor.so.1.0.2
7f0a1e4cb000-7f0a1e4cc000 rw-p 00009000 08:01 665349                     /usr/lib/x86_64-linux-gnu/libXcursor.so.1.0.2
7f0a1e4cc000-7f0a1e531000 r-xp 00000000 08:01 539286                     /opt/java/jdk1.8.0_91/jre/lib/amd64/libfontmanager.so
7f0a1e531000-7f0a1e730000 ---p 00065000 08:01 539286                     /opt/java/jdk1.8.0_91/jre/lib/amd64/libfontmanager.so
7f0a1e730000-7f0a1e735000 rw-p 00064000 08:01 539286                     /opt/java/jdk1.8.0_91/jre/lib/amd64/libfontmanager.so
7f0a1e735000-7f0a1e745000 rw-p 00000000 00:00 0 
7f0a1e745000-7f0a1e74a000 r-xp 00000000 08:01 665353                     /usr/lib/x86_64-linux-gnu/libXdmcp.so.6.0.0
7f0a1e74a000-7f0a1e949000 ---p 00005000 08:01 665353                     /usr/lib/x86_64-linux-gnu/libXdmcp.so.6.0.0
7f0a1e949000-7f0a1e94a000 r--p 00004000 08:01 665353                     /usr/lib/x86_64-linux-gnu/libXdmcp.so.6.0.0
7f0a1e94a000-7f0a1e94b000 rw-p 00005000 08:01 665353                     /usr/lib/x86_64-linux-gnu/libXdmcp.so.6.0.0
7f0a1e94b000-7f0a1e94d000 r-xp 00000000 08:01 665342                     /usr/lib/x86_64-linux-gnu/libXau.so.6.0.0
7f0a1e94d000-7f0a1eb4d000 ---p 00002000 08:01 665342                     /usr/lib/x86_64-linux-gnu/libXau.so.6.0.0
7f0a1eb4d000-7f0a1eb4e000 r--p 00002000 08:01 665342                     /usr/lib/x86_64-linux-gnu/libXau.so.6.0.0
7f0a1eb4e000-7f0a1eb4f000 rw-p 00003000 08:01 665342                     /usr/lib/x86_64-linux-gnu/libXau.so.6.0.0
7f0a1eb4f000-7f0a1eb6c000 r-xp 00000000 08:01 666294                     /usr/lib/x86_64-linux-gnu/libxcb.so.1.1.0
7f0a1eb6c000-7f0a1ed6c000 ---p 0001d000 08:01 666294                     /usr/lib/x86_64-linux-gnu/libxcb.so.1.1.0
7f0a1ed6c000-7f0a1ed6d000 r--p 0001d000 08:01 666294                     /usr/lib/x86_64-linux-gnu/libxcb.so.1.1.0
7f0a1ed6d000-7f0a1ed6e000 rw-p 0001e000 08:01 666294                     /usr/lib/x86_64-linux-gnu/libxcb.so.1.1.0
7f0a1ed6e000-7f0a1ed7d000 r-xp 00000000 08:01 665363                     /usr/lib/x86_64-linux-gnu/libXi.so.6.1.0
7f0a1ed7d000-7f0a1ef7c000 ---p 0000f000 08:01 665363                     /usr/lib/x86_64-linux-gnu/libXi.so.6.1.0
7f0a1ef7c000-7f0a1ef7d000 r--p 0000e000 08:01 665363                     /usr/lib/x86_64-linux-gnu/libXi.so.6.1.0
7f0a1ef7d000-7f0a1ef7e000 rw-p 0000f000 08:01 665363                     /usr/lib/x86_64-linux-gnu/libXi.so.6.1.0
7f0a1ef7e000-7f0a1ef83000 r-xp 00000000 08:01 665383                     /usr/lib/x86_64-linux-gnu/libXtst.so.6.1.0
7f0a1ef83000-7f0a1f182000 ---p 00005000 08:01 665383                     /usr/lib/x86_64-linux-gnu/libXtst.so.6.1.0
7f0a1f182000-7f0a1f183000 r--p 00004000 08:01 665383                     /usr/lib/x86_64-linux-gnu/libXtst.so.6.1.0
7f0a1f183000-7f0a1f184000 rw-p 00005000 08:01 665383                     /usr/lib/x86_64-linux-gnu/libXtst.so.6.1.0
7f0a1f184000-7f0a1f18d000 r-xp 00000000 08:01 665377                     /usr/lib/x86_64-linux-gnu/libXrender.so.1.3.0
7f0a1f18d000-7f0a1f38c000 ---p 00009000 08:01 665377                     /usr/lib/x86_64-linux-gnu/libXrender.so.1.3.0
7f0a1f38c000-7f0a1f38d000 r--p 00008000 08:01 665377                     /usr/lib/x86_64-linux-gnu/libXrender.so.1.3.0
7f0a1f38d000-7f0a1f38e000 rw-p 00009000 08:01 665377                     /usr/lib/x86_64-linux-gnu/libXrender.so.1.3.0
7f0a1f38e000-7f0a1f4be000 r-xp 00000000 08:01 665338                     /usr/lib/x86_64-linux-gnu/libX11.so.6.3.0
7f0a1f4be000-7f0a1f6be000 ---p 00130000 08:01 665338                     /usr/lib/x86_64-linux-gnu/libX11.so.6.3.0
7f0a1f6be000-7f0a1f6bf000 r--p 00130000 08:01 665338                     /usr/lib/x86_64-linux-gnu/libX11.so.6.3.0
7f0a1f6bf000-7f0a1f6c3000 rw-p 00131000 08:01 665338                     /usr/lib/x86_64-linux-gnu/libX11.so.6.3.0
7f0a1f6c3000-7f0a1f6d4000 r-xp 00000000 08:01 665355                     /usr/lib/x86_64-linux-gnu/libXext.so.6.4.0
7f0a1f6d4000-7f0a1f8d3000 ---p 00011000 08:01 665355                     /usr/lib/x86_64-linux-gnu/libXext.so.6.4.0
7f0a1f8d3000-7f0a1f8d4000 r--p 00010000 08:01 665355                     /usr/lib/x86_64-linux-gnu/libXext.so.6.4.0
7f0a1f8d4000-7f0a1f8d5000 rw-p 00011000 08:01 665355                     /usr/lib/x86_64-linux-gnu/libXext.so.6.4.0
7f0a1f8d5000-7f0a1f929000 r-xp 00000000 08:01 539311                     /opt/java/jdk1.8.0_91/jre/lib/amd64/libawt_xawt.so
7f0a1f929000-7f0a1fb29000 ---p 00054000 08:01 539311                     /opt/java/jdk1.8.0_91/jre/lib/amd64/libawt_xawt.so
7f0a1fb29000-7f0a1fb2d000 rw-p 00054000 08:01 539311                     /opt/java/jdk1.8.0_91/jre/lib/amd64/libawt_xawt.so
7f0a1fb2d000-7f0a1fb2e000 rw-p 00000000 00:00 0 
7f0a1fb2e000-7f0a1fbd0000 r-xp 00000000 08:01 539297                     /opt/java/jdk1.8.0_91/jre/lib/amd64/libawt.so
7f0a1fbd0000-7f0a1fdd0000 ---p 000a2000 08:01 539297                     /opt/java/jdk1.8.0_91/jre/lib/amd64/libawt.so
7f0a1fdd0000-7f0a1fddc000 rw-p 000a2000 08:01 539297                     /opt/java/jdk1.8.0_91/jre/lib/amd64/libawt.so
7f0a1fddc000-7f0a20000000 rw-p 00000000 00:00 0 
7f0a20000000-7f0a20021000 rw-p 00000000 00:00 0 
7f0a20021000-7f0a24000000 ---p 00000000 00:00 0 
7f0a24000000-7f0a24021000 rw-p 00000000 00:00 0 
7f0a24021000-7f0a28000000 ---p 00000000 00:00 0 
7f0a28000000-7f0a28021000 rw-p 00000000 00:00 0 
7f0a28021000-7f0a2c000000 ---p 00000000 00:00 0 
7f0a2c000000-7f0a2c021000 rw-p 00000000 00:00 0 
7f0a2c021000-7f0a30000000 ---p 00000000 00:00 0 
7f0a30000000-7f0a30021000 rw-p 00000000 00:00 0 
7f0a30021000-7f0a34000000 ---p 00000000 00:00 0 
7f0a34000000-7f0a34021000 rw-p 00000000 00:00 0 
7f0a34021000-7f0a38000000 ---p 00000000 00:00 0 
7f0a38000000-7f0a38021000 rw-p 00000000 00:00 0 
7f0a38021000-7f0a3c000000 ---p 00000000 00:00 0 
7f0a3c000000-7f0a3c518000 rw-p 00000000 00:00 0 
7f0a3c518000-7f0a40000000 ---p 00000000 00:00 0 
7f0a40000000-7f0a408d0000 rw-p 00000000 00:00 0 
7f0a408d0000-7f0a44000000 ---p 00000000 00:00 0 
7f0a44000000-7f0a448cf000 rw-p 00000000 00:00 0 
7f0a448cf000-7f0a48000000 ---p 00000000 00:00 0 
7f0a48000000-7f0a48021000 rw-p 00000000 00:00 0 
7f0a48021000-7f0a4c000000 ---p 00000000 00:00 0 
7f0a4c000000-7f0a4c021000 rw-p 00000000 00:00 0 
7f0a4c021000-7f0a50000000 ---p 00000000 00:00 0 
7f0a50000000-7f0a50021000 rw-p 00000000 00:00 0 
7f0a50021000-7f0a54000000 ---p 00000000 00:00 0 
7f0a54000000-7f0a54021000 rw-p 00000000 00:00 0 
7f0a54021000-7f0a58000000 ---p 00000000 00:00 0 
7f0a58000000-7f0a58021000 rw-p 00000000 00:00 0 
7f0a58021000-7f0a5c000000 ---p 00000000 00:00 0 
7f0a5c000000-7f0a5c021000 rw-p 00000000 00:00 0 
7f0a5c021000-7f0a60000000 ---p 00000000 00:00 0 
7f0a60000000-7f0a60035000 rw-p 00000000 00:00 0 
7f0a60035000-7f0a64000000 ---p 00000000 00:00 0 
7f0a64049000-7f0a6404a000 rw-p 00000000 00:00 0 
7f0a6404a000-7f0a6404d000 ---p 00000000 00:00 0 
7f0a6404d000-7f0a6414b000 rw-p 00000000 00:00 0 
7f0a6414b000-7f0a6414e000 ---p 00000000 00:00 0 
7f0a6414e000-7f0a6424c000 rw-p 00000000 00:00 0 
7f0a6424c000-7f0a6424f000 ---p 00000000 00:00 0 
7f0a6424f000-7f0a6434d000 rw-p 00000000 00:00 0 
7f0a6434d000-7f0a64357000 r--s 00116000 08:01 539161                     /opt/java/jdk1.8.0_91/jre/lib/ext/localedata.jar
7f0a64357000-7f0a6435a000 ---p 00000000 00:00 0 
7f0a6435a000-7f0a64390000 rw-p 00000000 00:00 0 
7f0a64390000-7f0a64393000 ---p 00000000 00:00 0 
7f0a64393000-7f0a64491000 rw-p 00000000 00:00 0 
7f0a64491000-7f0a64494000 ---p 00000000 00:00 0 
7f0a64494000-7f0a64792000 rw-p 00000000 00:00 0 
7f0a64792000-7f0a647a8000 r-xp 00000000 08:01 398799                     /lib/x86_64-linux-gnu/libgcc_s.so.1
7f0a647a8000-7f0a649a7000 ---p 00016000 08:01 398799                     /lib/x86_64-linux-gnu/libgcc_s.so.1
7f0a649a7000-7f0a649a8000 rw-p 00015000 08:01 398799                     /lib/x86_64-linux-gnu/libgcc_s.so.1
7f0a649a8000-7f0a649c4000 r--s 00393000 08:01 539154                     /opt/java/jdk1.8.0_91/jre/lib/ext/cldrdata.jar
7f0a649c4000-7f0a649f6000 r-xp 00000000 08:01 539259                     /opt/java/jdk1.8.0_91/jre/lib/amd64/libsunec.so
7f0a649f6000-7f0a64bf5000 ---p 00032000 08:01 539259                     /opt/java/jdk1.8.0_91/jre/lib/amd64/libsunec.so
7f0a64bf5000-7f0a64bfb000 rw-p 00031000 08:01 539259                     /opt/java/jdk1.8.0_91/jre/lib/amd64/libsunec.so
7f0a64bfb000-7f0a64e0b000 rw-p 00000000 00:00 0 
7f0a64e0b000-7f0a64e0c000 r--s 00009000 08:01 539152                     /opt/java/jdk1.8.0_91/jre/lib/ext/sunec.jar
7f0a64e0c000-7f0a64e0f000 r--s 0001a000 08:01 539320                     /opt/java/jdk1.8.0_91/jre/lib/jce.jar
7f0a64e0f000-7f0a64e13000 r--s 00097000 08:01 539150                     /opt/java/jdk1.8.0_91/jre/lib/jsse.jar
7f0a64e13000-7f0a64e15000 r--s 0000c000 08:02 5113465                    /home/cosmic/SOFT/idea-IU-145.1617.8/plugins/testng/lib/jcommander.jar
7f0a64e15000-7f0a64e2e000 r--s 001ae000 08:02 5901638                    /home/cosmic/.ivy2/cache/org.aspectj/aspectjweaver/jars/aspectjweaver-1.8.6.jar
7f0a64e2e000-7f0a64e30000 r--s 0000f000 08:02 5898514                    /home/cosmic/.ivy2/cache/com.squareup.okio/okio/jars/okio-1.6.0.jar
7f0a64e30000-7f0a64e35000 r--s 0004c000 08:02 5898446                    /home/cosmic/.ivy2/cache/com.squareup.okhttp/okhttp/jars/okhttp-2.7.5.jar
7f0a64e35000-7f0a64e43000 r--s 000c7000 08:02 5898438                    /home/cosmic/.ivy2/cache/org.testng/testng/jars/testng-6.9.10.jar
7f0a64e43000-7f0a64e45000 r--s 0000e000 08:02 5898488                    /home/cosmic/.ivy2/cache/com.beust/jcommander/jars/jcommander-1.48.jar
7f0a64e45000-7f0a64e46000 r--s 00003000 08:02 5898506                    /home/cosmic/.ivy2/cache/ru.yandex.qatools.properties/properties-loader/jars/properties-loader-1.5.jar
7f0a64e46000-7f0a64e47000 r--s 00002000 08:02 5898442                    /home/cosmic/.ivy2/cache/ru.yandex.qatools.allure/allure-testng-adaptor/jars/allure-testng-adaptor-1.4.23.jar
7f0a64e47000-7f0a64e48000 r--s 0000a000 08:02 5898502                    /home/cosmic/.ivy2/cache/ru.yandex.qatools.allure/allure-model/jars/allure-model-1.4.23.jar
7f0a64e48000-7f0a64e49000 r--s 00002000 08:02 5898492                    /home/cosmic/.ivy2/cache/ru.yandex.qatools.allure/allure-java-aspects/jars/allure-java-aspects-1.4.23.jar
7f0a64e49000-7f0a64e4a000 r--s 00001000 08:02 5898498                    /home/cosmic/.ivy2/cache/ru.yandex.qatools.allure/allure-java-annotations/jars/allure-java-annotations-1.4.23.jar
7f0a64e4a000-7f0a64e4d000 r--s 0000e000 08:02 5898494                    /home/cosmic/.ivy2/cache/ru.yandex.qatools.allure/allure-java-adaptor-api/jars/allure-java-adaptor-api-1.4.23.jar
7f0a64e4d000-7f0a64e4e000 r--s 00007000 08:02 5898508                    /home/cosmic/.ivy2/cache/org.slf4j/slf4j-api/jars/slf4j-api-1.7.12.jar
7f0a64e4e000-7f0a64e53000 r--s 00025000 08:02 5898458                    /home/cosmic/.ivy2/cache/org.seleniumhq.selenium/selenium-support/jars/selenium-support-2.53.0.jar
7f0a64e53000-7f0a64e55000 r--s 00014000 08:02 5898456                    /home/cosmic/.ivy2/cache/org.seleniumhq.selenium/selenium-safari-driver/jars/selenium-safari-driver-2.53.0.jar
7f0a64e55000-7f0a64e5a000 r--s 00035000 08:02 5898462                    /home/cosmic/.ivy2/cache/org.seleniumhq.selenium/selenium-remote-driver/jars/selenium-remote-driver-2.53.0.jar
7f0a64e5a000-7f0a64e5f000 r--s 0005d000 08:02 5898460                    /home/cosmic/.ivy2/cache/org.seleniumhq.selenium/selenium-leg-rc/jars/selenium-leg-rc-2.53.0.jar
7f0a64e5f000-7f0a64e60000 r--s 00000000 08:02 5774017                    /home/cosmic/.ivy2/cache/org.seleniumhq.selenium/selenium-java/jars/selenium-java-2.53.0.jar
7f0a64e60000-7f0a64e61000 r--s 00002000 08:02 5898454                    /home/cosmic/.ivy2/cache/org.seleniumhq.selenium/selenium-ie-driver/jars/selenium-ie-driver-2.53.0.jar
7f0a64e61000-7f0a64e63000 r--s 000c7000 08:02 5898452                    /home/cosmic/.ivy2/cache/org.seleniumhq.selenium/selenium-firefox-driver/jars/selenium-firefox-driver-2.53.0.jar
7f0a64e63000-7f0a64e64000 r--s 00001000 08:02 5898450                    /home/cosmic/.ivy2/cache/org.seleniumhq.selenium/selenium-edge-driver/jars/selenium-edge-driver-2.53.0.jar
7f0a64e64000-7f0a64e69000 r--s 0001f000 08:02 5898468                    /home/cosmic/.ivy2/cache/org.seleniumhq.selenium/selenium-api/jars/selenium-api-2.53.0.jar
7f0a64e69000-7f0a64e6f000 r--s 0001e000 08:02 5898504                    /home/cosmic/.ivy2/cache/org.jvnet.jaxb2_commons/jaxb2-basics-runtime/jars/jaxb2-basics-runtime-0.9.3.jar
7f0a64e6f000-7f0a64e73000 r--s 00019000 08:02 5898496                    /home/cosmic/.ivy2/cache/org.aspectj/aspectjrt/jars/aspectjrt-1.8.3.jar
7f0a64e73000-7f0a64e7a000 r--s 0007a000 08:02 5898500                    /home/cosmic/.ivy2/cache/org.apache.tika/tika-core/bundles/tika-core-1.7.jar
7f0a64e7a000-7f0a64e7c000 r--s 0000c000 08:02 5898472                    /home/cosmic/.ivy2/cache/org.apache.commons/commons-exec/jars/commons-exec-1.3.jar
7f0a64e7c000-7f0a64e8d000 r--s 00155000 08:02 5898476                    /home/cosmic/.ivy2/cache/net.java.dev.jna/jna-platform/jars/jna-platform-4.1.0.jar
7f0a64e8d000-7f0a64e91000 r--s 000dc000 08:02 5898474                    /home/cosmic/.ivy2/cache/net.java.dev.jna/jna/jars/jna-4.1.0.jar
7f0a64e91000-7f0a64ea7000 r--s 000f9000 08:02 5898484                    /home/cosmic/.ivy2/cache/io.netty/netty/bundles/netty-3.5.7.Final.jar
7f0a64ea7000-7f0a64eae000 r--s 0003f000 08:02 5898480                    /home/cosmic/.ivy2/cache/commons-codec/commons-codec/jars/commons-codec-1.10.jar
7f0a64eae000-7f0a64eb2000 r--s 0002f000 08:02 5898510                    /home/cosmic/.ivy2/cache/commons-beanutils/commons-beanutils-core/jars/commons-beanutils-core-1.8.3.jar
7f0a64eb2000-7f0a64ede000 r--s 00208000 08:02 5898470                    /home/cosmic/.ivy2/cache/com.google.guava/guava/bundles/guava-19.0.jar
7f0a64ede000-7f0a64ee3000 r--s 0002f000 08:02 5898466                    /home/cosmic/.ivy2/cache/com.google.code.gson/gson/jars/gson-2.3.1.jar
7f0a64ee3000-7f0a64ee8000 r--s 0002e000 08:02 5898440                    /home/cosmic/.ivy2/cache/com.codeborne/selenide/jars/selenide-3.6.jar
7f0a64ee8000-7f0a64eec000 r--s 0002a000 08:02 5898482                    /home/cosmic/.ivy2/cache/commons-io/commons-io/jars/commons-io-2.4.jar
7f0a64eec000-7f0a64f45000 r--s 00522000 08:02 4980779                    /home/cosmic/.ivy2/cache/org.scala-lang/scala-library/jars/scala-library-2.11.8.jar
7f0a64f45000-7f0a64f52000 r--s 000a7000 08:02 5774019                    /home/cosmic/.ivy2/cache/org.apache.httpcomponents/httpclient/jars/httpclient-4.5.2.jar
7f0a64f52000-7f0a64f65000 r--s 00344000 08:01 539136                     /opt/java/jdk1.8.0_91/jre/lib/resources.jar
7f0a64f65000-7f0a64f96000 rw-p 00000000 00:00 0 
7f0a64f96000-7f0a64fac000 r-xp 00000000 08:01 539304                     /opt/java/jdk1.8.0_91/jre/lib/amd64/libnet.so
7f0a64fac000-7f0a651ac000 ---p 00016000 08:01 539304                     /opt/java/jdk1.8.0_91/jre/lib/amd64/libnet.so
7f0a651ac000-7f0a651ad000 rw-p 00016000 08:01 539304                     /opt/java/jdk1.8.0_91/jre/lib/amd64/libnet.so
7f0a651ad000-7f0a651b0000 ---p 00000000 00:00 0 
7f0a651b0000-7f0a652ae000 rw-p 00000000 00:00 0 
7f0a652ae000-7f0a652af000 r-xp 00000000 08:02 4719019                    /home/cosmic/SOFT/idea-IU-145.1617.8/bin/libbreakgen64.so
7f0a652af000-7f0a654ae000 ---p 00001000 08:02 4719019                    /home/cosmic/SOFT/idea-IU-145.1617.8/bin/libbreakgen64.so
7f0a654ae000-7f0a654af000 r--p 00000000 08:02 4719019                    /home/cosmic/SOFT/idea-IU-145.1617.8/bin/libbreakgen64.so
7f0a654af000-7f0a654b0000 rw-p 00001000 08:02 4719019                    /home/cosmic/SOFT/idea-IU-145.1617.8/bin/libbreakgen64.so
7f0a654b0000-7f0a654b1000 ---p 00000000 00:00 0 
7f0a654b1000-7f0a655b1000 rw-p 00000000 00:00 0 
7f0a655b1000-7f0a655b4000 ---p 00000000 00:00 0 
7f0a655b4000-7f0a656b2000 rw-p 00000000 00:00 0 
7f0a656b2000-7f0a656b5000 ---p 00000000 00:00 0 
7f0a656b5000-7f0a657b3000 rw-p 00000000 00:00 0 
7f0a657b3000-7f0a657b6000 ---p 00000000 00:00 0 
7f0a657b6000-7f0a658b4000 rw-p 00000000 00:00 0 
7f0a658b4000-7f0a658b7000 ---p 00000000 00:00 0 
7f0a658b7000-7f0a659b5000 rw-p 00000000 00:00 0 
7f0a659b5000-7f0a659b8000 ---p 00000000 00:00 0 
7f0a659b8000-7f0a65ab6000 rw-p 00000000 00:00 0 
7f0a65ab6000-7f0a665ee000 r--p 00000000 08:01 661577                     /usr/lib/locale/locale-archive
7f0a665ee000-7f0a665f1000 ---p 00000000 00:00 0 
7f0a665f1000-7f0a666ef000 rw-p 00000000 00:00 0 
7f0a666ef000-7f0a666f2000 ---p 00000000 00:00 0 
7f0a666f2000-7f0a667f0000 rw-p 00000000 00:00 0 
7f0a667f0000-7f0a667f1000 ---p 00000000 00:00 0 
7f0a667f1000-7f0a68000000 rw-p 00000000 00:00 0 
7f0a68000000-7f0a68021000 rw-p 00000000 00:00 0 
7f0a68021000-7f0a6c000000 ---p 00000000 00:00 0 
7f0a6c000000-7f0a6c002000 r--s 0000e000 08:02 5898478                    /home/cosmic/.ivy2/cache/commons-logging/commons-logging/jars/commons-logging-1.2.jar
7f0a6c002000-7f0a6c007000 r--s 00040000 08:02 5898486                    /home/cosmic/.ivy2/cache/org.beanshell/bsh/jars/bsh-2.0b4.jar
7f0a6c007000-7f0a6c00e000 r--s 00049000 08:02 5898512                    /home/cosmic/.ivy2/cache/org.apache.httpcomponents/httpcore/jars/httpcore-4.4.4.jar
7f0a6c00e000-7f0a6c021000 r--s 000d6000 08:01 539040                     /opt/java/jdk1.8.0_91/jre/lib/plugin.jar
7f0a6c021000-7f0a6c0f4000 rw-p 00000000 00:00 0 
7f0a6c0f4000-7f0a6c2cd000 r--s 03d1f000 08:01 539098                     /opt/java/jdk1.8.0_91/jre/lib/rt.jar
7f0a6c2cd000-7f0a6f3df000 rw-p 00000000 00:00 0 
7f0a6f3df000-7f0a6f3e0000 ---p 00000000 00:00 0 
7f0a6f3e0000-7f0a6f4e0000 rw-p 00000000 00:00 0 
7f0a6f4e0000-7f0a6f4e1000 ---p 00000000 00:00 0 
7f0a6f4e1000-7f0a6f5e1000 rw-p 00000000 00:00 0 
7f0a6f5e1000-7f0a6f5e2000 ---p 00000000 00:00 0 
7f0a6f5e2000-7f0a6f6f2000 rw-p 00000000 00:00 0 
7f0a6f6f2000-7f0a6f8ca000 ---p 00000000 00:00 0 
7f0a6f8ca000-7f0a6f8da000 rw-p 00000000 00:00 0 
7f0a6f8da000-7f0a6fab2000 ---p 00000000 00:00 0 
7f0a6fab2000-7f0a6facb000 rw-p 00000000 00:00 0 
7f0a6facb000-7f0a6fba6000 ---p 00000000 00:00 0 
7f0a6fba6000-7f0a6fbc5000 rw-p 00000000 00:00 0 
7f0a6fbc5000-7f0a6ff67000 ---p 00000000 00:00 0 
7f0a6ff67000-7f0a706c7000 rwxp 00000000 00:00 0 
7f0a706c7000-7f0a7ef67000 ---p 00000000 00:00 0 
7f0a7ef67000-7f0a7ef81000 r-xp 00000000 08:01 539300                     /opt/java/jdk1.8.0_91/jre/lib/amd64/libzip.so
7f0a7ef81000-7f0a7f181000 ---p 0001a000 08:01 539300                     /opt/java/jdk1.8.0_91/jre/lib/amd64/libzip.so
7f0a7f181000-7f0a7f182000 rw-p 0001a000 08:01 539300                     /opt/java/jdk1.8.0_91/jre/lib/amd64/libzip.so
7f0a7f182000-7f0a7f18c000 r-xp 00000000 08:01 394090                     /lib/x86_64-linux-gnu/libnss_files-2.19.so
7f0a7f18c000-7f0a7f38b000 ---p 0000a000 08:01 394090                     /lib/x86_64-linux-gnu/libnss_files-2.19.so
7f0a7f38b000-7f0a7f38c000 r--p 00009000 08:01 394090                     /lib/x86_64-linux-gnu/libnss_files-2.19.so
7f0a7f38c000-7f0a7f38d000 rw-p 0000a000 08:01 394090                     /lib/x86_64-linux-gnu/libnss_files-2.19.so
7f0a7f38d000-7f0a7f398000 r-xp 00000000 08:01 394082                     /lib/x86_64-linux-gnu/libnss_nis-2.19.so
7f0a7f398000-7f0a7f597000 ---p 0000b000 08:01 394082                     /lib/x86_64-linux-gnu/libnss_nis-2.19.so
7f0a7f597000-7f0a7f598000 r--p 0000a000 08:01 394082                     /lib/x86_64-linux-gnu/libnss_nis-2.19.so
7f0a7f598000-7f0a7f599000 rw-p 0000b000 08:01 394082                     /lib/x86_64-linux-gnu/libnss_nis-2.19.so
7f0a7f599000-7f0a7f5b0000 r-xp 00000000 08:01 394078                     /lib/x86_64-linux-gnu/libnsl-2.19.so
7f0a7f5b0000-7f0a7f7af000 ---p 00017000 08:01 394078                     /lib/x86_64-linux-gnu/libnsl-2.19.so
7f0a7f7af000-7f0a7f7b0000 r--p 00016000 08:01 394078                     /lib/x86_64-linux-gnu/libnsl-2.19.so
7f0a7f7b0000-7f0a7f7b1000 rw-p 00017000 08:01 394078                     /lib/x86_64-linux-gnu/libnsl-2.19.so
7f0a7f7b1000-7f0a7f7b3000 rw-p 00000000 00:00 0 
7f0a7f7b3000-7f0a7f7bc000 r-xp 00000000 08:01 394077                     /lib/x86_64-linux-gnu/libnss_compat-2.19.so
7f0a7f7bc000-7f0a7f9bb000 ---p 00009000 08:01 394077                     /lib/x86_64-linux-gnu/libnss_compat-2.19.so
7f0a7f9bb000-7f0a7f9bc000 r--p 00008000 08:01 394077                     /lib/x86_64-linux-gnu/libnss_compat-2.19.so
7f0a7f9bc000-7f0a7f9bd000 rw-p 00009000 08:01 394077                     /lib/x86_64-linux-gnu/libnss_compat-2.19.so
7f0a7f9bd000-7f0a7f9e7000 r-xp 00000000 08:01 539295                     /opt/java/jdk1.8.0_91/jre/lib/amd64/libjava.so
7f0a7f9e7000-7f0a7fbe7000 ---p 0002a000 08:01 539295                     /opt/java/jdk1.8.0_91/jre/lib/amd64/libjava.so
7f0a7fbe7000-7f0a7fbe9000 rw-p 0002a000 08:01 539295                     /opt/java/jdk1.8.0_91/jre/lib/amd64/libjava.so
7f0a7fbe9000-7f0a7fbf6000 r-xp 00000000 08:01 539299                     /opt/java/jdk1.8.0_91/jre/lib/amd64/libverify.so
7f0a7fbf6000-7f0a7fdf6000 ---p 0000d000 08:01 539299                     /opt/java/jdk1.8.0_91/jre/lib/amd64/libverify.so
7f0a7fdf6000-7f0a7fdf8000 rw-p 0000d000 08:01 539299                     /opt/java/jdk1.8.0_91/jre/lib/amd64/libverify.so
7f0a7fdf8000-7f0a7fdff000 r-xp 00000000 08:01 394086                     /lib/x86_64-linux-gnu/librt-2.19.so
7f0a7fdff000-7f0a7fffe000 ---p 00007000 08:01 394086                     /lib/x86_64-linux-gnu/librt-2.19.so
7f0a7fffe000-7f0a7ffff000 r--p 00006000 08:01 394086                     /lib/x86_64-linux-gnu/librt-2.19.so
7f0a7ffff000-7f0a80000000 rw-p 00007000 08:01 394086                     /lib/x86_64-linux-gnu/librt-2.19.so
7f0a80000000-7f0a8093f000 rw-p 00000000 00:00 0 
7f0a8093f000-7f0a84000000 ---p 00000000 00:00 0 
7f0a84000000-7f0a84001000 r--s 00002000 08:02 5898448                    /home/cosmic/.ivy2/cache/org.seleniumhq.selenium/selenium-chrome-driver/jars/selenium-chrome-driver-2.53.0.jar
7f0a84001000-7f0a84002000 r--s 00002000 08:02 5898490                    /home/cosmic/.ivy2/cache/com.codeborne/phantomjsdriver/jars/phantomjsdriver-1.3.0.jar
7f0a84002000-7f0a84009000 r--s 00049000 08:02 5898464                    /home/cosmic/.ivy2/cache/cglib/cglib-nodep/jars/cglib-nodep-2.1_3.jar
7f0a84009000-7f0a8400a000 r--s 00000000 08:01 539022                     /opt/java/jdk1.8.0_91/jre/lib/management-agent.jar
7f0a8400a000-7f0a8400e000 r--s 00097000 08:01 539150                     /opt/java/jdk1.8.0_91/jre/lib/jsse.jar
7f0a8400e000-7f0a84013000 r--s 00084000 08:01 539015                     /opt/java/jdk1.8.0_91/jre/lib/jfr.jar
7f0a84013000-7f0a84016000 r--s 0001a000 08:01 539320                     /opt/java/jdk1.8.0_91/jre/lib/jce.jar
7f0a84016000-7f0a84020000 r--s 0006c000 08:01 539025                     /opt/java/jdk1.8.0_91/jre/lib/javaws.jar
7f0a84020000-7f0a84021000 ---p 00000000 00:00 0 
7f0a84021000-7f0a84121000 rw-p 00000000 00:00 0 
7f0a84121000-7f0a84226000 r-xp 00000000 08:01 394004                     /lib/x86_64-linux-gnu/libm-2.19.so
7f0a84226000-7f0a84425000 ---p 00105000 08:01 394004                     /lib/x86_64-linux-gnu/libm-2.19.so
7f0a84425000-7f0a84426000 r--p 00104000 08:01 394004                     /lib/x86_64-linux-gnu/libm-2.19.so
7f0a84426000-7f0a84427000 rw-p 00105000 08:01 394004                     /lib/x86_64-linux-gnu/libm-2.19.so
7f0a84427000-7f0a850e7000 r-xp 00000000 08:01 539278                     /opt/java/jdk1.8.0_91/jre/lib/amd64/server/libjvm.so
7f0a850e7000-7f0a852e7000 ---p 00cc0000 08:01 539278                     /opt/java/jdk1.8.0_91/jre/lib/amd64/server/libjvm.so
7f0a852e7000-7f0a853bf000 rw-p 00cc0000 08:01 539278                     /opt/java/jdk1.8.0_91/jre/lib/amd64/server/libjvm.so
7f0a853bf000-7f0a8540a000 rw-p 00000000 00:00 0 
7f0a8540a000-7f0a855c4000 r-xp 00000000 08:01 394087                     /lib/x86_64-linux-gnu/libc-2.19.so
7f0a855c4000-7f0a857c4000 ---p 001ba000 08:01 394087                     /lib/x86_64-linux-gnu/libc-2.19.so
7f0a857c4000-7f0a857c8000 r--p 001ba000 08:01 394087                     /lib/x86_64-linux-gnu/libc-2.19.so
7f0a857c8000-7f0a857ca000 rw-p 001be000 08:01 394087                     /lib/x86_64-linux-gnu/libc-2.19.so
7f0a857ca000-7f0a857cf000 rw-p 00000000 00:00 0 
7f0a857cf000-7f0a857d2000 r-xp 00000000 08:01 394014                     /lib/x86_64-linux-gnu/libdl-2.19.so
7f0a857d2000-7f0a859d1000 ---p 00003000 08:01 394014                     /lib/x86_64-linux-gnu/libdl-2.19.so
7f0a859d1000-7f0a859d2000 r--p 00002000 08:01 394014                     /lib/x86_64-linux-gnu/libdl-2.19.so
7f0a859d2000-7f0a859d3000 rw-p 00003000 08:01 394014                     /lib/x86_64-linux-gnu/libdl-2.19.so
7f0a859d3000-7f0a859e8000 r-xp 00000000 08:01 538913                     /opt/java/jdk1.8.0_91/lib/amd64/jli/libjli.so
7f0a859e8000-7f0a85be8000 ---p 00015000 08:01 538913                     /opt/java/jdk1.8.0_91/lib/amd64/jli/libjli.so
7f0a85be8000-7f0a85be9000 rw-p 00015000 08:01 538913                     /opt/java/jdk1.8.0_91/lib/amd64/jli/libjli.so
7f0a85be9000-7f0a85c02000 r-xp 00000000 08:01 394079                     /lib/x86_64-linux-gnu/libpthread-2.19.so
7f0a85c02000-7f0a85e01000 ---p 00019000 08:01 394079                     /lib/x86_64-linux-gnu/libpthread-2.19.so
7f0a85e01000-7f0a85e02000 r--p 00018000 08:01 394079                     /lib/x86_64-linux-gnu/libpthread-2.19.so
7f0a85e02000-7f0a85e03000 rw-p 00019000 08:01 394079                     /lib/x86_64-linux-gnu/libpthread-2.19.so
7f0a85e03000-7f0a85e07000 rw-p 00000000 00:00 0 
7f0a85e07000-7f0a85e2a000 r-xp 00000000 08:01 394080                     /lib/x86_64-linux-gnu/ld-2.19.so
7f0a85e2a000-7f0a85e45000 r--s 00208000 08:01 539016                     /opt/java/jdk1.8.0_91/jre/lib/deploy.jar
7f0a85e45000-7f0a85f06000 rw-p 00000000 00:00 0 
7f0a85f06000-7f0a85f09000 ---p 00000000 00:00 0 
7f0a85f09000-7f0a8600b000 rw-p 00000000 00:00 0 
7f0a8600b000-7f0a8600d000 r--s 00007000 08:01 539322                     /opt/java/jdk1.8.0_91/jre/lib/jfxswt.jar
7f0a8600d000-7f0a86013000 r--s 002f8000 08:01 539096                     /opt/java/jdk1.8.0_91/jre/lib/charsets.jar
7f0a86013000-7f0a8601b000 r--s 000c2000 08:02 5113467                    /home/cosmic/SOFT/idea-IU-145.1617.8/plugins/testng/lib/testng-plugin.jar
7f0a8601b000-7f0a8601d000 r--s 0001e000 08:02 4719118                    /home/cosmic/SOFT/idea-IU-145.1617.8/lib/idea_rt.jar
7f0a8601d000-7f0a86025000 rw-s 00000000 08:01 547926                     /tmp/hsperfdata_cosmic/13634
7f0a86025000-7f0a86026000 rw-p 00000000 00:00 0 
7f0a86026000-7f0a86027000 r--p 00000000 00:00 0 
7f0a86027000-7f0a86029000 rw-p 00000000 00:00 0 
7f0a86029000-7f0a8602a000 r--p 00022000 08:01 394080                     /lib/x86_64-linux-gnu/ld-2.19.so
7f0a8602a000-7f0a8602b000 rw-p 00023000 08:01 394080                     /lib/x86_64-linux-gnu/ld-2.19.so
7f0a8602b000-7f0a8602c000 rw-p 00000000 00:00 0 
7ffd15fd7000-7ffd15ff9000 rw-p 00000000 00:00 0                          [stack]
7ffd15ffa000-7ffd15ffc000 r--p 00000000 00:00 0                          [vvar]
7ffd15ffc000-7ffd15ffe000 r-xp 00000000 00:00 0                          [vdso]
ffffffffff600000-ffffffffff601000 r-xp 00000000 00:00 0                  [vsyscall]

VM Arguments:
jvm_args: -ea -Didea.launcher.port=7532 -Didea.launcher.bin.path=/home/cosmic/SOFT/idea-IU-145.1617.8/bin -Didea.testng.sm_runner -Dfile.encoding=UTF-8 
java_command: com.intellij.rt.execution.application.AppMain org.testng.RemoteTestNGStarter -port 32871 -usedefaultlisteners false -socket36085 @w@/tmp/idea_working_dirs_testng.tmp -temp /tmp/idea_testng.tmp
java_class_path (initial): /home/cosmic/SOFT/idea-IU-145.1617.8/lib/idea_rt.jar:/home/cosmic/SOFT/idea-IU-145.1617.8/plugins/testng/lib/testng-plugin.jar:/opt/java/jdk1.8.0_91/jre/lib/charsets.jar:/opt/java/jdk1.8.0_91/jre/lib/deploy.jar:/opt/java/jdk1.8.0_91/jre/lib/ext/cldrdata.jar:/opt/java/jdk1.8.0_91/jre/lib/ext/dnsns.jar:/opt/java/jdk1.8.0_91/jre/lib/ext/jaccess.jar:/opt/java/jdk1.8.0_91/jre/lib/ext/jfxrt.jar:/opt/java/jdk1.8.0_91/jre/lib/ext/localedata.jar:/opt/java/jdk1.8.0_91/jre/lib/ext/nashorn.jar:/opt/java/jdk1.8.0_91/jre/lib/ext/sunec.jar:/opt/java/jdk1.8.0_91/jre/lib/ext/sunjce_provider.jar:/opt/java/jdk1.8.0_91/jre/lib/ext/sunpkcs11.jar:/opt/java/jdk1.8.0_91/jre/lib/ext/zipfs.jar:/opt/java/jdk1.8.0_91/jre/lib/javaws.jar:/opt/java/jdk1.8.0_91/jre/lib/jce.jar:/opt/java/jdk1.8.0_91/jre/lib/jfr.jar:/opt/java/jdk1.8.0_91/jre/lib/jfxswt.jar:/opt/java/jdk1.8.0_91/jre/lib/jsse.jar:/opt/java/jdk1.8.0_91/jre/lib/management-agent.jar:/opt/java/jdk1.8.0_91/jre/lib/plugin.jar:/opt/java/jdk1.8.0_91/jre/lib/resources.jar:/opt/java/jdk1.8.0_91/jre/lib/rt.jar:/home/cosmic/IdeaProjects/FC/ui-tests/target/scala-2.11/test-classes:/home/cosmic/.ivy2/cache/cglib/cglib-nodep/jars/cglib-nodep-2.1_3.jar:/home/cosmic/.ivy2/cache/org.apache.httpcomponents/httpcore/jars/httpcore-4.4.4.jar:/home/cosmic/.ivy2/cache/org.apache.httpcomponents/httpclient/jars/httpclient-4.5.2.jar:/home/cosmic/.ivy2/cache/org.scala-lang/scala-library/jars/scala-library-2.11.8.jar:/home/cosmic/.ivy2/cache/org.beanshell/bsh/jars/bsh-2.0b4.jar:/home/cosmic/.ivy2/cache/commons-io/commons-io/jars/commons-io-2.4.jar:/home/cosmic/.ivy2/cache/com.codeborne/phantomjsdriver/jars/phantomjsdriver-1.3.0.jar:/home/cosmic/.ivy2/cache/com.codeborne/selenide/jars/selenide-3.6.jar:/home/cosmic/.ivy2/cache/com.google.code.gson/gson/jars/gson-2.3.1.jar:/home/cosmic/.ivy2/cache/com.google.guava/guava/bundles/guava-19.0.jar:/home/cosmic/.ivy2/cache/commons-beanutils/commons-beanutils-core/jars/commons-beanutils-core-1.8.
Launcher Type: SUN_STANDARD

Environment Variables:
JAVA_HOME=/opt/java/jdk1.8.0_91
JRE_HOME=/opt/java/jdk1.8.0_91/jre
PATH=/usr/local/sbin:/usr/local/bin:/usr/sbin:/usr/bin:/sbin:/bin:/usr/games:/usr/local/games:/home/cosmic/bash_scripts/touchpad.sh:/home/cosmic/bash_scripts/monitor.sh:/home/cosmic/SOFT/idea-IU-145.1617.8/bin:/home/cosmic/SOFT/idea-IU-145.1617.8/bin:/opt/java/jdk1.8.0_91:/opt/java/jdk1.8.0_91/jre
LD_LIBRARY_PATH=/home/cosmic/SOFT/idea-IU-145.1617.8/bin:
SHELL=/bin/bash
DISPLAY=:0.0

Signal Handlers:
SIGSEGV: [libjvm.so+0xabca10], sa_mask[0]=11111111011111111101111111111110, sa_flags=SA_RESTART|SA_SIGINFO
SIGBUS: [libjvm.so+0xabca10], sa_mask[0]=11111111011111111101111111111110, sa_flags=SA_RESTART|SA_SIGINFO
SIGFPE: [libjvm.so+0x919a20], sa_mask[0]=11111111011111111101111111111110, sa_flags=SA_RESTART|SA_SIGINFO
SIGPIPE: [libjvm.so+0x919a20], sa_mask[0]=11111111011111111101111111111110, sa_flags=SA_RESTART|SA_SIGINFO
SIGXFSZ: [libjvm.so+0x919a20], sa_mask[0]=11111111011111111101111111111110, sa_flags=SA_RESTART|SA_SIGINFO
SIGILL: [libjvm.so+0x919a20], sa_mask[0]=11111111011111111101111111111110, sa_flags=SA_RESTART|SA_SIGINFO
SIGUSR1: SIG_DFL, sa_mask[0]=00000000000000000000000000000000, sa_flags=none
SIGUSR2: [libjvm.so+0x91b050], sa_mask[0]=00100000000000000000000000000000, sa_flags=SA_RESTART|SA_SIGINFO
SIGHUP: [libjvm.so+0x91c450], sa_mask[0]=11111111011111111101111111111110, sa_flags=SA_RESTART|SA_SIGINFO
SIGINT: [libjvm.so+0x91c450], sa_mask[0]=11111111011111111101111111111110, sa_flags=SA_RESTART|SA_SIGINFO
SIGTERM: [libjvm.so+0x91c450], sa_mask[0]=11111111011111111101111111111110, sa_flags=SA_RESTART|SA_SIGINFO
SIGQUIT: [libjvm.so+0x91c450], sa_mask[0]=11111111011111111101111111111110, sa_flags=SA_RESTART|SA_SIGINFO


---------------  S Y S T E M  ---------------

OS:DISTRIB_ID=Ubuntu
DISTRIB_RELEASE=14.04
DISTRIB_CODENAME=trusty
DISTRIB_DESCRIPTION="Ubuntu 14.04.4 LTS"

uname:Linux 4.2.0-38-generic #45~14.04.1-Ubuntu SMP Thu Jun 9 09:27:51 UTC 2016 x86_64
libc:glibc 2.19 NPTL 2.19 
rlimit: STACK 8192k, CORE 0k, NPROC 23322, NOFILE 4096, AS infinity
load average:0,98 1,75 1,80

/proc/meminfo:
MemTotal:        5992012 kB
MemFree:          923104 kB
MemAvailable:    1282308 kB
Buffers:           26196 kB
Cached:          1955304 kB
SwapCached:        78460 kB
Active:          3833896 kB
Inactive:         992708 kB
Active(anon):    3488712 kB
Inactive(anon):   845548 kB
Active(file):     345184 kB
Inactive(file):   147160 kB
Unevictable:         256 kB
Mlocked:             256 kB
SwapTotal:      11717628 kB
SwapFree:       11204416 kB
Dirty:              2516 kB
Writeback:             0 kB
AnonPages:       2835148 kB
Mapped:          1480084 kB
Shmem:           1489156 kB
Slab:             110600 kB
SReclaimable:      71576 kB
SUnreclaim:        39024 kB
KernelStack:       13216 kB
PageTables:        50264 kB
NFS_Unstable:          0 kB
Bounce:                0 kB
WritebackTmp:          0 kB
CommitLimit:    14713632 kB
Committed_AS:    9532808 kB
VmallocTotal:   34359738367 kB
VmallocUsed:      362516 kB
VmallocChunk:   34358947836 kB
HardwareCorrupted:     0 kB
AnonHugePages:   1492992 kB
CmaTotal:              0 kB
CmaFree:               0 kB
HugePages_Total:       0
HugePages_Free:        0
HugePages_Rsvd:        0
HugePages_Surp:        0
Hugepagesize:       2048 kB
DirectMap4k:      192456 kB
DirectMap2M:     5980160 kB


CPU:total 4 (2 cores per cpu, 2 threads per core) family 6 model 42 stepping 7, cmov, cx8, fxsr, mmx, sse, sse2, sse3, ssse3, sse4.1, sse4.2, popcnt, avx, clmul, ht, tsc, tscinvbit

/proc/cpuinfo:
processor	: 0
vendor_id	: GenuineIntel
cpu family	: 6
model		: 42
model name	: Intel(R) Core(TM) i3-2377M CPU @ 1.50GHz
stepping	: 7
microcode	: 0x28
cpu MHz		: 1500.000
cache size	: 3072 KB
physical id	: 0
siblings	: 4
core id		: 0
cpu cores	: 2
apicid		: 0
initial apicid	: 0
fpu		: yes
fpu_exception	: yes
cpuid level	: 13
wp		: yes
flags		: fpu vme de pse tsc msr pae mce cx8 apic sep mtrr pge mca cmov pat pse36 clflush dts acpi mmx fxsr sse sse2 ss ht tm pbe syscall nx rdtscp lm constant_tsc arch_perfmon pebs bts rep_good nopl xtopology nonstop_tsc aperfmperf eagerfpu pni pclmulqdq dtes64 monitor ds_cpl vmx est tm2 ssse3 cx16 xtpr pdcm pcid sse4_1 sse4_2 x2apic popcnt tsc_deadline_timer xsave avx lahf_lm arat epb pln pts dtherm tpr_shadow vnmi flexpriority ept vpid xsaveopt
bugs		:
bogomips	: 2993.22
clflush size	: 64
cache_alignment	: 64
address sizes	: 36 bits physical, 48 bits virtual
power management:

processor	: 1
vendor_id	: GenuineIntel
cpu family	: 6
model		: 42
model name	: Intel(R) Core(TM) i3-2377M CPU @ 1.50GHz
stepping	: 7
microcode	: 0x28
cpu MHz		: 1499.941
cache size	: 3072 KB
physical id	: 0
siblings	: 4
core id		: 1
cpu cores	: 2
apicid		: 2
initial apicid	: 2
fpu		: yes
fpu_exception	: yes
cpuid level	: 13
wp		: yes
flags		: fpu vme de pse tsc msr pae mce cx8 apic sep mtrr pge mca cmov pat pse36 clflush dts acpi mmx fxsr sse sse2 ss ht tm pbe syscall nx rdtscp lm constant_tsc arch_perfmon pebs bts rep_good nopl xtopology nonstop_tsc aperfmperf eagerfpu pni pclmulqdq dtes64 monitor ds_cpl vmx est tm2 ssse3 cx16 xtpr pdcm pcid sse4_1 sse4_2 x2apic popcnt tsc_deadline_timer xsave avx lahf_lm arat epb pln pts dtherm tpr_shadow vnmi flexpriority ept vpid xsaveopt
bugs		:
bogomips	: 2993.22
clflush size	: 64
cache_alignment	: 64
address sizes	: 36 bits physical, 48 bits virtual
power management:

processor	: 2
vendor_id	: GenuineIntel
cpu family	: 6
model		: 42
model name	: Intel(R) Core(TM) i3-2377M CPU @ 1.50GHz
stepping	: 7
microcode	: 0x28
cpu MHz		: 1499.941
cache size	: 3072 KB
physical id	: 0
siblings	: 4
core id		: 0
cpu cores	: 2
apicid		: 1
initial apicid	: 1
fpu		: yes
fpu_exception	: yes
cpuid level	: 13
wp		: yes
flags		: fpu vme de pse tsc msr pae mce cx8 apic sep mtrr pge mca cmov pat pse36 clflush dts acpi mmx fxsr sse sse2 ss ht tm pbe syscall nx rdtscp lm constant_tsc arch_perfmon pebs bts rep_good nopl xtopology nonstop_tsc aperfmperf eagerfpu pni pclmulqdq dtes64 monitor ds_cpl vmx est tm2 ssse3 cx16 xtpr pdcm pcid sse4_1 sse4_2 x2apic popcnt tsc_deadline_timer xsave avx lahf_lm arat epb pln pts dtherm tpr_shadow vnmi flexpriority ept vpid xsaveopt
bugs		:
bogomips	: 2993.22
clflush size	: 64
cache_alignment	: 64
address sizes	: 36 bits physical, 48 bits virtual
power management:

processor	: 3
vendor_id	: GenuineIntel
cpu family	: 6
model		: 42
model name	: Intel(R) Core(TM) i3-2377M CPU @ 1.50GHz
stepping	: 7
microcode	: 0x28
cpu MHz		: 1500.000
cache size	: 3072 KB
physical id	: 0
siblings	: 4
core id		: 1
cpu cores	: 2
apicid		: 3
initial apicid	: 3
fpu		: yes
fpu_exception	: yes
cpuid level	: 13
wp		: yes
flags		: fpu vme de pse tsc msr pae mce cx8 apic sep mtrr pge mca cmov pat pse36 clflush dts acpi mmx fxsr sse sse2 ss ht tm pbe syscall nx rdtscp lm constant_tsc arch_perfmon pebs bts rep_good nopl xtopology nonstop_tsc aperfmperf eagerfpu pni pclmulqdq dtes64 monitor ds_cpl vmx est tm2 ssse3 cx16 xtpr pdcm pcid sse4_1 sse4_2 x2apic popcnt tsc_deadline_timer xsave avx lahf_lm arat epb pln pts dtherm tpr_shadow vnmi flexpriority ept vpid xsaveopt
bugs		:
bogomips	: 2993.22
clflush size	: 64
cache_alignment	: 64
address sizes	: 36 bits physical, 48 bits virtual
power management:



Memory: 4k page, physical 5992012k(932724k free), swap 11717628k(11204416k free)

vm_info: Java HotSpot(TM) 64-Bit Server VM (25.91-b14) for linux-amd64 JRE (1.8.0_91-b14), built on Apr  1 2016 00:57:21 by "java_re" with gcc 4.3.0 20080428 (Red Hat 4.3.0-8)

time: Mon Jun 20 03:26:56 2016
elapsed time: 66 seconds (0d 0h 1m 6s)

