#
# A fatal error has been detected by the Java Runtime Environment:
#
#  SIGSEGV (0xb) at pc=0x00007f72103ad443, pid=26166, tid=140126780094208
#
# JRE version: Java(TM) SE Runtime Environment (8.0_91-b14) (build 1.8.0_91-b14)
# Java VM: Java HotSpot(TM) 64-Bit Server VM (25.91-b14 mixed mode linux-amd64 compressed oops)
# Problematic frame:
# C  [libX11.so.6+0x89443]
#
# Failed to write core dump. Core dumps have been disabled. To enable core dumping, try "ulimit -c unlimited" before starting Java again
#
# If you would like to submit a bug report, please visit:
#   http://bugreport.java.com/bugreport/crash.jsp
# The crash happened outside the Java Virtual Machine in native code.
# See problematic frame for where to report the bug.
#

---------------  T H R E A D  ---------------

Current thread (0x00007f72346a4800):  JavaThread "AWT-XAWT" daemon [_thread_in_native, id=26304, stack(0x00007f71cee37000,0x00007f71cef38000)]

siginfo: si_signo: 11 (SIGSEGV), si_code: 1 (SEGV_MAPERR), si_addr: 0x000000000000000a

Registers:
RAX=0x00007f723464f410, RBX=0x00007f7234660440, RCX=0x0000000000000000, RDX=0x0000000000000087
RSP=0x00007f71cef36670, RBP=0x000000000000000a, RSI=0x0000000000000000, RDI=0x00007f7234660440
R8 =0x0000000000000000, R9 =0x00007f71c0003c60, R10=0x00007f72250179e8, R11=0x00007f723aeb8850
R12=0x0000000000000000, R13=0x00007f7210e59c38, R14=0x00007f71cef36778, R15=0x00007f72346a4800
RIP=0x00007f72103ad443, EFLAGS=0x0000000000010246, CSGSFS=0x0000000000000033, ERR=0x0000000000000004
  TRAPNO=0x000000000000000e

Top of Stack: (sp=0x00007f71cef36670)
0x00007f71cef36670:   0000000000000000 00007f7234660440
0x00007f71cef36680:   0000000000000047 00007f72103ae0f1
0x00007f71cef36690:   00007f7210e59c38 00007f71cef366b0
0x00007f71cef366a0:   0000000000000000 00007f72108b4201
0x00007f71cef366b0:   00007f71cef36730 00007f7225017a14
0x00007f71cef366c0:   00000000daec20d8 00007f71cef366c8
0x00007f71cef366d0:   00007f7210f3536c 00007f71cef36720
0x00007f71cef366e0:   00007f7210f36b38 0000000000000000
0x00007f71cef366f0:   00007f71cef366f0 0000000000000000
0x00007f71cef36700:   00007f71cef36778 00007f7210e5ac68
0x00007f71cef36710:   0000000000000000 00007f7210e59c38
0x00007f71cef36720:   0000000000000000 00007f71cef36750
0x00007f71cef36730:   00007f71cef367c0 00007f7225007dd0
0x00007f71cef36740:   00000000853aab68 00007f7225011537
0x00007f71cef36750:   0000000000000000 0000000000000000
0x00007f71cef36760:   0000000000000047 00007f7225007dd0
0x00007f71cef36770:   00007f7234660440 00007f7225007dd0
0x00007f71cef36780:   00007f71cef36780 00007f7210e35337
0x00007f71cef36790:   00007f71cef367e8 00007f7210e472f8
0x00007f71cef367a0:   0000000000000000 00007f7210e35358
0x00007f71cef367b0:   00007f71cef36750 00007f71cef367e0
0x00007f71cef367c0:   00007f71cef36830 00007f72250082bd
0x00007f71cef367d0:   0000000000000001 00000000d78bcd78
0x00007f71cef367e0:   00000000db0e1a88 00000000daf219d8
0x00007f71cef367f0:   00007f71cef367f0 00007f7210e2f559
0x00007f71cef36800:   00007f71cef36878 00007f7210e472f8
0x00007f71cef36810:   0000000000000000 00007f7210e2f738
0x00007f71cef36820:   00007f71cef367e0 00007f71cef36870
0x00007f71cef36830:   00007f71cef368c0 00007f72250082bd
0x00007f71cef36840:   0000000000000000 0000000000000000
0x00007f71cef36850:   0000000000000000 0000000000000000
0x00007f71cef36860:   0000000000000000 00000000db0e1a88 

Instructions: (pc=0x00007f72103ad443)
0x00007f72103ad423:   83 ec 08 e8 f5 57 fb ff 48 8b 93 20 0a 00 00 31
0x00007f72103ad433:   c9 31 f6 48 8b 52 08 8b 52 04 c6 40 01 08 88 10
0x00007f72103ad443:   0f b7 55 00 66 89 48 06 c6 40 0b 00 c6 40 0a 00
0x00007f72103ad453:   c6 40 0d 00 c6 40 0c 00 c6 40 0f 00 66 89 50 04 

Register to memory mapping:

RAX=0x00007f723464f410 is an unknown value
RBX=0x00007f7234660440 is an unknown value
RCX=0x0000000000000000 is an unknown value
RDX=0x0000000000000087 is an unknown value
RSP=0x00007f71cef36670 is pointing into the stack for thread: 0x00007f72346a4800
RBP=0x000000000000000a is an unknown value
RSI=0x0000000000000000 is an unknown value
RDI=0x00007f7234660440 is an unknown value
R8 =0x0000000000000000 is an unknown value
R9 =0x00007f71c0003c60 is an unknown value
R10=0x00007f72250179e8 is at code_begin+808 in an Interpreter codelet
method entry point (kind = native)  [0x00007f72250176c0, 0x00007f7225017fc0]  2304 bytes
R11=0x00007f723aeb8850: <offset 0x9bb850> in /usr/lib/jvm/java-8-oracle/jre/lib/amd64/server/libjvm.so at 0x00007f723a4fd000
R12=0x0000000000000000 is an unknown value
R13={method} {0x00007f7210e59c38} 'XkbGetUpdatedMap' '(JJJ)J' in 'sun/awt/X11/XlibWrapper'
R14=0x00007f71cef36778 is pointing into the stack for thread: 0x00007f72346a4800
R15=0x00007f72346a4800 is a thread


Stack: [0x00007f71cee37000,0x00007f71cef38000],  sp=0x00007f71cef36670,  free space=1021k
Native frames: (J=compiled Java code, j=interpreted, Vv=VM code, C=native code)
C  [libX11.so.6+0x89443]

Java frames: (J=compiled Java code, j=interpreted, Vv=VM code)
j  sun.awt.X11.XlibWrapper.XkbGetUpdatedMap(JJJ)J+0
j  sun.awt.X11.XToolkit.processXkbChanges(Lsun/awt/X11/XEvent;)V+87
j  sun.awt.X11.XToolkit.run(Z)V+137
j  sun.awt.X11.XToolkit.run()V+5
j  java.lang.Thread.run()V+11
v  ~StubRoutines::call_stub

---------------  P R O C E S S  ---------------

Java Threads: ( => current thread )
  0x00007f71b0001800 JavaThread "Forwarding quit on session a54100f683b6af17311c4268feed51a5 to remote" daemon [_thread_in_native, id=26539, stack(0x00007f71ce62c000,0x00007f71ce72d000)]
  0x00007f7234704800 JavaThread "Thread-3" [_thread_blocked, id=26538, stack(0x00007f71ce42a000,0x00007f71ce52b000)]
  0x00007f72346b2800 JavaThread "Webdrivers killer thread" daemon [_thread_blocked, id=26308, stack(0x00007f71ceb36000,0x00007f71cec37000)]
=>0x00007f72346a4800 JavaThread "AWT-XAWT" daemon [_thread_in_native, id=26304, stack(0x00007f71cee37000,0x00007f71cef38000)]
  0x00007f7234687800 JavaThread "Java2D Disposer" daemon [_thread_blocked, id=26303, stack(0x00007f7210019000,0x00007f721011a000)]
  0x00007f71e400c800 JavaThread "Exec Stream Pumper" daemon [_thread_in_native, id=26216, stack(0x00007f7210faf000,0x00007f72110b0000)]
  0x00007f71e400b000 JavaThread "Exec Stream Pumper" daemon [_thread_in_native, id=26215, stack(0x00007f72110b0000,0x00007f72111b1000)]
  0x00007f71e4009000 JavaThread "process reaper" daemon [_thread_in_native, id=26213, stack(0x00007f72111b1000,0x00007f72111ea000)]
  0x00007f72345c4800 JavaThread "Exec Default Executor" daemon [_thread_blocked, id=26210, stack(0x00007f7211307000,0x00007f7211408000)]
  0x00007f7234109800 JavaThread "Monitor Ctrl-Break" daemon [_thread_in_native, id=26197, stack(0x00007f7211fb3000,0x00007f72120b4000)]
  0x00007f72340d5000 JavaThread "Service Thread" daemon [_thread_blocked, id=26195, stack(0x00007f72123b7000,0x00007f72124b8000)]
  0x00007f72340bf800 JavaThread "C1 CompilerThread2" daemon [_thread_blocked, id=26193, stack(0x00007f72124b8000,0x00007f72125b9000)]
  0x00007f72340be000 JavaThread "C2 CompilerThread1" daemon [_thread_blocked, id=26192, stack(0x00007f72125b9000,0x00007f72126ba000)]
  0x00007f72340bb000 JavaThread "C2 CompilerThread0" daemon [_thread_blocked, id=26191, stack(0x00007f72126ba000,0x00007f72127bb000)]
  0x00007f72340b9800 JavaThread "Signal Dispatcher" daemon [_thread_blocked, id=26190, stack(0x00007f72127bb000,0x00007f72128bc000)]
  0x00007f7234086800 JavaThread "Finalizer" daemon [_thread_blocked, id=26181, stack(0x00007f72133f4000,0x00007f72134f5000)]
  0x00007f7234082000 JavaThread "Reference Handler" daemon [_thread_blocked, id=26180, stack(0x00007f72134f5000,0x00007f72135f6000)]
  0x00007f723400c800 JavaThread "main" [_thread_blocked, id=26167, stack(0x00007f723bfdf000,0x00007f723c0e0000)]

Other Threads:
  0x00007f723407a000 VMThread [stack: 0x00007f72135f6000,0x00007f72136f7000] [id=26179]
  0x00007f72340df800 WatcherThread [stack: 0x00007f72122b6000,0x00007f72123b7000] [id=26196]

VM state:not at safepoint (normal execution)

VM Mutex/Monitor currently owned by a thread: None

Heap:
 PSYoungGen      total 36864K, used 14038K [0x00000000d7000000, 0x00000000db380000, 0x0000000100000000)
  eden space 31744K, 28% used [0x00000000d7000000,0x00000000d78bcdb8,0x00000000d8f00000)
  from space 5120K, 99% used [0x00000000dae80000,0x00000000db378ac0,0x00000000db380000)
  to   space 5120K, 0% used [0x00000000d8f00000,0x00000000d8f00000,0x00000000d9400000)
 ParOldGen       total 84992K, used 5398K [0x0000000085000000, 0x000000008a300000, 0x00000000d7000000)
  object space 84992K, 6% used [0x0000000085000000,0x0000000085545a50,0x000000008a300000)
 Metaspace       used 20110K, capacity 20404K, committed 20736K, reserved 1067008K
  class space    used 2439K, capacity 2531K, committed 2560K, reserved 1048576K

Card table byte_map: [0x00007f72389c4000,0x00007f7238d9d000] byte_map_base: 0x00007f723859c000

Marking Bits: (ParMarkBitMap*) 0x00007f723b4b3d60
 Begin Bits: [0x00007f721c280000, 0x00007f721e140000)
 End Bits:   [0x00007f721e140000, 0x00007f7220000000)

Polling page: 0x00007f723c0fc000

CodeCache: size=245760Kb used=7410Kb max_used=7423Kb free=238350Kb
 bounds [0x00007f7225000000, 0x00007f7225760000, 0x00007f7234000000]
 total_blobs=2707 nmethods=2205 adapters=415
 compilation: enabled

Compilation events (10 events):
Event: 72.069 Thread 0x00007f72340bf800 2368       3       java.util.logging.LogManager::checkPermission (17 bytes)
Event: 72.069 Thread 0x00007f72340bf800 nmethod 2368 0x00007f72251ee290 code [0x00007f72251ee420, 0x00007f72251ee728]
Event: 72.069 Thread 0x00007f72340bf800 2367       1       java.util.concurrent.CopyOnWriteArrayList::getArray (5 bytes)
Event: 72.069 Thread 0x00007f72340bf800 nmethod 2367 0x00007f72251f4410 code [0x00007f72251f4560, 0x00007f72251f4670]
Event: 72.078 Thread 0x00007f72340bf800 2369       3       java.security.CodeSource::getCertificates (98 bytes)
Event: 72.081 Thread 0x00007f72340bf800 nmethod 2369 0x00007f722511a650 code [0x00007f722511a860, 0x00007f722511b548]
Event: 72.083 Thread 0x00007f72340bb000 nmethod 2327 0x00007f72257555d0 code [0x00007f72257558c0, 0x00007f7225756ec0]
Event: 72.083 Thread 0x00007f72340bb000 2360       4       ru.yandex.qatools.allure.config.AllureNamingUtils::isBadXmlCharacter (72 bytes)
Event: 72.084 Thread 0x00007f72340bb000 nmethod 2360 0x00007f72251edf10 code [0x00007f72251ee060, 0x00007f72251ee138]
Event: 72.094 Thread 0x00007f72340be000 nmethod 2344 0x00007f72251175d0 code [0x00007f72251177a0, 0x00007f7225118018]

GC Heap History (8 events):
Event: 2.485 GC heap before
{Heap before GC invocations=1 (full 0):
 PSYoungGen      total 36864K, used 31744K [0x00000000d7000000, 0x00000000d9900000, 0x0000000100000000)
  eden space 31744K, 100% used [0x00000000d7000000,0x00000000d8f00000,0x00000000d8f00000)
  from space 5120K, 0% used [0x00000000d9400000,0x00000000d9400000,0x00000000d9900000)
  to   space 5120K, 0% used [0x00000000d8f00000,0x00000000d8f00000,0x00000000d9400000)
 ParOldGen       total 84992K, used 0K [0x0000000085000000, 0x000000008a300000, 0x00000000d7000000)
  object space 84992K, 0% used [0x0000000085000000,0x0000000085000000,0x000000008a300000)
 Metaspace       used 10992K, capacity 11240K, committed 11392K, reserved 1058816K
  class space    used 1283K, capacity 1349K, committed 1408K, reserved 1048576K
Event: 2.513 GC heap after
Heap after GC invocations=1 (full 0):
 PSYoungGen      total 36864K, used 5109K [0x00000000d7000000, 0x00000000db800000, 0x0000000100000000)
  eden space 31744K, 0% used [0x00000000d7000000,0x00000000d7000000,0x00000000d8f00000)
  from space 5120K, 99% used [0x00000000d8f00000,0x00000000d93fd658,0x00000000d9400000)
  to   space 5120K, 0% used [0x00000000db300000,0x00000000db300000,0x00000000db800000)
 ParOldGen       total 84992K, used 971K [0x0000000085000000, 0x000000008a300000, 0x00000000d7000000)
  object space 84992K, 1% used [0x0000000085000000,0x00000000850f2f58,0x000000008a300000)
 Metaspace       used 10992K, capacity 11240K, committed 11392K, reserved 1058816K
  class space    used 1283K, capacity 1349K, committed 1408K, reserved 1048576K
}
Event: 20.930 GC heap before
{Heap before GC invocations=2 (full 0):
 PSYoungGen      total 36864K, used 36853K [0x00000000d7000000, 0x00000000db800000, 0x0000000100000000)
  eden space 31744K, 100% used [0x00000000d7000000,0x00000000d8f00000,0x00000000d8f00000)
  from space 5120K, 99% used [0x00000000d8f00000,0x00000000d93fd658,0x00000000d9400000)
  to   space 5120K, 0% used [0x00000000db300000,0x00000000db300000,0x00000000db800000)
 ParOldGen       total 84992K, used 971K [0x0000000085000000, 0x000000008a300000, 0x00000000d7000000)
  object space 84992K, 1% used [0x0000000085000000,0x00000000850f2f58,0x000000008a300000)
 Metaspace       used 16483K, capacity 16748K, committed 17024K, reserved 1064960K
  class space    used 1998K, capacity 2071K, committed 2176K, reserved 1048576K
Event: 20.954 GC heap after
Heap after GC invocations=2 (full 0):
 PSYoungGen      total 36864K, used 5088K [0x00000000d7000000, 0x00000000db800000, 0x0000000100000000)
  eden space 31744K, 0% used [0x00000000d7000000,0x00000000d7000000,0x00000000d8f00000)
  from space 5120K, 99% used [0x00000000db300000,0x00000000db7f8040,0x00000000db800000)
  to   space 5120K, 0% used [0x00000000d8f00000,0x00000000d8f00000,0x00000000d9400000)
 ParOldGen       total 84992K, used 3753K [0x0000000085000000, 0x000000008a300000, 0x00000000d7000000)
  object space 84992K, 4% used [0x0000000085000000,0x00000000853aa750,0x000000008a300000)
 Metaspace       used 16483K, capacity 16748K, committed 17024K, reserved 1064960K
  class space    used 1998K, capacity 2071K, committed 2176K, reserved 1048576K
}
Event: 64.221 GC heap before
{Heap before GC invocations=3 (full 0):
 PSYoungGen      total 36864K, used 36831K [0x00000000d7000000, 0x00000000db800000, 0x0000000100000000)
  eden space 31744K, 99% used [0x00000000d7000000,0x00000000d8effdf8,0x00000000d8f00000)
  from space 5120K, 99% used [0x00000000db300000,0x00000000db7f8040,0x00000000db800000)
  to   space 5120K, 0% used [0x00000000d8f00000,0x00000000d8f00000,0x00000000d9400000)
 ParOldGen       total 84992K, used 3753K [0x0000000085000000, 0x000000008a300000, 0x00000000d7000000)
  object space 84992K, 4% used [0x0000000085000000,0x00000000853aa750,0x000000008a300000)
 Metaspace       used 18009K, capacity 18270K, committed 18432K, reserved 1064960K
  class space    used 2133K, capacity 2234K, committed 2304K, reserved 1048576K
Event: 64.236 GC heap after
Heap after GC invocations=3 (full 0):
 PSYoungGen      total 36864K, used 5104K [0x00000000d7000000, 0x00000000db380000, 0x0000000100000000)
  eden space 31744K, 0% used [0x00000000d7000000,0x00000000d7000000,0x00000000d8f00000)
  from space 5120K, 99% used [0x00000000d8f00000,0x00000000d93fc070,0x00000000d9400000)
  to   space 5120K, 0% used [0x00000000dae80000,0x00000000dae80000,0x00000000db380000)
 ParOldGen       total 84992K, used 4650K [0x0000000085000000, 0x000000008a300000, 0x00000000d7000000)
  object space 84992K, 5% used [0x0000000085000000,0x000000008548a970,0x000000008a300000)
 Metaspace       used 18009K, capacity 18270K, committed 18432K, reserved 1064960K
  class space    used 2133K, capacity 2234K, committed 2304K, reserved 1048576K
}
Event: 71.706 GC heap before
{Heap before GC invocations=4 (full 0):
 PSYoungGen      total 36864K, used 36848K [0x00000000d7000000, 0x00000000db380000, 0x0000000100000000)
  eden space 31744K, 100% used [0x00000000d7000000,0x00000000d8f00000,0x00000000d8f00000)
  from space 5120K, 99% used [0x00000000d8f00000,0x00000000d93fc070,0x00000000d9400000)
  to   space 5120K, 0% used [0x00000000dae80000,0x00000000dae80000,0x00000000db380000)
 ParOldGen       total 84992K, used 4650K [0x0000000085000000, 0x000000008a300000, 0x00000000d7000000)
  object space 84992K, 5% used [0x0000000085000000,0x000000008548a970,0x000000008a300000)
 Metaspace       used 18226K, capacity 18526K, committed 18688K, reserved 1064960K
  class space    used 2143K, capacity 2234K, committed 2304K, reserved 1048576K
Event: 71.724 GC heap after
Heap after GC invocations=4 (full 0):
 PSYoungGen      total 36864K, used 5090K [0x00000000d7000000, 0x00000000db380000, 0x0000000100000000)
  eden space 31744K, 0% used [0x00000000d7000000,0x00000000d7000000,0x00000000d8f00000)
  from space 5120K, 99% used [0x00000000dae80000,0x00000000db378ac0,0x00000000db380000)
  to   space 5120K, 0% used [0x00000000d8f00000,0x00000000d8f00000,0x00000000d9400000)
 ParOldGen       total 84992K, used 5398K [0x0000000085000000, 0x000000008a300000, 0x00000000d7000000)
  object space 84992K, 6% used [0x0000000085000000,0x0000000085545a50,0x000000008a300000)
 Metaspace       used 18226K, capacity 18526K, committed 18688K, reserved 1064960K
  class space    used 2143K, capacity 2234K, committed 2304K, reserved 1048576K
}

Deoptimization events (10 events):
Event: 71.318 Thread 0x00007f723400c800 Uncommon trap: reason=unstable_if action=reinterpret pc=0x00007f722545b110 method=sun.nio.cs.UTF_8$Decoder.decode([BII[C)I @ 30
Event: 71.320 Thread 0x00007f723400c800 Uncommon trap: reason=unstable_if action=reinterpret pc=0x00007f72256b8670 method=com.google.gson.stream.JsonReader.nextQuotedValue(C)Ljava/lang/String; @ 33
Event: 71.799 Thread 0x00007f723400c800 Uncommon trap: reason=unstable_if action=reinterpret pc=0x00007f722569f8ac method=java.util.regex.Pattern$SliceI.match(Ljava/util/regex/Matcher;ILjava/lang/CharSequence;)Z @ 18
Event: 71.799 Thread 0x00007f723400c800 Uncommon trap: reason=unstable_if action=reinterpret pc=0x00007f72256afa80 method=java.util.regex.Pattern$Curly.match(Ljava/util/regex/Matcher;ILjava/lang/CharSequence;)Z @ 45
Event: 71.806 Thread 0x00007f723400c800 Uncommon trap: reason=bimorphic action=maybe_recompile pc=0x00007f72256379ac method=java.util.Hashtable.get(Ljava/lang/Object;)Ljava/lang/Object; @ 6
Event: 71.963 Thread 0x00007f723400c800 Uncommon trap: reason=predicate action=maybe_recompile pc=0x00007f72255f2af4 method=java.lang.String.regionMatches(ZILjava/lang/String;II)Z @ 63
Event: 71.968 Thread 0x00007f723400c800 Uncommon trap: reason=class_check action=maybe_recompile pc=0x00007f72253f7fac method=java.io.DataInputStream.readFully([BII)V @ 34
Event: 71.969 Thread 0x00007f723400c800 Uncommon trap: reason=class_check action=maybe_recompile pc=0x00007f72253f7fac method=java.io.DataInputStream.readFully([BII)V @ 34
Event: 71.969 Thread 0x00007f723400c800 Uncommon trap: reason=class_check action=maybe_recompile pc=0x00007f72253f7fac method=java.io.DataInputStream.readFully([BII)V @ 34
Event: 71.969 Thread 0x00007f723400c800 Uncommon trap: reason=class_check action=maybe_recompile pc=0x00007f72253f7fac method=java.io.DataInputStream.readFully([BII)V @ 34

Internal exceptions (10 events):
Event: 3.340 Thread 0x00007f723400c800 Exception <a 'java/lang/ArrayIndexOutOfBoundsException'> (0x00000000d8240870) thrown at [/HUDSON/workspace/8-2-build-linux-amd64/jdk8u91/6644/hotspot/src/share/vm/runtime/sharedRuntime.cpp, line 605]
Event: 3.340 Thread 0x00007f723400c800 Exception <a 'java/lang/ArrayIndexOutOfBoundsException'> (0x00000000d8241fb8) thrown at [/HUDSON/workspace/8-2-build-linux-amd64/jdk8u91/6644/hotspot/src/share/vm/runtime/sharedRuntime.cpp, line 605]
Event: 3.345 Thread 0x00007f723400c800 Exception <a 'java/lang/ArrayIndexOutOfBoundsException'> (0x00000000d8256b18) thrown at [/HUDSON/workspace/8-2-build-linux-amd64/jdk8u91/6644/hotspot/src/share/vm/runtime/sharedRuntime.cpp, line 605]
Event: 3.492 Thread 0x00007f723400c800 Exception <a 'java/lang/ArrayIndexOutOfBoundsException': 90> (0x00000000d85c5770) thrown at [/HUDSON/workspace/8-2-build-linux-amd64/jdk8u91/6644/hotspot/src/share/vm/interpreter/interpreterRuntime.cpp, line 366]
Event: 4.602 Thread 0x00007f723400c800 Exception <a 'java/io/FileNotFoundException'> (0x00000000d8b0c850) thrown at [/HUDSON/workspace/8-2-build-linux-amd64/jdk8u91/6644/hotspot/src/share/vm/prims/jni.cpp, line 709]
Event: 4.602 Thread 0x00007f723400c800 Exception <a 'java/io/FileNotFoundException'> (0x00000000d8b0d3f0) thrown at [/HUDSON/workspace/8-2-build-linux-amd64/jdk8u91/6644/hotspot/src/share/vm/prims/jni.cpp, line 709]
Event: 63.106 Thread 0x00007f723400c800 Exception <a 'java/lang/reflect/InvocationTargetException'> (0x00000000d8a00f18) thrown at [/HUDSON/workspace/8-2-build-linux-amd64/jdk8u91/6644/hotspot/src/share/vm/runtime/reflection.cpp, line 1092]
Event: 71.792 Thread 0x00007f723400c800 Exception <a 'java/lang/reflect/InvocationTargetException'> (0x00000000d738bd58) thrown at [/HUDSON/workspace/8-2-build-linux-amd64/jdk8u91/6644/hotspot/src/share/vm/runtime/reflection.cpp, line 1092]
Event: 71.834 Thread 0x00007f723400c800 Exception <a 'java/lang/ClassNotFoundException': com/sun/org/glassfish/hk2/osgiresourcelocator/ServiceLoader> (0x00000000d74f80f0) thrown at [/HUDSON/workspace/8-2-build-linux-amd64/jdk8u91/6644/hotspot/src/share/vm/classfile/systemDictionary.cpp, line 21
Event: 71.842 Thread 0x00007f723400c800 Exception <a 'java/lang/NullPointerException'> (0x00000000d7502dd8) thrown at [/HUDSON/workspace/8-2-build-linux-amd64/jdk8u91/6644/hotspot/src/share/vm/interpreter/linkResolver.cpp, line 1280]

Events (10 events):
Event: 72.067 Executing VM operation: RevokeBias
Event: 72.067 Executing VM operation: RevokeBias done
Event: 72.068 Thread 0x00007f7234702800 Thread exited: 0x00007f7234702800
Event: 72.068 Thread 0x00007f7234700000 Thread exited: 0x00007f7234700000
Event: 72.068 Thread 0x00007f7234701000 Thread exited: 0x00007f7234701000
Event: 72.069 loading class com/codeborne/selenide/impl/WebDriverThreadLocalContainer$CloseBrowser
Event: 72.069 loading class com/codeborne/selenide/impl/WebDriverThreadLocalContainer$CloseBrowser done
Event: 72.075 Thread 0x00007f71b0001800 Thread added: 0x00007f71b0001800
Event: 72.077 loading class org/apache/http/client/methods/HttpDelete
Event: 72.077 loading class org/apache/http/client/methods/HttpDelete done


Dynamic libraries:
00400000-00401000 r-xp 00000000 08:02 948184                             /usr/lib/jvm/java-8-oracle/bin/java
00600000-00601000 rw-p 00000000 08:02 948184                             /usr/lib/jvm/java-8-oracle/bin/java
01d14000-01d35000 rw-p 00000000 00:00 0                                  [heap]
85000000-8a300000 rw-p 00000000 00:00 0 
8a300000-d7000000 ---p 00000000 00:00 0 
d7000000-db380000 rw-p 00000000 00:00 0 
db380000-100000000 ---p 00000000 00:00 0 
100000000-100280000 rw-p 00000000 00:00 0 
100280000-140000000 ---p 00000000 00:00 0 
7f71b0000000-7f71b0021000 rw-p 00000000 00:00 0 
7f71b0021000-7f71b4000000 ---p 00000000 00:00 0 
7f71b8000000-7f71b8021000 rw-p 00000000 00:00 0 
7f71b8021000-7f71bc000000 ---p 00000000 00:00 0 
7f71bc000000-7f71bc021000 rw-p 00000000 00:00 0 
7f71bc021000-7f71c0000000 ---p 00000000 00:00 0 
7f71c0000000-7f71c0028000 rw-p 00000000 00:00 0 
7f71c0028000-7f71c4000000 ---p 00000000 00:00 0 
7f71c4000000-7f71c428d000 rw-p 00000000 00:00 0 
7f71c428d000-7f71c8000000 ---p 00000000 00:00 0 
7f71c8000000-7f71c8021000 rw-p 00000000 00:00 0 
7f71c8021000-7f71cc000000 ---p 00000000 00:00 0 
7f71ce42a000-7f71ce42d000 ---p 00000000 00:00 0 
7f71ce42d000-7f71ce52b000 rw-p 00000000 00:00 0 
7f71ce52b000-7f71ce52e000 ---p 00000000 00:00 0 
7f71ce52e000-7f71ce62c000 rw-p 00000000 00:00 0 
7f71ce62c000-7f71ce62f000 ---p 00000000 00:00 0 
7f71ce62f000-7f71ce8ed000 rw-p 00000000 00:00 0 
7f71ce8ed000-7f71ce92d000 ---p 00000000 00:00 0 
7f71ce92d000-7f71ce936000 r-xp 00000000 08:02 1084491                    /usr/lib/jvm/java-8-oracle/jre/lib/amd64/libmanagement.so
7f71ce936000-7f71ceb35000 ---p 00009000 08:02 1084491                    /usr/lib/jvm/java-8-oracle/jre/lib/amd64/libmanagement.so
7f71ceb35000-7f71ceb36000 rw-p 00008000 08:02 1084491                    /usr/lib/jvm/java-8-oracle/jre/lib/amd64/libmanagement.so
7f71ceb36000-7f71ceb39000 ---p 00000000 00:00 0 
7f71ceb39000-7f71cee37000 rw-p 00000000 00:00 0 
7f71cee37000-7f71cee3a000 ---p 00000000 00:00 0 
7f71cee3a000-7f71cef38000 rw-p 00000000 00:00 0 
7f71cef38000-7f71cef3d000 r-xp 00000000 08:02 925440                     /usr/lib/x86_64-linux-gnu/libXfixes.so.3.1.0
7f71cef3d000-7f71cf13c000 ---p 00005000 08:02 925440                     /usr/lib/x86_64-linux-gnu/libXfixes.so.3.1.0
7f71cf13c000-7f71cf13d000 r--p 00004000 08:02 925440                     /usr/lib/x86_64-linux-gnu/libXfixes.so.3.1.0
7f71cf13d000-7f71cf13e000 rw-p 00005000 08:02 925440                     /usr/lib/x86_64-linux-gnu/libXfixes.so.3.1.0
7f71cf13e000-7f71cf147000 r-xp 00000000 08:02 925432                     /usr/lib/x86_64-linux-gnu/libXcursor.so.1.0.2
7f71cf147000-7f71cf346000 ---p 00009000 08:02 925432                     /usr/lib/x86_64-linux-gnu/libXcursor.so.1.0.2
7f71cf346000-7f71cf347000 r--p 00008000 08:02 925432                     /usr/lib/x86_64-linux-gnu/libXcursor.so.1.0.2
7f71cf347000-7f71cf348000 rw-p 00009000 08:02 925432                     /usr/lib/x86_64-linux-gnu/libXcursor.so.1.0.2
7f71cf348000-7f71cf3ad000 r-xp 00000000 08:02 1084310                    /usr/lib/jvm/java-8-oracle/jre/lib/amd64/libfontmanager.so
7f71cf3ad000-7f71cf5ac000 ---p 00065000 08:02 1084310                    /usr/lib/jvm/java-8-oracle/jre/lib/amd64/libfontmanager.so
7f71cf5ac000-7f71cf5b1000 rw-p 00064000 08:02 1084310                    /usr/lib/jvm/java-8-oracle/jre/lib/amd64/libfontmanager.so
7f71cf5b1000-7f71cf5c1000 rw-p 00000000 00:00 0 
7f71cf5c1000-7f71cf5c6000 r-xp 00000000 08:02 925436                     /usr/lib/x86_64-linux-gnu/libXdmcp.so.6.0.0
7f71cf5c6000-7f71cf7c5000 ---p 00005000 08:02 925436                     /usr/lib/x86_64-linux-gnu/libXdmcp.so.6.0.0
7f71cf7c5000-7f71cf7c6000 r--p 00004000 08:02 925436                     /usr/lib/x86_64-linux-gnu/libXdmcp.so.6.0.0
7f71cf7c6000-7f71cf7c7000 rw-p 00005000 08:02 925436                     /usr/lib/x86_64-linux-gnu/libXdmcp.so.6.0.0
7f71cf7c7000-7f71cf7c9000 r-xp 00000000 08:02 925425                     /usr/lib/x86_64-linux-gnu/libXau.so.6.0.0
7f71cf7c9000-7f71cf9c9000 ---p 00002000 08:02 925425                     /usr/lib/x86_64-linux-gnu/libXau.so.6.0.0
7f71cf9c9000-7f71cf9ca000 r--p 00002000 08:02 925425                     /usr/lib/x86_64-linux-gnu/libXau.so.6.0.0
7f71cf9ca000-7f71cf9cb000 rw-p 00003000 08:02 925425                     /usr/lib/x86_64-linux-gnu/libXau.so.6.0.0
7f71cf9cb000-7f71cf9e8000 r-xp 00000000 08:02 926377                     /usr/lib/x86_64-linux-gnu/libxcb.so.1.1.0
7f71cf9e8000-7f71cfbe8000 ---p 0001d000 08:02 926377                     /usr/lib/x86_64-linux-gnu/libxcb.so.1.1.0
7f71cfbe8000-7f71cfbe9000 r--p 0001d000 08:02 926377                     /usr/lib/x86_64-linux-gnu/libxcb.so.1.1.0
7f71cfbe9000-7f71cfbea000 rw-p 0001e000 08:02 926377                     /usr/lib/x86_64-linux-gnu/libxcb.so.1.1.0
7f71cfbea000-7f71cfbf9000 r-xp 00000000 08:02 925446                     /usr/lib/x86_64-linux-gnu/libXi.so.6.1.0
7f71cfbf9000-7f71cfdf8000 ---p 0000f000 08:02 925446                     /usr/lib/x86_64-linux-gnu/libXi.so.6.1.0
7f71cfdf8000-7f71cfdf9000 r--p 0000e000 08:02 925446                     /usr/lib/x86_64-linux-gnu/libXi.so.6.1.0
7f71cfdf9000-7f71cfdfa000 rw-p 0000f000 08:02 925446                     /usr/lib/x86_64-linux-gnu/libXi.so.6.1.0
7f71cfdfa000-7f71cfdff000 r-xp 00000000 08:02 925466                     /usr/lib/x86_64-linux-gnu/libXtst.so.6.1.0
7f71cfdff000-7f71cfffe000 ---p 00005000 08:02 925466                     /usr/lib/x86_64-linux-gnu/libXtst.so.6.1.0
7f71cfffe000-7f71cffff000 r--p 00004000 08:02 925466                     /usr/lib/x86_64-linux-gnu/libXtst.so.6.1.0
7f71cffff000-7f71d0000000 rw-p 00005000 08:02 925466                     /usr/lib/x86_64-linux-gnu/libXtst.so.6.1.0
7f71d0000000-7f71d0021000 rw-p 00000000 00:00 0 
7f71d0021000-7f71d4000000 ---p 00000000 00:00 0 
7f71d4000000-7f71d4021000 rw-p 00000000 00:00 0 
7f71d4021000-7f71d8000000 ---p 00000000 00:00 0 
7f71d8000000-7f71d8021000 rw-p 00000000 00:00 0 
7f71d8021000-7f71dc000000 ---p 00000000 00:00 0 
7f71dc000000-7f71dc021000 rw-p 00000000 00:00 0 
7f71dc021000-7f71e0000000 ---p 00000000 00:00 0 
7f71e0000000-7f71e0021000 rw-p 00000000 00:00 0 
7f71e0021000-7f71e4000000 ---p 00000000 00:00 0 
7f71e4000000-7f71e4021000 rw-p 00000000 00:00 0 
7f71e4021000-7f71e8000000 ---p 00000000 00:00 0 
7f71e8000000-7f71e8021000 rw-p 00000000 00:00 0 
7f71e8021000-7f71ec000000 ---p 00000000 00:00 0 
7f71ec000000-7f71ec021000 rw-p 00000000 00:00 0 
7f71ec021000-7f71f0000000 ---p 00000000 00:00 0 
7f71f0000000-7f71f08e4000 rw-p 00000000 00:00 0 
7f71f08e4000-7f71f4000000 ---p 00000000 00:00 0 
7f71f4000000-7f71f4751000 rw-p 00000000 00:00 0 
7f71f4751000-7f71f8000000 ---p 00000000 00:00 0 
7f71f8000000-7f71f8021000 rw-p 00000000 00:00 0 
7f71f8021000-7f71fc000000 ---p 00000000 00:00 0 
7f71fc000000-7f71fc437000 rw-p 00000000 00:00 0 
7f71fc437000-7f7200000000 ---p 00000000 00:00 0 
7f7200000000-7f7200021000 rw-p 00000000 00:00 0 
7f7200021000-7f7204000000 ---p 00000000 00:00 0 
7f7204000000-7f7204021000 rw-p 00000000 00:00 0 
7f7204021000-7f7208000000 ---p 00000000 00:00 0 
7f7208000000-7f7208029000 rw-p 00000000 00:00 0 
7f7208029000-7f720c000000 ---p 00000000 00:00 0 
7f720c000000-7f720c021000 rw-p 00000000 00:00 0 
7f720c021000-7f7210000000 ---p 00000000 00:00 0 
7f7210019000-7f721001c000 ---p 00000000 00:00 0 
7f721001c000-7f721011a000 rw-p 00000000 00:00 0 
7f721011a000-7f7210123000 r-xp 00000000 08:02 925460                     /usr/lib/x86_64-linux-gnu/libXrender.so.1.3.0
7f7210123000-7f7210322000 ---p 00009000 08:02 925460                     /usr/lib/x86_64-linux-gnu/libXrender.so.1.3.0
7f7210322000-7f7210323000 r--p 00008000 08:02 925460                     /usr/lib/x86_64-linux-gnu/libXrender.so.1.3.0
7f7210323000-7f7210324000 rw-p 00009000 08:02 925460                     /usr/lib/x86_64-linux-gnu/libXrender.so.1.3.0
7f7210324000-7f7210454000 r-xp 00000000 08:02 925421                     /usr/lib/x86_64-linux-gnu/libX11.so.6.3.0
7f7210454000-7f7210654000 ---p 00130000 08:02 925421                     /usr/lib/x86_64-linux-gnu/libX11.so.6.3.0
7f7210654000-7f7210655000 r--p 00130000 08:02 925421                     /usr/lib/x86_64-linux-gnu/libX11.so.6.3.0
7f7210655000-7f7210659000 rw-p 00131000 08:02 925421                     /usr/lib/x86_64-linux-gnu/libX11.so.6.3.0
7f7210659000-7f721066a000 r-xp 00000000 08:02 925438                     /usr/lib/x86_64-linux-gnu/libXext.so.6.4.0
7f721066a000-7f7210869000 ---p 00011000 08:02 925438                     /usr/lib/x86_64-linux-gnu/libXext.so.6.4.0
7f7210869000-7f721086a000 r--p 00010000 08:02 925438                     /usr/lib/x86_64-linux-gnu/libXext.so.6.4.0
7f721086a000-7f721086b000 rw-p 00011000 08:02 925438                     /usr/lib/x86_64-linux-gnu/libXext.so.6.4.0
7f7210884000-7f72108d8000 r-xp 00000000 08:02 1084502                    /usr/lib/jvm/java-8-oracle/jre/lib/amd64/libawt_xawt.so
7f72108d8000-7f7210ad8000 ---p 00054000 08:02 1084502                    /usr/lib/jvm/java-8-oracle/jre/lib/amd64/libawt_xawt.so
7f7210ad8000-7f7210adc000 rw-p 00054000 08:02 1084502                    /usr/lib/jvm/java-8-oracle/jre/lib/amd64/libawt_xawt.so
7f7210adc000-7f7210add000 rw-p 00000000 00:00 0 
7f7210add000-7f7210b7f000 r-xp 00000000 08:02 1084317                    /usr/lib/jvm/java-8-oracle/jre/lib/amd64/libawt.so
7f7210b7f000-7f7210d7f000 ---p 000a2000 08:02 1084317                    /usr/lib/jvm/java-8-oracle/jre/lib/amd64/libawt.so
7f7210d7f000-7f7210d8b000 rw-p 000a2000 08:02 1084317                    /usr/lib/jvm/java-8-oracle/jre/lib/amd64/libawt.so
7f7210d8b000-7f7210faf000 rw-p 00000000 00:00 0 
7f7210faf000-7f7210fb2000 ---p 00000000 00:00 0 
7f7210fb2000-7f72110b0000 rw-p 00000000 00:00 0 
7f72110b0000-7f72110b3000 ---p 00000000 00:00 0 
7f72110b3000-7f72111b1000 rw-p 00000000 00:00 0 
7f72111b1000-7f72111b4000 ---p 00000000 00:00 0 
7f72111b4000-7f72111ea000 rw-p 00000000 00:00 0 
7f72111ea000-7f7211206000 r--s 00393000 08:02 13917                      /usr/lib/jvm/java-8-oracle/jre/lib/ext/cldrdata.jar
7f7211206000-7f7211209000 ---p 00000000 00:00 0 
7f7211209000-7f7211307000 rw-p 00000000 00:00 0 
7f7211307000-7f721130a000 ---p 00000000 00:00 0 
7f721130a000-7f7211608000 rw-p 00000000 00:00 0 
7f7211608000-7f721161e000 r-xp 00000000 08:02 661526                     /lib/x86_64-linux-gnu/libgcc_s.so.1
7f721161e000-7f721181d000 ---p 00016000 08:02 661526                     /lib/x86_64-linux-gnu/libgcc_s.so.1
7f721181d000-7f721181e000 rw-p 00015000 08:02 661526                     /lib/x86_64-linux-gnu/libgcc_s.so.1
7f721182c000-7f721182d000 rw-p 00000000 00:00 0 
7f721182d000-7f7211837000 r--s 00116000 08:02 13915                      /usr/lib/jvm/java-8-oracle/jre/lib/ext/localedata.jar
7f7211837000-7f7211869000 r-xp 00000000 08:02 1084504                    /usr/lib/jvm/java-8-oracle/jre/lib/amd64/libsunec.so
7f7211869000-7f7211a68000 ---p 00032000 08:02 1084504                    /usr/lib/jvm/java-8-oracle/jre/lib/amd64/libsunec.so
7f7211a68000-7f7211a6e000 rw-p 00031000 08:02 1084504                    /usr/lib/jvm/java-8-oracle/jre/lib/amd64/libsunec.so
7f7211a6e000-7f7211c7e000 rw-p 00000000 00:00 0 
7f7211c7e000-7f7211c7f000 r--s 00009000 08:02 13908                      /usr/lib/jvm/java-8-oracle/jre/lib/ext/sunec.jar
7f7211c7f000-7f7211c82000 r--s 0001a000 08:02 413725                     /usr/lib/jvm/java-8-oracle/jre/lib/jce.jar
7f7211c82000-7f7211c86000 r--s 00097000 08:02 413727                     /usr/lib/jvm/java-8-oracle/jre/lib/jsse.jar
7f7211c86000-7f7211c88000 r--s 0000c000 08:03 15467612                   /home/cosmic/SOFT/idea-IU-145.258.11/plugins/testng/lib/jcommander.jar
7f7211c88000-7f7211ce1000 r--s 00522000 08:03 24643383                   /home/cosmic/.ivy2/cache/org.scala-lang/scala-library/jars/scala-library-2.11.8.jar
7f7211ce1000-7f7211ce6000 r--s 00040000 08:03 29755392                   /home/cosmic/.ivy2/cache/org.beanshell/bsh/jars/bsh-2.0b4.jar
7f7211ce6000-7f7211cea000 r--s 0002a000 08:03 24643076                   /home/cosmic/.ivy2/cache/commons-io/commons-io/jars/commons-io-2.4.jar
7f7211cea000-7f7211ceb000 r--s 00002000 08:03 29884471                   /home/cosmic/.ivy2/cache/com.codeborne/phantomjsdriver/jars/phantomjsdriver-1.3.0.jar
7f7211ceb000-7f7211cf0000 r--s 0002e000 08:03 29884459                   /home/cosmic/.ivy2/cache/com.codeborne/selenide/jars/selenide-3.6.jar
7f7211cf0000-7f7211cf5000 r--s 0002f000 08:03 24774458                   /home/cosmic/.ivy2/cache/com.google.code.gson/gson/jars/gson-2.3.1.jar
7f7211cf5000-7f7211d21000 r--s 00208000 08:03 24774457                   /home/cosmic/.ivy2/cache/com.google.guava/guava/bundles/guava-19.0.jar
7f7211d21000-7f7211d25000 r--s 0002f000 08:03 29884489                   /home/cosmic/.ivy2/cache/commons-beanutils/commons-beanutils-core/jars/commons-beanutils-core-1.8.3.jar
7f7211d25000-7f7211d2c000 r--s 0003f000 08:03 24911239                   /home/cosmic/.ivy2/cache/commons-codec/commons-codec/jars/commons-codec-1.10.jar
7f7211d2c000-7f7211d2e000 r--s 0000e000 08:03 24911238                   /home/cosmic/.ivy2/cache/commons-logging/commons-logging/jars/commons-logging-1.2.jar
7f7211d2e000-7f7211d44000 r--s 000f9000 08:03 24774459                   /home/cosmic/.ivy2/cache/io.netty/netty/bundles/netty-3.5.7.Final.jar
7f7211d44000-7f7211d48000 r--s 000dc000 08:03 29755854                   /home/cosmic/.ivy2/cache/net.java.dev.jna/jna/jars/jna-4.1.0.jar
7f7211d48000-7f7211d59000 r--s 00155000 08:03 29884469                   /home/cosmic/.ivy2/cache/net.java.dev.jna/jna-platform/jars/jna-platform-4.1.0.jar
7f7211d59000-7f7211d66000 r--s 000a6000 08:03 24911236                   /home/cosmic/.ivy2/cache/org.apache.httpcomponents/httpclient/jars/httpclient-4.5.1.jar
7f7211d66000-7f7211d6d000 r--s 00049000 08:03 24911237                   /home/cosmic/.ivy2/cache/org.apache.httpcomponents/httpcore/jars/httpcore-4.4.3.jar
7f7211d6d000-7f7211d74000 r--s 0007a000 08:03 29884481                   /home/cosmic/.ivy2/cache/org.apache.tika/tika-core/bundles/tika-core-1.7.jar
7f7211d74000-7f7211d78000 r--s 00019000 08:03 29884477                   /home/cosmic/.ivy2/cache/org.aspectj/aspectjrt/jars/aspectjrt-1.8.3.jar
7f7211d78000-7f7211d91000 r--s 001af000 08:03 29884463                   /home/cosmic/.ivy2/cache/org.aspectj/aspectjweaver/jars/aspectjweaver-1.8.9.jar
7f7211d91000-7f7211d97000 r--s 0001e000 08:03 29884485                   /home/cosmic/.ivy2/cache/org.jvnet.jaxb2_commons/jaxb2-basics-runtime/jars/jaxb2-basics-runtime-0.9.3.jar
7f7211d97000-7f7211d9c000 r--s 0001f000 08:03 29755853                   /home/cosmic/.ivy2/cache/org.seleniumhq.selenium/selenium-api/jars/selenium-api-2.53.0.jar
7f7211d9c000-7f7211db2000 r-xp 00000000 08:02 1084488                    /usr/lib/jvm/java-8-oracle/jre/lib/amd64/libnet.so
7f7211db2000-7f7211fb2000 ---p 00016000 08:02 1084488                    /usr/lib/jvm/java-8-oracle/jre/lib/amd64/libnet.so
7f7211fb2000-7f7211fb3000 rw-p 00016000 08:02 1084488                    /usr/lib/jvm/java-8-oracle/jre/lib/amd64/libnet.so
7f7211fb3000-7f7211fb6000 ---p 00000000 00:00 0 
7f7211fb6000-7f72120b4000 rw-p 00000000 00:00 0 
7f72120b4000-7f72120b5000 r-xp 00000000 08:03 15204416                   /home/cosmic/SOFT/idea-IU-145.258.11/bin/libbreakgen64.so
7f72120b5000-7f72122b4000 ---p 00001000 08:03 15204416                   /home/cosmic/SOFT/idea-IU-145.258.11/bin/libbreakgen64.so
7f72122b4000-7f72122b5000 r--p 00000000 08:03 15204416                   /home/cosmic/SOFT/idea-IU-145.258.11/bin/libbreakgen64.so
7f72122b5000-7f72122b6000 rw-p 00001000 08:03 15204416                   /home/cosmic/SOFT/idea-IU-145.258.11/bin/libbreakgen64.so
7f72122b6000-7f72122b7000 ---p 00000000 00:00 0 
7f72122b7000-7f72123b7000 rw-p 00000000 00:00 0 
7f72123b7000-7f72123ba000 ---p 00000000 00:00 0 
7f72123ba000-7f72124b8000 rw-p 00000000 00:00 0 
7f72124b8000-7f72124bb000 ---p 00000000 00:00 0 
7f72124bb000-7f72125b9000 rw-p 00000000 00:00 0 
7f72125b9000-7f72125bc000 ---p 00000000 00:00 0 
7f72125bc000-7f72126ba000 rw-p 00000000 00:00 0 
7f72126ba000-7f72126bd000 ---p 00000000 00:00 0 
7f72126bd000-7f72127bb000 rw-p 00000000 00:00 0 
7f72127bb000-7f72127be000 ---p 00000000 00:00 0 
7f72127be000-7f72128bc000 rw-p 00000000 00:00 0 
7f72128bc000-7f72133f4000 r--p 00000000 08:02 794137                     /usr/lib/locale/locale-archive
7f72133f4000-7f72133f7000 ---p 00000000 00:00 0 
7f72133f7000-7f72134f5000 rw-p 00000000 00:00 0 
7f72134f5000-7f72134f8000 ---p 00000000 00:00 0 
7f72134f8000-7f72135f6000 rw-p 00000000 00:00 0 
7f72135f6000-7f72135f7000 ---p 00000000 00:00 0 
7f72135f7000-7f7214000000 rw-p 00000000 00:00 0 
7f7214000000-7f7214021000 rw-p 00000000 00:00 0 
7f7214021000-7f7218000000 ---p 00000000 00:00 0 
7f7218000000-7f7218021000 rw-p 00000000 00:00 0 
7f7218021000-7f721c000000 ---p 00000000 00:00 0 
7f721c000000-7f721c002000 r--s 0000c000 08:03 27135791                   /home/cosmic/.ivy2/cache/org.apache.commons/commons-exec/jars/commons-exec-1.3.jar
7f721c002000-7f721c003000 r--s 00002000 08:03 29755847                   /home/cosmic/.ivy2/cache/org.seleniumhq.selenium/selenium-chrome-driver/jars/selenium-chrome-driver-2.53.0.jar
7f721c003000-7f721c004000 r--s 00001000 08:03 29884465                   /home/cosmic/.ivy2/cache/org.seleniumhq.selenium/selenium-edge-driver/jars/selenium-edge-driver-2.53.0.jar
7f721c004000-7f721c006000 r--s 000c7000 08:03 29755848                   /home/cosmic/.ivy2/cache/org.seleniumhq.selenium/selenium-firefox-driver/jars/selenium-firefox-driver-2.53.0.jar
7f721c006000-7f721c007000 r--s 00002000 08:03 29755849                   /home/cosmic/.ivy2/cache/org.seleniumhq.selenium/selenium-ie-driver/jars/selenium-ie-driver-2.53.0.jar
7f721c007000-7f721c008000 r--s 00000000 08:03 29755846                   /home/cosmic/.ivy2/cache/org.seleniumhq.selenium/selenium-java/jars/selenium-java-2.53.0.jar
7f721c008000-7f721c00d000 r--s 0005d000 08:03 29884467                   /home/cosmic/.ivy2/cache/org.seleniumhq.selenium/selenium-leg-rc/jars/selenium-leg-rc-2.53.0.jar
7f721c00d000-7f721c012000 r--s 00035000 08:03 29755852                   /home/cosmic/.ivy2/cache/org.seleniumhq.selenium/selenium-remote-driver/jars/selenium-remote-driver-2.53.0.jar
7f721c012000-7f721c014000 r--s 00014000 08:03 29755850                   /home/cosmic/.ivy2/cache/org.seleniumhq.selenium/selenium-safari-driver/jars/selenium-safari-driver-2.53.0.jar
7f721c014000-7f721c019000 r--s 00025000 08:03 29755851                   /home/cosmic/.ivy2/cache/org.seleniumhq.selenium/selenium-support/jars/selenium-support-2.53.0.jar
7f721c019000-7f721c027000 r--s 000c7000 08:03 29755761                   /home/cosmic/.ivy2/cache/org.testng/testng/jars/testng-6.9.10.jar
7f721c027000-7f721c03a000 r--s 00344000 08:02 413786                     /usr/lib/jvm/java-8-oracle/jre/lib/resources.jar
7f721c03a000-7f721c04d000 r--s 000d6000 08:02 413789                     /usr/lib/jvm/java-8-oracle/jre/lib/plugin.jar
7f721c04d000-7f7220000000 rw-p 00000000 00:00 0 
7f7220000000-7f7220021000 rw-p 00000000 00:00 0 
7f7220021000-7f7224000000 ---p 00000000 00:00 0 
7f7224000000-7f7224001000 r--s 00007000 08:03 24773374                   /home/cosmic/.ivy2/cache/org.slf4j/slf4j-api/jars/slf4j-api-1.7.12.jar
7f7224001000-7f7224004000 r--s 0000e000 08:03 29884475                   /home/cosmic/.ivy2/cache/ru.yandex.qatools.allure/allure-java-adaptor-api/jars/allure-java-adaptor-api-1.4.23.jar
7f7224004000-7f7224005000 r--s 00001000 08:03 29884479                   /home/cosmic/.ivy2/cache/ru.yandex.qatools.allure/allure-java-annotations/jars/allure-java-annotations-1.4.23.jar
7f7224005000-7f7224006000 r--s 00002000 08:03 29884473                   /home/cosmic/.ivy2/cache/ru.yandex.qatools.allure/allure-java-aspects/jars/allure-java-aspects-1.4.23.jar
7f7224006000-7f7224007000 r--s 0000a000 08:03 29884483                   /home/cosmic/.ivy2/cache/ru.yandex.qatools.allure/allure-model/jars/allure-model-1.4.23.jar
7f7224007000-7f7224008000 r--s 00002000 08:03 29884461                   /home/cosmic/.ivy2/cache/ru.yandex.qatools.allure/allure-testng-adaptor/jars/allure-testng-adaptor-1.4.23.jar
7f7224008000-7f7224009000 r--s 00003000 08:03 29884487                   /home/cosmic/.ivy2/cache/ru.yandex.qatools.properties/properties-loader/jars/properties-loader-1.5.jar
7f7224009000-7f7224024000 r--s 00208000 08:02 413803                     /usr/lib/jvm/java-8-oracle/jre/lib/deploy.jar
7f7224024000-7f7225000000 rw-p 00000000 00:00 0 
7f7225000000-7f7225760000 rwxp 00000000 00:00 0 
7f7225760000-7f7234000000 ---p 00000000 00:00 0 
7f7234000000-7f7234979000 rw-p 00000000 00:00 0 
7f7234979000-7f7238000000 ---p 00000000 00:00 0 
7f7238000000-7f7238002000 r--s 0000e000 08:03 29755762                   /home/cosmic/.ivy2/cache/com.beust/jcommander/jars/jcommander-1.48.jar
7f7238002000-7f7238009000 r--s 00049000 08:03 29755356                   /home/cosmic/.ivy2/cache/cglib/cglib-nodep/jars/cglib-nodep-2.1_3.jar
7f7238009000-7f723800a000 r--s 00000000 08:02 413785                     /usr/lib/jvm/java-8-oracle/jre/lib/management-agent.jar
7f723800a000-7f723800e000 r--s 00097000 08:02 413727                     /usr/lib/jvm/java-8-oracle/jre/lib/jsse.jar
7f723800e000-7f72380e1000 rw-p 00000000 00:00 0 
7f72380e1000-7f72382ba000 r--s 03d1f000 08:02 413728                     /usr/lib/jvm/java-8-oracle/jre/lib/rt.jar
7f72382ba000-7f7238330000 rw-p 00000000 00:00 0 
7f7238330000-7f7238331000 ---p 00000000 00:00 0 
7f7238331000-7f7238431000 rw-p 00000000 00:00 0 
7f7238431000-7f7238432000 ---p 00000000 00:00 0 
7f7238432000-7f7238532000 rw-p 00000000 00:00 0 
7f7238532000-7f7238533000 ---p 00000000 00:00 0 
7f7238533000-7f7238633000 rw-p 00000000 00:00 0 
7f7238633000-7f7238634000 ---p 00000000 00:00 0 
7f7238634000-7f723875e000 rw-p 00000000 00:00 0 
7f723875e000-7f72389c4000 ---p 00000000 00:00 0 
7f72389c4000-7f72389ee000 rw-p 00000000 00:00 0 
7f72389ee000-7f7238c54000 ---p 00000000 00:00 0 
7f7238c54000-7f7238c76000 rw-p 00000000 00:00 0 
7f7238c76000-7f7238d9c000 ---p 00000000 00:00 0 
7f7238d9c000-7f7238dbb000 rw-p 00000000 00:00 0 
7f7238dbb000-7f723915d000 ---p 00000000 00:00 0 
7f723915d000-7f7239177000 r-xp 00000000 08:02 1084323                    /usr/lib/jvm/java-8-oracle/jre/lib/amd64/libzip.so
7f7239177000-7f7239377000 ---p 0001a000 08:02 1084323                    /usr/lib/jvm/java-8-oracle/jre/lib/amd64/libzip.so
7f7239377000-7f7239378000 rw-p 0001a000 08:02 1084323                    /usr/lib/jvm/java-8-oracle/jre/lib/amd64/libzip.so
7f7239378000-7f7239383000 r-xp 00000000 08:02 661574                     /lib/x86_64-linux-gnu/libnss_files-2.19.so
7f7239383000-7f7239582000 ---p 0000b000 08:02 661574                     /lib/x86_64-linux-gnu/libnss_files-2.19.so
7f7239582000-7f7239583000 r--p 0000a000 08:02 661574                     /lib/x86_64-linux-gnu/libnss_files-2.19.so
7f7239583000-7f7239584000 rw-p 0000b000 08:02 661574                     /lib/x86_64-linux-gnu/libnss_files-2.19.so
7f7239584000-7f723958f000 r-xp 00000000 08:02 661584                     /lib/x86_64-linux-gnu/libnss_nis-2.19.so
7f723958f000-7f723978e000 ---p 0000b000 08:02 661584                     /lib/x86_64-linux-gnu/libnss_nis-2.19.so
7f723978e000-7f723978f000 r--p 0000a000 08:02 661584                     /lib/x86_64-linux-gnu/libnss_nis-2.19.so
7f723978f000-7f7239790000 rw-p 0000b000 08:02 661584                     /lib/x86_64-linux-gnu/libnss_nis-2.19.so
7f7239790000-7f72397a7000 r-xp 00000000 08:02 661568                     /lib/x86_64-linux-gnu/libnsl-2.19.so
7f72397a7000-7f72399a6000 ---p 00017000 08:02 661568                     /lib/x86_64-linux-gnu/libnsl-2.19.so
7f72399a6000-7f72399a7000 r--p 00016000 08:02 661568                     /lib/x86_64-linux-gnu/libnsl-2.19.so
7f72399a7000-7f72399a8000 rw-p 00017000 08:02 661568                     /lib/x86_64-linux-gnu/libnsl-2.19.so
7f72399a8000-7f72399aa000 rw-p 00000000 00:00 0 
7f72399aa000-7f72399b3000 r-xp 00000000 08:02 661570                     /lib/x86_64-linux-gnu/libnss_compat-2.19.so
7f72399b3000-7f7239bb2000 ---p 00009000 08:02 661570                     /lib/x86_64-linux-gnu/libnss_compat-2.19.so
7f7239bb2000-7f7239bb3000 r--p 00008000 08:02 661570                     /lib/x86_64-linux-gnu/libnss_compat-2.19.so
7f7239bb3000-7f7239bb4000 rw-p 00009000 08:02 661570                     /lib/x86_64-linux-gnu/libnss_compat-2.19.so
7f7239bb4000-7f7239bde000 r-xp 00000000 08:02 1084492                    /usr/lib/jvm/java-8-oracle/jre/lib/amd64/libjava.so
7f7239bde000-7f7239dde000 ---p 0002a000 08:02 1084492                    /usr/lib/jvm/java-8-oracle/jre/lib/amd64/libjava.so
7f7239dde000-7f7239de0000 rw-p 0002a000 08:02 1084492                    /usr/lib/jvm/java-8-oracle/jre/lib/amd64/libjava.so
7f7239de0000-7f7239ded000 r-xp 00000000 08:02 1084501                    /usr/lib/jvm/java-8-oracle/jre/lib/amd64/libverify.so
7f7239ded000-7f7239fed000 ---p 0000d000 08:02 1084501                    /usr/lib/jvm/java-8-oracle/jre/lib/amd64/libverify.so
7f7239fed000-7f7239fef000 rw-p 0000d000 08:02 1084501                    /usr/lib/jvm/java-8-oracle/jre/lib/amd64/libverify.so
7f7239fef000-7f7239ff6000 r-xp 00000000 08:02 661627                     /lib/x86_64-linux-gnu/librt-2.19.so
7f7239ff6000-7f723a1f5000 ---p 00007000 08:02 661627                     /lib/x86_64-linux-gnu/librt-2.19.so
7f723a1f5000-7f723a1f6000 r--p 00006000 08:02 661627                     /lib/x86_64-linux-gnu/librt-2.19.so
7f723a1f6000-7f723a1f7000 rw-p 00007000 08:02 661627                     /lib/x86_64-linux-gnu/librt-2.19.so
7f723a1f7000-7f723a2fc000 r-xp 00000000 08:02 661549                     /lib/x86_64-linux-gnu/libm-2.19.so
7f723a2fc000-7f723a4fb000 ---p 00105000 08:02 661549                     /lib/x86_64-linux-gnu/libm-2.19.so
7f723a4fb000-7f723a4fc000 r--p 00104000 08:02 661549                     /lib/x86_64-linux-gnu/libm-2.19.so
7f723a4fc000-7f723a4fd000 rw-p 00105000 08:02 661549                     /lib/x86_64-linux-gnu/libm-2.19.so
7f723a4fd000-7f723b1bd000 r-xp 00000000 08:02 1084463                    /usr/lib/jvm/java-8-oracle/jre/lib/amd64/server/libjvm.so
7f723b1bd000-7f723b3bd000 ---p 00cc0000 08:02 1084463                    /usr/lib/jvm/java-8-oracle/jre/lib/amd64/server/libjvm.so
7f723b3bd000-7f723b495000 rw-p 00cc0000 08:02 1084463                    /usr/lib/jvm/java-8-oracle/jre/lib/amd64/server/libjvm.so
7f723b495000-7f723b4e0000 rw-p 00000000 00:00 0 
7f723b4e0000-7f723b69b000 r-xp 00000000 08:02 661499                     /lib/x86_64-linux-gnu/libc-2.19.so
7f723b69b000-7f723b89a000 ---p 001bb000 08:02 661499                     /lib/x86_64-linux-gnu/libc-2.19.so
7f723b89a000-7f723b89e000 r--p 001ba000 08:02 661499                     /lib/x86_64-linux-gnu/libc-2.19.so
7f723b89e000-7f723b8a0000 rw-p 001be000 08:02 661499                     /lib/x86_64-linux-gnu/libc-2.19.so
7f723b8a0000-7f723b8a5000 rw-p 00000000 00:00 0 
7f723b8a5000-7f723b8a8000 r-xp 00000000 08:02 661516                     /lib/x86_64-linux-gnu/libdl-2.19.so
7f723b8a8000-7f723baa7000 ---p 00003000 08:02 661516                     /lib/x86_64-linux-gnu/libdl-2.19.so
7f723baa7000-7f723baa8000 r--p 00002000 08:02 661516                     /lib/x86_64-linux-gnu/libdl-2.19.so
7f723baa8000-7f723baa9000 rw-p 00003000 08:02 661516                     /lib/x86_64-linux-gnu/libdl-2.19.so
7f723baa9000-7f723babe000 r-xp 00000000 08:02 413719                     /usr/lib/jvm/java-8-oracle/lib/amd64/jli/libjli.so
7f723babe000-7f723bcbe000 ---p 00015000 08:02 413719                     /usr/lib/jvm/java-8-oracle/lib/amd64/jli/libjli.so
7f723bcbe000-7f723bcbf000 rw-p 00015000 08:02 413719                     /usr/lib/jvm/java-8-oracle/lib/amd64/jli/libjli.so
7f723bcbf000-7f723bcd8000 r-xp 00000000 08:02 661619                     /lib/x86_64-linux-gnu/libpthread-2.19.so
7f723bcd8000-7f723bed7000 ---p 00019000 08:02 661619                     /lib/x86_64-linux-gnu/libpthread-2.19.so
7f723bed7000-7f723bed8000 r--p 00018000 08:02 661619                     /lib/x86_64-linux-gnu/libpthread-2.19.so
7f723bed8000-7f723bed9000 rw-p 00019000 08:02 661619                     /lib/x86_64-linux-gnu/libpthread-2.19.so
7f723bed9000-7f723bedd000 rw-p 00000000 00:00 0 
7f723bedd000-7f723bf00000 r-xp 00000000 08:02 661475                     /lib/x86_64-linux-gnu/ld-2.19.so
7f723bf00000-7f723bf02000 r--s 00007000 08:02 413729                     /usr/lib/jvm/java-8-oracle/jre/lib/jfxswt.jar
7f723bf02000-7f723bf07000 r--s 00084000 08:02 413777                     /usr/lib/jvm/java-8-oracle/jre/lib/jfr.jar
7f723bf07000-7f723bf0a000 r--s 0001a000 08:02 413725                     /usr/lib/jvm/java-8-oracle/jre/lib/jce.jar
7f723bf0a000-7f723bf14000 r--s 0006c000 08:02 413766                     /usr/lib/jvm/java-8-oracle/jre/lib/javaws.jar
7f723bf14000-7f723bfdf000 rw-p 00000000 00:00 0 
7f723bfdf000-7f723bfe2000 ---p 00000000 00:00 0 
7f723bfe2000-7f723c0e4000 rw-p 00000000 00:00 0 
7f723c0e4000-7f723c0ea000 r--s 002f8000 08:02 413805                     /usr/lib/jvm/java-8-oracle/jre/lib/charsets.jar
7f723c0ea000-7f723c0f1000 r--s 000c2000 08:03 15467614                   /home/cosmic/SOFT/idea-IU-145.258.11/plugins/testng/lib/testng-plugin.jar
7f723c0f1000-7f723c0f3000 r--s 0001e000 08:03 15204515                   /home/cosmic/SOFT/idea-IU-145.258.11/lib/idea_rt.jar
7f723c0f3000-7f723c0fb000 rw-s 00000000 08:02 526239                     /tmp/hsperfdata_cosmic/26166
7f723c0fb000-7f723c0fc000 rw-p 00000000 00:00 0 
7f723c0fc000-7f723c0fd000 r--p 00000000 00:00 0 
7f723c0fd000-7f723c0ff000 rw-p 00000000 00:00 0 
7f723c0ff000-7f723c100000 r--p 00022000 08:02 661475                     /lib/x86_64-linux-gnu/ld-2.19.so
7f723c100000-7f723c101000 rw-p 00023000 08:02 661475                     /lib/x86_64-linux-gnu/ld-2.19.so
7f723c101000-7f723c102000 rw-p 00000000 00:00 0 
7fffa2746000-7fffa2769000 rw-p 00000000 00:00 0                          [stack]
7fffa27c7000-7fffa27c9000 r--p 00000000 00:00 0                          [vvar]
7fffa27c9000-7fffa27cb000 r-xp 00000000 00:00 0                          [vdso]
ffffffffff600000-ffffffffff601000 r-xp 00000000 00:00 0                  [vsyscall]

VM Arguments:
jvm_args: -ea -Didea.launcher.port=7532 -Didea.launcher.bin.path=/home/cosmic/SOFT/idea-IU-145.258.11/bin -Didea.testng.sm_runner -Dfile.encoding=UTF-8 
java_command: com.intellij.rt.execution.application.AppMain org.testng.RemoteTestNGStarter -port 45369 -usedefaultlisteners false -socket42542 @w@/tmp/idea_working_dirs_testng.tmp -temp /tmp/idea_testng.tmp
java_class_path (initial): /home/cosmic/SOFT/idea-IU-145.258.11/lib/idea_rt.jar:/home/cosmic/SOFT/idea-IU-145.258.11/plugins/testng/lib/testng-plugin.jar:/usr/lib/jvm/java-8-oracle/jre/lib/charsets.jar:/usr/lib/jvm/java-8-oracle/jre/lib/deploy.jar:/usr/lib/jvm/java-8-oracle/jre/lib/ext/cldrdata.jar:/usr/lib/jvm/java-8-oracle/jre/lib/ext/dnsns.jar:/usr/lib/jvm/java-8-oracle/jre/lib/ext/jaccess.jar:/usr/lib/jvm/java-8-oracle/jre/lib/ext/jfxrt.jar:/usr/lib/jvm/java-8-oracle/jre/lib/ext/localedata.jar:/usr/lib/jvm/java-8-oracle/jre/lib/ext/nashorn.jar:/usr/lib/jvm/java-8-oracle/jre/lib/ext/sunec.jar:/usr/lib/jvm/java-8-oracle/jre/lib/ext/sunjce_provider.jar:/usr/lib/jvm/java-8-oracle/jre/lib/ext/sunpkcs11.jar:/usr/lib/jvm/java-8-oracle/jre/lib/ext/zipfs.jar:/usr/lib/jvm/java-8-oracle/jre/lib/javaws.jar:/usr/lib/jvm/java-8-oracle/jre/lib/jce.jar:/usr/lib/jvm/java-8-oracle/jre/lib/jfr.jar:/usr/lib/jvm/java-8-oracle/jre/lib/jfxswt.jar:/usr/lib/jvm/java-8-oracle/jre/lib/jsse.jar:/usr/lib/jvm/java-8-oracle/jre/lib/management-agent.jar:/usr/lib/jvm/java-8-oracle/jre/lib/plugin.jar:/usr/lib/jvm/java-8-oracle/jre/lib/resources.jar:/usr/lib/jvm/java-8-oracle/jre/lib/rt.jar:/home/cosmic/IdeaProjects/FC/ui-tests/target/scala-2.11/test-classes:/home/cosmic/.ivy2/cache/cglib/cglib-nodep/jars/cglib-nodep-2.1_3.jar:/home/cosmic/.ivy2/cache/org.testng/testng/jars/testng-6.9.10.jar:/home/cosmic/.ivy2/cache/com.beust/jcommander/jars/jcommander-1.48.jar:/home/cosmic/.ivy2/cache/ru.yandex.qatools.properties/properties-loader/jars/properties-loader-1.5.jar:/home/cosmic/.ivy2/cache/ru.yandex.qatools.allure/allure-testng-adaptor/jars/allure-testng-adaptor-1.4.23.jar:/home/cosmic/.ivy2/cache/ru.yandex.qatools.allure/allure-model/jars/allure-model-1.4.23.jar:/home/cosmic/.ivy2/cache/ru.yandex.qatools.allure/allure-java-aspects/jars/allure-java-aspects-1.4.23.jar:/home/cosmic/.ivy2/cache/ru.yandex.qatools.allure/allure-java-annotations/jars/allure-java-annotations-1.4.23.jar:/home/cosmic/.ivy2
Launcher Type: SUN_STANDARD

Environment Variables:
JAVA_HOME=/opt/jdk1.8.0_91
JRE_HOME=/opt/jdk1.8.0_91/bin
PATH=/home/cosmic/SOFT/google-cloud-sdk/bin:/usr/local/sbin:/usr/local/bin:/usr/sbin:/usr/bin:/sbin:/bin:/opt/go1.5/bin:/opt/sbt/bin:/home/cosmic/SOFT/google-cloud-sdk/bin:/usr/local/sbin:/usr/local/bin:/usr/sbin:/usr/bin:/sbin:/bin:/home/cosmic/bash_scripts/touchpad.sh:/home/cosmic/bash_scripts/monitor.sh:/opt/jdk1.8.0_91:/opt/jdk1.8.0_91/bin:/opt/go1.5/bin:/opt/sbt/bin
LD_LIBRARY_PATH=/home/cosmic/SOFT/idea-IU-145.258.11/bin:
SHELL=/bin/bash
DISPLAY=:0.0

Signal Handlers:
SIGSEGV: [libjvm.so+0xabca10], sa_mask[0]=11111111011111111101111111111110, sa_flags=SA_RESTART|SA_SIGINFO
SIGBUS: [libjvm.so+0xabca10], sa_mask[0]=11111111011111111101111111111110, sa_flags=SA_RESTART|SA_SIGINFO
SIGFPE: [libjvm.so+0x919a20], sa_mask[0]=11111111011111111101111111111110, sa_flags=SA_RESTART|SA_SIGINFO
SIGPIPE: [libjvm.so+0x919a20], sa_mask[0]=11111111011111111101111111111110, sa_flags=SA_RESTART|SA_SIGINFO
SIGXFSZ: [libjvm.so+0x919a20], sa_mask[0]=11111111011111111101111111111110, sa_flags=SA_RESTART|SA_SIGINFO
SIGILL: [libjvm.so+0x919a20], sa_mask[0]=11111111011111111101111111111110, sa_flags=SA_RESTART|SA_SIGINFO
SIGUSR1: SIG_DFL, sa_mask[0]=00000000000000000000000000000000, sa_flags=none
SIGUSR2: [libjvm.so+0x91b050], sa_mask[0]=00100000000000000000000000000000, sa_flags=SA_RESTART|SA_SIGINFO
SIGHUP: [libjvm.so+0x91c450], sa_mask[0]=11111111011111111101111111111110, sa_flags=SA_RESTART|SA_SIGINFO
SIGINT: [libjvm.so+0x91c450], sa_mask[0]=11111111011111111101111111111110, sa_flags=SA_RESTART|SA_SIGINFO
SIGTERM: [libjvm.so+0x91c450], sa_mask[0]=11111111011111111101111111111110, sa_flags=SA_RESTART|SA_SIGINFO
SIGQUIT: [libjvm.so+0x91c450], sa_mask[0]=11111111011111111101111111111110, sa_flags=SA_RESTART|SA_SIGINFO


---------------  S Y S T E M  ---------------

OS:DISTRIB_ID=Ubuntu
DISTRIB_RELEASE=14.04
DISTRIB_CODENAME=trusty
DISTRIB_DESCRIPTION="Ubuntu 14.04.4 LTS"

uname:Linux 4.2.0-36-generic #41~14.04.1-Ubuntu SMP Tue Apr 19 17:03:32 UTC 2016 x86_64
libc:glibc 2.19 NPTL 2.19 
rlimit: STACK 8192k, CORE 0k, NPROC 31383, NOFILE 4096, AS infinity
load average:2.74 1.82 1.66

/proc/meminfo:
MemTotal:        8056392 kB
MemFree:          560428 kB
MemAvailable:    1296884 kB
Buffers:           39880 kB
Cached:          2311136 kB
SwapCached:         1352 kB
Active:          5797572 kB
Inactive:        1387160 kB
Active(anon):    5399608 kB
Inactive(anon):  1110708 kB
Active(file):     397964 kB
Inactive(file):   276452 kB
Unevictable:        1208 kB
Mlocked:            1208 kB
SwapTotal:       4881404 kB
SwapFree:        4690468 kB
Dirty:             12356 kB
Writeback:             0 kB
AnonPages:       4833148 kB
Mapped:          1722920 kB
Shmem:           1676744 kB
Slab:             148972 kB
SReclaimable:     104316 kB
SUnreclaim:        44656 kB
KernelStack:       15008 kB
PageTables:        69156 kB
NFS_Unstable:          0 kB
Bounce:                0 kB
WritebackTmp:          0 kB
CommitLimit:     8909600 kB
Committed_AS:   14425536 kB
VmallocTotal:   34359738367 kB
VmallocUsed:      360796 kB
VmallocChunk:   34358947836 kB
HardwareCorrupted:     0 kB
AnonHugePages:   1427456 kB
CmaTotal:              0 kB
CmaFree:               0 kB
HugePages_Total:       0
HugePages_Free:        0
HugePages_Rsvd:        0
HugePages_Surp:        0
Hugepagesize:       2048 kB
DirectMap4k:      239560 kB
DirectMap2M:     8030208 kB


CPU:total 4 (2 cores per cpu, 2 threads per core) family 6 model 42 stepping 7, cmov, cx8, fxsr, mmx, sse, sse2, sse3, ssse3, sse4.1, sse4.2, popcnt, avx, clmul, ht, tsc, tscinvbit

/proc/cpuinfo:
processor	: 0
vendor_id	: GenuineIntel
cpu family	: 6
model		: 42
model name	: Intel(R) Core(TM) i3-2377M CPU @ 1.50GHz
stepping	: 7
microcode	: 0x28
cpu MHz		: 1500.000
cache size	: 3072 KB
physical id	: 0
siblings	: 4
core id		: 0
cpu cores	: 2
apicid		: 0
initial apicid	: 0
fpu		: yes
fpu_exception	: yes
cpuid level	: 13
wp		: yes
flags		: fpu vme de pse tsc msr pae mce cx8 apic sep mtrr pge mca cmov pat pse36 clflush dts acpi mmx fxsr sse sse2 ss ht tm pbe syscall nx rdtscp lm constant_tsc arch_perfmon pebs bts rep_good nopl xtopology nonstop_tsc aperfmperf eagerfpu pni pclmulqdq dtes64 monitor ds_cpl vmx est tm2 ssse3 cx16 xtpr pdcm pcid sse4_1 sse4_2 x2apic popcnt tsc_deadline_timer xsave avx lahf_lm arat epb pln pts dtherm tpr_shadow vnmi flexpriority ept vpid xsaveopt
bugs		:
bogomips	: 2993.29
clflush size	: 64
cache_alignment	: 64
address sizes	: 36 bits physical, 48 bits virtual
power management:

processor	: 1
vendor_id	: GenuineIntel
cpu family	: 6
model		: 42
model name	: Intel(R) Core(TM) i3-2377M CPU @ 1.50GHz
stepping	: 7
microcode	: 0x28
cpu MHz		: 1500.000
cache size	: 3072 KB
physical id	: 0
siblings	: 4
core id		: 1
cpu cores	: 2
apicid		: 2
initial apicid	: 2
fpu		: yes
fpu_exception	: yes
cpuid level	: 13
wp		: yes
flags		: fpu vme de pse tsc msr pae mce cx8 apic sep mtrr pge mca cmov pat pse36 clflush dts acpi mmx fxsr sse sse2 ss ht tm pbe syscall nx rdtscp lm constant_tsc arch_perfmon pebs bts rep_good nopl xtopology nonstop_tsc aperfmperf eagerfpu pni pclmulqdq dtes64 monitor ds_cpl vmx est tm2 ssse3 cx16 xtpr pdcm pcid sse4_1 sse4_2 x2apic popcnt tsc_deadline_timer xsave avx lahf_lm arat epb pln pts dtherm tpr_shadow vnmi flexpriority ept vpid xsaveopt
bugs		:
bogomips	: 2993.29
clflush size	: 64
cache_alignment	: 64
address sizes	: 36 bits physical, 48 bits virtual
power management:

processor	: 2
vendor_id	: GenuineIntel
cpu family	: 6
model		: 42
model name	: Intel(R) Core(TM) i3-2377M CPU @ 1.50GHz
stepping	: 7
microcode	: 0x28
cpu MHz		: 1500.000
cache size	: 3072 KB
physical id	: 0
siblings	: 4
core id		: 0
cpu cores	: 2
apicid		: 1
initial apicid	: 1
fpu		: yes
fpu_exception	: yes
cpuid level	: 13
wp		: yes
flags		: fpu vme de pse tsc msr pae mce cx8 apic sep mtrr pge mca cmov pat pse36 clflush dts acpi mmx fxsr sse sse2 ss ht tm pbe syscall nx rdtscp lm constant_tsc arch_perfmon pebs bts rep_good nopl xtopology nonstop_tsc aperfmperf eagerfpu pni pclmulqdq dtes64 monitor ds_cpl vmx est tm2 ssse3 cx16 xtpr pdcm pcid sse4_1 sse4_2 x2apic popcnt tsc_deadline_timer xsave avx lahf_lm arat epb pln pts dtherm tpr_shadow vnmi flexpriority ept vpid xsaveopt
bugs		:
bogomips	: 2993.29
clflush size	: 64
cache_alignment	: 64
address sizes	: 36 bits physical, 48 bits virtual
power management:

processor	: 3
vendor_id	: GenuineIntel
cpu family	: 6
model		: 42
model name	: Intel(R) Core(TM) i3-2377M CPU @ 1.50GHz
stepping	: 7
microcode	: 0x28
cpu MHz		: 1499.941
cache size	: 3072 KB
physical id	: 0
siblings	: 4
core id		: 1
cpu cores	: 2
apicid		: 3
initial apicid	: 3
fpu		: yes
fpu_exception	: yes
cpuid level	: 13
wp		: yes
flags		: fpu vme de pse tsc msr pae mce cx8 apic sep mtrr pge mca cmov pat pse36 clflush dts acpi mmx fxsr sse sse2 ss ht tm pbe syscall nx rdtscp lm constant_tsc arch_perfmon pebs bts rep_good nopl xtopology nonstop_tsc aperfmperf eagerfpu pni pclmulqdq dtes64 monitor ds_cpl vmx est tm2 ssse3 cx16 xtpr pdcm pcid sse4_1 sse4_2 x2apic popcnt tsc_deadline_timer xsave avx lahf_lm arat epb pln pts dtherm tpr_shadow vnmi flexpriority ept vpid xsaveopt
bugs		:
bogomips	: 2993.29
clflush size	: 64
cache_alignment	: 64
address sizes	: 36 bits physical, 48 bits virtual
power management:



Memory: 4k page, physical 8056392k(569164k free), swap 4881404k(4690468k free)

vm_info: Java HotSpot(TM) 64-Bit Server VM (25.91-b14) for linux-amd64 JRE (1.8.0_91-b14), built on Apr  1 2016 00:57:21 by "java_re" with gcc 4.3.0 20080428 (Red Hat 4.3.0-8)

time: Wed Jun  8 23:37:07 2016
elapsed time: 72 seconds (0d 0h 1m 12s)

