#
# A fatal error has been detected by the Java Runtime Environment:
#
#  SIGSEGV (0xb) at pc=0x00007f88a2f14443, pid=27695, tid=140224804648704
#
# JRE version: Java(TM) SE Runtime Environment (8.0_91-b14) (build 1.8.0_91-b14)
# Java VM: Java HotSpot(TM) 64-Bit Server VM (25.91-b14 mixed mode linux-amd64 compressed oops)
# Problematic frame:
# C  [libX11.so.6+0x89443]
#
# Failed to write core dump. Core dumps have been disabled. To enable core dumping, try "ulimit -c unlimited" before starting Java again
#
# If you would like to submit a bug report, please visit:
#   http://bugreport.java.com/bugreport/crash.jsp
# The crash happened outside the Java Virtual Machine in native code.
# See problematic frame for where to report the bug.
#

---------------  T H R E A D  ---------------

Current thread (0x00007f88f4653000):  JavaThread "AWT-XAWT" daemon [_thread_in_native, id=27832, stack(0x00007f88a19b7000,0x00007f88a1ab8000)]

siginfo: si_signo: 11 (SIGSEGV), si_code: 1 (SEGV_MAPERR), si_addr: 0x000000000000000a

Registers:
RAX=0x00007f88f45fb750, RBX=0x00007f88f460cb10, RCX=0x0000000000000000, RDX=0x0000000000000087
RSP=0x00007f88a1ab65f0, RBP=0x000000000000000a, RSI=0x0000000000000000, RDI=0x00007f88f460cb10
R8 =0x0000000000000000, R9 =0x0000000000000006, R10=0x00007f88a1ab63f0, R11=0x00007f88a2f150a0
R12=0x0000000000000000, R13=0x00007f88a39acbb0, R14=0x00007f88a1ab66f8, R15=0x00007f88f4653000
RIP=0x00007f88a2f14443, EFLAGS=0x0000000000010246, CSGSFS=0x0000000000000033, ERR=0x0000000000000004
  TRAPNO=0x000000000000000e

Top of Stack: (sp=0x00007f88a1ab65f0)
0x00007f88a1ab65f0:   0000000000000000 00007f88f460cb10
0x00007f88a1ab6600:   0000000000000047 00007f88a2f150f1
0x00007f88a1ab6610:   00007f88a39acbb0 00007f88a1ab6630
0x00007f88a1ab6620:   0000000000000000 00007f88a3402201
0x00007f88a1ab6630:   00007f88a1ab66b0 00007f88e4bf0a14
0x00007f88a1ab6640:   00007f88a39acbb0 0000000000000000
0x00007f88a1ab6650:   00007f88a1ab66b0 00007f88e4bf0799
0x00007f88a1ab6660:   00007f88f4653000 00007f88e4bf0762
0x00007f88a1ab6670:   00007f88a1ab6670 00007f88a39acbb0
0x00007f88a1ab6680:   00007f88a1ab66f8 00007f88a39adc30
0x00007f88a1ab6690:   0000000000000000 00007f88a39acbb0
0x00007f88a1ab66a0:   0000000000000000 00007f88a1ab66d0
0x00007f88a1ab66b0:   00007f88a1ab6740 00007f88e4be0dd0
0x00007f88a1ab66c0:   00000000db4e6040 00007f88e4bea537
0x00007f88a1ab66d0:   0000000000000000 0000000000000000
0x00007f88a1ab66e0:   0000000000000047 00007f88e4be0dd0
0x00007f88a1ab66f0:   00007f88f460cb10 00007f88e4be0dd0
0x00007f88a1ab6700:   00007f88a1ab6700 00007f88a39886a7
0x00007f88a1ab6710:   00007f88a1ab6768 00007f88a399d028
0x00007f88a1ab6720:   0000000000000000 00007f88a39886c8
0x00007f88a1ab6730:   00007f88a1ab66d0 00007f88a1ab6760
0x00007f88a1ab6740:   00007f88a1ab67b0 00007f88e4be12bd
0x00007f88a1ab6750:   0000000000000001 00000000d87a6ce0
0x00007f88a1ab6760:   00000000db308738 00000000db3086e0
0x00007f88a1ab6770:   00007f88a1ab6770 00007f88a39828c9
0x00007f88a1ab6780:   00007f88a1ab67f8 00007f88a399d028
0x00007f88a1ab6790:   0000000000000000 00007f88a3982aa8
0x00007f88a1ab67a0:   00007f88a1ab6760 00007f88a1ab67f0
0x00007f88a1ab67b0:   00007f88a1ab6840 00007f88e4be12bd
0x00007f88a1ab67c0:   0000000000000000 0000000000000000
0x00007f88a1ab67d0:   0000000000000000 0000000000000000
0x00007f88a1ab67e0:   0000000000000000 00000000db308738 

Instructions: (pc=0x00007f88a2f14443)
0x00007f88a2f14423:   83 ec 08 e8 f5 57 fb ff 48 8b 93 20 0a 00 00 31
0x00007f88a2f14433:   c9 31 f6 48 8b 52 08 8b 52 04 c6 40 01 08 88 10
0x00007f88a2f14443:   0f b7 55 00 66 89 48 06 c6 40 0b 00 c6 40 0a 00
0x00007f88a2f14453:   c6 40 0d 00 c6 40 0c 00 c6 40 0f 00 66 89 50 04 

Register to memory mapping:

RAX=0x00007f88f45fb750 is an unknown value
RBX=0x00007f88f460cb10 is an unknown value
RCX=0x0000000000000000 is an unknown value
RDX=0x0000000000000087 is an unknown value
RSP=0x00007f88a1ab65f0 is pointing into the stack for thread: 0x00007f88f4653000
RBP=0x000000000000000a is an unknown value
RSI=0x0000000000000000 is an unknown value
RDI=0x00007f88f460cb10 is an unknown value
R8 =0x0000000000000000 is an unknown value
R9 =0x0000000000000006 is an unknown value
R10=0x00007f88a1ab63f0 is pointing into the stack for thread: 0x00007f88f4653000
R11=0x00007f88a2f150a0: XkbGetUpdatedMap+0 in /usr/lib/x86_64-linux-gnu/libX11.so.6 at 0x00007f88a2e8b000
R12=0x0000000000000000 is an unknown value
R13={method} {0x00007f88a39acbb0} 'XkbGetUpdatedMap' '(JJJ)J' in 'sun/awt/X11/XlibWrapper'
R14=0x00007f88a1ab66f8 is pointing into the stack for thread: 0x00007f88f4653000
R15=0x00007f88f4653000 is a thread


Stack: [0x00007f88a19b7000,0x00007f88a1ab8000],  sp=0x00007f88a1ab65f0,  free space=1021k
Native frames: (J=compiled Java code, j=interpreted, Vv=VM code, C=native code)
C  [libX11.so.6+0x89443]

Java frames: (J=compiled Java code, j=interpreted, Vv=VM code)
j  sun.awt.X11.XlibWrapper.XkbGetUpdatedMap(JJJ)J+0
j  sun.awt.X11.XToolkit.processXkbChanges(Lsun/awt/X11/XEvent;)V+87
j  sun.awt.X11.XToolkit.run(Z)V+137
j  sun.awt.X11.XToolkit.run()V+5
j  java.lang.Thread.run()V+11
v  ~StubRoutines::call_stub

---------------  P R O C E S S  ---------------

Java Threads: ( => current thread )
  0x00007f886c002000 JavaThread "Forwarding quit on session d5c45c7a5c84c12d5c6848464f330315 to remote" daemon [_thread_in_native, id=27988, stack(0x00007f88a0faa000,0x00007f88a10ab000)]
  0x00007f88f4775800 JavaThread "Thread-3" [_thread_blocked, id=27985, stack(0x00007f88a0ea9000,0x00007f88a0faa000)]
  0x00007f88f46f3000 JavaThread "Okio Watchdog" daemon [_thread_blocked, id=27905, stack(0x00007f88a12ab000,0x00007f88a13ac000)]
  0x00007f88f46e9000 JavaThread "OkHttp ConnectionPool" daemon [_thread_blocked, id=27899, stack(0x00007f88a13ac000,0x00007f88a14ad000)]
  0x00007f88f4661800 JavaThread "Webdrivers killer thread" daemon [_thread_blocked, id=27836, stack(0x00007f88a16b6000,0x00007f88a17b7000)]
=>0x00007f88f4653000 JavaThread "AWT-XAWT" daemon [_thread_in_native, id=27832, stack(0x00007f88a19b7000,0x00007f88a1ab8000)]
  0x00007f88f4633800 JavaThread "Java2D Disposer" daemon [_thread_blocked, id=27831, stack(0x00007f88a1ec8000,0x00007f88a1fc9000)]
  0x00007f889c00e000 JavaThread "Exec Stream Pumper" daemon [_thread_in_native, id=27742, stack(0x00007f88a3afd000,0x00007f88a3bfe000)]
  0x00007f889c00c800 JavaThread "Exec Stream Pumper" daemon [_thread_in_native, id=27741, stack(0x00007f88a3bfe000,0x00007f88a3cff000)]
  0x00007f889c00a800 JavaThread "process reaper" daemon [_thread_in_native, id=27740, stack(0x00007f88d0047000,0x00007f88d0080000)]
  0x00007f88f457a800 JavaThread "UrlChecker-2" daemon [_thread_blocked, id=27737, stack(0x00007f88a3cff000,0x00007f88a3e00000)]
  0x00007f88f4574000 JavaThread "Exec Default Executor" daemon [_thread_blocked, id=27736, stack(0x00007f88d009c000,0x00007f88d019d000)]
  0x00007f88f40f1800 JavaThread "Monitor Ctrl-Break" daemon [_thread_in_native, id=27720, stack(0x00007f88d0bdb000,0x00007f88d0cdc000)]
  0x00007f88f40c2800 JavaThread "Service Thread" daemon [_thread_blocked, id=27716, stack(0x00007f88d0fdf000,0x00007f88d10e0000)]
  0x00007f88f40bf800 JavaThread "C1 CompilerThread2" daemon [_thread_blocked, id=27715, stack(0x00007f88d10e0000,0x00007f88d11e1000)]
  0x00007f88f40be000 JavaThread "C2 CompilerThread1" daemon [_thread_in_native, id=27713, stack(0x00007f88d11e1000,0x00007f88d12e2000)]
  0x00007f88f40bb000 JavaThread "C2 CompilerThread0" daemon [_thread_blocked, id=27712, stack(0x00007f88d12e2000,0x00007f88d13e3000)]
  0x00007f88f40b9800 JavaThread "Signal Dispatcher" daemon [_thread_blocked, id=27711, stack(0x00007f88d13e3000,0x00007f88d14e4000)]
  0x00007f88f4086800 JavaThread "Finalizer" daemon [_thread_blocked, id=27703, stack(0x00007f88d201c000,0x00007f88d211d000)]
  0x00007f88f4082000 JavaThread "Reference Handler" daemon [_thread_blocked, id=27702, stack(0x00007f88d211d000,0x00007f88d221e000)]
  0x00007f88f400c800 JavaThread "main" [_thread_blocked, id=27696, stack(0x00007f88fab7b000,0x00007f88fac7c000)]

Other Threads:
  0x00007f88f407a000 VMThread [stack: 0x00007f88d221e000,0x00007f88d231f000] [id=27701]
  0x00007f88f40c5800 WatcherThread [stack: 0x00007f88d0ede000,0x00007f88d0fdf000] [id=27718]

VM state:not at safepoint (normal execution)

VM Mutex/Monitor currently owned by a thread: None

Heap:
 PSYoungGen      total 36864K, used 29799K [0x00000000d7000000, 0x00000000db800000, 0x0000000100000000)
  eden space 31744K, 77% used [0x00000000d7000000,0x00000000d881dc18,0x00000000d8f00000)
  from space 5120K, 99% used [0x00000000db300000,0x00000000db7fc050,0x00000000db800000)
  to   space 5120K, 0% used [0x00000000d8f00000,0x00000000d8f00000,0x00000000d9400000)
 ParOldGen       total 84992K, used 3610K [0x0000000085000000, 0x000000008a300000, 0x00000000d7000000)
  object space 84992K, 4% used [0x0000000085000000,0x0000000085386b78,0x000000008a300000)
 Metaspace       used 20298K, capacity 20578K, committed 20864K, reserved 1067008K
  class space    used 2491K, capacity 2592K, committed 2688K, reserved 1048576K

Card table byte_map: [0x00007f88e4440000,0x00007f88e4819000] byte_map_base: 0x00007f88e4018000

Marking Bits: (ParMarkBitMap*) 0x00007f88fa04fd60
 Begin Bits: [0x00007f88e012d000, 0x00007f88e1fed000)
 End Bits:   [0x00007f88e1fed000, 0x00007f88e3ead000)

Polling page: 0x00007f88fac98000

CodeCache: size=245760Kb used=6018Kb max_used=6033Kb free=239741Kb
 bounds [0x00007f88e4bd9000, 0x00007f88e51c9000, 0x00007f88f3bd9000]
 total_blobs=2345 nmethods=1831 adapters=427
 compilation: enabled

Compilation events (10 events):
Event: 51.443 Thread 0x00007f88f40bf800 1849       3       java.util.logging.LogManager$LoggerContext::getRootLogger (8 bytes)
Event: 51.444 Thread 0x00007f88f40bf800 nmethod 1849 0x00007f88e51b4490 code [0x00007f88e51b4600, 0x00007f88e51b4810]
Event: 51.444 Thread 0x00007f88f40bf800 1850       3       java.util.logging.LogManager$LoggerContext::getGlobalLogger (6 bytes)
Event: 51.444 Thread 0x00007f88f40bf800 nmethod 1850 0x00007f88e51b4150 code [0x00007f88e51b42c0, 0x00007f88e51b4410]
Event: 51.444 Thread 0x00007f88f40bf800 1851       1       java.util.concurrent.CopyOnWriteArrayList::getArray (5 bytes)
Event: 51.444 Thread 0x00007f88f40bf800 nmethod 1851 0x00007f88e51b3e90 code [0x00007f88e51b3fe0, 0x00007f88e51b40f0]
Event: 51.445 Thread 0x00007f88f40bf800 1852       3       java.lang.ThreadLocal$ThreadLocalMap::expungeStaleEntry (146 bytes)
Event: 51.447 Thread 0x00007f88f40bf800 nmethod 1852 0x00007f88e51b8490 code [0x00007f88e51b8680, 0x00007f88e51b9330]
Event: 51.471 Thread 0x00007f88f40be000 nmethod 1812 0x00007f88e51bbd50 code [0x00007f88e51bc080, 0x00007f88e51bd7d0]
Event: 51.471 Thread 0x00007f88f40be000 1846       4       java.util.regex.Matcher::search (109 bytes)

GC Heap History (4 events):
Event: 2.193 GC heap before
{Heap before GC invocations=1 (full 0):
 PSYoungGen      total 36864K, used 31744K [0x00000000d7000000, 0x00000000d9900000, 0x0000000100000000)
  eden space 31744K, 100% used [0x00000000d7000000,0x00000000d8f00000,0x00000000d8f00000)
  from space 5120K, 0% used [0x00000000d9400000,0x00000000d9400000,0x00000000d9900000)
  to   space 5120K, 0% used [0x00000000d8f00000,0x00000000d8f00000,0x00000000d9400000)
 ParOldGen       total 84992K, used 0K [0x0000000085000000, 0x000000008a300000, 0x00000000d7000000)
  object space 84992K, 0% used [0x0000000085000000,0x0000000085000000,0x000000008a300000)
 Metaspace       used 10842K, capacity 11048K, committed 11136K, reserved 1058816K
  class space    used 1268K, capacity 1349K, committed 1408K, reserved 1048576K
Event: 2.219 GC heap after
Heap after GC invocations=1 (full 0):
 PSYoungGen      total 36864K, used 5105K [0x00000000d7000000, 0x00000000db800000, 0x0000000100000000)
  eden space 31744K, 0% used [0x00000000d7000000,0x00000000d7000000,0x00000000d8f00000)
  from space 5120K, 99% used [0x00000000d8f00000,0x00000000d93fc640,0x00000000d9400000)
  to   space 5120K, 0% used [0x00000000db300000,0x00000000db300000,0x00000000db800000)
 ParOldGen       total 84992K, used 557K [0x0000000085000000, 0x000000008a300000, 0x00000000d7000000)
  object space 84992K, 0% used [0x0000000085000000,0x000000008508b7d0,0x000000008a300000)
 Metaspace       used 10842K, capacity 11048K, committed 11136K, reserved 1058816K
  class space    used 1268K, capacity 1349K, committed 1408K, reserved 1048576K
}
Event: 21.364 GC heap before
{Heap before GC invocations=2 (full 0):
 PSYoungGen      total 36864K, used 36849K [0x00000000d7000000, 0x00000000db800000, 0x0000000100000000)
  eden space 31744K, 100% used [0x00000000d7000000,0x00000000d8f00000,0x00000000d8f00000)
  from space 5120K, 99% used [0x00000000d8f00000,0x00000000d93fc640,0x00000000d9400000)
  to   space 5120K, 0% used [0x00000000db300000,0x00000000db300000,0x00000000db800000)
 ParOldGen       total 84992K, used 557K [0x0000000085000000, 0x000000008a300000, 0x00000000d7000000)
  object space 84992K, 0% used [0x0000000085000000,0x000000008508b7d0,0x000000008a300000)
 Metaspace       used 16618K, capacity 16876K, committed 17024K, reserved 1064960K
  class space    used 2035K, capacity 2135K, committed 2176K, reserved 1048576K
Event: 21.381 GC heap after
Heap after GC invocations=2 (full 0):
 PSYoungGen      total 36864K, used 5104K [0x00000000d7000000, 0x00000000db800000, 0x0000000100000000)
  eden space 31744K, 0% used [0x00000000d7000000,0x00000000d7000000,0x00000000d8f00000)
  from space 5120K, 99% used [0x00000000db300000,0x00000000db7fc050,0x00000000db800000)
  to   space 5120K, 0% used [0x00000000d8f00000,0x00000000d8f00000,0x00000000d9400000)
 ParOldGen       total 84992K, used 3610K [0x0000000085000000, 0x000000008a300000, 0x00000000d7000000)
  object space 84992K, 4% used [0x0000000085000000,0x0000000085386b78,0x000000008a300000)
 Metaspace       used 16618K, capacity 16876K, committed 17024K, reserved 1064960K
  class space    used 2035K, capacity 2135K, committed 2176K, reserved 1048576K
}

Deoptimization events (10 events):
Event: 51.321 Thread 0x00007f88f400c800 Uncommon trap: reason=class_check action=maybe_recompile pc=0x00007f88e5032d7c method=java.util.Collections$UnmodifiableCollection$1.next()Ljava/lang/Object; @ 4
Event: 51.341 Thread 0x00007f88f400c800 Uncommon trap: reason=predicate action=maybe_recompile pc=0x00007f88e505b634 method=java.lang.String.regionMatches(ZILjava/lang/String;II)Z @ 63
Event: 51.348 Thread 0x00007f88f400c800 Uncommon trap: reason=bimorphic action=maybe_recompile pc=0x00007f88e505606c method=java.io.DataInputStream.readInt()I @ 4
Event: 51.348 Thread 0x00007f88f400c800 Uncommon trap: reason=bimorphic action=maybe_recompile pc=0x00007f88e505606c method=java.io.DataInputStream.readInt()I @ 4
Event: 51.349 Thread 0x00007f88f400c800 Uncommon trap: reason=class_check action=maybe_recompile pc=0x00007f88e4fee278 method=java.io.DataInputStream.readFully([BII)V @ 34
Event: 51.349 Thread 0x00007f88f400c800 Uncommon trap: reason=class_check action=maybe_recompile pc=0x00007f88e4fee278 method=java.io.DataInputStream.readFully([BII)V @ 34
Event: 51.349 Thread 0x00007f88f400c800 Uncommon trap: reason=class_check action=maybe_recompile pc=0x00007f88e4fee278 method=java.io.DataInputStream.readFully([BII)V @ 34
Event: 51.349 Thread 0x00007f88f400c800 Uncommon trap: reason=class_check action=maybe_recompile pc=0x00007f88e4fee278 method=java.io.DataInputStream.readFully([BII)V @ 34
Event: 51.349 Thread 0x00007f88f400c800 Uncommon trap: reason=bimorphic action=maybe_recompile pc=0x00007f88e505606c method=java.io.DataInputStream.readInt()I @ 4
Event: 51.349 Thread 0x00007f88f400c800 Uncommon trap: reason=bimorphic action=maybe_recompile pc=0x00007f88e505606c method=java.io.DataInputStream.readInt()I @ 4

Internal exceptions (10 events):
Event: 4.626 Thread 0x00007f88f400c800 Exception <a 'java/io/FileNotFoundException'> (0x00000000d88bdc90) thrown at [/HUDSON/workspace/8-2-build-linux-amd64/jdk8u91/6644/hotspot/src/share/vm/prims/jni.cpp, line 709]
Event: 4.626 Thread 0x00007f88f400c800 Exception <a 'java/io/FileNotFoundException'> (0x00000000d88be830) thrown at [/HUDSON/workspace/8-2-build-linux-amd64/jdk8u91/6644/hotspot/src/share/vm/prims/jni.cpp, line 709]
Event: 26.811 Thread 0x00007f88f400c800 Exception <a 'java/net/SocketTimeoutException': Read timed out> (0x00000000d77f3768) thrown at [/HUDSON/workspace/8-2-build-linux-amd64/jdk8u91/6644/hotspot/src/share/vm/prims/jni.cpp, line 735]
Event: 27.369 Thread 0x00007f88f400c800 Exception <a 'java/net/SocketTimeoutException': Read timed out> (0x00000000d77f94f0) thrown at [/HUDSON/workspace/8-2-build-linux-amd64/jdk8u91/6644/hotspot/src/share/vm/prims/jni.cpp, line 735]
Event: 37.952 Thread 0x00007f88f400c800 Exception <a 'java/lang/reflect/InvocationTargetException'> (0x00000000d7c2d9a0) thrown at [/HUDSON/workspace/8-2-build-linux-amd64/jdk8u91/6644/hotspot/src/share/vm/runtime/reflection.cpp, line 1092]
Event: 40.085 Thread 0x00007f88f400c800 Exception <a 'java/net/SocketTimeoutException': Read timed out> (0x00000000d7cef6a8) thrown at [/HUDSON/workspace/8-2-build-linux-amd64/jdk8u91/6644/hotspot/src/share/vm/prims/jni.cpp, line 735]
Event: 40.646 Thread 0x00007f88f400c800 Exception <a 'java/net/SocketTimeoutException': Read timed out> (0x00000000d7cf4d88) thrown at [/HUDSON/workspace/8-2-build-linux-amd64/jdk8u91/6644/hotspot/src/share/vm/prims/jni.cpp, line 735]
Event: 50.861 Thread 0x00007f88f400c800 Exception <a 'java/lang/reflect/InvocationTargetException'> (0x00000000d80b95c8) thrown at [/HUDSON/workspace/8-2-build-linux-amd64/jdk8u91/6644/hotspot/src/share/vm/runtime/reflection.cpp, line 1092]
Event: 51.052 Thread 0x00007f88f400c800 Exception <a 'java/lang/ClassNotFoundException': com/sun/org/glassfish/hk2/osgiresourcelocator/ServiceLoader> (0x00000000d8416608) thrown at [/HUDSON/workspace/8-2-build-linux-amd64/jdk8u91/6644/hotspot/src/share/vm/classfile/systemDictionary.cpp, line 21
Event: 51.060 Thread 0x00007f88f400c800 Exception <a 'java/lang/NullPointerException'> (0x00000000d8421570) thrown at [/HUDSON/workspace/8-2-build-linux-amd64/jdk8u91/6644/hotspot/src/share/vm/interpreter/linkResolver.cpp, line 1280]

Events (10 events):
Event: 51.441 loading class com/codeborne/selenide/impl/WebDriverThreadLocalContainer$CloseBrowser done
Event: 51.442 Thread 0x00007f886c002000 Thread added: 0x00007f886c002000
Event: 51.444 Thread 0x00007f88f4779000 Thread exited: 0x00007f88f4779000
Event: 51.445 loading class org/apache/http/client/methods/HttpDelete
Event: 51.445 loading class org/apache/http/client/methods/HttpDelete done
Event: 51.447 Thread 0x00007f88f4777000 Thread exited: 0x00007f88f4777000
Event: 51.480 loading class sun/awt/X11/XkbEvent
Event: 51.480 loading class sun/awt/X11/XkbEvent done
Event: 51.480 loading class sun/awt/X11/XkbAnyEvent
Event: 51.480 loading class sun/awt/X11/XkbAnyEvent done


Dynamic libraries:
00400000-00401000 r-xp 00000000 08:02 948184                             /usr/lib/jvm/java-8-oracle/bin/java
00600000-00601000 rw-p 00000000 08:02 948184                             /usr/lib/jvm/java-8-oracle/bin/java
00edd000-00efe000 rw-p 00000000 00:00 0                                  [heap]
85000000-8a300000 rw-p 00000000 00:00 0 
8a300000-d7000000 ---p 00000000 00:00 0 
d7000000-db800000 rw-p 00000000 00:00 0 
db800000-100000000 ---p 00000000 00:00 0 
100000000-1002a0000 rw-p 00000000 00:00 0 
1002a0000-140000000 ---p 00000000 00:00 0 
7f886c000000-7f886c021000 rw-p 00000000 00:00 0 
7f886c021000-7f8870000000 ---p 00000000 00:00 0 
7f8870000000-7f8870021000 rw-p 00000000 00:00 0 
7f8870021000-7f8874000000 ---p 00000000 00:00 0 
7f8874000000-7f8874021000 rw-p 00000000 00:00 0 
7f8874021000-7f8878000000 ---p 00000000 00:00 0 
7f8878000000-7f8878021000 rw-p 00000000 00:00 0 
7f8878021000-7f887c000000 ---p 00000000 00:00 0 
7f887c000000-7f887c28d000 rw-p 00000000 00:00 0 
7f887c28d000-7f8880000000 ---p 00000000 00:00 0 
7f8880000000-7f8880021000 rw-p 00000000 00:00 0 
7f8880021000-7f8884000000 ---p 00000000 00:00 0 
7f8884000000-7f8884021000 rw-p 00000000 00:00 0 
7f8884021000-7f8888000000 ---p 00000000 00:00 0 
7f8888000000-7f8888021000 rw-p 00000000 00:00 0 
7f8888021000-7f888c000000 ---p 00000000 00:00 0 
7f888c000000-7f888c021000 rw-p 00000000 00:00 0 
7f888c021000-7f8890000000 ---p 00000000 00:00 0 
7f8890000000-7f8890021000 rw-p 00000000 00:00 0 
7f8890021000-7f8894000000 ---p 00000000 00:00 0 
7f8894000000-7f8894021000 rw-p 00000000 00:00 0 
7f8894021000-7f8898000000 ---p 00000000 00:00 0 
7f8898000000-7f8898021000 rw-p 00000000 00:00 0 
7f8898021000-7f889c000000 ---p 00000000 00:00 0 
7f889c000000-7f889c021000 rw-p 00000000 00:00 0 
7f889c021000-7f88a0000000 ---p 00000000 00:00 0 
7f88a0ca7000-7f88a0caa000 ---p 00000000 00:00 0 
7f88a0caa000-7f88a0da8000 rw-p 00000000 00:00 0 
7f88a0da8000-7f88a0dab000 ---p 00000000 00:00 0 
7f88a0dab000-7f88a0ea9000 rw-p 00000000 00:00 0 
7f88a0ea9000-7f88a0eac000 ---p 00000000 00:00 0 
7f88a0eac000-7f88a0faa000 rw-p 00000000 00:00 0 
7f88a0faa000-7f88a0fad000 ---p 00000000 00:00 0 
7f88a0fad000-7f88a126b000 rw-p 00000000 00:00 0 
7f88a126b000-7f88a12ab000 ---p 00000000 00:00 0 
7f88a12ab000-7f88a12ae000 ---p 00000000 00:00 0 
7f88a12ae000-7f88a13ac000 rw-p 00000000 00:00 0 
7f88a13ac000-7f88a13af000 ---p 00000000 00:00 0 
7f88a13af000-7f88a14ad000 rw-p 00000000 00:00 0 
7f88a14ad000-7f88a14b6000 r-xp 00000000 08:02 1084491                    /usr/lib/jvm/java-8-oracle/jre/lib/amd64/libmanagement.so
7f88a14b6000-7f88a16b5000 ---p 00009000 08:02 1084491                    /usr/lib/jvm/java-8-oracle/jre/lib/amd64/libmanagement.so
7f88a16b5000-7f88a16b6000 rw-p 00008000 08:02 1084491                    /usr/lib/jvm/java-8-oracle/jre/lib/amd64/libmanagement.so
7f88a16b6000-7f88a16b9000 ---p 00000000 00:00 0 
7f88a16b9000-7f88a19b7000 rw-p 00000000 00:00 0 
7f88a19b7000-7f88a19ba000 ---p 00000000 00:00 0 
7f88a19ba000-7f88a1ab8000 rw-p 00000000 00:00 0 
7f88a1ab8000-7f88a1abd000 r-xp 00000000 08:02 925440                     /usr/lib/x86_64-linux-gnu/libXfixes.so.3.1.0
7f88a1abd000-7f88a1cbc000 ---p 00005000 08:02 925440                     /usr/lib/x86_64-linux-gnu/libXfixes.so.3.1.0
7f88a1cbc000-7f88a1cbd000 r--p 00004000 08:02 925440                     /usr/lib/x86_64-linux-gnu/libXfixes.so.3.1.0
7f88a1cbd000-7f88a1cbe000 rw-p 00005000 08:02 925440                     /usr/lib/x86_64-linux-gnu/libXfixes.so.3.1.0
7f88a1cbe000-7f88a1cc7000 r-xp 00000000 08:02 925432                     /usr/lib/x86_64-linux-gnu/libXcursor.so.1.0.2
7f88a1cc7000-7f88a1ec6000 ---p 00009000 08:02 925432                     /usr/lib/x86_64-linux-gnu/libXcursor.so.1.0.2
7f88a1ec6000-7f88a1ec7000 r--p 00008000 08:02 925432                     /usr/lib/x86_64-linux-gnu/libXcursor.so.1.0.2
7f88a1ec7000-7f88a1ec8000 rw-p 00009000 08:02 925432                     /usr/lib/x86_64-linux-gnu/libXcursor.so.1.0.2
7f88a1ec8000-7f88a1ecb000 ---p 00000000 00:00 0 
7f88a1ecb000-7f88a1fc9000 rw-p 00000000 00:00 0 
7f88a1fc9000-7f88a202e000 r-xp 00000000 08:02 1084310                    /usr/lib/jvm/java-8-oracle/jre/lib/amd64/libfontmanager.so
7f88a202e000-7f88a222d000 ---p 00065000 08:02 1084310                    /usr/lib/jvm/java-8-oracle/jre/lib/amd64/libfontmanager.so
7f88a222d000-7f88a2232000 rw-p 00064000 08:02 1084310                    /usr/lib/jvm/java-8-oracle/jre/lib/amd64/libfontmanager.so
7f88a2232000-7f88a2242000 rw-p 00000000 00:00 0 
7f88a2242000-7f88a2247000 r-xp 00000000 08:02 925436                     /usr/lib/x86_64-linux-gnu/libXdmcp.so.6.0.0
7f88a2247000-7f88a2446000 ---p 00005000 08:02 925436                     /usr/lib/x86_64-linux-gnu/libXdmcp.so.6.0.0
7f88a2446000-7f88a2447000 r--p 00004000 08:02 925436                     /usr/lib/x86_64-linux-gnu/libXdmcp.so.6.0.0
7f88a2447000-7f88a2448000 rw-p 00005000 08:02 925436                     /usr/lib/x86_64-linux-gnu/libXdmcp.so.6.0.0
7f88a2448000-7f88a244a000 r-xp 00000000 08:02 925425                     /usr/lib/x86_64-linux-gnu/libXau.so.6.0.0
7f88a244a000-7f88a264a000 ---p 00002000 08:02 925425                     /usr/lib/x86_64-linux-gnu/libXau.so.6.0.0
7f88a264a000-7f88a264b000 r--p 00002000 08:02 925425                     /usr/lib/x86_64-linux-gnu/libXau.so.6.0.0
7f88a264b000-7f88a264c000 rw-p 00003000 08:02 925425                     /usr/lib/x86_64-linux-gnu/libXau.so.6.0.0
7f88a264c000-7f88a2669000 r-xp 00000000 08:02 926377                     /usr/lib/x86_64-linux-gnu/libxcb.so.1.1.0
7f88a2669000-7f88a2869000 ---p 0001d000 08:02 926377                     /usr/lib/x86_64-linux-gnu/libxcb.so.1.1.0
7f88a2869000-7f88a286a000 r--p 0001d000 08:02 926377                     /usr/lib/x86_64-linux-gnu/libxcb.so.1.1.0
7f88a286a000-7f88a286b000 rw-p 0001e000 08:02 926377                     /usr/lib/x86_64-linux-gnu/libxcb.so.1.1.0
7f88a286b000-7f88a287a000 r-xp 00000000 08:02 925446                     /usr/lib/x86_64-linux-gnu/libXi.so.6.1.0
7f88a287a000-7f88a2a79000 ---p 0000f000 08:02 925446                     /usr/lib/x86_64-linux-gnu/libXi.so.6.1.0
7f88a2a79000-7f88a2a7a000 r--p 0000e000 08:02 925446                     /usr/lib/x86_64-linux-gnu/libXi.so.6.1.0
7f88a2a7a000-7f88a2a7b000 rw-p 0000f000 08:02 925446                     /usr/lib/x86_64-linux-gnu/libXi.so.6.1.0
7f88a2a7b000-7f88a2a80000 r-xp 00000000 08:02 925466                     /usr/lib/x86_64-linux-gnu/libXtst.so.6.1.0
7f88a2a80000-7f88a2c7f000 ---p 00005000 08:02 925466                     /usr/lib/x86_64-linux-gnu/libXtst.so.6.1.0
7f88a2c7f000-7f88a2c80000 r--p 00004000 08:02 925466                     /usr/lib/x86_64-linux-gnu/libXtst.so.6.1.0
7f88a2c80000-7f88a2c81000 rw-p 00005000 08:02 925466                     /usr/lib/x86_64-linux-gnu/libXtst.so.6.1.0
7f88a2c81000-7f88a2c8a000 r-xp 00000000 08:02 925460                     /usr/lib/x86_64-linux-gnu/libXrender.so.1.3.0
7f88a2c8a000-7f88a2e89000 ---p 00009000 08:02 925460                     /usr/lib/x86_64-linux-gnu/libXrender.so.1.3.0
7f88a2e89000-7f88a2e8a000 r--p 00008000 08:02 925460                     /usr/lib/x86_64-linux-gnu/libXrender.so.1.3.0
7f88a2e8a000-7f88a2e8b000 rw-p 00009000 08:02 925460                     /usr/lib/x86_64-linux-gnu/libXrender.so.1.3.0
7f88a2e8b000-7f88a2fbb000 r-xp 00000000 08:02 925421                     /usr/lib/x86_64-linux-gnu/libX11.so.6.3.0
7f88a2fbb000-7f88a31bb000 ---p 00130000 08:02 925421                     /usr/lib/x86_64-linux-gnu/libX11.so.6.3.0
7f88a31bb000-7f88a31bc000 r--p 00130000 08:02 925421                     /usr/lib/x86_64-linux-gnu/libX11.so.6.3.0
7f88a31bc000-7f88a31c0000 rw-p 00131000 08:02 925421                     /usr/lib/x86_64-linux-gnu/libX11.so.6.3.0
7f88a31c0000-7f88a31d1000 r-xp 00000000 08:02 925438                     /usr/lib/x86_64-linux-gnu/libXext.so.6.4.0
7f88a31d1000-7f88a33d0000 ---p 00011000 08:02 925438                     /usr/lib/x86_64-linux-gnu/libXext.so.6.4.0
7f88a33d0000-7f88a33d1000 r--p 00010000 08:02 925438                     /usr/lib/x86_64-linux-gnu/libXext.so.6.4.0
7f88a33d1000-7f88a33d2000 rw-p 00011000 08:02 925438                     /usr/lib/x86_64-linux-gnu/libXext.so.6.4.0
7f88a33d2000-7f88a3426000 r-xp 00000000 08:02 1084502                    /usr/lib/jvm/java-8-oracle/jre/lib/amd64/libawt_xawt.so
7f88a3426000-7f88a3626000 ---p 00054000 08:02 1084502                    /usr/lib/jvm/java-8-oracle/jre/lib/amd64/libawt_xawt.so
7f88a3626000-7f88a362a000 rw-p 00054000 08:02 1084502                    /usr/lib/jvm/java-8-oracle/jre/lib/amd64/libawt_xawt.so
7f88a362a000-7f88a362b000 rw-p 00000000 00:00 0 
7f88a362b000-7f88a36cd000 r-xp 00000000 08:02 1084317                    /usr/lib/jvm/java-8-oracle/jre/lib/amd64/libawt.so
7f88a36cd000-7f88a38cd000 ---p 000a2000 08:02 1084317                    /usr/lib/jvm/java-8-oracle/jre/lib/amd64/libawt.so
7f88a38cd000-7f88a38d9000 rw-p 000a2000 08:02 1084317                    /usr/lib/jvm/java-8-oracle/jre/lib/amd64/libawt.so
7f88a38d9000-7f88a3afd000 rw-p 00000000 00:00 0 
7f88a3afd000-7f88a3b00000 ---p 00000000 00:00 0 
7f88a3b00000-7f88a3bfe000 rw-p 00000000 00:00 0 
7f88a3bfe000-7f88a3c01000 ---p 00000000 00:00 0 
7f88a3c01000-7f88a3cff000 rw-p 00000000 00:00 0 
7f88a3cff000-7f88a3d02000 ---p 00000000 00:00 0 
7f88a3d02000-7f88a4000000 rw-p 00000000 00:00 0 
7f88a4000000-7f88a4021000 rw-p 00000000 00:00 0 
7f88a4021000-7f88a8000000 ---p 00000000 00:00 0 
7f88a8000000-7f88a8021000 rw-p 00000000 00:00 0 
7f88a8021000-7f88ac000000 ---p 00000000 00:00 0 
7f88ac000000-7f88ac552000 rw-p 00000000 00:00 0 
7f88ac552000-7f88b0000000 ---p 00000000 00:00 0 
7f88b0000000-7f88b0021000 rw-p 00000000 00:00 0 
7f88b0021000-7f88b4000000 ---p 00000000 00:00 0 
7f88b4000000-7f88b42e1000 rw-p 00000000 00:00 0 
7f88b42e1000-7f88b8000000 ---p 00000000 00:00 0 
7f88b8000000-7f88b8625000 rw-p 00000000 00:00 0 
7f88b8625000-7f88bc000000 ---p 00000000 00:00 0 
7f88bc000000-7f88bc021000 rw-p 00000000 00:00 0 
7f88bc021000-7f88c0000000 ---p 00000000 00:00 0 
7f88c0000000-7f88c0021000 rw-p 00000000 00:00 0 
7f88c0021000-7f88c4000000 ---p 00000000 00:00 0 
7f88c4000000-7f88c4021000 rw-p 00000000 00:00 0 
7f88c4021000-7f88c8000000 ---p 00000000 00:00 0 
7f88c8000000-7f88c8021000 rw-p 00000000 00:00 0 
7f88c8021000-7f88cc000000 ---p 00000000 00:00 0 
7f88cc000000-7f88cc021000 rw-p 00000000 00:00 0 
7f88cc021000-7f88d0000000 ---p 00000000 00:00 0 
7f88d0047000-7f88d004a000 ---p 00000000 00:00 0 
7f88d004a000-7f88d0080000 rw-p 00000000 00:00 0 
7f88d0080000-7f88d009c000 r--s 00393000 08:02 13917                      /usr/lib/jvm/java-8-oracle/jre/lib/ext/cldrdata.jar
7f88d009c000-7f88d009f000 ---p 00000000 00:00 0 
7f88d009f000-7f88d019d000 rw-p 00000000 00:00 0 
7f88d019d000-7f88d01b3000 r-xp 00000000 08:02 661526                     /lib/x86_64-linux-gnu/libgcc_s.so.1
7f88d01b3000-7f88d03b2000 ---p 00016000 08:02 661526                     /lib/x86_64-linux-gnu/libgcc_s.so.1
7f88d03b2000-7f88d03b3000 rw-p 00015000 08:02 661526                     /lib/x86_64-linux-gnu/libgcc_s.so.1
7f88d03c1000-7f88d03c2000 rw-p 00000000 00:00 0 
7f88d03c2000-7f88d03cc000 r--s 00116000 08:02 13915                      /usr/lib/jvm/java-8-oracle/jre/lib/ext/localedata.jar
7f88d03cc000-7f88d03fe000 r-xp 00000000 08:02 1084504                    /usr/lib/jvm/java-8-oracle/jre/lib/amd64/libsunec.so
7f88d03fe000-7f88d05fd000 ---p 00032000 08:02 1084504                    /usr/lib/jvm/java-8-oracle/jre/lib/amd64/libsunec.so
7f88d05fd000-7f88d0603000 rw-p 00031000 08:02 1084504                    /usr/lib/jvm/java-8-oracle/jre/lib/amd64/libsunec.so
7f88d0603000-7f88d0813000 rw-p 00000000 00:00 0 
7f88d0813000-7f88d0814000 r--s 00009000 08:02 13908                      /usr/lib/jvm/java-8-oracle/jre/lib/ext/sunec.jar
7f88d0814000-7f88d0817000 r--s 0001a000 08:02 413725                     /usr/lib/jvm/java-8-oracle/jre/lib/jce.jar
7f88d0817000-7f88d081b000 r--s 00097000 08:02 413727                     /usr/lib/jvm/java-8-oracle/jre/lib/jsse.jar
7f88d081b000-7f88d081d000 r--s 0000c000 08:03 15467612                   /home/cosmic/SOFT/idea-IU-145.258.11/plugins/testng/lib/jcommander.jar
7f88d081d000-7f88d081f000 r--s 0000f000 08:03 29625482                   /home/cosmic/.ivy2/cache/com.squareup.okio/okio/jars/okio-1.6.0.jar
7f88d081f000-7f88d0824000 r--s 0004c000 08:03 29625480                   /home/cosmic/.ivy2/cache/com.squareup.okhttp/okhttp/jars/okhttp-2.7.5.jar
7f88d0824000-7f88d0832000 r--s 000c7000 08:03 29755761                   /home/cosmic/.ivy2/cache/org.testng/testng/jars/testng-6.9.10.jar
7f88d0832000-7f88d0834000 r--s 0000e000 08:03 29755762                   /home/cosmic/.ivy2/cache/com.beust/jcommander/jars/jcommander-1.48.jar
7f88d0834000-7f88d0835000 r--s 00003000 08:03 29884487                   /home/cosmic/.ivy2/cache/ru.yandex.qatools.properties/properties-loader/jars/properties-loader-1.5.jar
7f88d0835000-7f88d0836000 r--s 00002000 08:03 29884461                   /home/cosmic/.ivy2/cache/ru.yandex.qatools.allure/allure-testng-adaptor/jars/allure-testng-adaptor-1.4.23.jar
7f88d0836000-7f88d0837000 r--s 0000a000 08:03 29884483                   /home/cosmic/.ivy2/cache/ru.yandex.qatools.allure/allure-model/jars/allure-model-1.4.23.jar
7f88d0837000-7f88d0838000 r--s 00002000 08:03 29884473                   /home/cosmic/.ivy2/cache/ru.yandex.qatools.allure/allure-java-aspects/jars/allure-java-aspects-1.4.23.jar
7f88d0838000-7f88d0839000 r--s 00001000 08:03 29884479                   /home/cosmic/.ivy2/cache/ru.yandex.qatools.allure/allure-java-annotations/jars/allure-java-annotations-1.4.23.jar
7f88d0839000-7f88d083c000 r--s 0000e000 08:03 29884475                   /home/cosmic/.ivy2/cache/ru.yandex.qatools.allure/allure-java-adaptor-api/jars/allure-java-adaptor-api-1.4.23.jar
7f88d083c000-7f88d083d000 r--s 00007000 08:03 24773374                   /home/cosmic/.ivy2/cache/org.slf4j/slf4j-api/jars/slf4j-api-1.7.12.jar
7f88d083d000-7f88d0842000 r--s 00025000 08:03 29755851                   /home/cosmic/.ivy2/cache/org.seleniumhq.selenium/selenium-support/jars/selenium-support-2.53.0.jar
7f88d0842000-7f88d0844000 r--s 00014000 08:03 29755850                   /home/cosmic/.ivy2/cache/org.seleniumhq.selenium/selenium-safari-driver/jars/selenium-safari-driver-2.53.0.jar
7f88d0844000-7f88d0849000 r--s 00035000 08:03 29755852                   /home/cosmic/.ivy2/cache/org.seleniumhq.selenium/selenium-remote-driver/jars/selenium-remote-driver-2.53.0.jar
7f88d0849000-7f88d084e000 r--s 0005d000 08:03 29884467                   /home/cosmic/.ivy2/cache/org.seleniumhq.selenium/selenium-leg-rc/jars/selenium-leg-rc-2.53.0.jar
7f88d084e000-7f88d084f000 r--s 00000000 08:03 29755846                   /home/cosmic/.ivy2/cache/org.seleniumhq.selenium/selenium-java/jars/selenium-java-2.53.0.jar
7f88d084f000-7f88d0850000 r--s 00002000 08:03 29755849                   /home/cosmic/.ivy2/cache/org.seleniumhq.selenium/selenium-ie-driver/jars/selenium-ie-driver-2.53.0.jar
7f88d0850000-7f88d0852000 r--s 000c7000 08:03 29755848                   /home/cosmic/.ivy2/cache/org.seleniumhq.selenium/selenium-firefox-driver/jars/selenium-firefox-driver-2.53.0.jar
7f88d0852000-7f88d0853000 r--s 00001000 08:03 29884465                   /home/cosmic/.ivy2/cache/org.seleniumhq.selenium/selenium-edge-driver/jars/selenium-edge-driver-2.53.0.jar
7f88d0853000-7f88d0854000 r--s 00002000 08:03 29755847                   /home/cosmic/.ivy2/cache/org.seleniumhq.selenium/selenium-chrome-driver/jars/selenium-chrome-driver-2.53.0.jar
7f88d0854000-7f88d0859000 r--s 0001f000 08:03 29755853                   /home/cosmic/.ivy2/cache/org.seleniumhq.selenium/selenium-api/jars/selenium-api-2.53.0.jar
7f88d0859000-7f88d085f000 r--s 0001e000 08:03 29884485                   /home/cosmic/.ivy2/cache/org.jvnet.jaxb2_commons/jaxb2-basics-runtime/jars/jaxb2-basics-runtime-0.9.3.jar
7f88d085f000-7f88d0878000 r--s 001af000 08:03 29884463                   /home/cosmic/.ivy2/cache/org.aspectj/aspectjweaver/jars/aspectjweaver-1.8.9.jar
7f88d0878000-7f88d087c000 r--s 00019000 08:03 29884477                   /home/cosmic/.ivy2/cache/org.aspectj/aspectjrt/jars/aspectjrt-1.8.3.jar
7f88d087c000-7f88d0883000 r--s 0007a000 08:03 29884481                   /home/cosmic/.ivy2/cache/org.apache.tika/tika-core/bundles/tika-core-1.7.jar
7f88d0883000-7f88d0885000 r--s 0000c000 08:03 27135791                   /home/cosmic/.ivy2/cache/org.apache.commons/commons-exec/jars/commons-exec-1.3.jar
7f88d0885000-7f88d0896000 r--s 00155000 08:03 29884469                   /home/cosmic/.ivy2/cache/net.java.dev.jna/jna-platform/jars/jna-platform-4.1.0.jar
7f88d0896000-7f88d089a000 r--s 000dc000 08:03 29755854                   /home/cosmic/.ivy2/cache/net.java.dev.jna/jna/jars/jna-4.1.0.jar
7f88d089a000-7f88d08b0000 r--s 000f9000 08:03 24774459                   /home/cosmic/.ivy2/cache/io.netty/netty/bundles/netty-3.5.7.Final.jar
7f88d08b0000-7f88d08b2000 r--s 0000e000 08:03 24911238                   /home/cosmic/.ivy2/cache/commons-logging/commons-logging/jars/commons-logging-1.2.jar
7f88d08b2000-7f88d08b9000 r--s 0003f000 08:03 24911239                   /home/cosmic/.ivy2/cache/commons-codec/commons-codec/jars/commons-codec-1.10.jar
7f88d08b9000-7f88d08bd000 r--s 0002f000 08:03 29884489                   /home/cosmic/.ivy2/cache/commons-beanutils/commons-beanutils-core/jars/commons-beanutils-core-1.8.3.jar
7f88d08bd000-7f88d08e9000 r--s 00208000 08:03 24774457                   /home/cosmic/.ivy2/cache/com.google.guava/guava/bundles/guava-19.0.jar
7f88d08e9000-7f88d08ee000 r--s 0002f000 08:03 24774458                   /home/cosmic/.ivy2/cache/com.google.code.gson/gson/jars/gson-2.3.1.jar
7f88d08ee000-7f88d08f3000 r--s 0002e000 08:03 29884459                   /home/cosmic/.ivy2/cache/com.codeborne/selenide/jars/selenide-3.6.jar
7f88d08f3000-7f88d08f4000 r--s 00002000 08:03 29884471                   /home/cosmic/.ivy2/cache/com.codeborne/phantomjsdriver/jars/phantomjsdriver-1.3.0.jar
7f88d08f4000-7f88d08f9000 r--s 00040000 08:03 29755392                   /home/cosmic/.ivy2/cache/org.beanshell/bsh/jars/bsh-2.0b4.jar
7f88d08f9000-7f88d0952000 r--s 00522000 08:03 24643383                   /home/cosmic/.ivy2/cache/org.scala-lang/scala-library/jars/scala-library-2.11.8.jar
7f88d0952000-7f88d095f000 r--s 000a7000 08:03 24911240                   /home/cosmic/.ivy2/cache/org.apache.httpcomponents/httpclient/jars/httpclient-4.5.2.jar
7f88d095f000-7f88d0966000 r--s 00049000 08:03 24911241                   /home/cosmic/.ivy2/cache/org.apache.httpcomponents/httpcore/jars/httpcore-4.4.4.jar
7f88d0966000-7f88d096d000 r--s 00049000 08:03 29755356                   /home/cosmic/.ivy2/cache/cglib/cglib-nodep/jars/cglib-nodep-2.1_3.jar
7f88d096d000-7f88d0980000 r--s 00344000 08:02 413786                     /usr/lib/jvm/java-8-oracle/jre/lib/resources.jar
7f88d0980000-7f88d0993000 r--s 000d6000 08:02 413789                     /usr/lib/jvm/java-8-oracle/jre/lib/plugin.jar
7f88d0993000-7f88d09c4000 rw-p 00000000 00:00 0 
7f88d09c4000-7f88d09da000 r-xp 00000000 08:02 1084488                    /usr/lib/jvm/java-8-oracle/jre/lib/amd64/libnet.so
7f88d09da000-7f88d0bda000 ---p 00016000 08:02 1084488                    /usr/lib/jvm/java-8-oracle/jre/lib/amd64/libnet.so
7f88d0bda000-7f88d0bdb000 rw-p 00016000 08:02 1084488                    /usr/lib/jvm/java-8-oracle/jre/lib/amd64/libnet.so
7f88d0bdb000-7f88d0bde000 ---p 00000000 00:00 0 
7f88d0bde000-7f88d0cdc000 rw-p 00000000 00:00 0 
7f88d0cdc000-7f88d0cdd000 r-xp 00000000 08:03 15204416                   /home/cosmic/SOFT/idea-IU-145.258.11/bin/libbreakgen64.so
7f88d0cdd000-7f88d0edc000 ---p 00001000 08:03 15204416                   /home/cosmic/SOFT/idea-IU-145.258.11/bin/libbreakgen64.so
7f88d0edc000-7f88d0edd000 r--p 00000000 08:03 15204416                   /home/cosmic/SOFT/idea-IU-145.258.11/bin/libbreakgen64.so
7f88d0edd000-7f88d0ede000 rw-p 00001000 08:03 15204416                   /home/cosmic/SOFT/idea-IU-145.258.11/bin/libbreakgen64.so
7f88d0ede000-7f88d0edf000 ---p 00000000 00:00 0 
7f88d0edf000-7f88d0fdf000 rw-p 00000000 00:00 0 
7f88d0fdf000-7f88d0fe2000 ---p 00000000 00:00 0 
7f88d0fe2000-7f88d10e0000 rw-p 00000000 00:00 0 
7f88d10e0000-7f88d10e3000 ---p 00000000 00:00 0 
7f88d10e3000-7f88d11e1000 rw-p 00000000 00:00 0 
7f88d11e1000-7f88d11e4000 ---p 00000000 00:00 0 
7f88d11e4000-7f88d12e2000 rw-p 00000000 00:00 0 
7f88d12e2000-7f88d12e5000 ---p 00000000 00:00 0 
7f88d12e5000-7f88d13e3000 rw-p 00000000 00:00 0 
7f88d13e3000-7f88d13e6000 ---p 00000000 00:00 0 
7f88d13e6000-7f88d14e4000 rw-p 00000000 00:00 0 
7f88d14e4000-7f88d201c000 r--p 00000000 08:02 794137                     /usr/lib/locale/locale-archive
7f88d201c000-7f88d201f000 ---p 00000000 00:00 0 
7f88d201f000-7f88d211d000 rw-p 00000000 00:00 0 
7f88d211d000-7f88d2120000 ---p 00000000 00:00 0 
7f88d2120000-7f88d221e000 rw-p 00000000 00:00 0 
7f88d221e000-7f88d221f000 ---p 00000000 00:00 0 
7f88d221f000-7f88d324f000 rw-p 00000000 00:00 0 
7f88d324f000-7f88d3428000 r--s 03d1f000 08:02 413728                     /usr/lib/jvm/java-8-oracle/jre/lib/rt.jar
7f88d3428000-7f88d4000000 rw-p 00000000 00:00 0 
7f88d4000000-7f88d4021000 rw-p 00000000 00:00 0 
7f88d4021000-7f88d8000000 ---p 00000000 00:00 0 
7f88d8000000-7f88d8021000 rw-p 00000000 00:00 0 
7f88d8021000-7f88dc000000 ---p 00000000 00:00 0 
7f88dc000000-7f88dc021000 rw-p 00000000 00:00 0 
7f88dc021000-7f88e0000000 ---p 00000000 00:00 0 
7f88e0000000-7f88e0004000 r--s 0002a000 08:03 24643076                   /home/cosmic/.ivy2/cache/commons-io/commons-io/jars/commons-io-2.4.jar
7f88e0004000-7f88e0005000 r--s 00000000 08:02 413785                     /usr/lib/jvm/java-8-oracle/jre/lib/management-agent.jar
7f88e0005000-7f88e3ead000 rw-p 00000000 00:00 0 
7f88e3ead000-7f88e3eae000 ---p 00000000 00:00 0 
7f88e3eae000-7f88e3fae000 rw-p 00000000 00:00 0 
7f88e3fae000-7f88e3faf000 ---p 00000000 00:00 0 
7f88e3faf000-7f88e40af000 rw-p 00000000 00:00 0 
7f88e40af000-7f88e40b0000 ---p 00000000 00:00 0 
7f88e40b0000-7f88e41da000 rw-p 00000000 00:00 0 
7f88e41da000-7f88e4440000 ---p 00000000 00:00 0 
7f88e4440000-7f88e446a000 rw-p 00000000 00:00 0 
7f88e446a000-7f88e46d0000 ---p 00000000 00:00 0 
7f88e46d0000-7f88e46f4000 rw-p 00000000 00:00 0 
7f88e46f4000-7f88e4818000 ---p 00000000 00:00 0 
7f88e4818000-7f88e4831000 rw-p 00000000 00:00 0 
7f88e4831000-7f88e4bd9000 ---p 00000000 00:00 0 
7f88e4bd9000-7f88e51c9000 rwxp 00000000 00:00 0 
7f88e51c9000-7f88f3bd9000 ---p 00000000 00:00 0 
7f88f3bd9000-7f88f3bf3000 r-xp 00000000 08:02 1084323                    /usr/lib/jvm/java-8-oracle/jre/lib/amd64/libzip.so
7f88f3bf3000-7f88f3df3000 ---p 0001a000 08:02 1084323                    /usr/lib/jvm/java-8-oracle/jre/lib/amd64/libzip.so
7f88f3df3000-7f88f3df4000 rw-p 0001a000 08:02 1084323                    /usr/lib/jvm/java-8-oracle/jre/lib/amd64/libzip.so
7f88f3df4000-7f88f3dff000 r-xp 00000000 08:02 661574                     /lib/x86_64-linux-gnu/libnss_files-2.19.so
7f88f3dff000-7f88f3ffe000 ---p 0000b000 08:02 661574                     /lib/x86_64-linux-gnu/libnss_files-2.19.so
7f88f3ffe000-7f88f3fff000 r--p 0000a000 08:02 661574                     /lib/x86_64-linux-gnu/libnss_files-2.19.so
7f88f3fff000-7f88f4000000 rw-p 0000b000 08:02 661574                     /lib/x86_64-linux-gnu/libnss_files-2.19.so
7f88f4000000-7f88f48ef000 rw-p 00000000 00:00 0 
7f88f48ef000-7f88f8000000 ---p 00000000 00:00 0 
7f88f8000000-7f88f8004000 r--s 00097000 08:02 413727                     /usr/lib/jvm/java-8-oracle/jre/lib/jsse.jar
7f88f8004000-7f88f801f000 r--s 00208000 08:02 413803                     /usr/lib/jvm/java-8-oracle/jre/lib/deploy.jar
7f88f801f000-7f88f8020000 ---p 00000000 00:00 0 
7f88f8020000-7f88f8120000 rw-p 00000000 00:00 0 
7f88f8120000-7f88f812b000 r-xp 00000000 08:02 661584                     /lib/x86_64-linux-gnu/libnss_nis-2.19.so
7f88f812b000-7f88f832a000 ---p 0000b000 08:02 661584                     /lib/x86_64-linux-gnu/libnss_nis-2.19.so
7f88f832a000-7f88f832b000 r--p 0000a000 08:02 661584                     /lib/x86_64-linux-gnu/libnss_nis-2.19.so
7f88f832b000-7f88f832c000 rw-p 0000b000 08:02 661584                     /lib/x86_64-linux-gnu/libnss_nis-2.19.so
7f88f832c000-7f88f8343000 r-xp 00000000 08:02 661568                     /lib/x86_64-linux-gnu/libnsl-2.19.so
7f88f8343000-7f88f8542000 ---p 00017000 08:02 661568                     /lib/x86_64-linux-gnu/libnsl-2.19.so
7f88f8542000-7f88f8543000 r--p 00016000 08:02 661568                     /lib/x86_64-linux-gnu/libnsl-2.19.so
7f88f8543000-7f88f8544000 rw-p 00017000 08:02 661568                     /lib/x86_64-linux-gnu/libnsl-2.19.so
7f88f8544000-7f88f8546000 rw-p 00000000 00:00 0 
7f88f8546000-7f88f854f000 r-xp 00000000 08:02 661570                     /lib/x86_64-linux-gnu/libnss_compat-2.19.so
7f88f854f000-7f88f874e000 ---p 00009000 08:02 661570                     /lib/x86_64-linux-gnu/libnss_compat-2.19.so
7f88f874e000-7f88f874f000 r--p 00008000 08:02 661570                     /lib/x86_64-linux-gnu/libnss_compat-2.19.so
7f88f874f000-7f88f8750000 rw-p 00009000 08:02 661570                     /lib/x86_64-linux-gnu/libnss_compat-2.19.so
7f88f8750000-7f88f877a000 r-xp 00000000 08:02 1084492                    /usr/lib/jvm/java-8-oracle/jre/lib/amd64/libjava.so
7f88f877a000-7f88f897a000 ---p 0002a000 08:02 1084492                    /usr/lib/jvm/java-8-oracle/jre/lib/amd64/libjava.so
7f88f897a000-7f88f897c000 rw-p 0002a000 08:02 1084492                    /usr/lib/jvm/java-8-oracle/jre/lib/amd64/libjava.so
7f88f897c000-7f88f8989000 r-xp 00000000 08:02 1084501                    /usr/lib/jvm/java-8-oracle/jre/lib/amd64/libverify.so
7f88f8989000-7f88f8b89000 ---p 0000d000 08:02 1084501                    /usr/lib/jvm/java-8-oracle/jre/lib/amd64/libverify.so
7f88f8b89000-7f88f8b8b000 rw-p 0000d000 08:02 1084501                    /usr/lib/jvm/java-8-oracle/jre/lib/amd64/libverify.so
7f88f8b8b000-7f88f8b92000 r-xp 00000000 08:02 661627                     /lib/x86_64-linux-gnu/librt-2.19.so
7f88f8b92000-7f88f8d91000 ---p 00007000 08:02 661627                     /lib/x86_64-linux-gnu/librt-2.19.so
7f88f8d91000-7f88f8d92000 r--p 00006000 08:02 661627                     /lib/x86_64-linux-gnu/librt-2.19.so
7f88f8d92000-7f88f8d93000 rw-p 00007000 08:02 661627                     /lib/x86_64-linux-gnu/librt-2.19.so
7f88f8d93000-7f88f8e98000 r-xp 00000000 08:02 661549                     /lib/x86_64-linux-gnu/libm-2.19.so
7f88f8e98000-7f88f9097000 ---p 00105000 08:02 661549                     /lib/x86_64-linux-gnu/libm-2.19.so
7f88f9097000-7f88f9098000 r--p 00104000 08:02 661549                     /lib/x86_64-linux-gnu/libm-2.19.so
7f88f9098000-7f88f9099000 rw-p 00105000 08:02 661549                     /lib/x86_64-linux-gnu/libm-2.19.so
7f88f9099000-7f88f9d59000 r-xp 00000000 08:02 1084463                    /usr/lib/jvm/java-8-oracle/jre/lib/amd64/server/libjvm.so
7f88f9d59000-7f88f9f59000 ---p 00cc0000 08:02 1084463                    /usr/lib/jvm/java-8-oracle/jre/lib/amd64/server/libjvm.so
7f88f9f59000-7f88fa031000 rw-p 00cc0000 08:02 1084463                    /usr/lib/jvm/java-8-oracle/jre/lib/amd64/server/libjvm.so
7f88fa031000-7f88fa07c000 rw-p 00000000 00:00 0 
7f88fa07c000-7f88fa237000 r-xp 00000000 08:02 661499                     /lib/x86_64-linux-gnu/libc-2.19.so
7f88fa237000-7f88fa436000 ---p 001bb000 08:02 661499                     /lib/x86_64-linux-gnu/libc-2.19.so
7f88fa436000-7f88fa43a000 r--p 001ba000 08:02 661499                     /lib/x86_64-linux-gnu/libc-2.19.so
7f88fa43a000-7f88fa43c000 rw-p 001be000 08:02 661499                     /lib/x86_64-linux-gnu/libc-2.19.so
7f88fa43c000-7f88fa441000 rw-p 00000000 00:00 0 
7f88fa441000-7f88fa444000 r-xp 00000000 08:02 661516                     /lib/x86_64-linux-gnu/libdl-2.19.so
7f88fa444000-7f88fa643000 ---p 00003000 08:02 661516                     /lib/x86_64-linux-gnu/libdl-2.19.so
7f88fa643000-7f88fa644000 r--p 00002000 08:02 661516                     /lib/x86_64-linux-gnu/libdl-2.19.so
7f88fa644000-7f88fa645000 rw-p 00003000 08:02 661516                     /lib/x86_64-linux-gnu/libdl-2.19.so
7f88fa645000-7f88fa65a000 r-xp 00000000 08:02 413719                     /usr/lib/jvm/java-8-oracle/lib/amd64/jli/libjli.so
7f88fa65a000-7f88fa85a000 ---p 00015000 08:02 413719                     /usr/lib/jvm/java-8-oracle/lib/amd64/jli/libjli.so
7f88fa85a000-7f88fa85b000 rw-p 00015000 08:02 413719                     /usr/lib/jvm/java-8-oracle/lib/amd64/jli/libjli.so
7f88fa85b000-7f88fa874000 r-xp 00000000 08:02 661619                     /lib/x86_64-linux-gnu/libpthread-2.19.so
7f88fa874000-7f88faa73000 ---p 00019000 08:02 661619                     /lib/x86_64-linux-gnu/libpthread-2.19.so
7f88faa73000-7f88faa74000 r--p 00018000 08:02 661619                     /lib/x86_64-linux-gnu/libpthread-2.19.so
7f88faa74000-7f88faa75000 rw-p 00019000 08:02 661619                     /lib/x86_64-linux-gnu/libpthread-2.19.so
7f88faa75000-7f88faa79000 rw-p 00000000 00:00 0 
7f88faa79000-7f88faa9c000 r-xp 00000000 08:02 661475                     /lib/x86_64-linux-gnu/ld-2.19.so
7f88faa9c000-7f88faa9e000 r--s 00007000 08:02 413729                     /usr/lib/jvm/java-8-oracle/jre/lib/jfxswt.jar
7f88faa9e000-7f88faaa3000 r--s 00084000 08:02 413777                     /usr/lib/jvm/java-8-oracle/jre/lib/jfr.jar
7f88faaa3000-7f88faaa6000 r--s 0001a000 08:02 413725                     /usr/lib/jvm/java-8-oracle/jre/lib/jce.jar
7f88faaa6000-7f88faab0000 r--s 0006c000 08:02 413766                     /usr/lib/jvm/java-8-oracle/jre/lib/javaws.jar
7f88faab0000-7f88fab7b000 rw-p 00000000 00:00 0 
7f88fab7b000-7f88fab7e000 ---p 00000000 00:00 0 
7f88fab7e000-7f88fac80000 rw-p 00000000 00:00 0 
7f88fac80000-7f88fac86000 r--s 002f8000 08:02 413805                     /usr/lib/jvm/java-8-oracle/jre/lib/charsets.jar
7f88fac86000-7f88fac8d000 r--s 000c2000 08:03 15467614                   /home/cosmic/SOFT/idea-IU-145.258.11/plugins/testng/lib/testng-plugin.jar
7f88fac8d000-7f88fac8f000 r--s 0001e000 08:03 15204515                   /home/cosmic/SOFT/idea-IU-145.258.11/lib/idea_rt.jar
7f88fac8f000-7f88fac97000 rw-s 00000000 08:02 526070                     /tmp/hsperfdata_cosmic/27695
7f88fac97000-7f88fac98000 rw-p 00000000 00:00 0 
7f88fac98000-7f88fac99000 r--p 00000000 00:00 0 
7f88fac99000-7f88fac9b000 rw-p 00000000 00:00 0 
7f88fac9b000-7f88fac9c000 r--p 00022000 08:02 661475                     /lib/x86_64-linux-gnu/ld-2.19.so
7f88fac9c000-7f88fac9d000 rw-p 00023000 08:02 661475                     /lib/x86_64-linux-gnu/ld-2.19.so
7f88fac9d000-7f88fac9e000 rw-p 00000000 00:00 0 
7ffddfc85000-7ffddfca8000 rw-p 00000000 00:00 0                          [stack]
7ffddfd1c000-7ffddfd1e000 r--p 00000000 00:00 0                          [vvar]
7ffddfd1e000-7ffddfd20000 r-xp 00000000 00:00 0                          [vdso]
ffffffffff600000-ffffffffff601000 r-xp 00000000 00:00 0                  [vsyscall]

VM Arguments:
jvm_args: -ea -Didea.launcher.port=7537 -Didea.launcher.bin.path=/home/cosmic/SOFT/idea-IU-145.258.11/bin -Didea.testng.sm_runner -Dfile.encoding=UTF-8 
java_command: com.intellij.rt.execution.application.AppMain org.testng.RemoteTestNGStarter -port 42957 -usedefaultlisteners false -socket46337 @w@/tmp/idea_working_dirs_testng.tmp -temp /tmp/idea_testng.tmp
java_class_path (initial): /home/cosmic/SOFT/idea-IU-145.258.11/lib/idea_rt.jar:/home/cosmic/SOFT/idea-IU-145.258.11/plugins/testng/lib/testng-plugin.jar:/usr/lib/jvm/java-8-oracle/jre/lib/charsets.jar:/usr/lib/jvm/java-8-oracle/jre/lib/deploy.jar:/usr/lib/jvm/java-8-oracle/jre/lib/ext/cldrdata.jar:/usr/lib/jvm/java-8-oracle/jre/lib/ext/dnsns.jar:/usr/lib/jvm/java-8-oracle/jre/lib/ext/jaccess.jar:/usr/lib/jvm/java-8-oracle/jre/lib/ext/jfxrt.jar:/usr/lib/jvm/java-8-oracle/jre/lib/ext/localedata.jar:/usr/lib/jvm/java-8-oracle/jre/lib/ext/nashorn.jar:/usr/lib/jvm/java-8-oracle/jre/lib/ext/sunec.jar:/usr/lib/jvm/java-8-oracle/jre/lib/ext/sunjce_provider.jar:/usr/lib/jvm/java-8-oracle/jre/lib/ext/sunpkcs11.jar:/usr/lib/jvm/java-8-oracle/jre/lib/ext/zipfs.jar:/usr/lib/jvm/java-8-oracle/jre/lib/javaws.jar:/usr/lib/jvm/java-8-oracle/jre/lib/jce.jar:/usr/lib/jvm/java-8-oracle/jre/lib/jfr.jar:/usr/lib/jvm/java-8-oracle/jre/lib/jfxswt.jar:/usr/lib/jvm/java-8-oracle/jre/lib/jsse.jar:/usr/lib/jvm/java-8-oracle/jre/lib/management-agent.jar:/usr/lib/jvm/java-8-oracle/jre/lib/plugin.jar:/usr/lib/jvm/java-8-oracle/jre/lib/resources.jar:/usr/lib/jvm/java-8-oracle/jre/lib/rt.jar:/home/cosmic/IdeaProjects/FC/ui-tests/target/scala-2.11/test-classes:/home/cosmic/.ivy2/cache/cglib/cglib-nodep/jars/cglib-nodep-2.1_3.jar:/home/cosmic/.ivy2/cache/org.apache.httpcomponents/httpcore/jars/httpcore-4.4.4.jar:/home/cosmic/.ivy2/cache/org.apache.httpcomponents/httpclient/jars/httpclient-4.5.2.jar:/home/cosmic/.ivy2/cache/org.scala-lang/scala-library/jars/scala-library-2.11.8.jar:/home/cosmic/.ivy2/cache/org.beanshell/bsh/jars/bsh-2.0b4.jar:/home/cosmic/.ivy2/cache/commons-io/commons-io/jars/commons-io-2.4.jar:/home/cosmic/.ivy2/cache/com.codeborne/phantomjsdriver/jars/phantomjsdriver-1.3.0.jar:/home/cosmic/.ivy2/cache/com.codeborne/selenide/jars/selenide-3.6.jar:/home/cosmic/.ivy2/cache/com.google.code.gson/gson/jars/gson-2.3.1.jar:/home/cosmic/.ivy2/cache/com.google.guava/guava/bundles/guava-19
Launcher Type: SUN_STANDARD

Environment Variables:
JAVA_HOME=/opt/jdk1.8.0_91
JRE_HOME=/opt/jdk1.8.0_91/bin
PATH=/home/cosmic/SOFT/google-cloud-sdk/bin:/usr/local/sbin:/usr/local/bin:/usr/sbin:/usr/bin:/sbin:/bin:/opt/go1.5/bin:/opt/sbt/bin:/home/cosmic/SOFT/google-cloud-sdk/bin:/usr/local/sbin:/usr/local/bin:/usr/sbin:/usr/bin:/sbin:/bin:/home/cosmic/bash_scripts/touchpad.sh:/home/cosmic/bash_scripts/monitor.sh:/opt/jdk1.8.0_91:/opt/jdk1.8.0_91/bin:/opt/go1.5/bin:/opt/sbt/bin
LD_LIBRARY_PATH=/home/cosmic/SOFT/idea-IU-145.258.11/bin:
SHELL=/bin/bash
DISPLAY=:0.0

Signal Handlers:
SIGSEGV: [libjvm.so+0xabca10], sa_mask[0]=11111111011111111101111111111110, sa_flags=SA_RESTART|SA_SIGINFO
SIGBUS: [libjvm.so+0xabca10], sa_mask[0]=11111111011111111101111111111110, sa_flags=SA_RESTART|SA_SIGINFO
SIGFPE: [libjvm.so+0x919a20], sa_mask[0]=11111111011111111101111111111110, sa_flags=SA_RESTART|SA_SIGINFO
SIGPIPE: [libjvm.so+0x919a20], sa_mask[0]=11111111011111111101111111111110, sa_flags=SA_RESTART|SA_SIGINFO
SIGXFSZ: [libjvm.so+0x919a20], sa_mask[0]=11111111011111111101111111111110, sa_flags=SA_RESTART|SA_SIGINFO
SIGILL: [libjvm.so+0x919a20], sa_mask[0]=11111111011111111101111111111110, sa_flags=SA_RESTART|SA_SIGINFO
SIGUSR1: SIG_DFL, sa_mask[0]=00000000000000000000000000000000, sa_flags=none
SIGUSR2: [libjvm.so+0x91b050], sa_mask[0]=00100000000000000000000000000000, sa_flags=SA_RESTART|SA_SIGINFO
SIGHUP: [libjvm.so+0x91c450], sa_mask[0]=11111111011111111101111111111110, sa_flags=SA_RESTART|SA_SIGINFO
SIGINT: [libjvm.so+0x91c450], sa_mask[0]=11111111011111111101111111111110, sa_flags=SA_RESTART|SA_SIGINFO
SIGTERM: [libjvm.so+0x91c450], sa_mask[0]=11111111011111111101111111111110, sa_flags=SA_RESTART|SA_SIGINFO
SIGQUIT: [libjvm.so+0x91c450], sa_mask[0]=11111111011111111101111111111110, sa_flags=SA_RESTART|SA_SIGINFO


---------------  S Y S T E M  ---------------

OS:DISTRIB_ID=Ubuntu
DISTRIB_RELEASE=14.04
DISTRIB_CODENAME=trusty
DISTRIB_DESCRIPTION="Ubuntu 14.04.4 LTS"

uname:Linux 4.2.0-36-generic #41~14.04.1-Ubuntu SMP Tue Apr 19 17:03:32 UTC 2016 x86_64
libc:glibc 2.19 NPTL 2.19 
rlimit: STACK 8192k, CORE 0k, NPROC 31383, NOFILE 4096, AS infinity
load average:3.60 4.03 2.36

/proc/meminfo:
MemTotal:        8056392 kB
MemFree:          529772 kB
MemAvailable:    2523228 kB
Buffers:          100232 kB
Cached:          3511728 kB
SwapCached:            0 kB
Active:          4982416 kB
Inactive:        2259696 kB
Active(anon):    3971420 kB
Inactive(anon):  1341016 kB
Active(file):    1010996 kB
Inactive(file):   918680 kB
Unevictable:         272 kB
Mlocked:             272 kB
SwapTotal:       4881404 kB
SwapFree:        4881080 kB
Dirty:              2472 kB
Writeback:             0 kB
AnonPages:       3628332 kB
Mapped:          2023548 kB
Shmem:           1682292 kB
Slab:             145052 kB
SReclaimable:     106056 kB
SUnreclaim:        38996 kB
KernelStack:       13040 kB
PageTables:        56432 kB
NFS_Unstable:          0 kB
Bounce:                0 kB
WritebackTmp:          0 kB
CommitLimit:     8909600 kB
Committed_AS:   11274344 kB
VmallocTotal:   34359738367 kB
VmallocUsed:      360656 kB
VmallocChunk:   34358947836 kB
HardwareCorrupted:     0 kB
AnonHugePages:   1544192 kB
CmaTotal:              0 kB
CmaFree:               0 kB
HugePages_Total:       0
HugePages_Free:        0
HugePages_Rsvd:        0
HugePages_Surp:        0
Hugepagesize:       2048 kB
DirectMap4k:      219080 kB
DirectMap2M:     8050688 kB


CPU:total 4 (2 cores per cpu, 2 threads per core) family 6 model 42 stepping 7, cmov, cx8, fxsr, mmx, sse, sse2, sse3, ssse3, sse4.1, sse4.2, popcnt, avx, clmul, ht, tsc, tscinvbit

/proc/cpuinfo:
processor	: 0
vendor_id	: GenuineIntel
cpu family	: 6
model		: 42
model name	: Intel(R) Core(TM) i3-2377M CPU @ 1.50GHz
stepping	: 7
microcode	: 0x28
cpu MHz		: 1499.941
cache size	: 3072 KB
physical id	: 0
siblings	: 4
core id		: 0
cpu cores	: 2
apicid		: 0
initial apicid	: 0
fpu		: yes
fpu_exception	: yes
cpuid level	: 13
wp		: yes
flags		: fpu vme de pse tsc msr pae mce cx8 apic sep mtrr pge mca cmov pat pse36 clflush dts acpi mmx fxsr sse sse2 ss ht tm pbe syscall nx rdtscp lm constant_tsc arch_perfmon pebs bts rep_good nopl xtopology nonstop_tsc aperfmperf eagerfpu pni pclmulqdq dtes64 monitor ds_cpl vmx est tm2 ssse3 cx16 xtpr pdcm pcid sse4_1 sse4_2 x2apic popcnt tsc_deadline_timer xsave avx lahf_lm arat epb pln pts dtherm tpr_shadow vnmi flexpriority ept vpid xsaveopt
bugs		:
bogomips	: 2993.21
clflush size	: 64
cache_alignment	: 64
address sizes	: 36 bits physical, 48 bits virtual
power management:

processor	: 1
vendor_id	: GenuineIntel
cpu family	: 6
model		: 42
model name	: Intel(R) Core(TM) i3-2377M CPU @ 1.50GHz
stepping	: 7
microcode	: 0x28
cpu MHz		: 1499.941
cache size	: 3072 KB
physical id	: 0
siblings	: 4
core id		: 1
cpu cores	: 2
apicid		: 2
initial apicid	: 2
fpu		: yes
fpu_exception	: yes
cpuid level	: 13
wp		: yes
flags		: fpu vme de pse tsc msr pae mce cx8 apic sep mtrr pge mca cmov pat pse36 clflush dts acpi mmx fxsr sse sse2 ss ht tm pbe syscall nx rdtscp lm constant_tsc arch_perfmon pebs bts rep_good nopl xtopology nonstop_tsc aperfmperf eagerfpu pni pclmulqdq dtes64 monitor ds_cpl vmx est tm2 ssse3 cx16 xtpr pdcm pcid sse4_1 sse4_2 x2apic popcnt tsc_deadline_timer xsave avx lahf_lm arat epb pln pts dtherm tpr_shadow vnmi flexpriority ept vpid xsaveopt
bugs		:
bogomips	: 2993.21
clflush size	: 64
cache_alignment	: 64
address sizes	: 36 bits physical, 48 bits virtual
power management:

processor	: 2
vendor_id	: GenuineIntel
cpu family	: 6
model		: 42
model name	: Intel(R) Core(TM) i3-2377M CPU @ 1.50GHz
stepping	: 7
microcode	: 0x28
cpu MHz		: 1499.941
cache size	: 3072 KB
physical id	: 0
siblings	: 4
core id		: 0
cpu cores	: 2
apicid		: 1
initial apicid	: 1
fpu		: yes
fpu_exception	: yes
cpuid level	: 13
wp		: yes
flags		: fpu vme de pse tsc msr pae mce cx8 apic sep mtrr pge mca cmov pat pse36 clflush dts acpi mmx fxsr sse sse2 ss ht tm pbe syscall nx rdtscp lm constant_tsc arch_perfmon pebs bts rep_good nopl xtopology nonstop_tsc aperfmperf eagerfpu pni pclmulqdq dtes64 monitor ds_cpl vmx est tm2 ssse3 cx16 xtpr pdcm pcid sse4_1 sse4_2 x2apic popcnt tsc_deadline_timer xsave avx lahf_lm arat epb pln pts dtherm tpr_shadow vnmi flexpriority ept vpid xsaveopt
bugs		:
bogomips	: 2993.21
clflush size	: 64
cache_alignment	: 64
address sizes	: 36 bits physical, 48 bits virtual
power management:

processor	: 3
vendor_id	: GenuineIntel
cpu family	: 6
model		: 42
model name	: Intel(R) Core(TM) i3-2377M CPU @ 1.50GHz
stepping	: 7
microcode	: 0x28
cpu MHz		: 1500.000
cache size	: 3072 KB
physical id	: 0
siblings	: 4
core id		: 1
cpu cores	: 2
apicid		: 3
initial apicid	: 3
fpu		: yes
fpu_exception	: yes
cpuid level	: 13
wp		: yes
flags		: fpu vme de pse tsc msr pae mce cx8 apic sep mtrr pge mca cmov pat pse36 clflush dts acpi mmx fxsr sse sse2 ss ht tm pbe syscall nx rdtscp lm constant_tsc arch_perfmon pebs bts rep_good nopl xtopology nonstop_tsc aperfmperf eagerfpu pni pclmulqdq dtes64 monitor ds_cpl vmx est tm2 ssse3 cx16 xtpr pdcm pcid sse4_1 sse4_2 x2apic popcnt tsc_deadline_timer xsave avx lahf_lm arat epb pln pts dtherm tpr_shadow vnmi flexpriority ept vpid xsaveopt
bugs		:
bogomips	: 2993.21
clflush size	: 64
cache_alignment	: 64
address sizes	: 36 bits physical, 48 bits virtual
power management:



Memory: 4k page, physical 8056392k(554312k free), swap 4881404k(4881080k free)

vm_info: Java HotSpot(TM) 64-Bit Server VM (25.91-b14) for linux-amd64 JRE (1.8.0_91-b14), built on Apr  1 2016 00:57:21 by "java_re" with gcc 4.3.0 20080428 (Red Hat 4.3.0-8)

time: Wed Jun 15 01:35:27 2016
elapsed time: 51 seconds (0d 0h 0m 51s)

