#
# A fatal error has been detected by the Java Runtime Environment:
#
#  SIGSEGV (0xb) at pc=0x00007ff8094b5443, pid=21437, tid=140702121981696
#
# JRE version: Java(TM) SE Runtime Environment (8.0_91-b14) (build 1.8.0_91-b14)
# Java VM: Java HotSpot(TM) 64-Bit Server VM (25.91-b14 mixed mode linux-amd64 compressed oops)
# Problematic frame:
# C  [libX11.so.6+0x89443]
#
# Failed to write core dump. Core dumps have been disabled. To enable core dumping, try "ulimit -c unlimited" before starting Java again
#
# If you would like to submit a bug report, please visit:
#   http://bugreport.java.com/bugreport/crash.jsp
# The crash happened outside the Java Virtual Machine in native code.
# See problematic frame for where to report the bug.
#

---------------  T H R E A D  ---------------

Current thread (0x00007ff8286dc000):  JavaThread "AWT-XAWT" daemon [_thread_in_native, id=21575, stack(0x00007ff7c3eff000,0x00007ff7c4000000)]

siginfo: si_signo: 11 (SIGSEGV), si_code: 1 (SEGV_MAPERR), si_addr: 0x000000000000000a

Registers:
RAX=0x00007ff8286846c0, RBX=0x00007ff828695a80, RCX=0x0000000000000000, RDX=0x0000000000000087
RSP=0x00007ff7c3ffe6f0, RBP=0x000000000000000a, RSI=0x0000000000000000, RDI=0x00007ff828695a80
R8 =0x0000000000000000, R9 =0x00007ff7b8004230, R10=0x00007ff8190179e8, R11=0x00007ff82ed51850
R12=0x0000000000000000, R13=0x00007ff809f59b38, R14=0x00007ff7c3ffe7f8, R15=0x00007ff8286dc000
RIP=0x00007ff8094b5443, EFLAGS=0x0000000000010246, CSGSFS=0x0000000000000033, ERR=0x0000000000000004
  TRAPNO=0x000000000000000e

Top of Stack: (sp=0x00007ff7c3ffe6f0)
0x00007ff7c3ffe6f0:   0000000000000000 00007ff828695a80
0x00007ff7c3ffe700:   0000000000000047 00007ff8094b60f1
0x00007ff7c3ffe710:   00007ff809f59b38 00007ff7c3ffe730
0x00007ff7c3ffe720:   0000000000000000 00007ff8099bf201
0x00007ff7c3ffe730:   00007ff7c3ffe7b0 00007ff819017a14
0x00007ff7c3ffe740:   00000000a49abb10 00007ff7c3ffe748
0x00007ff7c3ffe750:   00007ff80a033d14 00007ff7c3ffe7a0
0x00007ff7c3ffe760:   00007ff80a0354e0 0000000000000000
0x00007ff7c3ffe770:   00007ff7c3ffe770 0000000000000000
0x00007ff7c3ffe780:   00007ff7c3ffe7f8 00007ff80ac5d250
0x00007ff7c3ffe790:   0000000000000000 00007ff809f59b38
0x00007ff7c3ffe7a0:   0000000000000000 00007ff7c3ffe7d0
0x00007ff7c3ffe7b0:   00007ff7c3ffe840 00007ff819007dd0
0x00007ff7c3ffe7c0:   00000000a495d1c0 00007ff819011537
0x00007ff7c3ffe7d0:   0000000000000000 0000000000000000
0x00007ff7c3ffe7e0:   0000000000000047 00007ff819007dd0
0x00007ff7c3ffe7f0:   00007ff828695a80 00007ff819007dd0
0x00007ff7c3ffe800:   00007ff7c3ffe800 00007ff809f358b7
0x00007ff7c3ffe810:   00007ff7c3ffe868 00007ff809f4a028
0x00007ff7c3ffe820:   0000000000000000 00007ff809f358d8
0x00007ff7c3ffe830:   00007ff7c3ffe7d0 00007ff7c3ffe860
0x00007ff7c3ffe840:   00007ff7c3ffe8b0 00007ff8190082bd
0x00007ff7c3ffe850:   0000000000000001 00000000e18cd800
0x00007ff7c3ffe860:   00000000a4ce0c40 00000000a4c73f38
0x00007ff7c3ffe870:   00007ff7c3ffe870 00007ff809f2fad9
0x00007ff7c3ffe880:   00007ff7c3ffe8f8 00007ff809f4a028
0x00007ff7c3ffe890:   0000000000000000 00007ff809f2fcb8
0x00007ff7c3ffe8a0:   00007ff7c3ffe860 00007ff7c3ffe8f0
0x00007ff7c3ffe8b0:   00007ff7c3ffe940 00007ff8190082bd
0x00007ff7c3ffe8c0:   0000000000000000 0000000000000000
0x00007ff7c3ffe8d0:   0000000000000000 0000000000000000
0x00007ff7c3ffe8e0:   0000000000000000 00000000a4ce0c40 

Instructions: (pc=0x00007ff8094b5443)
0x00007ff8094b5423:   83 ec 08 e8 f5 57 fb ff 48 8b 93 20 0a 00 00 31
0x00007ff8094b5433:   c9 31 f6 48 8b 52 08 8b 52 04 c6 40 01 08 88 10
0x00007ff8094b5443:   0f b7 55 00 66 89 48 06 c6 40 0b 00 c6 40 0a 00
0x00007ff8094b5453:   c6 40 0d 00 c6 40 0c 00 c6 40 0f 00 66 89 50 04 

Register to memory mapping:

RAX=0x00007ff8286846c0 is an unknown value
RBX=0x00007ff828695a80 is an unknown value
RCX=0x0000000000000000 is an unknown value
RDX=0x0000000000000087 is an unknown value
RSP=0x00007ff7c3ffe6f0 is pointing into the stack for thread: 0x00007ff8286dc000
RBP=0x000000000000000a is an unknown value
RSI=0x0000000000000000 is an unknown value
RDI=0x00007ff828695a80 is an unknown value
R8 =0x0000000000000000 is an unknown value
R9 =0x00007ff7b8004230 is an unknown value
R10=0x00007ff8190179e8 is at code_begin+808 in an Interpreter codelet
method entry point (kind = native)  [0x00007ff8190176c0, 0x00007ff819017fc0]  2304 bytes
R11=0x00007ff82ed51850: <offset 0x9bb850> in /opt/java/jdk1.8.0_91/jre/lib/amd64/server/libjvm.so at 0x00007ff82e396000
R12=0x0000000000000000 is an unknown value
R13={method} {0x00007ff809f59b38} 'XkbGetUpdatedMap' '(JJJ)J' in 'sun/awt/X11/XlibWrapper'
R14=0x00007ff7c3ffe7f8 is pointing into the stack for thread: 0x00007ff8286dc000
R15=0x00007ff8286dc000 is a thread


Stack: [0x00007ff7c3eff000,0x00007ff7c4000000],  sp=0x00007ff7c3ffe6f0,  free space=1021k
Native frames: (J=compiled Java code, j=interpreted, Vv=VM code, C=native code)
C  [libX11.so.6+0x89443]

Java frames: (J=compiled Java code, j=interpreted, Vv=VM code)
j  sun.awt.X11.XlibWrapper.XkbGetUpdatedMap(JJJ)J+0
j  sun.awt.X11.XToolkit.processXkbChanges(Lsun/awt/X11/XEvent;)V+87
j  sun.awt.X11.XToolkit.run(Z)V+137
j  sun.awt.X11.XToolkit.run()V+5
j  java.lang.Thread.run()V+11
v  ~StubRoutines::call_stub

---------------  P R O C E S S  ---------------

Java Threads: ( => current thread )
  0x00007ff7ac002800 JavaThread "Forwarding quit on session 427bfac5ebdf5c514332ac722c1bc96e to remote" daemon [_thread_in_native, id=22029, stack(0x00007ff7c32f2000,0x00007ff7c33f3000)]
  0x00007ff82876c000 JavaThread "Thread-3" [_thread_blocked, id=22028, stack(0x00007ff7c30f0000,0x00007ff7c31f1000)]
  0x00007ff828703800 JavaThread "Okio Watchdog" daemon [_thread_blocked, id=21656, stack(0x00007ff7c37f3000,0x00007ff7c38f4000)]
  0x00007ff828366800 JavaThread "OkHttp ConnectionPool" daemon [_thread_blocked, id=21655, stack(0x00007ff7c38f4000,0x00007ff7c39f5000)]
  0x00007ff8286ea000 JavaThread "Webdrivers killer thread" daemon [_thread_blocked, id=21581, stack(0x00007ff7c3bfe000,0x00007ff7c3cff000)]
=>0x00007ff8286dc000 JavaThread "AWT-XAWT" daemon [_thread_in_native, id=21575, stack(0x00007ff7c3eff000,0x00007ff7c4000000)]
  0x00007ff8286bd000 JavaThread "Java2D Disposer" daemon [_thread_blocked, id=21573, stack(0x00007ff808469000,0x00007ff80856a000)]
  0x00007ff7d800a800 JavaThread "Exec Stream Pumper" daemon [_thread_in_native, id=21484, stack(0x00007ff80a0ba000,0x00007ff80a1bb000)]
  0x00007ff7d8009800 JavaThread "Exec Stream Pumper" daemon [_thread_in_native, id=21483, stack(0x00007ff80a1bb000,0x00007ff80a2bc000)]
  0x00007ff7d8007800 JavaThread "process reaper" daemon [_thread_in_native, id=21481, stack(0x00007ff80a2bc000,0x00007ff80a2f5000)]
  0x00007ff82860a000 JavaThread "Exec Default Executor" daemon [_thread_blocked, id=21478, stack(0x00007ff80a400000,0x00007ff80a501000)]
  0x00007ff828112800 JavaThread "Monitor Ctrl-Break" daemon [_thread_in_native, id=21467, stack(0x00007ff80b0c4000,0x00007ff80b1c5000)]
  0x00007ff8280d5800 JavaThread "Service Thread" daemon [_thread_blocked, id=21459, stack(0x00007ff81002e000,0x00007ff81012f000)]
  0x00007ff8280c0800 JavaThread "C1 CompilerThread2" daemon [_thread_blocked, id=21458, stack(0x00007ff81012f000,0x00007ff810230000)]
  0x00007ff8280bf000 JavaThread "C2 CompilerThread1" daemon [_thread_blocked, id=21457, stack(0x00007ff810230000,0x00007ff810331000)]
  0x00007ff8280bc000 JavaThread "C2 CompilerThread0" daemon [_thread_blocked, id=21456, stack(0x00007ff810331000,0x00007ff810432000)]
  0x00007ff8280ba800 JavaThread "Signal Dispatcher" daemon [_thread_blocked, id=21455, stack(0x00007ff810432000,0x00007ff810533000)]
  0x00007ff828086800 JavaThread "Finalizer" daemon [_thread_blocked, id=21451, stack(0x00007ff810533000,0x00007ff810634000)]
  0x00007ff828081800 JavaThread "Reference Handler" daemon [_thread_blocked, id=21446, stack(0x00007ff810634000,0x00007ff810735000)]
  0x00007ff82800c800 JavaThread "main" [_thread_blocked, id=21438, stack(0x00007ff82fe75000,0x00007ff82ff76000)]

Other Threads:
  0x00007ff82807a000 VMThread [stack: 0x00007ff810735000,0x00007ff810836000] [id=21444]
  0x00007ff8280e9000 WatcherThread [stack: 0x00007ff80b3c7000,0x00007ff80b4c8000] [id=21460]

VM state:not at safepoint (normal execution)

VM Mutex/Monitor currently owned by a thread: None

Heap:
 PSYoungGen      total 30208K, used 1013K [0x00000000e1800000, 0x00000000e5400000, 0x0000000100000000)
  eden space 23040K, 4% used [0x00000000e1800000,0x00000000e18fd7d0,0x00000000e2e80000)
  from space 7168K, 0% used [0x00000000e2e80000,0x00000000e2e80000,0x00000000e3580000)
  to   space 7680K, 0% used [0x00000000e4c80000,0x00000000e4c80000,0x00000000e5400000)
 ParOldGen       total 34304K, used 5485K [0x00000000a4800000, 0x00000000a6980000, 0x00000000e1800000)
  object space 34304K, 15% used [0x00000000a4800000,0x00000000a4d5b730,0x00000000a6980000)
 Metaspace       used 21066K, capacity 21340K, committed 21632K, reserved 1069056K
  class space    used 2518K, capacity 2591K, committed 2688K, reserved 1048576K

Card table byte_map: [0x00007ff82c95a000,0x00007ff82cc37000] byte_map_base: 0x00007ff82c436000

Marking Bits: (ParMarkBitMap*) 0x00007ff82f34cd60
 Begin Bits: [0x00007ff811240000, 0x00007ff812920000)
 End Bits:   [0x00007ff812920000, 0x00007ff814000000)

Polling page: 0x00007ff82ff95000

CodeCache: size=245760Kb used=8382Kb max_used=8390Kb free=237377Kb
 bounds [0x00007ff819000000, 0x00007ff819840000, 0x00007ff828000000]
 total_blobs=2913 nmethods=2395 adapters=431
 compilation: enabled

Compilation events (10 events):
Event: 162,611 Thread 0x00007ff8280c0800 nmethod 2589 0x00007ff819830790 code [0x00007ff819830900, 0x00007ff819830b48]
Event: 162,613 Thread 0x00007ff8280bf000 nmethod 2575 0x00007ff819837210 code [0x00007ff8198373e0, 0x00007ff819838210]
Event: 162,614 Thread 0x00007ff8280c0800 2590       3       java.util.logging.LogManager$LoggerContext::getRootLogger (8 bytes)
Event: 162,614 Thread 0x00007ff8280c0800 nmethod 2590 0x00007ff819836dd0 code [0x00007ff819836f40, 0x00007ff819837150]
Event: 162,614 Thread 0x00007ff8280c0800 2591       3       java.util.logging.LogManager$LoggerContext::getGlobalLogger (6 bytes)
Event: 162,614 Thread 0x00007ff8280c0800 nmethod 2591 0x00007ff819836890 code [0x00007ff819836a00, 0x00007ff819836b50]
Event: 162,615 Thread 0x00007ff8280c0800 2592       1       java.util.concurrent.CopyOnWriteArrayList::getArray (5 bytes)
Event: 162,616 Thread 0x00007ff8280c0800 nmethod 2592 0x00007ff8198361d0 code [0x00007ff819836320, 0x00007ff819836430]
Event: 162,616 Thread 0x00007ff8280c0800 2593       3       java.util.logging.LogManager::checkPermission (17 bytes)
Event: 162,616 Thread 0x00007ff8280c0800 nmethod 2593 0x00007ff819835c10 code [0x00007ff819835da0, 0x00007ff8198360a8]

GC Heap History (10 events):
Event: 101,902 GC heap before
{Heap before GC invocations=4 (full 0):
 PSYoungGen      total 27648K, used 27632K [0x00000000e1800000, 0x00000000e3680000, 0x0000000100000000)
  eden space 24064K, 100% used [0x00000000e1800000,0x00000000e2f80000,0x00000000e2f80000)
  from space 3584K, 99% used [0x00000000e2f80000,0x00000000e32fc050,0x00000000e3300000)
  to   space 3584K, 0% used [0x00000000e3300000,0x00000000e3300000,0x00000000e3680000)
 ParOldGen       total 62976K, used 5489K [0x00000000a4800000, 0x00000000a8580000, 0x00000000e1800000)
  object space 62976K, 8% used [0x00000000a4800000,0x00000000a4d5c5c0,0x00000000a8580000)
 Metaspace       used 18716K, capacity 18924K, committed 19200K, reserved 1067008K
  class space    used 2196K, capacity 2263K, committed 2304K, reserved 1048576K
Event: 101,911 GC heap after
Heap after GC invocations=4 (full 0):
 PSYoungGen      total 27648K, used 3568K [0x00000000e1800000, 0x00000000e3680000, 0x0000000100000000)
  eden space 24064K, 0% used [0x00000000e1800000,0x00000000e1800000,0x00000000e2f80000)
  from space 3584K, 99% used [0x00000000e3300000,0x00000000e367c030,0x00000000e3680000)
  to   space 3584K, 0% used [0x00000000e2f80000,0x00000000e2f80000,0x00000000e3300000)
 ParOldGen       total 62976K, used 5905K [0x00000000a4800000, 0x00000000a8580000, 0x00000000e1800000)
  object space 62976K, 9% used [0x00000000a4800000,0x00000000a4dc4718,0x00000000a8580000)
 Metaspace       used 18716K, capacity 18924K, committed 19200K, reserved 1067008K
  class space    used 2196K, capacity 2263K, committed 2304K, reserved 1048576K
}
Event: 107,458 GC heap before
{Heap before GC invocations=5 (full 0):
 PSYoungGen      total 27648K, used 27632K [0x00000000e1800000, 0x00000000e3680000, 0x0000000100000000)
  eden space 24064K, 100% used [0x00000000e1800000,0x00000000e2f80000,0x00000000e2f80000)
  from space 3584K, 99% used [0x00000000e3300000,0x00000000e367c030,0x00000000e3680000)
  to   space 3584K, 0% used [0x00000000e2f80000,0x00000000e2f80000,0x00000000e3300000)
 ParOldGen       total 62976K, used 5905K [0x00000000a4800000, 0x00000000a8580000, 0x00000000e1800000)
  object space 62976K, 9% used [0x00000000a4800000,0x00000000a4dc4718,0x00000000a8580000)
 Metaspace       used 18857K, capacity 19116K, committed 19456K, reserved 1067008K
  class space    used 2206K, capacity 2263K, committed 2304K, reserved 1048576K
Event: 107,473 GC heap after
Heap after GC invocations=5 (full 0):
 PSYoungGen      total 27136K, used 3564K [0x00000000e1800000, 0x00000000e3d00000, 0x0000000100000000)
  eden space 23552K, 0% used [0x00000000e1800000,0x00000000e1800000,0x00000000e2f00000)
  from space 3584K, 99% used [0x00000000e2f80000,0x00000000e32fb268,0x00000000e3300000)
  to   space 7168K, 0% used [0x00000000e3600000,0x00000000e3600000,0x00000000e3d00000)
 ParOldGen       total 62976K, used 6182K [0x00000000a4800000, 0x00000000a8580000, 0x00000000e1800000)
  object space 62976K, 9% used [0x00000000a4800000,0x00000000a4e09b98,0x00000000a8580000)
 Metaspace       used 18857K, capacity 19116K, committed 19456K, reserved 1067008K
  class space    used 2206K, capacity 2263K, committed 2304K, reserved 1048576K
}
Event: 162,324 GC heap before
{Heap before GC invocations=6 (full 0):
 PSYoungGen      total 27136K, used 27116K [0x00000000e1800000, 0x00000000e3d00000, 0x0000000100000000)
  eden space 23552K, 100% used [0x00000000e1800000,0x00000000e2f00000,0x00000000e2f00000)
  from space 3584K, 99% used [0x00000000e2f80000,0x00000000e32fb268,0x00000000e3300000)
  to   space 7168K, 0% used [0x00000000e3600000,0x00000000e3600000,0x00000000e3d00000)
 ParOldGen       total 62976K, used 6182K [0x00000000a4800000, 0x00000000a8580000, 0x00000000e1800000)
  object space 62976K, 9% used [0x00000000a4800000,0x00000000a4e09b98,0x00000000a8580000)
 Metaspace       used 20045K, capacity 20332K, committed 20736K, reserved 1067008K
  class space    used 2361K, capacity 2455K, committed 2560K, reserved 1048576K
Event: 162,339 GC heap after
Heap after GC invocations=6 (full 0):
 PSYoungGen      total 29696K, used 3792K [0x00000000e1800000, 0x00000000e3c80000, 0x0000000100000000)
  eden space 23040K, 0% used [0x00000000e1800000,0x00000000e1800000,0x00000000e2e80000)
  from space 6656K, 56% used [0x00000000e3600000,0x00000000e39b4050,0x00000000e3c80000)
  to   space 7168K, 0% used [0x00000000e2e80000,0x00000000e2e80000,0x00000000e3580000)
 ParOldGen       total 62976K, used 6190K [0x00000000a4800000, 0x00000000a8580000, 0x00000000e1800000)
  object space 62976K, 9% used [0x00000000a4800000,0x00000000a4e0bb98,0x00000000a8580000)
 Metaspace       used 20045K, capacity 20332K, committed 20736K, reserved 1067008K
  class space    used 2361K, capacity 2455K, committed 2560K, reserved 1048576K
}
Event: 162,497 GC heap before
{Heap before GC invocations=7 (full 0):
 PSYoungGen      total 29696K, used 6568K [0x00000000e1800000, 0x00000000e3c80000, 0x0000000100000000)
  eden space 23040K, 12% used [0x00000000e1800000,0x00000000e1ab60c0,0x00000000e2e80000)
  from space 6656K, 56% used [0x00000000e3600000,0x00000000e39b4050,0x00000000e3c80000)
  to   space 7168K, 0% used [0x00000000e2e80000,0x00000000e2e80000,0x00000000e3580000)
 ParOldGen       total 62976K, used 6190K [0x00000000a4800000, 0x00000000a8580000, 0x00000000e1800000)
  object space 62976K, 9% used [0x00000000a4800000,0x00000000a4e0bb98,0x00000000a8580000)
 Metaspace       used 20821K, capacity 21052K, committed 21248K, reserved 1069056K
  class space    used 2489K, capacity 2559K, committed 2560K, reserved 1048576K
Event: 162,515 GC heap after
Heap after GC invocations=7 (full 0):
 PSYoungGen      total 30208K, used 1264K [0x00000000e1800000, 0x00000000e5400000, 0x0000000100000000)
  eden space 23040K, 0% used [0x00000000e1800000,0x00000000e1800000,0x00000000e2e80000)
  from space 7168K, 17% used [0x00000000e2e80000,0x00000000e2fbc010,0x00000000e3580000)
  to   space 7680K, 0% used [0x00000000e4c80000,0x00000000e4c80000,0x00000000e5400000)
 ParOldGen       total 62976K, used 8869K [0x00000000a4800000, 0x00000000a8580000, 0x00000000e1800000)
  object space 62976K, 14% used [0x00000000a4800000,0x00000000a50a96b0,0x00000000a8580000)
 Metaspace       used 20821K, capacity 21052K, committed 21248K, reserved 1069056K
  class space    used 2489K, capacity 2559K, committed 2560K, reserved 1048576K
}
Event: 162,515 GC heap before
{Heap before GC invocations=8 (full 1):
 PSYoungGen      total 30208K, used 1264K [0x00000000e1800000, 0x00000000e5400000, 0x0000000100000000)
  eden space 23040K, 0% used [0x00000000e1800000,0x00000000e1800000,0x00000000e2e80000)
  from space 7168K, 17% used [0x00000000e2e80000,0x00000000e2fbc010,0x00000000e3580000)
  to   space 7680K, 0% used [0x00000000e4c80000,0x00000000e4c80000,0x00000000e5400000)
 ParOldGen       total 62976K, used 8869K [0x00000000a4800000, 0x00000000a8580000, 0x00000000e1800000)
  object space 62976K, 14% used [0x00000000a4800000,0x00000000a50a96b0,0x00000000a8580000)
 Metaspace       used 20821K, capacity 21052K, committed 21248K, reserved 1069056K
  class space    used 2489K, capacity 2559K, committed 2560K, reserved 1048576K
Event: 162,585 GC heap after
Heap after GC invocations=8 (full 1):
 PSYoungGen      total 30208K, used 0K [0x00000000e1800000, 0x00000000e5400000, 0x0000000100000000)
  eden space 23040K, 0% used [0x00000000e1800000,0x00000000e1800000,0x00000000e2e80000)
  from space 7168K, 0% used [0x00000000e2e80000,0x00000000e2e80000,0x00000000e3580000)
  to   space 7680K, 0% used [0x00000000e4c80000,0x00000000e4c80000,0x00000000e5400000)
 ParOldGen       total 34304K, used 5485K [0x00000000a4800000, 0x00000000a6980000, 0x00000000e1800000)
  object space 34304K, 15% used [0x00000000a4800000,0x00000000a4d5b730,0x00000000a6980000)
 Metaspace       used 20821K, capacity 21052K, committed 21248K, reserved 1069056K
  class space    used 2489K, capacity 2559K, committed 2560K, reserved 1048576K
}

Deoptimization events (10 events):
Event: 123,579 Thread 0x00007ff82800c800 Uncommon trap: reason=bimorphic action=maybe_recompile pc=0x00007ff8194bdfb4 method=java.util.regex.Pattern$Start.match(Ljava/util/regex/Matcher;ILjava/lang/CharSequence;)Z @ 44
Event: 123,579 Thread 0x00007ff82800c800 Uncommon trap: reason=bimorphic action=maybe_recompile pc=0x00007ff8194bdfb4 method=java.util.regex.Pattern$Start.match(Ljava/util/regex/Matcher;ILjava/lang/CharSequence;)Z @ 44
Event: 143,802 Thread 0x00007ff82800c800 Uncommon trap: reason=bimorphic action=maybe_recompile pc=0x00007ff819166bf4 method=java.util.regex.Pattern$Curly.match0(Ljava/util/regex/Matcher;IILjava/lang/CharSequence;)Z @ 170
Event: 143,802 Thread 0x00007ff82800c800 Uncommon trap: reason=bimorphic action=maybe_recompile pc=0x00007ff8194bdfb4 method=java.util.regex.Pattern$Start.match(Ljava/util/regex/Matcher;ILjava/lang/CharSequence;)Z @ 44
Event: 143,802 Thread 0x00007ff82800c800 Uncommon trap: reason=bimorphic action=maybe_recompile pc=0x00007ff8194bdfb4 method=java.util.regex.Pattern$Start.match(Ljava/util/regex/Matcher;ILjava/lang/CharSequence;)Z @ 44
Event: 162,419 Thread 0x00007ff82800c800 Uncommon trap: reason=predicate action=maybe_recompile pc=0x00007ff8194697ec method=java.lang.String.regionMatches(ZILjava/lang/String;II)Z @ 63
Event: 162,427 Thread 0x00007ff82800c800 Uncommon trap: reason=bimorphic action=maybe_recompile pc=0x00007ff81946ee34 method=java.io.DataInputStream.readInt()I @ 4
Event: 162,427 Thread 0x00007ff82800c800 Uncommon trap: reason=bimorphic action=maybe_recompile pc=0x00007ff81946ee34 method=java.io.DataInputStream.readInt()I @ 4
Event: 162,427 Thread 0x00007ff82800c800 Uncommon trap: reason=bimorphic action=maybe_recompile pc=0x00007ff81946ee34 method=java.io.DataInputStream.readInt()I @ 4
Event: 162,427 Thread 0x00007ff82800c800 Uncommon trap: reason=bimorphic action=maybe_recompile pc=0x00007ff81946ee34 method=java.io.DataInputStream.readInt()I @ 4

Internal exceptions (10 events):
Event: 109,572 Thread 0x00007ff82800c800 Exception <a 'java/net/SocketTimeoutException': Read timed out> (0x00000000e19d2ab0) thrown at [/HUDSON/workspace/8-2-build-linux-amd64/jdk8u91/6644/hotspot/src/share/vm/prims/jni.cpp, line 735]
Event: 123,578 Thread 0x00007ff82800c800 Exception <a 'java/lang/reflect/InvocationTargetException'> (0x00000000e1e68070) thrown at [/HUDSON/workspace/8-2-build-linux-amd64/jdk8u91/6644/hotspot/src/share/vm/runtime/reflection.cpp, line 1092]
Event: 125,730 Thread 0x00007ff82800c800 Exception <a 'java/net/SocketTimeoutException': Read timed out> (0x00000000e1eac4f8) thrown at [/HUDSON/workspace/8-2-build-linux-amd64/jdk8u91/6644/hotspot/src/share/vm/prims/jni.cpp, line 735]
Event: 126,251 Thread 0x00007ff82800c800 Exception <a 'java/net/SocketTimeoutException': Read timed out> (0x00000000e1eb1348) thrown at [/HUDSON/workspace/8-2-build-linux-amd64/jdk8u91/6644/hotspot/src/share/vm/prims/jni.cpp, line 735]
Event: 143,802 Thread 0x00007ff82800c800 Exception <a 'java/lang/reflect/InvocationTargetException'> (0x00000000e23f0198) thrown at [/HUDSON/workspace/8-2-build-linux-amd64/jdk8u91/6644/hotspot/src/share/vm/runtime/reflection.cpp, line 1092]
Event: 146,098 Thread 0x00007ff82800c800 Exception <a 'java/net/SocketTimeoutException': Read timed out> (0x00000000e2436100) thrown at [/HUDSON/workspace/8-2-build-linux-amd64/jdk8u91/6644/hotspot/src/share/vm/prims/jni.cpp, line 735]
Event: 146,659 Thread 0x00007ff82800c800 Exception <a 'java/net/SocketTimeoutException': Read timed out> (0x00000000e243b700) thrown at [/HUDSON/workspace/8-2-build-linux-amd64/jdk8u91/6644/hotspot/src/share/vm/prims/jni.cpp, line 735]
Event: 162,249 Thread 0x00007ff82800c800 Exception <a 'java/lang/reflect/InvocationTargetException'> (0x00000000e2d69298) thrown at [/HUDSON/workspace/8-2-build-linux-amd64/jdk8u91/6644/hotspot/src/share/vm/runtime/reflection.cpp, line 1092]
Event: 162,273 Thread 0x00007ff82800c800 Exception <a 'java/lang/ClassNotFoundException': com/sun/org/glassfish/hk2/osgiresourcelocator/ServiceLoader> (0x00000000e2e72780) thrown at [/HUDSON/workspace/8-2-build-linux-amd64/jdk8u91/6644/hotspot/src/share/vm/classfile/systemDictionary.cpp, line 21
Event: 162,279 Thread 0x00007ff82800c800 Exception <a 'java/lang/NullPointerException'> (0x00000000e2e7d6e8) thrown at [/HUDSON/workspace/8-2-build-linux-amd64/jdk8u91/6644/hotspot/src/share/vm/interpreter/linkResolver.cpp, line 1280]

Events (10 events):
Event: 162,614 loading class com/codeborne/selenide/impl/WebDriverThreadLocalContainer$CloseBrowser
Event: 162,614 loading class com/codeborne/selenide/impl/WebDriverThreadLocalContainer$CloseBrowser done
Event: 162,614 loading class sun/awt/X11/XSystemTrayPeer done
Event: 162,615 Executing VM operation: RevokeBias
Event: 162,615 Executing VM operation: RevokeBias done
Event: 162,615 Thread 0x00007ff828767800 Thread exited: 0x00007ff828767800
Event: 162,615 Thread 0x00007ff7ac002800 Thread added: 0x00007ff7ac002800
Event: 162,616 loading class org/apache/http/client/methods/HttpDelete
Event: 162,616 loading class org/apache/http/client/methods/HttpDelete done
Event: 162,617 Thread 0x00007ff82876a000 Thread exited: 0x00007ff82876a000


Dynamic libraries:
00400000-00401000 r-xp 00000000 08:01 537552                             /opt/java/jdk1.8.0_91/bin/java
00600000-00601000 rw-p 00000000 08:01 537552                             /opt/java/jdk1.8.0_91/bin/java
00b1d000-00b3e000 rw-p 00000000 00:00 0                                  [heap]
a4800000-a6980000 rw-p 00000000 00:00 0 
a6980000-e1800000 ---p 00000000 00:00 0 
e1800000-e5400000 rw-p 00000000 00:00 0 
e5400000-100000000 ---p 00000000 00:00 0 
100000000-1002a0000 rw-p 00000000 00:00 0 
1002a0000-140000000 ---p 00000000 00:00 0 
7ff7a0000000-7ff7a0021000 rw-p 00000000 00:00 0 
7ff7a0021000-7ff7a4000000 ---p 00000000 00:00 0 
7ff7a8000000-7ff7a8021000 rw-p 00000000 00:00 0 
7ff7a8021000-7ff7ac000000 ---p 00000000 00:00 0 
7ff7ac000000-7ff7ac021000 rw-p 00000000 00:00 0 
7ff7ac021000-7ff7b0000000 ---p 00000000 00:00 0 
7ff7b0000000-7ff7b028d000 rw-p 00000000 00:00 0 
7ff7b028d000-7ff7b4000000 ---p 00000000 00:00 0 
7ff7b4000000-7ff7b4021000 rw-p 00000000 00:00 0 
7ff7b4021000-7ff7b8000000 ---p 00000000 00:00 0 
7ff7b8000000-7ff7b8025000 rw-p 00000000 00:00 0 
7ff7b8025000-7ff7bc000000 ---p 00000000 00:00 0 
7ff7bc000000-7ff7bc021000 rw-p 00000000 00:00 0 
7ff7bc021000-7ff7c0000000 ---p 00000000 00:00 0 
7ff7c30f0000-7ff7c30f3000 ---p 00000000 00:00 0 
7ff7c30f3000-7ff7c31f1000 rw-p 00000000 00:00 0 
7ff7c31f1000-7ff7c31f4000 ---p 00000000 00:00 0 
7ff7c31f4000-7ff7c32f2000 rw-p 00000000 00:00 0 
7ff7c32f2000-7ff7c32f5000 ---p 00000000 00:00 0 
7ff7c32f5000-7ff7c3473000 rw-p 00000000 00:00 0 
7ff7c3473000-7ff7c35f3000 ---p 00000000 00:00 0 
7ff7c35f3000-7ff7c37f3000 rw-p 00000000 00:00 0 
7ff7c37f3000-7ff7c37f6000 ---p 00000000 00:00 0 
7ff7c37f6000-7ff7c38f4000 rw-p 00000000 00:00 0 
7ff7c38f4000-7ff7c38f7000 ---p 00000000 00:00 0 
7ff7c38f7000-7ff7c39f5000 rw-p 00000000 00:00 0 
7ff7c39f5000-7ff7c39fe000 r-xp 00000000 08:01 539312                     /opt/java/jdk1.8.0_91/jre/lib/amd64/libmanagement.so
7ff7c39fe000-7ff7c3bfd000 ---p 00009000 08:01 539312                     /opt/java/jdk1.8.0_91/jre/lib/amd64/libmanagement.so
7ff7c3bfd000-7ff7c3bfe000 rw-p 00008000 08:01 539312                     /opt/java/jdk1.8.0_91/jre/lib/amd64/libmanagement.so
7ff7c3bfe000-7ff7c3c01000 ---p 00000000 00:00 0 
7ff7c3c01000-7ff7c3eff000 rw-p 00000000 00:00 0 
7ff7c3eff000-7ff7c3f02000 ---p 00000000 00:00 0 
7ff7c3f02000-7ff7c4000000 rw-p 00000000 00:00 0 
7ff7c4000000-7ff7c4021000 rw-p 00000000 00:00 0 
7ff7c4021000-7ff7c8000000 ---p 00000000 00:00 0 
7ff7c8000000-7ff7c8021000 rw-p 00000000 00:00 0 
7ff7c8021000-7ff7cc000000 ---p 00000000 00:00 0 
7ff7cc000000-7ff7cc021000 rw-p 00000000 00:00 0 
7ff7cc021000-7ff7d0000000 ---p 00000000 00:00 0 
7ff7d0000000-7ff7d0021000 rw-p 00000000 00:00 0 
7ff7d0021000-7ff7d4000000 ---p 00000000 00:00 0 
7ff7d4000000-7ff7d4021000 rw-p 00000000 00:00 0 
7ff7d4021000-7ff7d8000000 ---p 00000000 00:00 0 
7ff7d8000000-7ff7d8021000 rw-p 00000000 00:00 0 
7ff7d8021000-7ff7dc000000 ---p 00000000 00:00 0 
7ff7dc000000-7ff7dc021000 rw-p 00000000 00:00 0 
7ff7dc021000-7ff7e0000000 ---p 00000000 00:00 0 
7ff7e0000000-7ff7e0021000 rw-p 00000000 00:00 0 
7ff7e0021000-7ff7e4000000 ---p 00000000 00:00 0 
7ff7e4000000-7ff7e4b8c000 rw-p 00000000 00:00 0 
7ff7e4b8c000-7ff7e8000000 ---p 00000000 00:00 0 
7ff7e8000000-7ff7e8629000 rw-p 00000000 00:00 0 
7ff7e8629000-7ff7ec000000 ---p 00000000 00:00 0 
7ff7ec000000-7ff7ec021000 rw-p 00000000 00:00 0 
7ff7ec021000-7ff7f0000000 ---p 00000000 00:00 0 
7ff7f0000000-7ff7f0860000 rw-p 00000000 00:00 0 
7ff7f0860000-7ff7f4000000 ---p 00000000 00:00 0 
7ff7f4000000-7ff7f4021000 rw-p 00000000 00:00 0 
7ff7f4021000-7ff7f8000000 ---p 00000000 00:00 0 
7ff7f8000000-7ff7f8021000 rw-p 00000000 00:00 0 
7ff7f8021000-7ff7fc000000 ---p 00000000 00:00 0 
7ff7fc000000-7ff7fc028000 rw-p 00000000 00:00 0 
7ff7fc028000-7ff800000000 ---p 00000000 00:00 0 
7ff800000000-7ff800021000 rw-p 00000000 00:00 0 
7ff800021000-7ff804000000 ---p 00000000 00:00 0 
7ff804000000-7ff804021000 rw-p 00000000 00:00 0 
7ff804021000-7ff808000000 ---p 00000000 00:00 0 
7ff808059000-7ff80805e000 r-xp 00000000 08:01 665357                     /usr/lib/x86_64-linux-gnu/libXfixes.so.3.1.0
7ff80805e000-7ff80825d000 ---p 00005000 08:01 665357                     /usr/lib/x86_64-linux-gnu/libXfixes.so.3.1.0
7ff80825d000-7ff80825e000 r--p 00004000 08:01 665357                     /usr/lib/x86_64-linux-gnu/libXfixes.so.3.1.0
7ff80825e000-7ff80825f000 rw-p 00005000 08:01 665357                     /usr/lib/x86_64-linux-gnu/libXfixes.so.3.1.0
7ff80825f000-7ff808268000 r-xp 00000000 08:01 665349                     /usr/lib/x86_64-linux-gnu/libXcursor.so.1.0.2
7ff808268000-7ff808467000 ---p 00009000 08:01 665349                     /usr/lib/x86_64-linux-gnu/libXcursor.so.1.0.2
7ff808467000-7ff808468000 r--p 00008000 08:01 665349                     /usr/lib/x86_64-linux-gnu/libXcursor.so.1.0.2
7ff808468000-7ff808469000 rw-p 00009000 08:01 665349                     /usr/lib/x86_64-linux-gnu/libXcursor.so.1.0.2
7ff808469000-7ff80846c000 ---p 00000000 00:00 0 
7ff80846c000-7ff80856a000 rw-p 00000000 00:00 0 
7ff80856a000-7ff8085cf000 r-xp 00000000 08:01 539286                     /opt/java/jdk1.8.0_91/jre/lib/amd64/libfontmanager.so
7ff8085cf000-7ff8087ce000 ---p 00065000 08:01 539286                     /opt/java/jdk1.8.0_91/jre/lib/amd64/libfontmanager.so
7ff8087ce000-7ff8087d3000 rw-p 00064000 08:01 539286                     /opt/java/jdk1.8.0_91/jre/lib/amd64/libfontmanager.so
7ff8087d3000-7ff8087e3000 rw-p 00000000 00:00 0 
7ff8087e3000-7ff8087e8000 r-xp 00000000 08:01 665353                     /usr/lib/x86_64-linux-gnu/libXdmcp.so.6.0.0
7ff8087e8000-7ff8089e7000 ---p 00005000 08:01 665353                     /usr/lib/x86_64-linux-gnu/libXdmcp.so.6.0.0
7ff8089e7000-7ff8089e8000 r--p 00004000 08:01 665353                     /usr/lib/x86_64-linux-gnu/libXdmcp.so.6.0.0
7ff8089e8000-7ff8089e9000 rw-p 00005000 08:01 665353                     /usr/lib/x86_64-linux-gnu/libXdmcp.so.6.0.0
7ff8089e9000-7ff8089eb000 r-xp 00000000 08:01 665342                     /usr/lib/x86_64-linux-gnu/libXau.so.6.0.0
7ff8089eb000-7ff808beb000 ---p 00002000 08:01 665342                     /usr/lib/x86_64-linux-gnu/libXau.so.6.0.0
7ff808beb000-7ff808bec000 r--p 00002000 08:01 665342                     /usr/lib/x86_64-linux-gnu/libXau.so.6.0.0
7ff808bec000-7ff808bed000 rw-p 00003000 08:01 665342                     /usr/lib/x86_64-linux-gnu/libXau.so.6.0.0
7ff808bed000-7ff808c0a000 r-xp 00000000 08:01 666294                     /usr/lib/x86_64-linux-gnu/libxcb.so.1.1.0
7ff808c0a000-7ff808e0a000 ---p 0001d000 08:01 666294                     /usr/lib/x86_64-linux-gnu/libxcb.so.1.1.0
7ff808e0a000-7ff808e0b000 r--p 0001d000 08:01 666294                     /usr/lib/x86_64-linux-gnu/libxcb.so.1.1.0
7ff808e0b000-7ff808e0c000 rw-p 0001e000 08:01 666294                     /usr/lib/x86_64-linux-gnu/libxcb.so.1.1.0
7ff808e0c000-7ff808e1b000 r-xp 00000000 08:01 665363                     /usr/lib/x86_64-linux-gnu/libXi.so.6.1.0
7ff808e1b000-7ff80901a000 ---p 0000f000 08:01 665363                     /usr/lib/x86_64-linux-gnu/libXi.so.6.1.0
7ff80901a000-7ff80901b000 r--p 0000e000 08:01 665363                     /usr/lib/x86_64-linux-gnu/libXi.so.6.1.0
7ff80901b000-7ff80901c000 rw-p 0000f000 08:01 665363                     /usr/lib/x86_64-linux-gnu/libXi.so.6.1.0
7ff80901c000-7ff809021000 r-xp 00000000 08:01 665383                     /usr/lib/x86_64-linux-gnu/libXtst.so.6.1.0
7ff809021000-7ff809220000 ---p 00005000 08:01 665383                     /usr/lib/x86_64-linux-gnu/libXtst.so.6.1.0
7ff809220000-7ff809221000 r--p 00004000 08:01 665383                     /usr/lib/x86_64-linux-gnu/libXtst.so.6.1.0
7ff809221000-7ff809222000 rw-p 00005000 08:01 665383                     /usr/lib/x86_64-linux-gnu/libXtst.so.6.1.0
7ff809222000-7ff80922b000 r-xp 00000000 08:01 665377                     /usr/lib/x86_64-linux-gnu/libXrender.so.1.3.0
7ff80922b000-7ff80942a000 ---p 00009000 08:01 665377                     /usr/lib/x86_64-linux-gnu/libXrender.so.1.3.0
7ff80942a000-7ff80942b000 r--p 00008000 08:01 665377                     /usr/lib/x86_64-linux-gnu/libXrender.so.1.3.0
7ff80942b000-7ff80942c000 rw-p 00009000 08:01 665377                     /usr/lib/x86_64-linux-gnu/libXrender.so.1.3.0
7ff80942c000-7ff80955c000 r-xp 00000000 08:01 665338                     /usr/lib/x86_64-linux-gnu/libX11.so.6.3.0
7ff80955c000-7ff80975c000 ---p 00130000 08:01 665338                     /usr/lib/x86_64-linux-gnu/libX11.so.6.3.0
7ff80975c000-7ff80975d000 r--p 00130000 08:01 665338                     /usr/lib/x86_64-linux-gnu/libX11.so.6.3.0
7ff80975d000-7ff809761000 rw-p 00131000 08:01 665338                     /usr/lib/x86_64-linux-gnu/libX11.so.6.3.0
7ff809761000-7ff809772000 r-xp 00000000 08:01 665355                     /usr/lib/x86_64-linux-gnu/libXext.so.6.4.0
7ff809772000-7ff809971000 ---p 00011000 08:01 665355                     /usr/lib/x86_64-linux-gnu/libXext.so.6.4.0
7ff809971000-7ff809972000 r--p 00010000 08:01 665355                     /usr/lib/x86_64-linux-gnu/libXext.so.6.4.0
7ff809972000-7ff809973000 rw-p 00011000 08:01 665355                     /usr/lib/x86_64-linux-gnu/libXext.so.6.4.0
7ff80998e000-7ff80998f000 rw-p 00000000 00:00 0 
7ff80998f000-7ff8099e3000 r-xp 00000000 08:01 539311                     /opt/java/jdk1.8.0_91/jre/lib/amd64/libawt_xawt.so
7ff8099e3000-7ff809be3000 ---p 00054000 08:01 539311                     /opt/java/jdk1.8.0_91/jre/lib/amd64/libawt_xawt.so
7ff809be3000-7ff809be7000 rw-p 00054000 08:01 539311                     /opt/java/jdk1.8.0_91/jre/lib/amd64/libawt_xawt.so
7ff809be7000-7ff809be8000 rw-p 00000000 00:00 0 
7ff809be8000-7ff809c8a000 r-xp 00000000 08:01 539297                     /opt/java/jdk1.8.0_91/jre/lib/amd64/libawt.so
7ff809c8a000-7ff809e8a000 ---p 000a2000 08:01 539297                     /opt/java/jdk1.8.0_91/jre/lib/amd64/libawt.so
7ff809e8a000-7ff809e96000 rw-p 000a2000 08:01 539297                     /opt/java/jdk1.8.0_91/jre/lib/amd64/libawt.so
7ff809e96000-7ff80a0ba000 rw-p 00000000 00:00 0 
7ff80a0ba000-7ff80a0bd000 ---p 00000000 00:00 0 
7ff80a0bd000-7ff80a1bb000 rw-p 00000000 00:00 0 
7ff80a1bb000-7ff80a1be000 ---p 00000000 00:00 0 
7ff80a1be000-7ff80a2bc000 rw-p 00000000 00:00 0 
7ff80a2bc000-7ff80a2bf000 ---p 00000000 00:00 0 
7ff80a2bf000-7ff80a2f5000 rw-p 00000000 00:00 0 
7ff80a2f5000-7ff80a2ff000 r--s 00116000 08:01 539161                     /opt/java/jdk1.8.0_91/jre/lib/ext/localedata.jar
7ff80a2ff000-7ff80a302000 ---p 00000000 00:00 0 
7ff80a302000-7ff80a400000 rw-p 00000000 00:00 0 
7ff80a400000-7ff80a403000 ---p 00000000 00:00 0 
7ff80a403000-7ff80a701000 rw-p 00000000 00:00 0 
7ff80a701000-7ff80a717000 r-xp 00000000 08:01 398799                     /lib/x86_64-linux-gnu/libgcc_s.so.1
7ff80a717000-7ff80a916000 ---p 00016000 08:01 398799                     /lib/x86_64-linux-gnu/libgcc_s.so.1
7ff80a916000-7ff80a917000 rw-p 00015000 08:01 398799                     /lib/x86_64-linux-gnu/libgcc_s.so.1
7ff80a917000-7ff80a933000 r--s 00393000 08:01 539154                     /opt/java/jdk1.8.0_91/jre/lib/ext/cldrdata.jar
7ff80a933000-7ff80a965000 r-xp 00000000 08:01 539259                     /opt/java/jdk1.8.0_91/jre/lib/amd64/libsunec.so
7ff80a965000-7ff80ab64000 ---p 00032000 08:01 539259                     /opt/java/jdk1.8.0_91/jre/lib/amd64/libsunec.so
7ff80ab64000-7ff80ab6a000 rw-p 00031000 08:01 539259                     /opt/java/jdk1.8.0_91/jre/lib/amd64/libsunec.so
7ff80ab6a000-7ff80ad7a000 rw-p 00000000 00:00 0 
7ff80ad7a000-7ff80ad7b000 r--s 00009000 08:01 539152                     /opt/java/jdk1.8.0_91/jre/lib/ext/sunec.jar
7ff80ad7b000-7ff80ad7e000 r--s 0001a000 08:01 539320                     /opt/java/jdk1.8.0_91/jre/lib/jce.jar
7ff80ad7e000-7ff80ad82000 r--s 00097000 08:01 539150                     /opt/java/jdk1.8.0_91/jre/lib/jsse.jar
7ff80ad82000-7ff80ad84000 r--s 0000c000 08:02 5113465                    /home/cosmic/SOFT/idea-IU-145.1617.8/plugins/testng/lib/jcommander.jar
7ff80ad84000-7ff80ad9d000 r--s 001ae000 08:02 5901638                    /home/cosmic/.ivy2/cache/org.aspectj/aspectjweaver/jars/aspectjweaver-1.8.6.jar
7ff80ad9d000-7ff80ad9f000 r--s 0000f000 08:02 5898514                    /home/cosmic/.ivy2/cache/com.squareup.okio/okio/jars/okio-1.6.0.jar
7ff80ad9f000-7ff80ada4000 r--s 0004c000 08:02 5898446                    /home/cosmic/.ivy2/cache/com.squareup.okhttp/okhttp/jars/okhttp-2.7.5.jar
7ff80ada4000-7ff80adb2000 r--s 000c7000 08:02 5898438                    /home/cosmic/.ivy2/cache/org.testng/testng/jars/testng-6.9.10.jar
7ff80adb2000-7ff80adb4000 r--s 0000e000 08:02 5898488                    /home/cosmic/.ivy2/cache/com.beust/jcommander/jars/jcommander-1.48.jar
7ff80adb4000-7ff80adb5000 r--s 00003000 08:02 5898506                    /home/cosmic/.ivy2/cache/ru.yandex.qatools.properties/properties-loader/jars/properties-loader-1.5.jar
7ff80adb5000-7ff80adb6000 r--s 00002000 08:02 5898442                    /home/cosmic/.ivy2/cache/ru.yandex.qatools.allure/allure-testng-adaptor/jars/allure-testng-adaptor-1.4.23.jar
7ff80adb6000-7ff80adb7000 r--s 0000a000 08:02 5898502                    /home/cosmic/.ivy2/cache/ru.yandex.qatools.allure/allure-model/jars/allure-model-1.4.23.jar
7ff80adb7000-7ff80adb8000 r--s 00002000 08:02 5898492                    /home/cosmic/.ivy2/cache/ru.yandex.qatools.allure/allure-java-aspects/jars/allure-java-aspects-1.4.23.jar
7ff80adb8000-7ff80adb9000 r--s 00001000 08:02 5898498                    /home/cosmic/.ivy2/cache/ru.yandex.qatools.allure/allure-java-annotations/jars/allure-java-annotations-1.4.23.jar
7ff80adb9000-7ff80adbc000 r--s 0000e000 08:02 5898494                    /home/cosmic/.ivy2/cache/ru.yandex.qatools.allure/allure-java-adaptor-api/jars/allure-java-adaptor-api-1.4.23.jar
7ff80adbc000-7ff80adbd000 r--s 00007000 08:02 5898508                    /home/cosmic/.ivy2/cache/org.slf4j/slf4j-api/jars/slf4j-api-1.7.12.jar
7ff80adbd000-7ff80adc2000 r--s 00025000 08:02 5898458                    /home/cosmic/.ivy2/cache/org.seleniumhq.selenium/selenium-support/jars/selenium-support-2.53.0.jar
7ff80adc2000-7ff80adc4000 r--s 00014000 08:02 5898456                    /home/cosmic/.ivy2/cache/org.seleniumhq.selenium/selenium-safari-driver/jars/selenium-safari-driver-2.53.0.jar
7ff80adc4000-7ff80adc9000 r--s 00035000 08:02 5898462                    /home/cosmic/.ivy2/cache/org.seleniumhq.selenium/selenium-remote-driver/jars/selenium-remote-driver-2.53.0.jar
7ff80adc9000-7ff80adce000 r--s 0005d000 08:02 5898460                    /home/cosmic/.ivy2/cache/org.seleniumhq.selenium/selenium-leg-rc/jars/selenium-leg-rc-2.53.0.jar
7ff80adce000-7ff80adcf000 r--s 00000000 08:02 5774017                    /home/cosmic/.ivy2/cache/org.seleniumhq.selenium/selenium-java/jars/selenium-java-2.53.0.jar
7ff80adcf000-7ff80add0000 r--s 00002000 08:02 5898454                    /home/cosmic/.ivy2/cache/org.seleniumhq.selenium/selenium-ie-driver/jars/selenium-ie-driver-2.53.0.jar
7ff80add0000-7ff80add2000 r--s 000c7000 08:02 5898452                    /home/cosmic/.ivy2/cache/org.seleniumhq.selenium/selenium-firefox-driver/jars/selenium-firefox-driver-2.53.0.jar
7ff80add2000-7ff80add3000 r--s 00001000 08:02 5898450                    /home/cosmic/.ivy2/cache/org.seleniumhq.selenium/selenium-edge-driver/jars/selenium-edge-driver-2.53.0.jar
7ff80add3000-7ff80add8000 r--s 0001f000 08:02 5898468                    /home/cosmic/.ivy2/cache/org.seleniumhq.selenium/selenium-api/jars/selenium-api-2.53.0.jar
7ff80add8000-7ff80adde000 r--s 0001e000 08:02 5898504                    /home/cosmic/.ivy2/cache/org.jvnet.jaxb2_commons/jaxb2-basics-runtime/jars/jaxb2-basics-runtime-0.9.3.jar
7ff80adde000-7ff80ade2000 r--s 00019000 08:02 5898496                    /home/cosmic/.ivy2/cache/org.aspectj/aspectjrt/jars/aspectjrt-1.8.3.jar
7ff80ade2000-7ff80ade9000 r--s 0007a000 08:02 5898500                    /home/cosmic/.ivy2/cache/org.apache.tika/tika-core/bundles/tika-core-1.7.jar
7ff80ade9000-7ff80adeb000 r--s 0000c000 08:02 5898472                    /home/cosmic/.ivy2/cache/org.apache.commons/commons-exec/jars/commons-exec-1.3.jar
7ff80adeb000-7ff80adfc000 r--s 00155000 08:02 5898476                    /home/cosmic/.ivy2/cache/net.java.dev.jna/jna-platform/jars/jna-platform-4.1.0.jar
7ff80adfc000-7ff80ae00000 r--s 000dc000 08:02 5898474                    /home/cosmic/.ivy2/cache/net.java.dev.jna/jna/jars/jna-4.1.0.jar
7ff80ae00000-7ff80ae16000 r--s 000f9000 08:02 5898484                    /home/cosmic/.ivy2/cache/io.netty/netty/bundles/netty-3.5.7.Final.jar
7ff80ae16000-7ff80ae18000 r--s 0000e000 08:02 5898478                    /home/cosmic/.ivy2/cache/commons-logging/commons-logging/jars/commons-logging-1.2.jar
7ff80ae18000-7ff80ae1f000 r--s 0003f000 08:02 5898480                    /home/cosmic/.ivy2/cache/commons-codec/commons-codec/jars/commons-codec-1.10.jar
7ff80ae1f000-7ff80ae23000 r--s 0002f000 08:02 5898510                    /home/cosmic/.ivy2/cache/commons-beanutils/commons-beanutils-core/jars/commons-beanutils-core-1.8.3.jar
7ff80ae23000-7ff80ae4f000 r--s 00208000 08:02 5898470                    /home/cosmic/.ivy2/cache/com.google.guava/guava/bundles/guava-19.0.jar
7ff80ae4f000-7ff80ae54000 r--s 0002f000 08:02 5898466                    /home/cosmic/.ivy2/cache/com.google.code.gson/gson/jars/gson-2.3.1.jar
7ff80ae54000-7ff80aead000 r--s 00522000 08:02 4980779                    /home/cosmic/.ivy2/cache/org.scala-lang/scala-library/jars/scala-library-2.11.8.jar
7ff80aead000-7ff80aec3000 r-xp 00000000 08:01 539304                     /opt/java/jdk1.8.0_91/jre/lib/amd64/libnet.so
7ff80aec3000-7ff80b0c3000 ---p 00016000 08:01 539304                     /opt/java/jdk1.8.0_91/jre/lib/amd64/libnet.so
7ff80b0c3000-7ff80b0c4000 rw-p 00016000 08:01 539304                     /opt/java/jdk1.8.0_91/jre/lib/amd64/libnet.so
7ff80b0c4000-7ff80b0c7000 ---p 00000000 00:00 0 
7ff80b0c7000-7ff80b1c5000 rw-p 00000000 00:00 0 
7ff80b1c5000-7ff80b1c6000 r-xp 00000000 08:02 4719019                    /home/cosmic/SOFT/idea-IU-145.1617.8/bin/libbreakgen64.so
7ff80b1c6000-7ff80b3c5000 ---p 00001000 08:02 4719019                    /home/cosmic/SOFT/idea-IU-145.1617.8/bin/libbreakgen64.so
7ff80b3c5000-7ff80b3c6000 r--p 00000000 08:02 4719019                    /home/cosmic/SOFT/idea-IU-145.1617.8/bin/libbreakgen64.so
7ff80b3c6000-7ff80b3c7000 rw-p 00001000 08:02 4719019                    /home/cosmic/SOFT/idea-IU-145.1617.8/bin/libbreakgen64.so
7ff80b3c7000-7ff80b3c8000 ---p 00000000 00:00 0 
7ff80b3c8000-7ff80b4c8000 rw-p 00000000 00:00 0 
7ff80b4c8000-7ff80c000000 r--p 00000000 08:01 661577                     /usr/lib/locale/locale-archive
7ff80c000000-7ff80c021000 rw-p 00000000 00:00 0 
7ff80c021000-7ff810000000 ---p 00000000 00:00 0 
7ff810000000-7ff810001000 r--s 00002000 08:02 5898448                    /home/cosmic/.ivy2/cache/org.seleniumhq.selenium/selenium-chrome-driver/jars/selenium-chrome-driver-2.53.0.jar
7ff810001000-7ff810006000 r--s 0002e000 08:02 5898440                    /home/cosmic/.ivy2/cache/com.codeborne/selenide/jars/selenide-3.6.jar
7ff810006000-7ff810007000 r--s 00002000 08:02 5898490                    /home/cosmic/.ivy2/cache/com.codeborne/phantomjsdriver/jars/phantomjsdriver-1.3.0.jar
7ff810007000-7ff810014000 r--s 000a7000 08:02 5774019                    /home/cosmic/.ivy2/cache/org.apache.httpcomponents/httpclient/jars/httpclient-4.5.2.jar
7ff810014000-7ff81001b000 r--s 00049000 08:02 5898512                    /home/cosmic/.ivy2/cache/org.apache.httpcomponents/httpcore/jars/httpcore-4.4.4.jar
7ff81001b000-7ff81002e000 r--s 00344000 08:01 539136                     /opt/java/jdk1.8.0_91/jre/lib/resources.jar
7ff81002e000-7ff810031000 ---p 00000000 00:00 0 
7ff810031000-7ff81012f000 rw-p 00000000 00:00 0 
7ff81012f000-7ff810132000 ---p 00000000 00:00 0 
7ff810132000-7ff810230000 rw-p 00000000 00:00 0 
7ff810230000-7ff810233000 ---p 00000000 00:00 0 
7ff810233000-7ff810331000 rw-p 00000000 00:00 0 
7ff810331000-7ff810334000 ---p 00000000 00:00 0 
7ff810334000-7ff810432000 rw-p 00000000 00:00 0 
7ff810432000-7ff810435000 ---p 00000000 00:00 0 
7ff810435000-7ff810533000 rw-p 00000000 00:00 0 
7ff810533000-7ff810536000 ---p 00000000 00:00 0 
7ff810536000-7ff810634000 rw-p 00000000 00:00 0 
7ff810634000-7ff810637000 ---p 00000000 00:00 0 
7ff810637000-7ff810735000 rw-p 00000000 00:00 0 
7ff810735000-7ff810736000 ---p 00000000 00:00 0 
7ff810736000-7ff814000000 rw-p 00000000 00:00 0 
7ff814000000-7ff814021000 rw-p 00000000 00:00 0 
7ff814021000-7ff818000000 ---p 00000000 00:00 0 
7ff818000000-7ff818004000 r--s 0002a000 08:02 5898482                    /home/cosmic/.ivy2/cache/commons-io/commons-io/jars/commons-io-2.4.jar
7ff818004000-7ff81800b000 r--s 00049000 08:02 5898464                    /home/cosmic/.ivy2/cache/cglib/cglib-nodep/jars/cglib-nodep-2.1_3.jar
7ff81800b000-7ff81801e000 r--s 000d6000 08:01 539040                     /opt/java/jdk1.8.0_91/jre/lib/plugin.jar
7ff81801e000-7ff818627000 rw-p 00000000 00:00 0 
7ff818627000-7ff818800000 r--s 03d1f000 08:01 539098                     /opt/java/jdk1.8.0_91/jre/lib/rt.jar
7ff818800000-7ff819000000 rw-p 00000000 00:00 0 
7ff819000000-7ff819840000 rwxp 00000000 00:00 0 
7ff819840000-7ff828000000 ---p 00000000 00:00 0 
7ff828000000-7ff828971000 rw-p 00000000 00:00 0 
7ff828971000-7ff82c000000 ---p 00000000 00:00 0 
7ff82c000000-7ff82c005000 r--s 00040000 08:02 5898486                    /home/cosmic/.ivy2/cache/org.beanshell/bsh/jars/bsh-2.0b4.jar
7ff82c005000-7ff82c006000 r--s 00000000 08:01 539022                     /opt/java/jdk1.8.0_91/jre/lib/management-agent.jar
7ff82c006000-7ff82c00a000 r--s 00097000 08:01 539150                     /opt/java/jdk1.8.0_91/jre/lib/jsse.jar
7ff82c00a000-7ff82c00f000 r--s 00084000 08:01 539015                     /opt/java/jdk1.8.0_91/jre/lib/jfr.jar
7ff82c00f000-7ff82c012000 r--s 0001a000 08:01 539320                     /opt/java/jdk1.8.0_91/jre/lib/jce.jar
7ff82c012000-7ff82c01c000 r--s 0006c000 08:01 539025                     /opt/java/jdk1.8.0_91/jre/lib/javaws.jar
7ff82c01c000-7ff82c36e000 rw-p 00000000 00:00 0 
7ff82c36e000-7ff82c36f000 ---p 00000000 00:00 0 
7ff82c36f000-7ff82c46f000 rw-p 00000000 00:00 0 
7ff82c46f000-7ff82c470000 ---p 00000000 00:00 0 
7ff82c470000-7ff82c570000 rw-p 00000000 00:00 0 
7ff82c570000-7ff82c571000 ---p 00000000 00:00 0 
7ff82c571000-7ff82c671000 rw-p 00000000 00:00 0 
7ff82c671000-7ff82c672000 ---p 00000000 00:00 0 
7ff82c672000-7ff82c783000 rw-p 00000000 00:00 0 
7ff82c783000-7ff82c95a000 ---p 00000000 00:00 0 
7ff82c95a000-7ff82c96b000 rw-p 00000000 00:00 0 
7ff82c96b000-7ff82cb42000 ---p 00000000 00:00 0 
7ff82cb42000-7ff82cb60000 rw-p 00000000 00:00 0 
7ff82cb60000-7ff82cc36000 ---p 00000000 00:00 0 
7ff82cc36000-7ff82cc58000 rw-p 00000000 00:00 0 
7ff82cc58000-7ff82cff7000 ---p 00000000 00:00 0 
7ff82cff7000-7ff82d011000 r-xp 00000000 08:01 539300                     /opt/java/jdk1.8.0_91/jre/lib/amd64/libzip.so
7ff82d011000-7ff82d211000 ---p 0001a000 08:01 539300                     /opt/java/jdk1.8.0_91/jre/lib/amd64/libzip.so
7ff82d211000-7ff82d212000 rw-p 0001a000 08:01 539300                     /opt/java/jdk1.8.0_91/jre/lib/amd64/libzip.so
7ff82d212000-7ff82d21c000 r-xp 00000000 08:01 394090                     /lib/x86_64-linux-gnu/libnss_files-2.19.so
7ff82d21c000-7ff82d41b000 ---p 0000a000 08:01 394090                     /lib/x86_64-linux-gnu/libnss_files-2.19.so
7ff82d41b000-7ff82d41c000 r--p 00009000 08:01 394090                     /lib/x86_64-linux-gnu/libnss_files-2.19.so
7ff82d41c000-7ff82d41d000 rw-p 0000a000 08:01 394090                     /lib/x86_64-linux-gnu/libnss_files-2.19.so
7ff82d41d000-7ff82d428000 r-xp 00000000 08:01 394082                     /lib/x86_64-linux-gnu/libnss_nis-2.19.so
7ff82d428000-7ff82d627000 ---p 0000b000 08:01 394082                     /lib/x86_64-linux-gnu/libnss_nis-2.19.so
7ff82d627000-7ff82d628000 r--p 0000a000 08:01 394082                     /lib/x86_64-linux-gnu/libnss_nis-2.19.so
7ff82d628000-7ff82d629000 rw-p 0000b000 08:01 394082                     /lib/x86_64-linux-gnu/libnss_nis-2.19.so
7ff82d629000-7ff82d640000 r-xp 00000000 08:01 394078                     /lib/x86_64-linux-gnu/libnsl-2.19.so
7ff82d640000-7ff82d83f000 ---p 00017000 08:01 394078                     /lib/x86_64-linux-gnu/libnsl-2.19.so
7ff82d83f000-7ff82d840000 r--p 00016000 08:01 394078                     /lib/x86_64-linux-gnu/libnsl-2.19.so
7ff82d840000-7ff82d841000 rw-p 00017000 08:01 394078                     /lib/x86_64-linux-gnu/libnsl-2.19.so
7ff82d841000-7ff82d843000 rw-p 00000000 00:00 0 
7ff82d843000-7ff82d84c000 r-xp 00000000 08:01 394077                     /lib/x86_64-linux-gnu/libnss_compat-2.19.so
7ff82d84c000-7ff82da4b000 ---p 00009000 08:01 394077                     /lib/x86_64-linux-gnu/libnss_compat-2.19.so
7ff82da4b000-7ff82da4c000 r--p 00008000 08:01 394077                     /lib/x86_64-linux-gnu/libnss_compat-2.19.so
7ff82da4c000-7ff82da4d000 rw-p 00009000 08:01 394077                     /lib/x86_64-linux-gnu/libnss_compat-2.19.so
7ff82da4d000-7ff82da77000 r-xp 00000000 08:01 539295                     /opt/java/jdk1.8.0_91/jre/lib/amd64/libjava.so
7ff82da77000-7ff82dc77000 ---p 0002a000 08:01 539295                     /opt/java/jdk1.8.0_91/jre/lib/amd64/libjava.so
7ff82dc77000-7ff82dc79000 rw-p 0002a000 08:01 539295                     /opt/java/jdk1.8.0_91/jre/lib/amd64/libjava.so
7ff82dc79000-7ff82dc86000 r-xp 00000000 08:01 539299                     /opt/java/jdk1.8.0_91/jre/lib/amd64/libverify.so
7ff82dc86000-7ff82de86000 ---p 0000d000 08:01 539299                     /opt/java/jdk1.8.0_91/jre/lib/amd64/libverify.so
7ff82de86000-7ff82de88000 rw-p 0000d000 08:01 539299                     /opt/java/jdk1.8.0_91/jre/lib/amd64/libverify.so
7ff82de88000-7ff82de8f000 r-xp 00000000 08:01 394086                     /lib/x86_64-linux-gnu/librt-2.19.so
7ff82de8f000-7ff82e08e000 ---p 00007000 08:01 394086                     /lib/x86_64-linux-gnu/librt-2.19.so
7ff82e08e000-7ff82e08f000 r--p 00006000 08:01 394086                     /lib/x86_64-linux-gnu/librt-2.19.so
7ff82e08f000-7ff82e090000 rw-p 00007000 08:01 394086                     /lib/x86_64-linux-gnu/librt-2.19.so
7ff82e090000-7ff82e195000 r-xp 00000000 08:01 394004                     /lib/x86_64-linux-gnu/libm-2.19.so
7ff82e195000-7ff82e394000 ---p 00105000 08:01 394004                     /lib/x86_64-linux-gnu/libm-2.19.so
7ff82e394000-7ff82e395000 r--p 00104000 08:01 394004                     /lib/x86_64-linux-gnu/libm-2.19.so
7ff82e395000-7ff82e396000 rw-p 00105000 08:01 394004                     /lib/x86_64-linux-gnu/libm-2.19.so
7ff82e396000-7ff82f056000 r-xp 00000000 08:01 539278                     /opt/java/jdk1.8.0_91/jre/lib/amd64/server/libjvm.so
7ff82f056000-7ff82f256000 ---p 00cc0000 08:01 539278                     /opt/java/jdk1.8.0_91/jre/lib/amd64/server/libjvm.so
7ff82f256000-7ff82f32e000 rw-p 00cc0000 08:01 539278                     /opt/java/jdk1.8.0_91/jre/lib/amd64/server/libjvm.so
7ff82f32e000-7ff82f379000 rw-p 00000000 00:00 0 
7ff82f379000-7ff82f533000 r-xp 00000000 08:01 394087                     /lib/x86_64-linux-gnu/libc-2.19.so
7ff82f533000-7ff82f733000 ---p 001ba000 08:01 394087                     /lib/x86_64-linux-gnu/libc-2.19.so
7ff82f733000-7ff82f737000 r--p 001ba000 08:01 394087                     /lib/x86_64-linux-gnu/libc-2.19.so
7ff82f737000-7ff82f739000 rw-p 001be000 08:01 394087                     /lib/x86_64-linux-gnu/libc-2.19.so
7ff82f739000-7ff82f73e000 rw-p 00000000 00:00 0 
7ff82f73e000-7ff82f741000 r-xp 00000000 08:01 394014                     /lib/x86_64-linux-gnu/libdl-2.19.so
7ff82f741000-7ff82f940000 ---p 00003000 08:01 394014                     /lib/x86_64-linux-gnu/libdl-2.19.so
7ff82f940000-7ff82f941000 r--p 00002000 08:01 394014                     /lib/x86_64-linux-gnu/libdl-2.19.so
7ff82f941000-7ff82f942000 rw-p 00003000 08:01 394014                     /lib/x86_64-linux-gnu/libdl-2.19.so
7ff82f942000-7ff82f957000 r-xp 00000000 08:01 538913                     /opt/java/jdk1.8.0_91/lib/amd64/jli/libjli.so
7ff82f957000-7ff82fb57000 ---p 00015000 08:01 538913                     /opt/java/jdk1.8.0_91/lib/amd64/jli/libjli.so
7ff82fb57000-7ff82fb58000 rw-p 00015000 08:01 538913                     /opt/java/jdk1.8.0_91/lib/amd64/jli/libjli.so
7ff82fb58000-7ff82fb71000 r-xp 00000000 08:01 394079                     /lib/x86_64-linux-gnu/libpthread-2.19.so
7ff82fb71000-7ff82fd70000 ---p 00019000 08:01 394079                     /lib/x86_64-linux-gnu/libpthread-2.19.so
7ff82fd70000-7ff82fd71000 r--p 00018000 08:01 394079                     /lib/x86_64-linux-gnu/libpthread-2.19.so
7ff82fd71000-7ff82fd72000 rw-p 00019000 08:01 394079                     /lib/x86_64-linux-gnu/libpthread-2.19.so
7ff82fd72000-7ff82fd76000 rw-p 00000000 00:00 0 
7ff82fd76000-7ff82fd99000 r-xp 00000000 08:01 394080                     /lib/x86_64-linux-gnu/ld-2.19.so
7ff82fd99000-7ff82fdb4000 r--s 00208000 08:01 539016                     /opt/java/jdk1.8.0_91/jre/lib/deploy.jar
7ff82fdb4000-7ff82fe75000 rw-p 00000000 00:00 0 
7ff82fe75000-7ff82fe78000 ---p 00000000 00:00 0 
7ff82fe78000-7ff82ff7a000 rw-p 00000000 00:00 0 
7ff82ff7a000-7ff82ff7c000 r--s 00007000 08:01 539322                     /opt/java/jdk1.8.0_91/jre/lib/jfxswt.jar
7ff82ff7c000-7ff82ff82000 r--s 002f8000 08:01 539096                     /opt/java/jdk1.8.0_91/jre/lib/charsets.jar
7ff82ff82000-7ff82ff8a000 r--s 000c2000 08:02 5113467                    /home/cosmic/SOFT/idea-IU-145.1617.8/plugins/testng/lib/testng-plugin.jar
7ff82ff8a000-7ff82ff8c000 r--s 0001e000 08:02 4719118                    /home/cosmic/SOFT/idea-IU-145.1617.8/lib/idea_rt.jar
7ff82ff8c000-7ff82ff94000 rw-s 00000000 08:01 949752                     /tmp/hsperfdata_cosmic/21437
7ff82ff94000-7ff82ff95000 rw-p 00000000 00:00 0 
7ff82ff95000-7ff82ff96000 r--p 00000000 00:00 0 
7ff82ff96000-7ff82ff98000 rw-p 00000000 00:00 0 
7ff82ff98000-7ff82ff99000 r--p 00022000 08:01 394080                     /lib/x86_64-linux-gnu/ld-2.19.so
7ff82ff99000-7ff82ff9a000 rw-p 00023000 08:01 394080                     /lib/x86_64-linux-gnu/ld-2.19.so
7ff82ff9a000-7ff82ff9b000 rw-p 00000000 00:00 0 
7ffd8c708000-7ffd8c72a000 rw-p 00000000 00:00 0                          [stack]
7ffd8c7a9000-7ffd8c7ab000 r--p 00000000 00:00 0                          [vvar]
7ffd8c7ab000-7ffd8c7ad000 r-xp 00000000 00:00 0                          [vdso]
ffffffffff600000-ffffffffff601000 r-xp 00000000 00:00 0                  [vsyscall]

VM Arguments:
jvm_args: -ea -Didea.launcher.port=7537 -Didea.launcher.bin.path=/home/cosmic/SOFT/idea-IU-145.1617.8/bin -Didea.testng.sm_runner -Dfile.encoding=UTF-8 
java_command: com.intellij.rt.execution.application.AppMain org.testng.RemoteTestNGStarter -port 39433 -usedefaultlisteners false -socket43441 @w@/tmp/idea_working_dirs_testng.tmp -temp /tmp/idea_testng.tmp
java_class_path (initial): /home/cosmic/SOFT/idea-IU-145.1617.8/lib/idea_rt.jar:/home/cosmic/SOFT/idea-IU-145.1617.8/plugins/testng/lib/testng-plugin.jar:/opt/java/jdk1.8.0_91/jre/lib/charsets.jar:/opt/java/jdk1.8.0_91/jre/lib/deploy.jar:/opt/java/jdk1.8.0_91/jre/lib/ext/cldrdata.jar:/opt/java/jdk1.8.0_91/jre/lib/ext/dnsns.jar:/opt/java/jdk1.8.0_91/jre/lib/ext/jaccess.jar:/opt/java/jdk1.8.0_91/jre/lib/ext/jfxrt.jar:/opt/java/jdk1.8.0_91/jre/lib/ext/localedata.jar:/opt/java/jdk1.8.0_91/jre/lib/ext/nashorn.jar:/opt/java/jdk1.8.0_91/jre/lib/ext/sunec.jar:/opt/java/jdk1.8.0_91/jre/lib/ext/sunjce_provider.jar:/opt/java/jdk1.8.0_91/jre/lib/ext/sunpkcs11.jar:/opt/java/jdk1.8.0_91/jre/lib/ext/zipfs.jar:/opt/java/jdk1.8.0_91/jre/lib/javaws.jar:/opt/java/jdk1.8.0_91/jre/lib/jce.jar:/opt/java/jdk1.8.0_91/jre/lib/jfr.jar:/opt/java/jdk1.8.0_91/jre/lib/jfxswt.jar:/opt/java/jdk1.8.0_91/jre/lib/jsse.jar:/opt/java/jdk1.8.0_91/jre/lib/management-agent.jar:/opt/java/jdk1.8.0_91/jre/lib/plugin.jar:/opt/java/jdk1.8.0_91/jre/lib/resources.jar:/opt/java/jdk1.8.0_91/jre/lib/rt.jar:/home/cosmic/IdeaProjects/FC/ui-tests/target/scala-2.11/test-classes:/home/cosmic/.ivy2/cache/cglib/cglib-nodep/jars/cglib-nodep-2.1_3.jar:/home/cosmic/.ivy2/cache/org.apache.httpcomponents/httpcore/jars/httpcore-4.4.4.jar:/home/cosmic/.ivy2/cache/org.apache.httpcomponents/httpclient/jars/httpclient-4.5.2.jar:/home/cosmic/.ivy2/cache/org.scala-lang/scala-library/jars/scala-library-2.11.8.jar:/home/cosmic/.ivy2/cache/org.beanshell/bsh/jars/bsh-2.0b4.jar:/home/cosmic/.ivy2/cache/commons-io/commons-io/jars/commons-io-2.4.jar:/home/cosmic/.ivy2/cache/com.codeborne/phantomjsdriver/jars/phantomjsdriver-1.3.0.jar:/home/cosmic/.ivy2/cache/com.codeborne/selenide/jars/selenide-3.6.jar:/home/cosmic/.ivy2/cache/com.google.code.gson/gson/jars/gson-2.3.1.jar:/home/cosmic/.ivy2/cache/com.google.guava/guava/bundles/guava-19.0.jar:/home/cosmic/.ivy2/cache/commons-beanutils/commons-beanutils-core/jars/commons-beanutils-core-1.8.
Launcher Type: SUN_STANDARD

Environment Variables:
JAVA_HOME=/opt/java/jdk1.8.0_91
JRE_HOME=/opt/java/jdk1.8.0_91/jre
PATH=/usr/local/sbin:/usr/local/bin:/usr/sbin:/usr/bin:/sbin:/bin:/usr/games:/usr/local/games:/home/cosmic/bash_scripts/touchpad.sh:/home/cosmic/bash_scripts/monitor.sh:/home/cosmic/SOFT/idea-IU-145.1617.8/bin:/home/cosmic/SOFT/idea-IU-145.1617.8/bin:/opt/java/jdk1.8.0_91:/opt/java/jdk1.8.0_91/jre
LD_LIBRARY_PATH=/home/cosmic/SOFT/idea-IU-145.1617.8/bin:
SHELL=/bin/bash
DISPLAY=:0.0

Signal Handlers:
SIGSEGV: [libjvm.so+0xabca10], sa_mask[0]=11111111011111111101111111111110, sa_flags=SA_RESTART|SA_SIGINFO
SIGBUS: [libjvm.so+0xabca10], sa_mask[0]=11111111011111111101111111111110, sa_flags=SA_RESTART|SA_SIGINFO
SIGFPE: [libjvm.so+0x919a20], sa_mask[0]=11111111011111111101111111111110, sa_flags=SA_RESTART|SA_SIGINFO
SIGPIPE: [libjvm.so+0x919a20], sa_mask[0]=11111111011111111101111111111110, sa_flags=SA_RESTART|SA_SIGINFO
SIGXFSZ: [libjvm.so+0x919a20], sa_mask[0]=11111111011111111101111111111110, sa_flags=SA_RESTART|SA_SIGINFO
SIGILL: [libjvm.so+0x919a20], sa_mask[0]=11111111011111111101111111111110, sa_flags=SA_RESTART|SA_SIGINFO
SIGUSR1: SIG_DFL, sa_mask[0]=00000000000000000000000000000000, sa_flags=none
SIGUSR2: [libjvm.so+0x91b050], sa_mask[0]=00100000000000000000000000000000, sa_flags=SA_RESTART|SA_SIGINFO
SIGHUP: [libjvm.so+0x91c450], sa_mask[0]=11111111011111111101111111111110, sa_flags=SA_RESTART|SA_SIGINFO
SIGINT: [libjvm.so+0x91c450], sa_mask[0]=11111111011111111101111111111110, sa_flags=SA_RESTART|SA_SIGINFO
SIGTERM: [libjvm.so+0x91c450], sa_mask[0]=11111111011111111101111111111110, sa_flags=SA_RESTART|SA_SIGINFO
SIGQUIT: [libjvm.so+0x91c450], sa_mask[0]=11111111011111111101111111111110, sa_flags=SA_RESTART|SA_SIGINFO


---------------  S Y S T E M  ---------------

OS:DISTRIB_ID=Ubuntu
DISTRIB_RELEASE=14.04
DISTRIB_CODENAME=trusty
DISTRIB_DESCRIPTION="Ubuntu 14.04.4 LTS"

uname:Linux 4.2.0-38-generic #45~14.04.1-Ubuntu SMP Thu Jun 9 09:27:51 UTC 2016 x86_64
libc:glibc 2.19 NPTL 2.19 
rlimit: STACK 8192k, CORE 0k, NPROC 23322, NOFILE 4096, AS infinity
load average:1,31 2,10 1,95

/proc/meminfo:
MemTotal:        5992012 kB
MemFree:         1986476 kB
MemAvailable:    2398472 kB
Buffers:           34800 kB
Cached:          1808068 kB
SwapCached:         7972 kB
Active:          2989584 kB
Inactive:         788376 kB
Active(anon):    2619696 kB
Inactive(anon):   617696 kB
Active(file):     369888 kB
Inactive(file):   170680 kB
Unevictable:         240 kB
Mlocked:             240 kB
SwapTotal:      11717628 kB
SwapFree:       11494048 kB
Dirty:              1076 kB
Writeback:             0 kB
AnonPages:       1932376 kB
Mapped:          1298292 kB
Shmem:           1302296 kB
Slab:             117444 kB
SReclaimable:      80712 kB
SUnreclaim:        36732 kB
KernelStack:       10528 kB
PageTables:        35032 kB
NFS_Unstable:          0 kB
Bounce:                0 kB
WritebackTmp:          0 kB
CommitLimit:    14713632 kB
Committed_AS:    6529780 kB
VmallocTotal:   34359738367 kB
VmallocUsed:      362332 kB
VmallocChunk:   34358947836 kB
HardwareCorrupted:     0 kB
AnonHugePages:   1187840 kB
CmaTotal:              0 kB
CmaFree:               0 kB
HugePages_Total:       0
HugePages_Free:        0
HugePages_Rsvd:        0
HugePages_Surp:        0
Hugepagesize:       2048 kB
DirectMap4k:      184264 kB
DirectMap2M:     5988352 kB


CPU:total 4 (2 cores per cpu, 2 threads per core) family 6 model 42 stepping 7, cmov, cx8, fxsr, mmx, sse, sse2, sse3, ssse3, sse4.1, sse4.2, popcnt, avx, clmul, ht, tsc, tscinvbit

/proc/cpuinfo:
processor	: 0
vendor_id	: GenuineIntel
cpu family	: 6
model		: 42
model name	: Intel(R) Core(TM) i3-2377M CPU @ 1.50GHz
stepping	: 7
microcode	: 0x28
cpu MHz		: 1500.000
cache size	: 3072 KB
physical id	: 0
siblings	: 4
core id		: 0
cpu cores	: 2
apicid		: 0
initial apicid	: 0
fpu		: yes
fpu_exception	: yes
cpuid level	: 13
wp		: yes
flags		: fpu vme de pse tsc msr pae mce cx8 apic sep mtrr pge mca cmov pat pse36 clflush dts acpi mmx fxsr sse sse2 ss ht tm pbe syscall nx rdtscp lm constant_tsc arch_perfmon pebs bts rep_good nopl xtopology nonstop_tsc aperfmperf eagerfpu pni pclmulqdq dtes64 monitor ds_cpl vmx est tm2 ssse3 cx16 xtpr pdcm pcid sse4_1 sse4_2 x2apic popcnt tsc_deadline_timer xsave avx lahf_lm arat epb pln pts dtherm tpr_shadow vnmi flexpriority ept vpid xsaveopt
bugs		:
bogomips	: 2992.93
clflush size	: 64
cache_alignment	: 64
address sizes	: 36 bits physical, 48 bits virtual
power management:

processor	: 1
vendor_id	: GenuineIntel
cpu family	: 6
model		: 42
model name	: Intel(R) Core(TM) i3-2377M CPU @ 1.50GHz
stepping	: 7
microcode	: 0x28
cpu MHz		: 1499.941
cache size	: 3072 KB
physical id	: 0
siblings	: 4
core id		: 1
cpu cores	: 2
apicid		: 2
initial apicid	: 2
fpu		: yes
fpu_exception	: yes
cpuid level	: 13
wp		: yes
flags		: fpu vme de pse tsc msr pae mce cx8 apic sep mtrr pge mca cmov pat pse36 clflush dts acpi mmx fxsr sse sse2 ss ht tm pbe syscall nx rdtscp lm constant_tsc arch_perfmon pebs bts rep_good nopl xtopology nonstop_tsc aperfmperf eagerfpu pni pclmulqdq dtes64 monitor ds_cpl vmx est tm2 ssse3 cx16 xtpr pdcm pcid sse4_1 sse4_2 x2apic popcnt tsc_deadline_timer xsave avx lahf_lm arat epb pln pts dtherm tpr_shadow vnmi flexpriority ept vpid xsaveopt
bugs		:
bogomips	: 2992.93
clflush size	: 64
cache_alignment	: 64
address sizes	: 36 bits physical, 48 bits virtual
power management:

processor	: 2
vendor_id	: GenuineIntel
cpu family	: 6
model		: 42
model name	: Intel(R) Core(TM) i3-2377M CPU @ 1.50GHz
stepping	: 7
microcode	: 0x28
cpu MHz		: 1500.000
cache size	: 3072 KB
physical id	: 0
siblings	: 4
core id		: 0
cpu cores	: 2
apicid		: 1
initial apicid	: 1
fpu		: yes
fpu_exception	: yes
cpuid level	: 13
wp		: yes
flags		: fpu vme de pse tsc msr pae mce cx8 apic sep mtrr pge mca cmov pat pse36 clflush dts acpi mmx fxsr sse sse2 ss ht tm pbe syscall nx rdtscp lm constant_tsc arch_perfmon pebs bts rep_good nopl xtopology nonstop_tsc aperfmperf eagerfpu pni pclmulqdq dtes64 monitor ds_cpl vmx est tm2 ssse3 cx16 xtpr pdcm pcid sse4_1 sse4_2 x2apic popcnt tsc_deadline_timer xsave avx lahf_lm arat epb pln pts dtherm tpr_shadow vnmi flexpriority ept vpid xsaveopt
bugs		:
bogomips	: 2992.93
clflush size	: 64
cache_alignment	: 64
address sizes	: 36 bits physical, 48 bits virtual
power management:

processor	: 3
vendor_id	: GenuineIntel
cpu family	: 6
model		: 42
model name	: Intel(R) Core(TM) i3-2377M CPU @ 1.50GHz
stepping	: 7
microcode	: 0x28
cpu MHz		: 1499.941
cache size	: 3072 KB
physical id	: 0
siblings	: 4
core id		: 1
cpu cores	: 2
apicid		: 3
initial apicid	: 3
fpu		: yes
fpu_exception	: yes
cpuid level	: 13
wp		: yes
flags		: fpu vme de pse tsc msr pae mce cx8 apic sep mtrr pge mca cmov pat pse36 clflush dts acpi mmx fxsr sse sse2 ss ht tm pbe syscall nx rdtscp lm constant_tsc arch_perfmon pebs bts rep_good nopl xtopology nonstop_tsc aperfmperf eagerfpu pni pclmulqdq dtes64 monitor ds_cpl vmx est tm2 ssse3 cx16 xtpr pdcm pcid sse4_1 sse4_2 x2apic popcnt tsc_deadline_timer xsave avx lahf_lm arat epb pln pts dtherm tpr_shadow vnmi flexpriority ept vpid xsaveopt
bugs		:
bogomips	: 2992.93
clflush size	: 64
cache_alignment	: 64
address sizes	: 36 bits physical, 48 bits virtual
power management:



Memory: 4k page, physical 5992012k(1989584k free), swap 11717628k(11494048k free)

vm_info: Java HotSpot(TM) 64-Bit Server VM (25.91-b14) for linux-amd64 JRE (1.8.0_91-b14), built on Apr  1 2016 00:57:21 by "java_re" with gcc 4.3.0 20080428 (Red Hat 4.3.0-8)

time: Wed Jun 22 00:28:01 2016
elapsed time: 162 seconds (0d 0h 2m 42s)

