#
# A fatal error has been detected by the Java Runtime Environment:
#
#  SIGSEGV (0xb) at pc=0x00007febaf1f9443, pid=14535, tid=140650210772736
#
# JRE version: Java(TM) SE Runtime Environment (8.0_91-b14) (build 1.8.0_91-b14)
# Java VM: Java HotSpot(TM) 64-Bit Server VM (25.91-b14 mixed mode linux-amd64 compressed oops)
# Problematic frame:
# C  [libX11.so.6+0x89443]
#
# Failed to write core dump. Core dumps have been disabled. To enable core dumping, try "ulimit -c unlimited" before starting Java again
#
# If you would like to submit a bug report, please visit:
#   http://bugreport.java.com/bugreport/crash.jsp
# The crash happened outside the Java Virtual Machine in native code.
# See problematic frame for where to report the bug.
#

---------------  T H R E A D  ---------------

Current thread (0x00007febd0398800):  JavaThread "AWT-XAWT" daemon [_thread_in_native, id=14681, stack(0x00007febadc9c000,0x00007febadd9d000)]

siginfo: si_signo: 11 (SIGSEGV), si_code: 1 (SEGV_MAPERR), si_addr: 0x000000000000000a

Registers:
RAX=0x00007febd0539190, RBX=0x00007febd0322f70, RCX=0x0000000000000000, RDX=0x0000000000000087
RSP=0x00007febadd9b5f0, RBP=0x000000000000000a, RSI=0x0000000000000000, RDI=0x00007febd0322f70
R8 =0x0000000000000000, R9 =0x00007feb64004290, R10=0x00007febc10179e8, R11=0x00007febd8aaf850
R12=0x0000000000000000, R13=0x00007febafc97308, R14=0x00007febadd9b6f8, R15=0x00007febd0398800
RIP=0x00007febaf1f9443, EFLAGS=0x0000000000010246, CSGSFS=0x0000000000000033, ERR=0x0000000000000004
  TRAPNO=0x000000000000000e

Top of Stack: (sp=0x00007febadd9b5f0)
0x00007febadd9b5f0:   0000000000000000 00007febd0322f70
0x00007febadd9b600:   0000000000000047 00007febaf1fa0f1
0x00007febadd9b610:   00007febafc97308 00007febadd9b630
0x00007febadd9b620:   0000000000000000 00007febaf703201
0x00007febadd9b630:   00007febadd9b6b0 00007febc1017a14
0x00007febadd9b640:   00000000e4a8b560 00007febadd9b648
0x00007febadd9b650:   00007febafd73834 00007febadd9b6a0
0x00007febadd9b660:   00007febafd75000 0000000000000000
0x00007febadd9b670:   00007febadd9b670 0000000000000000
0x00007febadd9b680:   00007febadd9b6f8 00007febafc98338
0x00007febadd9b690:   0000000000000000 00007febafc97308
0x00007febadd9b6a0:   0000000000000000 00007febadd9b6d0
0x00007febadd9b6b0:   00007febadd9b740 00007febc1007dd0
0x00007febadd9b6c0:   00000000e1af5dc8 00007febc1011537
0x00007febadd9b6d0:   0000000000000000 0000000000000000
0x00007febadd9b6e0:   0000000000000047 00007febc1007dd0
0x00007febadd9b6f0:   00007febd0322f70 00007febc1007dd0
0x00007febadd9b700:   00007febadd9b700 00007febafc72d87
0x00007febadd9b710:   00007febadd9b768 00007febafc84d30
0x00007febadd9b720:   0000000000000000 00007febafc72da8
0x00007febadd9b730:   00007febadd9b6d0 00007febadd9b760
0x00007febadd9b740:   00007febadd9b7b0 00007febc10082bd
0x00007febadd9b750:   0000000000000001 00000000e1c05d28
0x00007febadd9b760:   00000000e1bf82e0 00000000e1b2ba30
0x00007febadd9b770:   00007febadd9b770 00007febafc6cf71
0x00007febadd9b780:   00007febadd9b7f8 00007febafc84d30
0x00007febadd9b790:   0000000000000000 00007febafc6d150
0x00007febadd9b7a0:   00007febadd9b760 00007febadd9b7f0
0x00007febadd9b7b0:   00007febadd9b840 00007febc10082bd
0x00007febadd9b7c0:   0000000000000000 0000000000000000
0x00007febadd9b7d0:   0000000000000000 0000000000000000
0x00007febadd9b7e0:   0000000000000000 00000000e1bf82e0 

Instructions: (pc=0x00007febaf1f9443)
0x00007febaf1f9423:   83 ec 08 e8 f5 57 fb ff 48 8b 93 20 0a 00 00 31
0x00007febaf1f9433:   c9 31 f6 48 8b 52 08 8b 52 04 c6 40 01 08 88 10
0x00007febaf1f9443:   0f b7 55 00 66 89 48 06 c6 40 0b 00 c6 40 0a 00
0x00007febaf1f9453:   c6 40 0d 00 c6 40 0c 00 c6 40 0f 00 66 89 50 04 

Register to memory mapping:

RAX=0x00007febd0539190 is an unknown value
RBX=0x00007febd0322f70 is an unknown value
RCX=0x0000000000000000 is an unknown value
RDX=0x0000000000000087 is an unknown value
RSP=0x00007febadd9b5f0 is pointing into the stack for thread: 0x00007febd0398800
RBP=0x000000000000000a is an unknown value
RSI=0x0000000000000000 is an unknown value
RDI=0x00007febd0322f70 is an unknown value
R8 =0x0000000000000000 is an unknown value
R9 =0x00007feb64004290 is an unknown value
R10=0x00007febc10179e8 is at code_begin+808 in an Interpreter codelet
method entry point (kind = native)  [0x00007febc10176c0, 0x00007febc1017fc0]  2304 bytes
R11=0x00007febd8aaf850: <offset 0x9bb850> in /opt/java/jdk1.8.0_91/jre/lib/amd64/server/libjvm.so at 0x00007febd80f4000
R12=0x0000000000000000 is an unknown value
R13={method} {0x00007febafc97308} 'XkbGetUpdatedMap' '(JJJ)J' in 'sun/awt/X11/XlibWrapper'
R14=0x00007febadd9b6f8 is pointing into the stack for thread: 0x00007febd0398800
R15=0x00007febd0398800 is a thread


Stack: [0x00007febadc9c000,0x00007febadd9d000],  sp=0x00007febadd9b5f0,  free space=1021k
Native frames: (J=compiled Java code, j=interpreted, Vv=VM code, C=native code)
C  [libX11.so.6+0x89443]

Java frames: (J=compiled Java code, j=interpreted, Vv=VM code)
j  sun.awt.X11.XlibWrapper.XkbGetUpdatedMap(JJJ)J+0
j  sun.awt.X11.XToolkit.processXkbChanges(Lsun/awt/X11/XEvent;)V+87
j  sun.awt.X11.XToolkit.run(Z)V+137
j  sun.awt.X11.XToolkit.run()V+5
j  java.lang.Thread.run()V+11
v  ~StubRoutines::call_stub

---------------  P R O C E S S  ---------------

Java Threads: ( => current thread )
  0x00007feb54002000 JavaThread "Forwarding quit on session 8df7bb090c8639d575101ebc654fe856 to remote" daemon [_thread_in_native, id=15477, stack(0x00007febad390000,0x00007febad491000)]
  0x00007febd0706800 JavaThread "Thread-3" [_thread_blocked, id=15475, stack(0x00007febad18e000,0x00007febad28f000)]
  0x00007febd06d3000 JavaThread "Okio Watchdog" daemon [_thread_blocked, id=15197, stack(0x00007febad691000,0x00007febad792000)]
  0x00007febd06c9800 JavaThread "OkHttp ConnectionPool" daemon [_thread_blocked, id=15196, stack(0x00007febbc05d000,0x00007febbc15e000)]
  0x00007febd03a6800 JavaThread "Webdrivers killer thread" daemon [_thread_blocked, id=14683, stack(0x00007febad99b000,0x00007febada9c000)]
=>0x00007febd0398800 JavaThread "AWT-XAWT" daemon [_thread_in_native, id=14681, stack(0x00007febadc9c000,0x00007febadd9d000)]
  0x00007febd052b800 JavaThread "Java2D Disposer" daemon [_thread_blocked, id=14680, stack(0x00007febae1ad000,0x00007febae2ae000)]
  0x00007feb7c00c000 JavaThread "Exec Stream Pumper" daemon [_thread_in_native, id=14585, stack(0x00007febafdfe000,0x00007febafeff000)]
  0x00007feb7c00a800 JavaThread "Exec Stream Pumper" daemon [_thread_in_native, id=14584, stack(0x00007febafeff000,0x00007febb0000000)]
  0x00007feb7c008800 JavaThread "process reaper" daemon [_thread_in_native, id=14580, stack(0x00007febbc01a000,0x00007febbc053000)]
  0x00007febd05e4000 JavaThread "Exec Default Executor" daemon [_thread_blocked, id=14573, stack(0x00007febbc15e000,0x00007febbc25f000)]
  0x00007febd00fa000 JavaThread "Monitor Ctrl-Break" daemon [_thread_in_native, id=14565, stack(0x00007febbcdff000,0x00007febbcf00000)]
  0x00007febd00d5800 JavaThread "Service Thread" daemon [_thread_blocked, id=14562, stack(0x00007febbd203000,0x00007febbd304000)]
  0x00007febd00c0800 JavaThread "C1 CompilerThread2" daemon [_thread_blocked, id=14559, stack(0x00007febbd304000,0x00007febbd405000)]
  0x00007febd00bf000 JavaThread "C2 CompilerThread1" daemon [_thread_blocked, id=14558, stack(0x00007febbd405000,0x00007febbd506000)]
  0x00007febd00bc000 JavaThread "C2 CompilerThread0" daemon [_thread_blocked, id=14557, stack(0x00007febbd506000,0x00007febbd607000)]
  0x00007febd00ba800 JavaThread "Signal Dispatcher" daemon [_thread_blocked, id=14556, stack(0x00007febbd607000,0x00007febbd708000)]
  0x00007febd0086800 JavaThread "Finalizer" daemon [_thread_blocked, id=14552, stack(0x00007febd40bc000,0x00007febd41bd000)]
  0x00007febd0081800 JavaThread "Reference Handler" daemon [_thread_blocked, id=14549, stack(0x00007febd41bd000,0x00007febd42be000)]
  0x00007febd000c800 JavaThread "main" [_thread_blocked, id=14538, stack(0x00007febd9bd3000,0x00007febd9cd4000)]

Other Threads:
  0x00007febd007a000 VMThread [stack: 0x00007febd42be000,0x00007febd43bf000] [id=14547]
  0x00007febd00d9000 WatcherThread [stack: 0x00007febbd102000,0x00007febbd203000] [id=14564]

VM state:not at safepoint (normal execution)

VM Mutex/Monitor currently owned by a thread: None

Heap:
 PSYoungGen      total 51712K, used 37132K [0x00000000e1800000, 0x00000000e4e00000, 0x0000000100000000)
  eden space 48128K, 69% used [0x00000000e1800000,0x00000000e38cb128,0x00000000e4700000)
  from space 3584K, 99% used [0x00000000e4a80000,0x00000000e4df8040,0x00000000e4e00000)
  to   space 3584K, 0% used [0x00000000e4700000,0x00000000e4700000,0x00000000e4a80000)
 ParOldGen       total 62976K, used 3113K [0x00000000a4800000, 0x00000000a8580000, 0x00000000e1800000)
  object space 62976K, 4% used [0x00000000a4800000,0x00000000a4b0a460,0x00000000a8580000)
 Metaspace       used 20272K, capacity 20560K, committed 20864K, reserved 1067008K
  class space    used 2488K, capacity 2589K, committed 2688K, reserved 1048576K

Card table byte_map: [0x00007febd66b8000,0x00007febd6995000] byte_map_base: 0x00007febd6194000

Marking Bits: (ParMarkBitMap*) 0x00007febd90aad60
 Begin Bits: [0x00007febbe240000, 0x00007febbf920000)
 End Bits:   [0x00007febbf920000, 0x00007febc1000000)

Polling page: 0x00007febd9cf3000

CodeCache: size=245760Kb used=5666Kb max_used=5666Kb free=240093Kb
 bounds [0x00007febc1000000, 0x00007febc1590000, 0x00007febd0000000]
 total_blobs=2300 nmethods=1785 adapters=428
 compilation: enabled

Compilation events (10 events):
Event: 284,161 Thread 0x00007febd00c0800 1776       3       java.util.logging.LogManager$LoggerContext::getRootLogger (8 bytes)
Event: 284,162 Thread 0x00007febd00c0800 nmethod 1776 0x00007febc157c3d0 code [0x00007febc157c540, 0x00007febc157c750]
Event: 284,162 Thread 0x00007febd00c0800 1777       3       java.util.logging.LogManager$LoggerContext::getGlobalLogger (6 bytes)
Event: 284,162 Thread 0x00007febd00c0800 nmethod 1777 0x00007febc157c090 code [0x00007febc157c200, 0x00007febc157c350]
Event: 284,162 Thread 0x00007febd00c0800 1778       1       java.util.concurrent.CopyOnWriteArrayList::getArray (5 bytes)
Event: 284,163 Thread 0x00007febd00c0800 nmethod 1778 0x00007febc157bdd0 code [0x00007febc157bf20, 0x00007febc157c030]
Event: 284,163 Thread 0x00007febd00c0800 1779       3       java.util.logging.LogManager::checkPermission (17 bytes)
Event: 284,163 Thread 0x00007febd00c0800 nmethod 1779 0x00007febc158a1d0 code [0x00007febc158a360, 0x00007febc158a668]
Event: 284,171 Thread 0x00007febd00c0800 1780       3       com.google.common.collect.ImmutableMap::<init> (5 bytes)
Event: 284,172 Thread 0x00007febd00c0800 nmethod 1780 0x00007febc1589a10 code [0x00007febc1589b80, 0x00007febc1589d30]

GC Heap History (4 events):
Event: 2,226 GC heap before
{Heap before GC invocations=1 (full 0):
 PSYoungGen      total 27648K, used 24064K [0x00000000e1800000, 0x00000000e3680000, 0x0000000100000000)
  eden space 24064K, 100% used [0x00000000e1800000,0x00000000e2f80000,0x00000000e2f80000)
  from space 3584K, 0% used [0x00000000e3300000,0x00000000e3300000,0x00000000e3680000)
  to   space 3584K, 0% used [0x00000000e2f80000,0x00000000e2f80000,0x00000000e3300000)
 ParOldGen       total 62976K, used 0K [0x00000000a4800000, 0x00000000a8580000, 0x00000000e1800000)
  object space 62976K, 0% used [0x00000000a4800000,0x00000000a4800000,0x00000000a8580000)
 Metaspace       used 10202K, capacity 10348K, committed 10496K, reserved 1058816K
  class space    used 1191K, capacity 1240K, committed 1280K, reserved 1048576K
Event: 2,259 GC heap after
Heap after GC invocations=1 (full 0):
 PSYoungGen      total 27648K, used 3572K [0x00000000e1800000, 0x00000000e4e00000, 0x0000000100000000)
  eden space 24064K, 0% used [0x00000000e1800000,0x00000000e1800000,0x00000000e2f80000)
  from space 3584K, 99% used [0x00000000e2f80000,0x00000000e32fd218,0x00000000e3300000)
  to   space 3584K, 0% used [0x00000000e4a80000,0x00000000e4a80000,0x00000000e4e00000)
 ParOldGen       total 62976K, used 598K [0x00000000a4800000, 0x00000000a8580000, 0x00000000e1800000)
  object space 62976K, 0% used [0x00000000a4800000,0x00000000a4895aa8,0x00000000a8580000)
 Metaspace       used 10202K, capacity 10348K, committed 10496K, reserved 1058816K
  class space    used 1191K, capacity 1240K, committed 1280K, reserved 1048576K
}
Event: 3,670 GC heap before
{Heap before GC invocations=2 (full 0):
 PSYoungGen      total 27648K, used 27636K [0x00000000e1800000, 0x00000000e4e00000, 0x0000000100000000)
  eden space 24064K, 100% used [0x00000000e1800000,0x00000000e2f80000,0x00000000e2f80000)
  from space 3584K, 99% used [0x00000000e2f80000,0x00000000e32fd218,0x00000000e3300000)
  to   space 3584K, 0% used [0x00000000e4a80000,0x00000000e4a80000,0x00000000e4e00000)
 ParOldGen       total 62976K, used 598K [0x00000000a4800000, 0x00000000a8580000, 0x00000000e1800000)
  object space 62976K, 0% used [0x00000000a4800000,0x00000000a4895aa8,0x00000000a8580000)
 Metaspace       used 13712K, capacity 13968K, committed 14080K, reserved 1060864K
  class space    used 1692K, capacity 1745K, committed 1792K, reserved 1048576K
Event: 3,694 GC heap after
Heap after GC invocations=2 (full 0):
 PSYoungGen      total 51712K, used 3552K [0x00000000e1800000, 0x00000000e4e00000, 0x0000000100000000)
  eden space 48128K, 0% used [0x00000000e1800000,0x00000000e1800000,0x00000000e4700000)
  from space 3584K, 99% used [0x00000000e4a80000,0x00000000e4df8040,0x00000000e4e00000)
  to   space 3584K, 0% used [0x00000000e4700000,0x00000000e4700000,0x00000000e4a80000)
 ParOldGen       total 62976K, used 3113K [0x00000000a4800000, 0x00000000a8580000, 0x00000000e1800000)
  object space 62976K, 4% used [0x00000000a4800000,0x00000000a4b0a460,0x00000000a8580000)
 Metaspace       used 13712K, capacity 13968K, committed 14080K, reserved 1060864K
  class space    used 1692K, capacity 1745K, committed 1792K, reserved 1048576K
}

Deoptimization events (10 events):
Event: 195,794 Thread 0x00007febd000c800 Uncommon trap: reason=class_check action=maybe_recompile pc=0x00007febc118cfe4 method=java.lang.String.equals(Ljava/lang/Object;)Z @ 8
Event: 195,795 Thread 0x00007febd000c800 Uncommon trap: reason=class_check action=maybe_recompile pc=0x00007febc118cfe4 method=java.lang.String.equals(Ljava/lang/Object;)Z @ 8
Event: 195,797 Thread 0x00007febd000c800 Uncommon trap: reason=class_check action=maybe_recompile pc=0x00007febc118cfe4 method=java.lang.String.equals(Ljava/lang/Object;)Z @ 8
Event: 283,608 Thread 0x00007febd000c800 Uncommon trap: reason=bimorphic action=maybe_recompile pc=0x00007febc148d174 method=java.util.regex.Pattern$Start.match(Ljava/util/regex/Matcher;ILjava/lang/CharSequence;)Z @ 44
Event: 283,608 Thread 0x00007febd000c800 Uncommon trap: reason=bimorphic action=maybe_recompile pc=0x00007febc148d174 method=java.util.regex.Pattern$Start.match(Ljava/util/regex/Matcher;ILjava/lang/CharSequence;)Z @ 44
Event: 283,924 Thread 0x00007febd000c800 Uncommon trap: reason=predicate action=maybe_recompile pc=0x00007febc144d56c method=java.lang.String.regionMatches(ZILjava/lang/String;II)Z @ 63
Event: 283,938 Thread 0x00007febd000c800 Uncommon trap: reason=bimorphic action=maybe_recompile pc=0x00007febc1452eb4 method=java.io.DataInputStream.readInt()I @ 4
Event: 283,938 Thread 0x00007febd000c800 Uncommon trap: reason=bimorphic action=maybe_recompile pc=0x00007febc1452eb4 method=java.io.DataInputStream.readInt()I @ 4
Event: 283,938 Thread 0x00007febd000c800 Uncommon trap: reason=bimorphic action=maybe_recompile pc=0x00007febc1452eb4 method=java.io.DataInputStream.readInt()I @ 4
Event: 283,938 Thread 0x00007febd000c800 Uncommon trap: reason=bimorphic action=maybe_recompile pc=0x00007febc1452eb4 method=java.io.DataInputStream.readInt()I @ 4

Internal exceptions (10 events):
Event: 3,479 Thread 0x00007febd000c800 Exception <a 'java/lang/ArrayIndexOutOfBoundsException': 139> (0x00000000e2bb6c88) thrown at [/HUDSON/workspace/8-2-build-linux-amd64/jdk8u91/6644/hotspot/src/share/vm/interpreter/interpreterRuntime.cpp, line 366]
Event: 3,617 Thread 0x00007febd000c800 Exception <a 'java/lang/ArrayIndexOutOfBoundsException': 90> (0x00000000e2e623f0) thrown at [/HUDSON/workspace/8-2-build-linux-amd64/jdk8u91/6644/hotspot/src/share/vm/interpreter/interpreterRuntime.cpp, line 366]
Event: 3,617 Thread 0x00007febd000c800 Exception <a 'java/lang/ArrayIndexOutOfBoundsException': 105> (0x00000000e2e63f48) thrown at [/HUDSON/workspace/8-2-build-linux-amd64/jdk8u91/6644/hotspot/src/share/vm/interpreter/interpreterRuntime.cpp, line 366]
Event: 9,314 Thread 0x00007febd000c800 Exception <a 'java/io/FileNotFoundException'> (0x00000000e1ae4cc8) thrown at [/HUDSON/workspace/8-2-build-linux-amd64/jdk8u91/6644/hotspot/src/share/vm/prims/jni.cpp, line 709]
Event: 9,318 Thread 0x00007febd000c800 Exception <a 'java/io/FileNotFoundException'> (0x00000000e1ae5848) thrown at [/HUDSON/workspace/8-2-build-linux-amd64/jdk8u91/6644/hotspot/src/share/vm/prims/jni.cpp, line 709]
Event: 201,743 Thread 0x00007febd000c800 Exception <a 'java/net/SocketTimeoutException': Read timed out> (0x00000000e2883c30) thrown at [/HUDSON/workspace/8-2-build-linux-amd64/jdk8u91/6644/hotspot/src/share/vm/prims/jni.cpp, line 735]
Event: 202,302 Thread 0x00007febd000c800 Exception <a 'java/net/SocketTimeoutException': Read timed out> (0x00000000e2889918) thrown at [/HUDSON/workspace/8-2-build-linux-amd64/jdk8u91/6644/hotspot/src/share/vm/prims/jni.cpp, line 735]
Event: 283,601 Thread 0x00007febd000c800 Exception <a 'java/lang/reflect/InvocationTargetException'> (0x00000000e2ff5c90) thrown at [/HUDSON/workspace/8-2-build-linux-amd64/jdk8u91/6644/hotspot/src/share/vm/runtime/reflection.cpp, line 1092]
Event: 283,735 Thread 0x00007febd000c800 Exception <a 'java/lang/ClassNotFoundException': com/sun/org/glassfish/hk2/osgiresourcelocator/ServiceLoader> (0x00000000e3371728) thrown at [/HUDSON/workspace/8-2-build-linux-amd64/jdk8u91/6644/hotspot/src/share/vm/classfile/systemDictionary.cpp, line 21
Event: 283,743 Thread 0x00007febd000c800 Exception <a 'java/lang/NullPointerException'> (0x00000000e337c690) thrown at [/HUDSON/workspace/8-2-build-linux-amd64/jdk8u91/6644/hotspot/src/share/vm/interpreter/linkResolver.cpp, line 1280]

Events (10 events):
Event: 284,165 loading class java/awt/peer/SystemTrayPeer done
Event: 284,165 loading class sun/awt/X11/XMSelectionListener
Event: 284,165 loading class sun/awt/X11/XMSelectionListener done
Event: 284,165 loading class sun/awt/X11/XSystemTrayPeer done
Event: 284,166 Executing VM operation: RevokeBias
Event: 284,166 Thread 0x00007feb54002000 Thread added: 0x00007feb54002000
Event: 284,170 Executing VM operation: RevokeBias done
Event: 284,172 Thread 0x00007febd0708000 Thread exited: 0x00007febd0708000
Event: 284,172 loading class org/apache/http/client/methods/HttpDelete
Event: 284,172 loading class org/apache/http/client/methods/HttpDelete done


Dynamic libraries:
00400000-00401000 r-xp 00000000 08:01 537552                             /opt/java/jdk1.8.0_91/bin/java
00600000-00601000 rw-p 00000000 08:01 537552                             /opt/java/jdk1.8.0_91/bin/java
0226e000-0228f000 rw-p 00000000 00:00 0                                  [heap]
a4800000-a8580000 rw-p 00000000 00:00 0 
a8580000-e1800000 ---p 00000000 00:00 0 
e1800000-e4e00000 rw-p 00000000 00:00 0 
e4e00000-100000000 ---p 00000000 00:00 0 
100000000-1002a0000 rw-p 00000000 00:00 0 
1002a0000-140000000 ---p 00000000 00:00 0 
7feb48000000-7feb48021000 rw-p 00000000 00:00 0 
7feb48021000-7feb4c000000 ---p 00000000 00:00 0 
7feb50000000-7feb50021000 rw-p 00000000 00:00 0 
7feb50021000-7feb54000000 ---p 00000000 00:00 0 
7feb54000000-7feb54021000 rw-p 00000000 00:00 0 
7feb54021000-7feb58000000 ---p 00000000 00:00 0 
7feb58000000-7feb5828d000 rw-p 00000000 00:00 0 
7feb5828d000-7feb5c000000 ---p 00000000 00:00 0 
7feb5c000000-7feb5c021000 rw-p 00000000 00:00 0 
7feb5c021000-7feb60000000 ---p 00000000 00:00 0 
7feb60000000-7feb60021000 rw-p 00000000 00:00 0 
7feb60021000-7feb64000000 ---p 00000000 00:00 0 
7feb64000000-7feb64025000 rw-p 00000000 00:00 0 
7feb64025000-7feb68000000 ---p 00000000 00:00 0 
7feb68000000-7feb68021000 rw-p 00000000 00:00 0 
7feb68021000-7feb6c000000 ---p 00000000 00:00 0 
7feb6c000000-7feb6c021000 rw-p 00000000 00:00 0 
7feb6c021000-7feb70000000 ---p 00000000 00:00 0 
7feb70000000-7feb70021000 rw-p 00000000 00:00 0 
7feb70021000-7feb74000000 ---p 00000000 00:00 0 
7feb74000000-7feb74021000 rw-p 00000000 00:00 0 
7feb74021000-7feb78000000 ---p 00000000 00:00 0 
7feb78000000-7feb78021000 rw-p 00000000 00:00 0 
7feb78021000-7feb7c000000 ---p 00000000 00:00 0 
7feb7c000000-7feb7c021000 rw-p 00000000 00:00 0 
7feb7c021000-7feb80000000 ---p 00000000 00:00 0 
7feb80000000-7feb80021000 rw-p 00000000 00:00 0 
7feb80021000-7feb84000000 ---p 00000000 00:00 0 
7feb84000000-7feb84021000 rw-p 00000000 00:00 0 
7feb84021000-7feb88000000 ---p 00000000 00:00 0 
7feb88000000-7feb8879a000 rw-p 00000000 00:00 0 
7feb8879a000-7feb8c000000 ---p 00000000 00:00 0 
7feb8c000000-7feb8c2ff000 rw-p 00000000 00:00 0 
7feb8c2ff000-7feb90000000 ---p 00000000 00:00 0 
7feb90000000-7feb90021000 rw-p 00000000 00:00 0 
7feb90021000-7feb94000000 ---p 00000000 00:00 0 
7feb94000000-7feb94310000 rw-p 00000000 00:00 0 
7feb94310000-7feb98000000 ---p 00000000 00:00 0 
7feb98000000-7feb98021000 rw-p 00000000 00:00 0 
7feb98021000-7feb9c000000 ---p 00000000 00:00 0 
7feb9c000000-7feb9c021000 rw-p 00000000 00:00 0 
7feb9c021000-7feba0000000 ---p 00000000 00:00 0 
7feba0000000-7feba0021000 rw-p 00000000 00:00 0 
7feba0021000-7feba4000000 ---p 00000000 00:00 0 
7feba8000000-7feba8021000 rw-p 00000000 00:00 0 
7feba8021000-7febac000000 ---p 00000000 00:00 0 
7febad08d000-7febad090000 ---p 00000000 00:00 0 
7febad090000-7febad18e000 rw-p 00000000 00:00 0 
7febad18e000-7febad191000 ---p 00000000 00:00 0 
7febad191000-7febad28f000 rw-p 00000000 00:00 0 
7febad28f000-7febad292000 ---p 00000000 00:00 0 
7febad292000-7febad390000 rw-p 00000000 00:00 0 
7febad390000-7febad393000 ---p 00000000 00:00 0 
7febad393000-7febad651000 rw-p 00000000 00:00 0 
7febad651000-7febad691000 ---p 00000000 00:00 0 
7febad691000-7febad694000 ---p 00000000 00:00 0 
7febad694000-7febad792000 rw-p 00000000 00:00 0 
7febad792000-7febad79b000 r-xp 00000000 08:01 539312                     /opt/java/jdk1.8.0_91/jre/lib/amd64/libmanagement.so
7febad79b000-7febad99a000 ---p 00009000 08:01 539312                     /opt/java/jdk1.8.0_91/jre/lib/amd64/libmanagement.so
7febad99a000-7febad99b000 rw-p 00008000 08:01 539312                     /opt/java/jdk1.8.0_91/jre/lib/amd64/libmanagement.so
7febad99b000-7febad99e000 ---p 00000000 00:00 0 
7febad99e000-7febadc9c000 rw-p 00000000 00:00 0 
7febadc9c000-7febadc9f000 ---p 00000000 00:00 0 
7febadc9f000-7febadd9d000 rw-p 00000000 00:00 0 
7febadd9d000-7febadda2000 r-xp 00000000 08:01 665357                     /usr/lib/x86_64-linux-gnu/libXfixes.so.3.1.0
7febadda2000-7febadfa1000 ---p 00005000 08:01 665357                     /usr/lib/x86_64-linux-gnu/libXfixes.so.3.1.0
7febadfa1000-7febadfa2000 r--p 00004000 08:01 665357                     /usr/lib/x86_64-linux-gnu/libXfixes.so.3.1.0
7febadfa2000-7febadfa3000 rw-p 00005000 08:01 665357                     /usr/lib/x86_64-linux-gnu/libXfixes.so.3.1.0
7febadfa3000-7febadfac000 r-xp 00000000 08:01 665349                     /usr/lib/x86_64-linux-gnu/libXcursor.so.1.0.2
7febadfac000-7febae1ab000 ---p 00009000 08:01 665349                     /usr/lib/x86_64-linux-gnu/libXcursor.so.1.0.2
7febae1ab000-7febae1ac000 r--p 00008000 08:01 665349                     /usr/lib/x86_64-linux-gnu/libXcursor.so.1.0.2
7febae1ac000-7febae1ad000 rw-p 00009000 08:01 665349                     /usr/lib/x86_64-linux-gnu/libXcursor.so.1.0.2
7febae1ad000-7febae1b0000 ---p 00000000 00:00 0 
7febae1b0000-7febae2ae000 rw-p 00000000 00:00 0 
7febae2ae000-7febae313000 r-xp 00000000 08:01 539286                     /opt/java/jdk1.8.0_91/jre/lib/amd64/libfontmanager.so
7febae313000-7febae512000 ---p 00065000 08:01 539286                     /opt/java/jdk1.8.0_91/jre/lib/amd64/libfontmanager.so
7febae512000-7febae517000 rw-p 00064000 08:01 539286                     /opt/java/jdk1.8.0_91/jre/lib/amd64/libfontmanager.so
7febae517000-7febae527000 rw-p 00000000 00:00 0 
7febae527000-7febae52c000 r-xp 00000000 08:01 665353                     /usr/lib/x86_64-linux-gnu/libXdmcp.so.6.0.0
7febae52c000-7febae72b000 ---p 00005000 08:01 665353                     /usr/lib/x86_64-linux-gnu/libXdmcp.so.6.0.0
7febae72b000-7febae72c000 r--p 00004000 08:01 665353                     /usr/lib/x86_64-linux-gnu/libXdmcp.so.6.0.0
7febae72c000-7febae72d000 rw-p 00005000 08:01 665353                     /usr/lib/x86_64-linux-gnu/libXdmcp.so.6.0.0
7febae72d000-7febae72f000 r-xp 00000000 08:01 665342                     /usr/lib/x86_64-linux-gnu/libXau.so.6.0.0
7febae72f000-7febae92f000 ---p 00002000 08:01 665342                     /usr/lib/x86_64-linux-gnu/libXau.so.6.0.0
7febae92f000-7febae930000 r--p 00002000 08:01 665342                     /usr/lib/x86_64-linux-gnu/libXau.so.6.0.0
7febae930000-7febae931000 rw-p 00003000 08:01 665342                     /usr/lib/x86_64-linux-gnu/libXau.so.6.0.0
7febae931000-7febae94e000 r-xp 00000000 08:01 666294                     /usr/lib/x86_64-linux-gnu/libxcb.so.1.1.0
7febae94e000-7febaeb4e000 ---p 0001d000 08:01 666294                     /usr/lib/x86_64-linux-gnu/libxcb.so.1.1.0
7febaeb4e000-7febaeb4f000 r--p 0001d000 08:01 666294                     /usr/lib/x86_64-linux-gnu/libxcb.so.1.1.0
7febaeb4f000-7febaeb50000 rw-p 0001e000 08:01 666294                     /usr/lib/x86_64-linux-gnu/libxcb.so.1.1.0
7febaeb50000-7febaeb5f000 r-xp 00000000 08:01 665363                     /usr/lib/x86_64-linux-gnu/libXi.so.6.1.0
7febaeb5f000-7febaed5e000 ---p 0000f000 08:01 665363                     /usr/lib/x86_64-linux-gnu/libXi.so.6.1.0
7febaed5e000-7febaed5f000 r--p 0000e000 08:01 665363                     /usr/lib/x86_64-linux-gnu/libXi.so.6.1.0
7febaed5f000-7febaed60000 rw-p 0000f000 08:01 665363                     /usr/lib/x86_64-linux-gnu/libXi.so.6.1.0
7febaed60000-7febaed65000 r-xp 00000000 08:01 665383                     /usr/lib/x86_64-linux-gnu/libXtst.so.6.1.0
7febaed65000-7febaef64000 ---p 00005000 08:01 665383                     /usr/lib/x86_64-linux-gnu/libXtst.so.6.1.0
7febaef64000-7febaef65000 r--p 00004000 08:01 665383                     /usr/lib/x86_64-linux-gnu/libXtst.so.6.1.0
7febaef65000-7febaef66000 rw-p 00005000 08:01 665383                     /usr/lib/x86_64-linux-gnu/libXtst.so.6.1.0
7febaef66000-7febaef6f000 r-xp 00000000 08:01 665377                     /usr/lib/x86_64-linux-gnu/libXrender.so.1.3.0
7febaef6f000-7febaf16e000 ---p 00009000 08:01 665377                     /usr/lib/x86_64-linux-gnu/libXrender.so.1.3.0
7febaf16e000-7febaf16f000 r--p 00008000 08:01 665377                     /usr/lib/x86_64-linux-gnu/libXrender.so.1.3.0
7febaf16f000-7febaf170000 rw-p 00009000 08:01 665377                     /usr/lib/x86_64-linux-gnu/libXrender.so.1.3.0
7febaf170000-7febaf2a0000 r-xp 00000000 08:01 665338                     /usr/lib/x86_64-linux-gnu/libX11.so.6.3.0
7febaf2a0000-7febaf4a0000 ---p 00130000 08:01 665338                     /usr/lib/x86_64-linux-gnu/libX11.so.6.3.0
7febaf4a0000-7febaf4a1000 r--p 00130000 08:01 665338                     /usr/lib/x86_64-linux-gnu/libX11.so.6.3.0
7febaf4a1000-7febaf4a5000 rw-p 00131000 08:01 665338                     /usr/lib/x86_64-linux-gnu/libX11.so.6.3.0
7febaf4a5000-7febaf4b6000 r-xp 00000000 08:01 665355                     /usr/lib/x86_64-linux-gnu/libXext.so.6.4.0
7febaf4b6000-7febaf6b5000 ---p 00011000 08:01 665355                     /usr/lib/x86_64-linux-gnu/libXext.so.6.4.0
7febaf6b5000-7febaf6b6000 r--p 00010000 08:01 665355                     /usr/lib/x86_64-linux-gnu/libXext.so.6.4.0
7febaf6b6000-7febaf6b7000 rw-p 00011000 08:01 665355                     /usr/lib/x86_64-linux-gnu/libXext.so.6.4.0
7febaf6d3000-7febaf727000 r-xp 00000000 08:01 539311                     /opt/java/jdk1.8.0_91/jre/lib/amd64/libawt_xawt.so
7febaf727000-7febaf927000 ---p 00054000 08:01 539311                     /opt/java/jdk1.8.0_91/jre/lib/amd64/libawt_xawt.so
7febaf927000-7febaf92b000 rw-p 00054000 08:01 539311                     /opt/java/jdk1.8.0_91/jre/lib/amd64/libawt_xawt.so
7febaf92b000-7febaf92c000 rw-p 00000000 00:00 0 
7febaf92c000-7febaf9ce000 r-xp 00000000 08:01 539297                     /opt/java/jdk1.8.0_91/jre/lib/amd64/libawt.so
7febaf9ce000-7febafbce000 ---p 000a2000 08:01 539297                     /opt/java/jdk1.8.0_91/jre/lib/amd64/libawt.so
7febafbce000-7febafbda000 rw-p 000a2000 08:01 539297                     /opt/java/jdk1.8.0_91/jre/lib/amd64/libawt.so
7febafbda000-7febafdfe000 rw-p 00000000 00:00 0 
7febafdfe000-7febafe01000 ---p 00000000 00:00 0 
7febafe01000-7febafeff000 rw-p 00000000 00:00 0 
7febafeff000-7febaff02000 ---p 00000000 00:00 0 
7febaff02000-7febb0000000 rw-p 00000000 00:00 0 
7febb0000000-7febb0021000 rw-p 00000000 00:00 0 
7febb0021000-7febb4000000 ---p 00000000 00:00 0 
7febb4000000-7febb4021000 rw-p 00000000 00:00 0 
7febb4021000-7febb8000000 ---p 00000000 00:00 0 
7febb8000000-7febb8021000 rw-p 00000000 00:00 0 
7febb8021000-7febbc000000 ---p 00000000 00:00 0 
7febbc019000-7febbc01a000 rw-p 00000000 00:00 0 
7febbc01a000-7febbc01d000 ---p 00000000 00:00 0 
7febbc01d000-7febbc053000 rw-p 00000000 00:00 0 
7febbc053000-7febbc05d000 r--s 00116000 08:01 539161                     /opt/java/jdk1.8.0_91/jre/lib/ext/localedata.jar
7febbc05d000-7febbc060000 ---p 00000000 00:00 0 
7febbc060000-7febbc15e000 rw-p 00000000 00:00 0 
7febbc15e000-7febbc161000 ---p 00000000 00:00 0 
7febbc161000-7febbc45f000 rw-p 00000000 00:00 0 
7febbc45f000-7febbc475000 r-xp 00000000 08:01 398799                     /lib/x86_64-linux-gnu/libgcc_s.so.1
7febbc475000-7febbc674000 ---p 00016000 08:01 398799                     /lib/x86_64-linux-gnu/libgcc_s.so.1
7febbc674000-7febbc675000 rw-p 00015000 08:01 398799                     /lib/x86_64-linux-gnu/libgcc_s.so.1
7febbc675000-7febbc691000 r--s 00393000 08:01 539154                     /opt/java/jdk1.8.0_91/jre/lib/ext/cldrdata.jar
7febbc691000-7febbc6c3000 r-xp 00000000 08:01 539259                     /opt/java/jdk1.8.0_91/jre/lib/amd64/libsunec.so
7febbc6c3000-7febbc8c2000 ---p 00032000 08:01 539259                     /opt/java/jdk1.8.0_91/jre/lib/amd64/libsunec.so
7febbc8c2000-7febbc8c8000 rw-p 00031000 08:01 539259                     /opt/java/jdk1.8.0_91/jre/lib/amd64/libsunec.so
7febbc8c8000-7febbcad8000 rw-p 00000000 00:00 0 
7febbcad8000-7febbcad9000 r--s 00009000 08:01 539152                     /opt/java/jdk1.8.0_91/jre/lib/ext/sunec.jar
7febbcad9000-7febbcadc000 r--s 0001a000 08:01 539320                     /opt/java/jdk1.8.0_91/jre/lib/jce.jar
7febbcadc000-7febbcae0000 r--s 00097000 08:01 539150                     /opt/java/jdk1.8.0_91/jre/lib/jsse.jar
7febbcae0000-7febbcae2000 r--s 0000c000 08:02 5113465                    /home/cosmic/SOFT/idea-IU-145.1617.8/plugins/testng/lib/jcommander.jar
7febbcae2000-7febbcafb000 r--s 001ae000 08:02 5901638                    /home/cosmic/.ivy2/cache/org.aspectj/aspectjweaver/jars/aspectjweaver-1.8.6.jar
7febbcafb000-7febbcafd000 r--s 0000f000 08:02 5898514                    /home/cosmic/.ivy2/cache/com.squareup.okio/okio/jars/okio-1.6.0.jar
7febbcafd000-7febbcb02000 r--s 0004c000 08:02 5898446                    /home/cosmic/.ivy2/cache/com.squareup.okhttp/okhttp/jars/okhttp-2.7.5.jar
7febbcb02000-7febbcb10000 r--s 000c7000 08:02 5898438                    /home/cosmic/.ivy2/cache/org.testng/testng/jars/testng-6.9.10.jar
7febbcb10000-7febbcb12000 r--s 0000e000 08:02 5898488                    /home/cosmic/.ivy2/cache/com.beust/jcommander/jars/jcommander-1.48.jar
7febbcb12000-7febbcb13000 r--s 00003000 08:02 5898506                    /home/cosmic/.ivy2/cache/ru.yandex.qatools.properties/properties-loader/jars/properties-loader-1.5.jar
7febbcb13000-7febbcb14000 r--s 00002000 08:02 5898442                    /home/cosmic/.ivy2/cache/ru.yandex.qatools.allure/allure-testng-adaptor/jars/allure-testng-adaptor-1.4.23.jar
7febbcb14000-7febbcb15000 r--s 0000a000 08:02 5898502                    /home/cosmic/.ivy2/cache/ru.yandex.qatools.allure/allure-model/jars/allure-model-1.4.23.jar
7febbcb15000-7febbcb16000 r--s 00002000 08:02 5898492                    /home/cosmic/.ivy2/cache/ru.yandex.qatools.allure/allure-java-aspects/jars/allure-java-aspects-1.4.23.jar
7febbcb16000-7febbcb17000 r--s 00001000 08:02 5898498                    /home/cosmic/.ivy2/cache/ru.yandex.qatools.allure/allure-java-annotations/jars/allure-java-annotations-1.4.23.jar
7febbcb17000-7febbcb1a000 r--s 0000e000 08:02 5898494                    /home/cosmic/.ivy2/cache/ru.yandex.qatools.allure/allure-java-adaptor-api/jars/allure-java-adaptor-api-1.4.23.jar
7febbcb1a000-7febbcb1b000 r--s 00007000 08:02 5898508                    /home/cosmic/.ivy2/cache/org.slf4j/slf4j-api/jars/slf4j-api-1.7.12.jar
7febbcb1b000-7febbcb20000 r--s 00025000 08:02 5898458                    /home/cosmic/.ivy2/cache/org.seleniumhq.selenium/selenium-support/jars/selenium-support-2.53.0.jar
7febbcb20000-7febbcb22000 r--s 00014000 08:02 5898456                    /home/cosmic/.ivy2/cache/org.seleniumhq.selenium/selenium-safari-driver/jars/selenium-safari-driver-2.53.0.jar
7febbcb22000-7febbcb27000 r--s 00035000 08:02 5898462                    /home/cosmic/.ivy2/cache/org.seleniumhq.selenium/selenium-remote-driver/jars/selenium-remote-driver-2.53.0.jar
7febbcb27000-7febbcb2c000 r--s 0005d000 08:02 5898460                    /home/cosmic/.ivy2/cache/org.seleniumhq.selenium/selenium-leg-rc/jars/selenium-leg-rc-2.53.0.jar
7febbcb2c000-7febbcb2d000 r--s 00000000 08:02 5774017                    /home/cosmic/.ivy2/cache/org.seleniumhq.selenium/selenium-java/jars/selenium-java-2.53.0.jar
7febbcb2d000-7febbcb2e000 r--s 00002000 08:02 5898454                    /home/cosmic/.ivy2/cache/org.seleniumhq.selenium/selenium-ie-driver/jars/selenium-ie-driver-2.53.0.jar
7febbcb2e000-7febbcb30000 r--s 000c7000 08:02 5898452                    /home/cosmic/.ivy2/cache/org.seleniumhq.selenium/selenium-firefox-driver/jars/selenium-firefox-driver-2.53.0.jar
7febbcb30000-7febbcb31000 r--s 00001000 08:02 5898450                    /home/cosmic/.ivy2/cache/org.seleniumhq.selenium/selenium-edge-driver/jars/selenium-edge-driver-2.53.0.jar
7febbcb31000-7febbcb36000 r--s 0001f000 08:02 5898468                    /home/cosmic/.ivy2/cache/org.seleniumhq.selenium/selenium-api/jars/selenium-api-2.53.0.jar
7febbcb36000-7febbcb3c000 r--s 0001e000 08:02 5898504                    /home/cosmic/.ivy2/cache/org.jvnet.jaxb2_commons/jaxb2-basics-runtime/jars/jaxb2-basics-runtime-0.9.3.jar
7febbcb3c000-7febbcb4d000 r--s 00155000 08:02 5898476                    /home/cosmic/.ivy2/cache/net.java.dev.jna/jna-platform/jars/jna-platform-4.1.0.jar
7febbcb4d000-7febbcb63000 r--s 000f9000 08:02 5898484                    /home/cosmic/.ivy2/cache/io.netty/netty/bundles/netty-3.5.7.Final.jar
7febbcb63000-7febbcb8f000 r--s 00208000 08:02 5898470                    /home/cosmic/.ivy2/cache/com.google.guava/guava/bundles/guava-19.0.jar
7febbcb8f000-7febbcbe8000 r--s 00522000 08:02 4980779                    /home/cosmic/.ivy2/cache/org.scala-lang/scala-library/jars/scala-library-2.11.8.jar
7febbcbe8000-7febbcbfe000 r-xp 00000000 08:01 539304                     /opt/java/jdk1.8.0_91/jre/lib/amd64/libnet.so
7febbcbfe000-7febbcdfe000 ---p 00016000 08:01 539304                     /opt/java/jdk1.8.0_91/jre/lib/amd64/libnet.so
7febbcdfe000-7febbcdff000 rw-p 00016000 08:01 539304                     /opt/java/jdk1.8.0_91/jre/lib/amd64/libnet.so
7febbcdff000-7febbce02000 ---p 00000000 00:00 0 
7febbce02000-7febbcf00000 rw-p 00000000 00:00 0 
7febbcf00000-7febbcf01000 r-xp 00000000 08:02 4719019                    /home/cosmic/SOFT/idea-IU-145.1617.8/bin/libbreakgen64.so
7febbcf01000-7febbd100000 ---p 00001000 08:02 4719019                    /home/cosmic/SOFT/idea-IU-145.1617.8/bin/libbreakgen64.so
7febbd100000-7febbd101000 r--p 00000000 08:02 4719019                    /home/cosmic/SOFT/idea-IU-145.1617.8/bin/libbreakgen64.so
7febbd101000-7febbd102000 rw-p 00001000 08:02 4719019                    /home/cosmic/SOFT/idea-IU-145.1617.8/bin/libbreakgen64.so
7febbd102000-7febbd103000 ---p 00000000 00:00 0 
7febbd103000-7febbd203000 rw-p 00000000 00:00 0 
7febbd203000-7febbd206000 ---p 00000000 00:00 0 
7febbd206000-7febbd304000 rw-p 00000000 00:00 0 
7febbd304000-7febbd307000 ---p 00000000 00:00 0 
7febbd307000-7febbd405000 rw-p 00000000 00:00 0 
7febbd405000-7febbd408000 ---p 00000000 00:00 0 
7febbd408000-7febbd506000 rw-p 00000000 00:00 0 
7febbd506000-7febbd509000 ---p 00000000 00:00 0 
7febbd509000-7febbd607000 rw-p 00000000 00:00 0 
7febbd607000-7febbd60a000 ---p 00000000 00:00 0 
7febbd60a000-7febbd708000 rw-p 00000000 00:00 0 
7febbd708000-7febbe240000 r--p 00000000 08:01 661577                     /usr/lib/locale/locale-archive
7febbe240000-7febc1000000 rw-p 00000000 00:00 0 
7febc1000000-7febc1590000 rwxp 00000000 00:00 0 
7febc1590000-7febd0000000 ---p 00000000 00:00 0 
7febd0000000-7febd08d5000 rw-p 00000000 00:00 0 
7febd08d5000-7febd4000000 ---p 00000000 00:00 0 
7febd4000000-7febd4001000 r--s 00002000 08:02 5898448                    /home/cosmic/.ivy2/cache/org.seleniumhq.selenium/selenium-chrome-driver/jars/selenium-chrome-driver-2.53.0.jar
7febd4001000-7febd4005000 r--s 00019000 08:02 5898496                    /home/cosmic/.ivy2/cache/org.aspectj/aspectjrt/jars/aspectjrt-1.8.3.jar
7febd4005000-7febd400c000 r--s 0007a000 08:02 5898500                    /home/cosmic/.ivy2/cache/org.apache.tika/tika-core/bundles/tika-core-1.7.jar
7febd400c000-7febd400e000 r--s 0000c000 08:02 5898472                    /home/cosmic/.ivy2/cache/org.apache.commons/commons-exec/jars/commons-exec-1.3.jar
7febd400e000-7febd4012000 r--s 000dc000 08:02 5898474                    /home/cosmic/.ivy2/cache/net.java.dev.jna/jna/jars/jna-4.1.0.jar
7febd4012000-7febd4014000 r--s 0000e000 08:02 5898478                    /home/cosmic/.ivy2/cache/commons-logging/commons-logging/jars/commons-logging-1.2.jar
7febd4014000-7febd401b000 r--s 0003f000 08:02 5898480                    /home/cosmic/.ivy2/cache/commons-codec/commons-codec/jars/commons-codec-1.10.jar
7febd401b000-7febd401f000 r--s 0002f000 08:02 5898510                    /home/cosmic/.ivy2/cache/commons-beanutils/commons-beanutils-core/jars/commons-beanutils-core-1.8.3.jar
7febd401f000-7febd4024000 r--s 0002f000 08:02 5898466                    /home/cosmic/.ivy2/cache/com.google.code.gson/gson/jars/gson-2.3.1.jar
7febd4024000-7febd4029000 r--s 0002e000 08:02 5898440                    /home/cosmic/.ivy2/cache/com.codeborne/selenide/jars/selenide-3.6.jar
7febd4029000-7febd402a000 r--s 00002000 08:02 5898490                    /home/cosmic/.ivy2/cache/com.codeborne/phantomjsdriver/jars/phantomjsdriver-1.3.0.jar
7febd402a000-7febd402e000 r--s 0002a000 08:02 5898482                    /home/cosmic/.ivy2/cache/commons-io/commons-io/jars/commons-io-2.4.jar
7febd402e000-7febd4033000 r--s 00040000 08:02 5898486                    /home/cosmic/.ivy2/cache/org.beanshell/bsh/jars/bsh-2.0b4.jar
7febd4033000-7febd4040000 r--s 000a7000 08:02 5774019                    /home/cosmic/.ivy2/cache/org.apache.httpcomponents/httpclient/jars/httpclient-4.5.2.jar
7febd4040000-7febd4047000 r--s 00049000 08:02 5898512                    /home/cosmic/.ivy2/cache/org.apache.httpcomponents/httpcore/jars/httpcore-4.4.4.jar
7febd4047000-7febd404e000 r--s 00049000 08:02 5898464                    /home/cosmic/.ivy2/cache/cglib/cglib-nodep/jars/cglib-nodep-2.1_3.jar
7febd404e000-7febd4061000 r--s 00344000 08:01 539136                     /opt/java/jdk1.8.0_91/jre/lib/resources.jar
7febd4061000-7febd4074000 r--s 000d6000 08:01 539040                     /opt/java/jdk1.8.0_91/jre/lib/plugin.jar
7febd4074000-7febd4075000 r--s 00000000 08:01 539022                     /opt/java/jdk1.8.0_91/jre/lib/management-agent.jar
7febd4075000-7febd4079000 r--s 00097000 08:01 539150                     /opt/java/jdk1.8.0_91/jre/lib/jsse.jar
7febd4079000-7febd407e000 r--s 00084000 08:01 539015                     /opt/java/jdk1.8.0_91/jre/lib/jfr.jar
7febd407e000-7febd4081000 r--s 0001a000 08:01 539320                     /opt/java/jdk1.8.0_91/jre/lib/jce.jar
7febd4081000-7febd408b000 r--s 0006c000 08:01 539025                     /opt/java/jdk1.8.0_91/jre/lib/javaws.jar
7febd408b000-7febd40bc000 rw-p 00000000 00:00 0 
7febd40bc000-7febd40bf000 ---p 00000000 00:00 0 
7febd40bf000-7febd41bd000 rw-p 00000000 00:00 0 
7febd41bd000-7febd41c0000 ---p 00000000 00:00 0 
7febd41c0000-7febd42be000 rw-p 00000000 00:00 0 
7febd42be000-7febd42bf000 ---p 00000000 00:00 0 
7febd42bf000-7febd53a1000 rw-p 00000000 00:00 0 
7febd53a1000-7febd557a000 r--s 03d1f000 08:01 539098                     /opt/java/jdk1.8.0_91/jre/lib/rt.jar
7febd557a000-7febd60cc000 rw-p 00000000 00:00 0 
7febd60cc000-7febd60cd000 ---p 00000000 00:00 0 
7febd60cd000-7febd61cd000 rw-p 00000000 00:00 0 
7febd61cd000-7febd61ce000 ---p 00000000 00:00 0 
7febd61ce000-7febd62ce000 rw-p 00000000 00:00 0 
7febd62ce000-7febd62cf000 ---p 00000000 00:00 0 
7febd62cf000-7febd63cf000 rw-p 00000000 00:00 0 
7febd63cf000-7febd63d0000 ---p 00000000 00:00 0 
7febd63d0000-7febd64ef000 rw-p 00000000 00:00 0 
7febd64ef000-7febd66b8000 ---p 00000000 00:00 0 
7febd66b8000-7febd66d7000 rw-p 00000000 00:00 0 
7febd66d7000-7febd68a0000 ---p 00000000 00:00 0 
7febd68a0000-7febd68bb000 rw-p 00000000 00:00 0 
7febd68bb000-7febd6994000 ---p 00000000 00:00 0 
7febd6994000-7febd69ac000 rw-p 00000000 00:00 0 
7febd69ac000-7febd6d55000 ---p 00000000 00:00 0 
7febd6d55000-7febd6d6f000 r-xp 00000000 08:01 539300                     /opt/java/jdk1.8.0_91/jre/lib/amd64/libzip.so
7febd6d6f000-7febd6f6f000 ---p 0001a000 08:01 539300                     /opt/java/jdk1.8.0_91/jre/lib/amd64/libzip.so
7febd6f6f000-7febd6f70000 rw-p 0001a000 08:01 539300                     /opt/java/jdk1.8.0_91/jre/lib/amd64/libzip.so
7febd6f70000-7febd6f7a000 r-xp 00000000 08:01 394090                     /lib/x86_64-linux-gnu/libnss_files-2.19.so
7febd6f7a000-7febd7179000 ---p 0000a000 08:01 394090                     /lib/x86_64-linux-gnu/libnss_files-2.19.so
7febd7179000-7febd717a000 r--p 00009000 08:01 394090                     /lib/x86_64-linux-gnu/libnss_files-2.19.so
7febd717a000-7febd717b000 rw-p 0000a000 08:01 394090                     /lib/x86_64-linux-gnu/libnss_files-2.19.so
7febd717b000-7febd7186000 r-xp 00000000 08:01 394082                     /lib/x86_64-linux-gnu/libnss_nis-2.19.so
7febd7186000-7febd7385000 ---p 0000b000 08:01 394082                     /lib/x86_64-linux-gnu/libnss_nis-2.19.so
7febd7385000-7febd7386000 r--p 0000a000 08:01 394082                     /lib/x86_64-linux-gnu/libnss_nis-2.19.so
7febd7386000-7febd7387000 rw-p 0000b000 08:01 394082                     /lib/x86_64-linux-gnu/libnss_nis-2.19.so
7febd7387000-7febd739e000 r-xp 00000000 08:01 394078                     /lib/x86_64-linux-gnu/libnsl-2.19.so
7febd739e000-7febd759d000 ---p 00017000 08:01 394078                     /lib/x86_64-linux-gnu/libnsl-2.19.so
7febd759d000-7febd759e000 r--p 00016000 08:01 394078                     /lib/x86_64-linux-gnu/libnsl-2.19.so
7febd759e000-7febd759f000 rw-p 00017000 08:01 394078                     /lib/x86_64-linux-gnu/libnsl-2.19.so
7febd759f000-7febd75a1000 rw-p 00000000 00:00 0 
7febd75a1000-7febd75aa000 r-xp 00000000 08:01 394077                     /lib/x86_64-linux-gnu/libnss_compat-2.19.so
7febd75aa000-7febd77a9000 ---p 00009000 08:01 394077                     /lib/x86_64-linux-gnu/libnss_compat-2.19.so
7febd77a9000-7febd77aa000 r--p 00008000 08:01 394077                     /lib/x86_64-linux-gnu/libnss_compat-2.19.so
7febd77aa000-7febd77ab000 rw-p 00009000 08:01 394077                     /lib/x86_64-linux-gnu/libnss_compat-2.19.so
7febd77ab000-7febd77d5000 r-xp 00000000 08:01 539295                     /opt/java/jdk1.8.0_91/jre/lib/amd64/libjava.so
7febd77d5000-7febd79d5000 ---p 0002a000 08:01 539295                     /opt/java/jdk1.8.0_91/jre/lib/amd64/libjava.so
7febd79d5000-7febd79d7000 rw-p 0002a000 08:01 539295                     /opt/java/jdk1.8.0_91/jre/lib/amd64/libjava.so
7febd79d7000-7febd79e4000 r-xp 00000000 08:01 539299                     /opt/java/jdk1.8.0_91/jre/lib/amd64/libverify.so
7febd79e4000-7febd7be4000 ---p 0000d000 08:01 539299                     /opt/java/jdk1.8.0_91/jre/lib/amd64/libverify.so
7febd7be4000-7febd7be6000 rw-p 0000d000 08:01 539299                     /opt/java/jdk1.8.0_91/jre/lib/amd64/libverify.so
7febd7be6000-7febd7bed000 r-xp 00000000 08:01 394086                     /lib/x86_64-linux-gnu/librt-2.19.so
7febd7bed000-7febd7dec000 ---p 00007000 08:01 394086                     /lib/x86_64-linux-gnu/librt-2.19.so
7febd7dec000-7febd7ded000 r--p 00006000 08:01 394086                     /lib/x86_64-linux-gnu/librt-2.19.so
7febd7ded000-7febd7dee000 rw-p 00007000 08:01 394086                     /lib/x86_64-linux-gnu/librt-2.19.so
7febd7dee000-7febd7ef3000 r-xp 00000000 08:01 394004                     /lib/x86_64-linux-gnu/libm-2.19.so
7febd7ef3000-7febd80f2000 ---p 00105000 08:01 394004                     /lib/x86_64-linux-gnu/libm-2.19.so
7febd80f2000-7febd80f3000 r--p 00104000 08:01 394004                     /lib/x86_64-linux-gnu/libm-2.19.so
7febd80f3000-7febd80f4000 rw-p 00105000 08:01 394004                     /lib/x86_64-linux-gnu/libm-2.19.so
7febd80f4000-7febd8db4000 r-xp 00000000 08:01 539278                     /opt/java/jdk1.8.0_91/jre/lib/amd64/server/libjvm.so
7febd8db4000-7febd8fb4000 ---p 00cc0000 08:01 539278                     /opt/java/jdk1.8.0_91/jre/lib/amd64/server/libjvm.so
7febd8fb4000-7febd908c000 rw-p 00cc0000 08:01 539278                     /opt/java/jdk1.8.0_91/jre/lib/amd64/server/libjvm.so
7febd908c000-7febd90d7000 rw-p 00000000 00:00 0 
7febd90d7000-7febd9291000 r-xp 00000000 08:01 394087                     /lib/x86_64-linux-gnu/libc-2.19.so
7febd9291000-7febd9491000 ---p 001ba000 08:01 394087                     /lib/x86_64-linux-gnu/libc-2.19.so
7febd9491000-7febd9495000 r--p 001ba000 08:01 394087                     /lib/x86_64-linux-gnu/libc-2.19.so
7febd9495000-7febd9497000 rw-p 001be000 08:01 394087                     /lib/x86_64-linux-gnu/libc-2.19.so
7febd9497000-7febd949c000 rw-p 00000000 00:00 0 
7febd949c000-7febd949f000 r-xp 00000000 08:01 394014                     /lib/x86_64-linux-gnu/libdl-2.19.so
7febd949f000-7febd969e000 ---p 00003000 08:01 394014                     /lib/x86_64-linux-gnu/libdl-2.19.so
7febd969e000-7febd969f000 r--p 00002000 08:01 394014                     /lib/x86_64-linux-gnu/libdl-2.19.so
7febd969f000-7febd96a0000 rw-p 00003000 08:01 394014                     /lib/x86_64-linux-gnu/libdl-2.19.so
7febd96a0000-7febd96b5000 r-xp 00000000 08:01 538913                     /opt/java/jdk1.8.0_91/lib/amd64/jli/libjli.so
7febd96b5000-7febd98b5000 ---p 00015000 08:01 538913                     /opt/java/jdk1.8.0_91/lib/amd64/jli/libjli.so
7febd98b5000-7febd98b6000 rw-p 00015000 08:01 538913                     /opt/java/jdk1.8.0_91/lib/amd64/jli/libjli.so
7febd98b6000-7febd98cf000 r-xp 00000000 08:01 394079                     /lib/x86_64-linux-gnu/libpthread-2.19.so
7febd98cf000-7febd9ace000 ---p 00019000 08:01 394079                     /lib/x86_64-linux-gnu/libpthread-2.19.so
7febd9ace000-7febd9acf000 r--p 00018000 08:01 394079                     /lib/x86_64-linux-gnu/libpthread-2.19.so
7febd9acf000-7febd9ad0000 rw-p 00019000 08:01 394079                     /lib/x86_64-linux-gnu/libpthread-2.19.so
7febd9ad0000-7febd9ad4000 rw-p 00000000 00:00 0 
7febd9ad4000-7febd9af7000 r-xp 00000000 08:01 394080                     /lib/x86_64-linux-gnu/ld-2.19.so
7febd9af7000-7febd9b12000 r--s 00208000 08:01 539016                     /opt/java/jdk1.8.0_91/jre/lib/deploy.jar
7febd9b12000-7febd9bd3000 rw-p 00000000 00:00 0 
7febd9bd3000-7febd9bd6000 ---p 00000000 00:00 0 
7febd9bd6000-7febd9cd8000 rw-p 00000000 00:00 0 
7febd9cd8000-7febd9cda000 r--s 00007000 08:01 539322                     /opt/java/jdk1.8.0_91/jre/lib/jfxswt.jar
7febd9cda000-7febd9ce0000 r--s 002f8000 08:01 539096                     /opt/java/jdk1.8.0_91/jre/lib/charsets.jar
7febd9ce0000-7febd9ce8000 r--s 000c2000 08:02 5113467                    /home/cosmic/SOFT/idea-IU-145.1617.8/plugins/testng/lib/testng-plugin.jar
7febd9ce8000-7febd9cea000 r--s 0001e000 08:02 4719118                    /home/cosmic/SOFT/idea-IU-145.1617.8/lib/idea_rt.jar
7febd9cea000-7febd9cf2000 rw-s 00000000 08:01 547782                     /tmp/hsperfdata_cosmic/14535
7febd9cf2000-7febd9cf3000 rw-p 00000000 00:00 0 
7febd9cf3000-7febd9cf4000 r--p 00000000 00:00 0 
7febd9cf4000-7febd9cf6000 rw-p 00000000 00:00 0 
7febd9cf6000-7febd9cf7000 r--p 00022000 08:01 394080                     /lib/x86_64-linux-gnu/ld-2.19.so
7febd9cf7000-7febd9cf8000 rw-p 00023000 08:01 394080                     /lib/x86_64-linux-gnu/ld-2.19.so
7febd9cf8000-7febd9cf9000 rw-p 00000000 00:00 0 
7ffcdf5c9000-7ffcdf5eb000 rw-p 00000000 00:00 0                          [stack]
7ffcdf5f5000-7ffcdf5f7000 r--p 00000000 00:00 0                          [vvar]
7ffcdf5f7000-7ffcdf5f9000 r-xp 00000000 00:00 0                          [vdso]
ffffffffff600000-ffffffffff601000 r-xp 00000000 00:00 0                  [vsyscall]

VM Arguments:
jvm_args: -ea -Didea.launcher.port=7534 -Didea.launcher.bin.path=/home/cosmic/SOFT/idea-IU-145.1617.8/bin -Didea.testng.sm_runner -Dfile.encoding=UTF-8 
java_command: com.intellij.rt.execution.application.AppMain org.testng.RemoteTestNGStarter -port 45787 -usedefaultlisteners false -socket43641 @w@/tmp/idea_working_dirs_testng.tmp -temp /tmp/idea_testng.tmp
java_class_path (initial): /home/cosmic/SOFT/idea-IU-145.1617.8/lib/idea_rt.jar:/home/cosmic/SOFT/idea-IU-145.1617.8/plugins/testng/lib/testng-plugin.jar:/opt/java/jdk1.8.0_91/jre/lib/charsets.jar:/opt/java/jdk1.8.0_91/jre/lib/deploy.jar:/opt/java/jdk1.8.0_91/jre/lib/ext/cldrdata.jar:/opt/java/jdk1.8.0_91/jre/lib/ext/dnsns.jar:/opt/java/jdk1.8.0_91/jre/lib/ext/jaccess.jar:/opt/java/jdk1.8.0_91/jre/lib/ext/jfxrt.jar:/opt/java/jdk1.8.0_91/jre/lib/ext/localedata.jar:/opt/java/jdk1.8.0_91/jre/lib/ext/nashorn.jar:/opt/java/jdk1.8.0_91/jre/lib/ext/sunec.jar:/opt/java/jdk1.8.0_91/jre/lib/ext/sunjce_provider.jar:/opt/java/jdk1.8.0_91/jre/lib/ext/sunpkcs11.jar:/opt/java/jdk1.8.0_91/jre/lib/ext/zipfs.jar:/opt/java/jdk1.8.0_91/jre/lib/javaws.jar:/opt/java/jdk1.8.0_91/jre/lib/jce.jar:/opt/java/jdk1.8.0_91/jre/lib/jfr.jar:/opt/java/jdk1.8.0_91/jre/lib/jfxswt.jar:/opt/java/jdk1.8.0_91/jre/lib/jsse.jar:/opt/java/jdk1.8.0_91/jre/lib/management-agent.jar:/opt/java/jdk1.8.0_91/jre/lib/plugin.jar:/opt/java/jdk1.8.0_91/jre/lib/resources.jar:/opt/java/jdk1.8.0_91/jre/lib/rt.jar:/home/cosmic/IdeaProjects/FC/ui-tests/target/scala-2.11/test-classes:/home/cosmic/.ivy2/cache/cglib/cglib-nodep/jars/cglib-nodep-2.1_3.jar:/home/cosmic/.ivy2/cache/org.apache.httpcomponents/httpcore/jars/httpcore-4.4.4.jar:/home/cosmic/.ivy2/cache/org.apache.httpcomponents/httpclient/jars/httpclient-4.5.2.jar:/home/cosmic/.ivy2/cache/org.scala-lang/scala-library/jars/scala-library-2.11.8.jar:/home/cosmic/.ivy2/cache/org.beanshell/bsh/jars/bsh-2.0b4.jar:/home/cosmic/.ivy2/cache/commons-io/commons-io/jars/commons-io-2.4.jar:/home/cosmic/.ivy2/cache/com.codeborne/phantomjsdriver/jars/phantomjsdriver-1.3.0.jar:/home/cosmic/.ivy2/cache/com.codeborne/selenide/jars/selenide-3.6.jar:/home/cosmic/.ivy2/cache/com.google.code.gson/gson/jars/gson-2.3.1.jar:/home/cosmic/.ivy2/cache/com.google.guava/guava/bundles/guava-19.0.jar:/home/cosmic/.ivy2/cache/commons-beanutils/commons-beanutils-core/jars/commons-beanutils-core-1.8.
Launcher Type: SUN_STANDARD

Environment Variables:
JAVA_HOME=/opt/java/jdk1.8.0_91
JRE_HOME=/opt/java/jdk1.8.0_91/jre
PATH=/usr/local/sbin:/usr/local/bin:/usr/sbin:/usr/bin:/sbin:/bin:/usr/games:/usr/local/games:/home/cosmic/bash_scripts/touchpad.sh:/home/cosmic/bash_scripts/monitor.sh:/home/cosmic/SOFT/idea-IU-145.1617.8/bin:/home/cosmic/SOFT/idea-IU-145.1617.8/bin:/opt/java/jdk1.8.0_91:/opt/java/jdk1.8.0_91/jre
LD_LIBRARY_PATH=/home/cosmic/SOFT/idea-IU-145.1617.8/bin:
SHELL=/bin/bash
DISPLAY=:0.0

Signal Handlers:
SIGSEGV: [libjvm.so+0xabca10], sa_mask[0]=11111111011111111101111111111110, sa_flags=SA_RESTART|SA_SIGINFO
SIGBUS: [libjvm.so+0xabca10], sa_mask[0]=11111111011111111101111111111110, sa_flags=SA_RESTART|SA_SIGINFO
SIGFPE: [libjvm.so+0x919a20], sa_mask[0]=11111111011111111101111111111110, sa_flags=SA_RESTART|SA_SIGINFO
SIGPIPE: [libjvm.so+0x919a20], sa_mask[0]=11111111011111111101111111111110, sa_flags=SA_RESTART|SA_SIGINFO
SIGXFSZ: [libjvm.so+0x919a20], sa_mask[0]=11111111011111111101111111111110, sa_flags=SA_RESTART|SA_SIGINFO
SIGILL: [libjvm.so+0x919a20], sa_mask[0]=11111111011111111101111111111110, sa_flags=SA_RESTART|SA_SIGINFO
SIGUSR1: SIG_DFL, sa_mask[0]=00000000000000000000000000000000, sa_flags=none
SIGUSR2: [libjvm.so+0x91b050], sa_mask[0]=00100000000000000000000000000000, sa_flags=SA_RESTART|SA_SIGINFO
SIGHUP: [libjvm.so+0x91c450], sa_mask[0]=11111111011111111101111111111110, sa_flags=SA_RESTART|SA_SIGINFO
SIGINT: [libjvm.so+0x91c450], sa_mask[0]=11111111011111111101111111111110, sa_flags=SA_RESTART|SA_SIGINFO
SIGTERM: [libjvm.so+0x91c450], sa_mask[0]=11111111011111111101111111111110, sa_flags=SA_RESTART|SA_SIGINFO
SIGQUIT: [libjvm.so+0x91c450], sa_mask[0]=11111111011111111101111111111110, sa_flags=SA_RESTART|SA_SIGINFO


---------------  S Y S T E M  ---------------

OS:DISTRIB_ID=Ubuntu
DISTRIB_RELEASE=14.04
DISTRIB_CODENAME=trusty
DISTRIB_DESCRIPTION="Ubuntu 14.04.4 LTS"

uname:Linux 4.2.0-38-generic #45~14.04.1-Ubuntu SMP Thu Jun 9 09:27:51 UTC 2016 x86_64
libc:glibc 2.19 NPTL 2.19 
rlimit: STACK 8192k, CORE 0k, NPROC 23322, NOFILE 4096, AS infinity
load average:2,42 1,87 1,50

/proc/meminfo:
MemTotal:        5992012 kB
MemFree:         1067056 kB
MemAvailable:    1521552 kB
Buffers:           36544 kB
Cached:          1880200 kB
SwapCached:         5000 kB
Active:          3712948 kB
Inactive:         982192 kB
Active(anon):    3412808 kB
Inactive(anon):   695336 kB
Active(file):     300140 kB
Inactive(file):   286856 kB
Unevictable:         512 kB
Mlocked:             512 kB
SwapTotal:      11717628 kB
SwapFree:       11681848 kB
Dirty:              7160 kB
Writeback:             0 kB
AnonPages:       2773620 kB
Mapped:          1450060 kB
Shmem:           1329892 kB
Slab:             109584 kB
SReclaimable:      72852 kB
SUnreclaim:        36732 kB
KernelStack:       11712 kB
PageTables:        43628 kB
NFS_Unstable:          0 kB
Bounce:                0 kB
WritebackTmp:          0 kB
CommitLimit:    14713632 kB
Committed_AS:    8287628 kB
VmallocTotal:   34359738367 kB
VmallocUsed:      362424 kB
VmallocChunk:   34358947836 kB
HardwareCorrupted:     0 kB
AnonHugePages:   1449984 kB
CmaTotal:              0 kB
CmaFree:               0 kB
HugePages_Total:       0
HugePages_Free:        0
HugePages_Rsvd:        0
HugePages_Surp:        0
Hugepagesize:       2048 kB
DirectMap4k:      176072 kB
DirectMap2M:     5996544 kB


CPU:total 4 (2 cores per cpu, 2 threads per core) family 6 model 42 stepping 7, cmov, cx8, fxsr, mmx, sse, sse2, sse3, ssse3, sse4.1, sse4.2, popcnt, avx, clmul, ht, tsc, tscinvbit

/proc/cpuinfo:
processor	: 0
vendor_id	: GenuineIntel
cpu family	: 6
model		: 42
model name	: Intel(R) Core(TM) i3-2377M CPU @ 1.50GHz
stepping	: 7
microcode	: 0x28
cpu MHz		: 1499.941
cache size	: 3072 KB
physical id	: 0
siblings	: 4
core id		: 0
cpu cores	: 2
apicid		: 0
initial apicid	: 0
fpu		: yes
fpu_exception	: yes
cpuid level	: 13
wp		: yes
flags		: fpu vme de pse tsc msr pae mce cx8 apic sep mtrr pge mca cmov pat pse36 clflush dts acpi mmx fxsr sse sse2 ss ht tm pbe syscall nx rdtscp lm constant_tsc arch_perfmon pebs bts rep_good nopl xtopology nonstop_tsc aperfmperf eagerfpu pni pclmulqdq dtes64 monitor ds_cpl vmx est tm2 ssse3 cx16 xtpr pdcm pcid sse4_1 sse4_2 x2apic popcnt tsc_deadline_timer xsave avx lahf_lm arat epb pln pts dtherm tpr_shadow vnmi flexpriority ept vpid xsaveopt
bugs		:
bogomips	: 2992.90
clflush size	: 64
cache_alignment	: 64
address sizes	: 36 bits physical, 48 bits virtual
power management:

processor	: 1
vendor_id	: GenuineIntel
cpu family	: 6
model		: 42
model name	: Intel(R) Core(TM) i3-2377M CPU @ 1.50GHz
stepping	: 7
microcode	: 0x28
cpu MHz		: 1499.941
cache size	: 3072 KB
physical id	: 0
siblings	: 4
core id		: 1
cpu cores	: 2
apicid		: 2
initial apicid	: 2
fpu		: yes
fpu_exception	: yes
cpuid level	: 13
wp		: yes
flags		: fpu vme de pse tsc msr pae mce cx8 apic sep mtrr pge mca cmov pat pse36 clflush dts acpi mmx fxsr sse sse2 ss ht tm pbe syscall nx rdtscp lm constant_tsc arch_perfmon pebs bts rep_good nopl xtopology nonstop_tsc aperfmperf eagerfpu pni pclmulqdq dtes64 monitor ds_cpl vmx est tm2 ssse3 cx16 xtpr pdcm pcid sse4_1 sse4_2 x2apic popcnt tsc_deadline_timer xsave avx lahf_lm arat epb pln pts dtherm tpr_shadow vnmi flexpriority ept vpid xsaveopt
bugs		:
bogomips	: 2992.90
clflush size	: 64
cache_alignment	: 64
address sizes	: 36 bits physical, 48 bits virtual
power management:

processor	: 2
vendor_id	: GenuineIntel
cpu family	: 6
model		: 42
model name	: Intel(R) Core(TM) i3-2377M CPU @ 1.50GHz
stepping	: 7
microcode	: 0x28
cpu MHz		: 1500.000
cache size	: 3072 KB
physical id	: 0
siblings	: 4
core id		: 0
cpu cores	: 2
apicid		: 1
initial apicid	: 1
fpu		: yes
fpu_exception	: yes
cpuid level	: 13
wp		: yes
flags		: fpu vme de pse tsc msr pae mce cx8 apic sep mtrr pge mca cmov pat pse36 clflush dts acpi mmx fxsr sse sse2 ss ht tm pbe syscall nx rdtscp lm constant_tsc arch_perfmon pebs bts rep_good nopl xtopology nonstop_tsc aperfmperf eagerfpu pni pclmulqdq dtes64 monitor ds_cpl vmx est tm2 ssse3 cx16 xtpr pdcm pcid sse4_1 sse4_2 x2apic popcnt tsc_deadline_timer xsave avx lahf_lm arat epb pln pts dtherm tpr_shadow vnmi flexpriority ept vpid xsaveopt
bugs		:
bogomips	: 2992.90
clflush size	: 64
cache_alignment	: 64
address sizes	: 36 bits physical, 48 bits virtual
power management:

processor	: 3
vendor_id	: GenuineIntel
cpu family	: 6
model		: 42
model name	: Intel(R) Core(TM) i3-2377M CPU @ 1.50GHz
stepping	: 7
microcode	: 0x28
cpu MHz		: 1499.941
cache size	: 3072 KB
physical id	: 0
siblings	: 4
core id		: 1
cpu cores	: 2
apicid		: 3
initial apicid	: 3
fpu		: yes
fpu_exception	: yes
cpuid level	: 13
wp		: yes
flags		: fpu vme de pse tsc msr pae mce cx8 apic sep mtrr pge mca cmov pat pse36 clflush dts acpi mmx fxsr sse sse2 ss ht tm pbe syscall nx rdtscp lm constant_tsc arch_perfmon pebs bts rep_good nopl xtopology nonstop_tsc aperfmperf eagerfpu pni pclmulqdq dtes64 monitor ds_cpl vmx est tm2 ssse3 cx16 xtpr pdcm pcid sse4_1 sse4_2 x2apic popcnt tsc_deadline_timer xsave avx lahf_lm arat epb pln pts dtherm tpr_shadow vnmi flexpriority ept vpid xsaveopt
bugs		:
bogomips	: 2992.90
clflush size	: 64
cache_alignment	: 64
address sizes	: 36 bits physical, 48 bits virtual
power management:



Memory: 4k page, physical 5992012k(1067064k free), swap 11717628k(11681848k free)

vm_info: Java HotSpot(TM) 64-Bit Server VM (25.91-b14) for linux-amd64 JRE (1.8.0_91-b14), built on Apr  1 2016 00:57:21 by "java_re" with gcc 4.3.0 20080428 (Red Hat 4.3.0-8)

time: Sun Jun 19 19:10:03 2016
elapsed time: 284 seconds (0d 0h 4m 44s)

