#
# A fatal error has been detected by the Java Runtime Environment:
#
#  SIGSEGV (0xb) at pc=0x00007f5e74376443, pid=22226, tid=140042624526080
#
# JRE version: Java(TM) SE Runtime Environment (8.0_91-b14) (build 1.8.0_91-b14)
# Java VM: Java HotSpot(TM) 64-Bit Server VM (25.91-b14 mixed mode linux-amd64 compressed oops)
# Problematic frame:
# C  [libX11.so.6+0x89443]
#
# Failed to write core dump. Core dumps have been disabled. To enable core dumping, try "ulimit -c unlimited" before starting Java again
#
# If you would like to submit a bug report, please visit:
#   http://bugreport.java.com/bugreport/crash.jsp
# The crash happened outside the Java Virtual Machine in native code.
# See problematic frame for where to report the bug.
#

---------------  T H R E A D  ---------------

Current thread (0x00007f5e9c6ca800):  JavaThread "AWT-XAWT" daemon [_thread_in_native, id=22361, stack(0x00007f5e36d36000,0x00007f5e36e37000)]

siginfo: si_signo: 11 (SIGSEGV), si_code: 1 (SEGV_MAPERR), si_addr: 0x000000000000000a

Registers:
RAX=0x00007f5e9c687cc0, RBX=0x00007f5e9c686570, RCX=0x0000000000000000, RDX=0x0000000000000087
RSP=0x00007f5e36e35470, RBP=0x000000000000000a, RSI=0x0000000000000000, RDI=0x00007f5e9c686570
R8 =0x0000000000000000, R9 =0x00007f5e280032c0, R10=0x00007f5e8d0179e8, R11=0x00007f5ea2e81850
R12=0x0000000000000000, R13=0x00007f5e74e26270, R14=0x00007f5e36e35578, R15=0x00007f5e9c6ca800
RIP=0x00007f5e74376443, EFLAGS=0x0000000000010246, CSGSFS=0x0000000000000033, ERR=0x0000000000000004
  TRAPNO=0x000000000000000e

Top of Stack: (sp=0x00007f5e36e35470)
0x00007f5e36e35470:   0000000000000000 00007f5e9c686570
0x00007f5e36e35480:   0000000000000047 00007f5e743770f1
0x00007f5e36e35490:   00007f5e74e26270 00007f5e36e354b0
0x00007f5e36e354a0:   0000000000000000 00007f5e7487d201
0x00007f5e36e354b0:   00007f5e36e35530 00007f5e8d017a14
0x00007f5e36e354c0:   00000000db332430 00007f5e36e354c8
0x00007f5e36e354d0:   00007f5e74f02854 00007f5e36e35520
0x00007f5e36e354e0:   00007f5e74f04020 0000000000000000
0x00007f5e36e354f0:   00007f5e36e354f0 0000000000000000
0x00007f5e36e35500:   00007f5e36e35578 00007f5e74e272a0
0x00007f5e36e35510:   0000000000000000 00007f5e74e26270
0x00007f5e36e35520:   0000000000000000 00007f5e36e35550
0x00007f5e36e35530:   00007f5e36e355c0 00007f5e8d007dd0
0x00007f5e36e35540:   00000000db5f3fb0 00007f5e8d011537
0x00007f5e36e35550:   0000000000000000 0000000000000000
0x00007f5e36e35560:   0000000000000047 00007f5e8d007dd0
0x00007f5e36e35570:   00007f5e9c686570 00007f5e8d007dd0
0x00007f5e36e35580:   00007f5e36e35580 00007f5e74e02aef
0x00007f5e36e35590:   00007f5e36e355e8 00007f5e74e13ec0
0x00007f5e36e355a0:   0000000000000000 00007f5e74e02b10
0x00007f5e36e355b0:   00007f5e36e35550 00007f5e36e355e0
0x00007f5e36e355c0:   00007f5e36e35630 00007f5e8d0082bd
0x00007f5e36e355d0:   0000000000000001 00000000d89d1940
0x00007f5e36e355e0:   00000000db332410 00000000db3031b8
0x00007f5e36e355f0:   00007f5e36e355f0 00007f5e755241f1
0x00007f5e36e35600:   00007f5e36e35678 00007f5e74e13ec0
0x00007f5e36e35610:   0000000000000000 00007f5e74dfd498
0x00007f5e36e35620:   00007f5e36e355e0 00007f5e36e35670
0x00007f5e36e35630:   00007f5e36e356c0 00007f5e8d0082bd
0x00007f5e36e35640:   0000000000000000 0000000000000000
0x00007f5e36e35650:   0000000000000000 0000000000000000
0x00007f5e36e35660:   0000000000000000 00000000db332410 

Instructions: (pc=0x00007f5e74376443)
0x00007f5e74376423:   83 ec 08 e8 f5 57 fb ff 48 8b 93 20 0a 00 00 31
0x00007f5e74376433:   c9 31 f6 48 8b 52 08 8b 52 04 c6 40 01 08 88 10
0x00007f5e74376443:   0f b7 55 00 66 89 48 06 c6 40 0b 00 c6 40 0a 00
0x00007f5e74376453:   c6 40 0d 00 c6 40 0c 00 c6 40 0f 00 66 89 50 04 

Register to memory mapping:

RAX=0x00007f5e9c687cc0 is an unknown value
RBX=0x00007f5e9c686570 is an unknown value
RCX=0x0000000000000000 is an unknown value
RDX=0x0000000000000087 is an unknown value
RSP=0x00007f5e36e35470 is pointing into the stack for thread: 0x00007f5e9c6ca800
RBP=0x000000000000000a is an unknown value
RSI=0x0000000000000000 is an unknown value
RDI=0x00007f5e9c686570 is an unknown value
R8 =0x0000000000000000 is an unknown value
R9 =0x00007f5e280032c0 is an unknown value
R10=0x00007f5e8d0179e8 is at code_begin+808 in an Interpreter codelet
method entry point (kind = native)  [0x00007f5e8d0176c0, 0x00007f5e8d017fc0]  2304 bytes
R11=0x00007f5ea2e81850: <offset 0x9bb850> in /usr/lib/jvm/java-8-oracle/jre/lib/amd64/server/libjvm.so at 0x00007f5ea24c6000
R12=0x0000000000000000 is an unknown value
R13={method} {0x00007f5e74e26270} 'XkbGetUpdatedMap' '(JJJ)J' in 'sun/awt/X11/XlibWrapper'
R14=0x00007f5e36e35578 is pointing into the stack for thread: 0x00007f5e9c6ca800
R15=0x00007f5e9c6ca800 is a thread


Stack: [0x00007f5e36d36000,0x00007f5e36e37000],  sp=0x00007f5e36e35470,  free space=1021k
Native frames: (J=compiled Java code, j=interpreted, Vv=VM code, C=native code)
C  [libX11.so.6+0x89443]

Java frames: (J=compiled Java code, j=interpreted, Vv=VM code)
j  sun.awt.X11.XlibWrapper.XkbGetUpdatedMap(JJJ)J+0
j  sun.awt.X11.XToolkit.processXkbChanges(Lsun/awt/X11/XEvent;)V+87
j  sun.awt.X11.XToolkit.run(Z)V+137
j  sun.awt.X11.XToolkit.run()V+5
j  java.lang.Thread.run()V+11
v  ~StubRoutines::call_stub

---------------  P R O C E S S  ---------------

Java Threads: ( => current thread )
  0x00007f5e24004000 JavaThread "Forwarding quit on session 5d6ae8b17e8bde256dcb82be65509922 to remote" daemon [_thread_in_native, id=22517, stack(0x00007f5e3652b000,0x00007f5e3662c000)]
  0x00007f5e9c778000 JavaThread "Thread-3" [_thread_blocked, id=22514, stack(0x00007f5e3642a000,0x00007f5e3652b000)]
  0x00007f5e9c18b000 JavaThread "Webdrivers killer thread" daemon [_thread_blocked, id=22365, stack(0x00007f5e36a35000,0x00007f5e36b36000)]
=>0x00007f5e9c6ca800 JavaThread "AWT-XAWT" daemon [_thread_in_native, id=22361, stack(0x00007f5e36d36000,0x00007f5e36e37000)]
  0x00007f5e9c6ad800 JavaThread "Java2D Disposer" daemon [_thread_blocked, id=22360, stack(0x00007f5e37247000,0x00007f5e37348000)]
  0x00007f5e4c00e800 JavaThread "Exec Stream Pumper" daemon [_thread_in_native, id=22272, stack(0x00007f5e74f78000,0x00007f5e75079000)]
  0x00007f5e4c00d800 JavaThread "Exec Stream Pumper" daemon [_thread_in_native, id=22271, stack(0x00007f5e75079000,0x00007f5e7517a000)]
  0x00007f5e4c00b800 JavaThread "process reaper" daemon [_thread_in_native, id=22269, stack(0x00007f5e7517a000,0x00007f5e751b3000)]
  0x00007f5e9c5f5000 JavaThread "UrlChecker-2" daemon [_thread_blocked, id=22267, stack(0x00007f5e751cf000,0x00007f5e752d0000)]
  0x00007f5e9c5eb800 JavaThread "Exec Default Executor" daemon [_thread_blocked, id=22266, stack(0x00007f5e752d0000,0x00007f5e753d1000)]
  0x00007f5e9c0f1800 JavaThread "Monitor Ctrl-Break" daemon [_thread_in_native, id=22256, stack(0x00007f5e75fb3000,0x00007f5e760b4000)]
  0x00007f5e9c0c2800 JavaThread "Service Thread" daemon [_thread_blocked, id=22251, stack(0x00007f5e763b7000,0x00007f5e764b8000)]
  0x00007f5e9c0bf800 JavaThread "C1 CompilerThread2" daemon [_thread_blocked, id=22247, stack(0x00007f5e764b8000,0x00007f5e765b9000)]
  0x00007f5e9c0be000 JavaThread "C2 CompilerThread1" daemon [_thread_in_native, id=22246, stack(0x00007f5e765b9000,0x00007f5e766ba000)]
  0x00007f5e9c0bb000 JavaThread "C2 CompilerThread0" daemon [_thread_in_native, id=22245, stack(0x00007f5e766ba000,0x00007f5e767bb000)]
  0x00007f5e9c0b9800 JavaThread "Signal Dispatcher" daemon [_thread_blocked, id=22244, stack(0x00007f5e767bb000,0x00007f5e768bc000)]
  0x00007f5e9c086800 JavaThread "Finalizer" daemon [_thread_blocked, id=22240, stack(0x00007f5e773f4000,0x00007f5e774f5000)]
  0x00007f5e9c082000 JavaThread "Reference Handler" daemon [_thread_blocked, id=22239, stack(0x00007f5e774f5000,0x00007f5e775f6000)]
  0x00007f5e9c00c800 JavaThread "main" [_thread_blocked, id=22227, stack(0x00007f5ea3fa8000,0x00007f5ea40a9000)]

Other Threads:
  0x00007f5e9c07a000 VMThread [stack: 0x00007f5e775f6000,0x00007f5e776f7000] [id=22235]
  0x00007f5e9c0c6000 WatcherThread [stack: 0x00007f5e762b6000,0x00007f5e763b7000] [id=22253]

VM state:not at safepoint (normal execution)

VM Mutex/Monitor currently owned by a thread: None

Heap:
 PSYoungGen      total 36864K, used 31526K [0x00000000d7000000, 0x00000000db800000, 0x0000000100000000)
  eden space 31744K, 83% used [0x00000000d7000000,0x00000000d89d1980,0x00000000d8f00000)
  from space 5120K, 99% used [0x00000000db300000,0x00000000db7f8040,0x00000000db800000)
  to   space 5120K, 0% used [0x00000000d8f00000,0x00000000d8f00000,0x00000000d9400000)
 ParOldGen       total 84992K, used 3731K [0x0000000085000000, 0x000000008a300000, 0x00000000d7000000)
  object space 84992K, 4% used [0x0000000085000000,0x00000000853a4d18,0x000000008a300000)
 Metaspace       used 19708K, capacity 19982K, committed 20224K, reserved 1067008K
  class space    used 2420K, capacity 2498K, committed 2560K, reserved 1048576K

Card table byte_map: [0x00007f5ea098d000,0x00007f5ea0d66000] byte_map_base: 0x00007f5ea0565000

Marking Bits: (ParMarkBitMap*) 0x00007f5ea347cd60
 Begin Bits: [0x00007f5e89280000, 0x00007f5e8b140000)
 End Bits:   [0x00007f5e8b140000, 0x00007f5e8d000000)

Polling page: 0x00007f5ea40c5000

CodeCache: size=245760Kb used=6568Kb max_used=6575Kb free=239191Kb
 bounds [0x00007f5e8d000000, 0x00007f5e8d680000, 0x00007f5e9c000000]
 total_blobs=2535 nmethods=2031 adapters=415
 compilation: enabled

Compilation events (10 events):
Event: 50.355 Thread 0x00007f5e9c0bf800 2045       3       java.util.logging.LogManager$LoggerContext::getRootLogger (8 bytes)
Event: 50.356 Thread 0x00007f5e9c0bf800 nmethod 2045 0x00007f5e8d668910 code [0x00007f5e8d668a80, 0x00007f5e8d668c90]
Event: 50.356 Thread 0x00007f5e9c0bf800 2046       3       java.util.logging.LogManager$LoggerContext::getGlobalLogger (6 bytes)
Event: 50.356 Thread 0x00007f5e9c0bf800 nmethod 2046 0x00007f5e8d669550 code [0x00007f5e8d6696c0, 0x00007f5e8d669810]
Event: 50.356 Thread 0x00007f5e9c0bf800 2047       1       java.util.concurrent.CopyOnWriteArrayList::getArray (5 bytes)
Event: 50.356 Thread 0x00007f5e9c0bf800 nmethod 2047 0x00007f5e8d669890 code [0x00007f5e8d6699e0, 0x00007f5e8d669af0]
Event: 50.358 Thread 0x00007f5e9c0bf800 2048       3       java.util.regex.Pattern$CharProperty::study (29 bytes)
Event: 50.359 Thread 0x00007f5e9c0bf800 nmethod 2048 0x00007f5e8d669b50 code [0x00007f5e8d669cc0, 0x00007f5e8d669ee8]
Event: 50.386 Thread 0x00007f5e9c0bb000 nmethod 2017 0x00007f5e8d66e090 code [0x00007f5e8d66e320, 0x00007f5e8d66f730]
Event: 50.386 Thread 0x00007f5e9c0bb000 2029   !   4       java.util.zip.ZipFile$ZipFileInputStream::read (131 bytes)

GC Heap History (4 events):
Event: 2.635 GC heap before
{Heap before GC invocations=1 (full 0):
 PSYoungGen      total 36864K, used 31744K [0x00000000d7000000, 0x00000000d9900000, 0x0000000100000000)
  eden space 31744K, 100% used [0x00000000d7000000,0x00000000d8f00000,0x00000000d8f00000)
  from space 5120K, 0% used [0x00000000d9400000,0x00000000d9400000,0x00000000d9900000)
  to   space 5120K, 0% used [0x00000000d8f00000,0x00000000d8f00000,0x00000000d9400000)
 ParOldGen       total 84992K, used 0K [0x0000000085000000, 0x000000008a300000, 0x00000000d7000000)
  object space 84992K, 0% used [0x0000000085000000,0x0000000085000000,0x000000008a300000)
 Metaspace       used 11014K, capacity 11240K, committed 11392K, reserved 1058816K
  class space    used 1283K, capacity 1349K, committed 1408K, reserved 1048576K
Event: 2.666 GC heap after
Heap after GC invocations=1 (full 0):
 PSYoungGen      total 36864K, used 5113K [0x00000000d7000000, 0x00000000db800000, 0x0000000100000000)
  eden space 31744K, 0% used [0x00000000d7000000,0x00000000d7000000,0x00000000d8f00000)
  from space 5120K, 99% used [0x00000000d8f00000,0x00000000d93fe5f8,0x00000000d9400000)
  to   space 5120K, 0% used [0x00000000db300000,0x00000000db300000,0x00000000db800000)
 ParOldGen       total 84992K, used 1048K [0x0000000085000000, 0x000000008a300000, 0x00000000d7000000)
  object space 84992K, 1% used [0x0000000085000000,0x00000000851063c0,0x000000008a300000)
 Metaspace       used 11014K, capacity 11240K, committed 11392K, reserved 1058816K
  class space    used 1283K, capacity 1349K, committed 1408K, reserved 1048576K
}
Event: 20.911 GC heap before
{Heap before GC invocations=2 (full 0):
 PSYoungGen      total 36864K, used 36857K [0x00000000d7000000, 0x00000000db800000, 0x0000000100000000)
  eden space 31744K, 100% used [0x00000000d7000000,0x00000000d8f00000,0x00000000d8f00000)
  from space 5120K, 99% used [0x00000000d8f00000,0x00000000d93fe5f8,0x00000000d9400000)
  to   space 5120K, 0% used [0x00000000db300000,0x00000000db300000,0x00000000db800000)
 ParOldGen       total 84992K, used 1048K [0x0000000085000000, 0x000000008a300000, 0x00000000d7000000)
  object space 84992K, 1% used [0x0000000085000000,0x00000000851063c0,0x000000008a300000)
 Metaspace       used 16496K, capacity 16748K, committed 17024K, reserved 1064960K
  class space    used 2000K, capacity 2071K, committed 2176K, reserved 1048576K
Event: 20.933 GC heap after
Heap after GC invocations=2 (full 0):
 PSYoungGen      total 36864K, used 5088K [0x00000000d7000000, 0x00000000db800000, 0x0000000100000000)
  eden space 31744K, 0% used [0x00000000d7000000,0x00000000d7000000,0x00000000d8f00000)
  from space 5120K, 99% used [0x00000000db300000,0x00000000db7f8040,0x00000000db800000)
  to   space 5120K, 0% used [0x00000000d8f00000,0x00000000d8f00000,0x00000000d9400000)
 ParOldGen       total 84992K, used 3731K [0x0000000085000000, 0x000000008a300000, 0x00000000d7000000)
  object space 84992K, 4% used [0x0000000085000000,0x00000000853a4d18,0x000000008a300000)
 Metaspace       used 16496K, capacity 16748K, committed 17024K, reserved 1064960K
  class space    used 2000K, capacity 2071K, committed 2176K, reserved 1048576K
}

Deoptimization events (10 events):
Event: 20.884 Thread 0x00007f5e9c00c800 Uncommon trap: reason=class_check action=maybe_recompile pc=0x00007f5e8d189164 method=java.lang.String.equals(Ljava/lang/Object;)Z @ 8
Event: 20.884 Thread 0x00007f5e9c00c800 Uncommon trap: reason=class_check action=maybe_recompile pc=0x00007f5e8d189164 method=java.lang.String.equals(Ljava/lang/Object;)Z @ 8
Event: 20.885 Thread 0x00007f5e9c00c800 Uncommon trap: reason=class_check action=maybe_recompile pc=0x00007f5e8d189164 method=java.lang.String.equals(Ljava/lang/Object;)Z @ 8
Event: 20.886 Thread 0x00007f5e9c00c800 Uncommon trap: reason=class_check action=maybe_recompile pc=0x00007f5e8d189164 method=java.lang.String.equals(Ljava/lang/Object;)Z @ 8
Event: 32.042 Thread 0x00007f5e9c00c800 Uncommon trap: reason=unstable_if action=reinterpret pc=0x00007f5e8d140224 method=sun.nio.cs.UTF_8$Encoder.encode([CII[B)I @ 33
Event: 50.273 Thread 0x00007f5e9c00c800 Uncommon trap: reason=predicate action=maybe_recompile pc=0x00007f5e8d600374 method=java.lang.String.regionMatches(ZILjava/lang/String;II)Z @ 63
Event: 50.279 Thread 0x00007f5e9c00c800 Uncommon trap: reason=class_check action=maybe_recompile pc=0x00007f5e8d4012e0 method=java.io.DataInputStream.readFully([BII)V @ 34
Event: 50.279 Thread 0x00007f5e9c00c800 Uncommon trap: reason=class_check action=maybe_recompile pc=0x00007f5e8d4012e0 method=java.io.DataInputStream.readFully([BII)V @ 34
Event: 50.279 Thread 0x00007f5e9c00c800 Uncommon trap: reason=class_check action=maybe_recompile pc=0x00007f5e8d4012e0 method=java.io.DataInputStream.readFully([BII)V @ 34
Event: 50.280 Thread 0x00007f5e9c00c800 Uncommon trap: reason=class_check action=maybe_recompile pc=0x00007f5e8d4012e0 method=java.io.DataInputStream.readFully([BII)V @ 34

Internal exceptions (10 events):
Event: 1.601 Thread 0x00007f5e9c00c800 Implicit null exception at 0x00007f5e8d22c775 to 0x00007f5e8d22cac5
Event: 1.601 Thread 0x00007f5e9c00c800 Implicit null exception at 0x00007f5e8d1f83b5 to 0x00007f5e8d1f86f9
Event: 1.820 Thread 0x00007f5e9c00c800 Exception <a 'java/lang/NoClassDefFoundError': org/apache/log4j/Priority> (0x00000000d8488210) thrown at [/HUDSON/workspace/8-2-build-linux-amd64/jdk8u91/6644/hotspot/src/share/vm/classfile/systemDictionary.cpp, line 199]
Event: 2.127 Thread 0x00007f5e9c00c800 Exception <a 'java/lang/NoSuchFieldError': method resolution failed> (0x00000000d867d258) thrown at [/HUDSON/workspace/8-2-build-linux-amd64/jdk8u91/6644/hotspot/src/share/vm/prims/methodHandles.cpp, line 1146]
Event: 2.136 Thread 0x00007f5e9c00c800 Exception <a 'java/lang/NoSuchFieldError': method resolution failed> (0x00000000d868ace8) thrown at [/HUDSON/workspace/8-2-build-linux-amd64/jdk8u91/6644/hotspot/src/share/vm/prims/methodHandles.cpp, line 1146]
Event: 3.450 Thread 0x00007f5e9c00c800 Exception <a 'java/lang/ArrayIndexOutOfBoundsException': 139> (0x00000000d821b048) thrown at [/HUDSON/workspace/8-2-build-linux-amd64/jdk8u91/6644/hotspot/src/share/vm/interpreter/interpreterRuntime.cpp, line 366]
Event: 4.789 Thread 0x00007f5e9c00c800 Exception <a 'java/io/FileNotFoundException'> (0x00000000d8af54e8) thrown at [/HUDSON/workspace/8-2-build-linux-amd64/jdk8u91/6644/hotspot/src/share/vm/prims/jni.cpp, line 709]
Event: 4.789 Thread 0x00007f5e9c00c800 Exception <a 'java/io/FileNotFoundException'> (0x00000000d8af6088) thrown at [/HUDSON/workspace/8-2-build-linux-amd64/jdk8u91/6644/hotspot/src/share/vm/prims/jni.cpp, line 709]
Event: 50.136 Thread 0x00007f5e9c00c800 Exception <a 'java/lang/ClassNotFoundException': com/sun/org/glassfish/hk2/osgiresourcelocator/ServiceLoader> (0x00000000d85cfe40) thrown at [/HUDSON/workspace/8-2-build-linux-amd64/jdk8u91/6644/hotspot/src/share/vm/classfile/systemDictionary.cpp, line 21
Event: 50.142 Thread 0x00007f5e9c00c800 Exception <a 'java/lang/NullPointerException'> (0x00000000d85db3c8) thrown at [/HUDSON/workspace/8-2-build-linux-amd64/jdk8u91/6644/hotspot/src/share/vm/interpreter/linkResolver.cpp, line 1280]

Events (10 events):
Event: 50.356 loading class sun/awt/X11/XMSelectionListener done
Event: 50.356 loading class sun/awt/X11/XSystemTrayPeer done
Event: 50.356 Thread 0x00007f5e9c77b800 Thread added: 0x00007f5e9c77b800
Event: 50.356 Executing VM operation: RevokeBias
Event: 50.357 Executing VM operation: RevokeBias done
Event: 50.357 Thread 0x00007f5e24004000 Thread added: 0x00007f5e24004000
Event: 50.357 Thread 0x00007f5e9c77b800 Thread exited: 0x00007f5e9c77b800
Event: 50.358 Thread 0x00007f5e9c779800 Thread exited: 0x00007f5e9c779800
Event: 50.358 loading class org/apache/http/client/methods/HttpDelete
Event: 50.358 loading class org/apache/http/client/methods/HttpDelete done


Dynamic libraries:
00400000-00401000 r-xp 00000000 08:02 948184                             /usr/lib/jvm/java-8-oracle/bin/java
00600000-00601000 rw-p 00000000 08:02 948184                             /usr/lib/jvm/java-8-oracle/bin/java
00933000-00954000 rw-p 00000000 00:00 0                                  [heap]
85000000-8a300000 rw-p 00000000 00:00 0 
8a300000-d7000000 ---p 00000000 00:00 0 
d7000000-db800000 rw-p 00000000 00:00 0 
db800000-100000000 ---p 00000000 00:00 0 
100000000-100280000 rw-p 00000000 00:00 0 
100280000-140000000 ---p 00000000 00:00 0 
7f5e18000000-7f5e18021000 rw-p 00000000 00:00 0 
7f5e18021000-7f5e1c000000 ---p 00000000 00:00 0 
7f5e20000000-7f5e20021000 rw-p 00000000 00:00 0 
7f5e20021000-7f5e24000000 ---p 00000000 00:00 0 
7f5e24000000-7f5e24021000 rw-p 00000000 00:00 0 
7f5e24021000-7f5e28000000 ---p 00000000 00:00 0 
7f5e28000000-7f5e28021000 rw-p 00000000 00:00 0 
7f5e28021000-7f5e2c000000 ---p 00000000 00:00 0 
7f5e2c000000-7f5e2c28d000 rw-p 00000000 00:00 0 
7f5e2c28d000-7f5e30000000 ---p 00000000 00:00 0 
7f5e30000000-7f5e30021000 rw-p 00000000 00:00 0 
7f5e30021000-7f5e34000000 ---p 00000000 00:00 0 
7f5e36228000-7f5e3622b000 ---p 00000000 00:00 0 
7f5e3622b000-7f5e36329000 rw-p 00000000 00:00 0 
7f5e36329000-7f5e3632c000 ---p 00000000 00:00 0 
7f5e3632c000-7f5e3642a000 rw-p 00000000 00:00 0 
7f5e3642a000-7f5e3642d000 ---p 00000000 00:00 0 
7f5e3642d000-7f5e3652b000 rw-p 00000000 00:00 0 
7f5e3652b000-7f5e3652e000 ---p 00000000 00:00 0 
7f5e3652e000-7f5e3676c000 rw-p 00000000 00:00 0 
7f5e3676c000-7f5e3682c000 ---p 00000000 00:00 0 
7f5e3682c000-7f5e36835000 r-xp 00000000 08:02 1084491                    /usr/lib/jvm/java-8-oracle/jre/lib/amd64/libmanagement.so
7f5e36835000-7f5e36a34000 ---p 00009000 08:02 1084491                    /usr/lib/jvm/java-8-oracle/jre/lib/amd64/libmanagement.so
7f5e36a34000-7f5e36a35000 rw-p 00008000 08:02 1084491                    /usr/lib/jvm/java-8-oracle/jre/lib/amd64/libmanagement.so
7f5e36a35000-7f5e36a38000 ---p 00000000 00:00 0 
7f5e36a38000-7f5e36d36000 rw-p 00000000 00:00 0 
7f5e36d36000-7f5e36d39000 ---p 00000000 00:00 0 
7f5e36d39000-7f5e36e37000 rw-p 00000000 00:00 0 
7f5e36e37000-7f5e36e3c000 r-xp 00000000 08:02 925440                     /usr/lib/x86_64-linux-gnu/libXfixes.so.3.1.0
7f5e36e3c000-7f5e3703b000 ---p 00005000 08:02 925440                     /usr/lib/x86_64-linux-gnu/libXfixes.so.3.1.0
7f5e3703b000-7f5e3703c000 r--p 00004000 08:02 925440                     /usr/lib/x86_64-linux-gnu/libXfixes.so.3.1.0
7f5e3703c000-7f5e3703d000 rw-p 00005000 08:02 925440                     /usr/lib/x86_64-linux-gnu/libXfixes.so.3.1.0
7f5e3703d000-7f5e37046000 r-xp 00000000 08:02 925432                     /usr/lib/x86_64-linux-gnu/libXcursor.so.1.0.2
7f5e37046000-7f5e37245000 ---p 00009000 08:02 925432                     /usr/lib/x86_64-linux-gnu/libXcursor.so.1.0.2
7f5e37245000-7f5e37246000 r--p 00008000 08:02 925432                     /usr/lib/x86_64-linux-gnu/libXcursor.so.1.0.2
7f5e37246000-7f5e37247000 rw-p 00009000 08:02 925432                     /usr/lib/x86_64-linux-gnu/libXcursor.so.1.0.2
7f5e37247000-7f5e3724a000 ---p 00000000 00:00 0 
7f5e3724a000-7f5e37348000 rw-p 00000000 00:00 0 
7f5e37348000-7f5e373ad000 r-xp 00000000 08:02 1084310                    /usr/lib/jvm/java-8-oracle/jre/lib/amd64/libfontmanager.so
7f5e373ad000-7f5e375ac000 ---p 00065000 08:02 1084310                    /usr/lib/jvm/java-8-oracle/jre/lib/amd64/libfontmanager.so
7f5e375ac000-7f5e375b1000 rw-p 00064000 08:02 1084310                    /usr/lib/jvm/java-8-oracle/jre/lib/amd64/libfontmanager.so
7f5e375b1000-7f5e375c1000 rw-p 00000000 00:00 0 
7f5e375c1000-7f5e375c6000 r-xp 00000000 08:02 925436                     /usr/lib/x86_64-linux-gnu/libXdmcp.so.6.0.0
7f5e375c6000-7f5e377c5000 ---p 00005000 08:02 925436                     /usr/lib/x86_64-linux-gnu/libXdmcp.so.6.0.0
7f5e377c5000-7f5e377c6000 r--p 00004000 08:02 925436                     /usr/lib/x86_64-linux-gnu/libXdmcp.so.6.0.0
7f5e377c6000-7f5e377c7000 rw-p 00005000 08:02 925436                     /usr/lib/x86_64-linux-gnu/libXdmcp.so.6.0.0
7f5e377c7000-7f5e377c9000 r-xp 00000000 08:02 925425                     /usr/lib/x86_64-linux-gnu/libXau.so.6.0.0
7f5e377c9000-7f5e379c9000 ---p 00002000 08:02 925425                     /usr/lib/x86_64-linux-gnu/libXau.so.6.0.0
7f5e379c9000-7f5e379ca000 r--p 00002000 08:02 925425                     /usr/lib/x86_64-linux-gnu/libXau.so.6.0.0
7f5e379ca000-7f5e379cb000 rw-p 00003000 08:02 925425                     /usr/lib/x86_64-linux-gnu/libXau.so.6.0.0
7f5e379cb000-7f5e379e8000 r-xp 00000000 08:02 926377                     /usr/lib/x86_64-linux-gnu/libxcb.so.1.1.0
7f5e379e8000-7f5e37be8000 ---p 0001d000 08:02 926377                     /usr/lib/x86_64-linux-gnu/libxcb.so.1.1.0
7f5e37be8000-7f5e37be9000 r--p 0001d000 08:02 926377                     /usr/lib/x86_64-linux-gnu/libxcb.so.1.1.0
7f5e37be9000-7f5e37bea000 rw-p 0001e000 08:02 926377                     /usr/lib/x86_64-linux-gnu/libxcb.so.1.1.0
7f5e37bea000-7f5e37bf9000 r-xp 00000000 08:02 925446                     /usr/lib/x86_64-linux-gnu/libXi.so.6.1.0
7f5e37bf9000-7f5e37df8000 ---p 0000f000 08:02 925446                     /usr/lib/x86_64-linux-gnu/libXi.so.6.1.0
7f5e37df8000-7f5e37df9000 r--p 0000e000 08:02 925446                     /usr/lib/x86_64-linux-gnu/libXi.so.6.1.0
7f5e37df9000-7f5e37dfa000 rw-p 0000f000 08:02 925446                     /usr/lib/x86_64-linux-gnu/libXi.so.6.1.0
7f5e37dfa000-7f5e37dff000 r-xp 00000000 08:02 925466                     /usr/lib/x86_64-linux-gnu/libXtst.so.6.1.0
7f5e37dff000-7f5e37ffe000 ---p 00005000 08:02 925466                     /usr/lib/x86_64-linux-gnu/libXtst.so.6.1.0
7f5e37ffe000-7f5e37fff000 r--p 00004000 08:02 925466                     /usr/lib/x86_64-linux-gnu/libXtst.so.6.1.0
7f5e37fff000-7f5e38000000 rw-p 00005000 08:02 925466                     /usr/lib/x86_64-linux-gnu/libXtst.so.6.1.0
7f5e38000000-7f5e38021000 rw-p 00000000 00:00 0 
7f5e38021000-7f5e3c000000 ---p 00000000 00:00 0 
7f5e3c000000-7f5e3c021000 rw-p 00000000 00:00 0 
7f5e3c021000-7f5e40000000 ---p 00000000 00:00 0 
7f5e40000000-7f5e40021000 rw-p 00000000 00:00 0 
7f5e40021000-7f5e44000000 ---p 00000000 00:00 0 
7f5e44000000-7f5e44021000 rw-p 00000000 00:00 0 
7f5e44021000-7f5e48000000 ---p 00000000 00:00 0 
7f5e48000000-7f5e48021000 rw-p 00000000 00:00 0 
7f5e48021000-7f5e4c000000 ---p 00000000 00:00 0 
7f5e4c000000-7f5e4c021000 rw-p 00000000 00:00 0 
7f5e4c021000-7f5e50000000 ---p 00000000 00:00 0 
7f5e50000000-7f5e50021000 rw-p 00000000 00:00 0 
7f5e50021000-7f5e54000000 ---p 00000000 00:00 0 
7f5e54000000-7f5e54021000 rw-p 00000000 00:00 0 
7f5e54021000-7f5e58000000 ---p 00000000 00:00 0 
7f5e58000000-7f5e58243000 rw-p 00000000 00:00 0 
7f5e58243000-7f5e5c000000 ---p 00000000 00:00 0 
7f5e5c000000-7f5e5c734000 rw-p 00000000 00:00 0 
7f5e5c734000-7f5e60000000 ---p 00000000 00:00 0 
7f5e60000000-7f5e60021000 rw-p 00000000 00:00 0 
7f5e60021000-7f5e64000000 ---p 00000000 00:00 0 
7f5e64000000-7f5e64437000 rw-p 00000000 00:00 0 
7f5e64437000-7f5e68000000 ---p 00000000 00:00 0 
7f5e68000000-7f5e68021000 rw-p 00000000 00:00 0 
7f5e68021000-7f5e6c000000 ---p 00000000 00:00 0 
7f5e6c000000-7f5e6c021000 rw-p 00000000 00:00 0 
7f5e6c021000-7f5e70000000 ---p 00000000 00:00 0 
7f5e70000000-7f5e70021000 rw-p 00000000 00:00 0 
7f5e70021000-7f5e74000000 ---p 00000000 00:00 0 
7f5e740e3000-7f5e740ec000 r-xp 00000000 08:02 925460                     /usr/lib/x86_64-linux-gnu/libXrender.so.1.3.0
7f5e740ec000-7f5e742eb000 ---p 00009000 08:02 925460                     /usr/lib/x86_64-linux-gnu/libXrender.so.1.3.0
7f5e742eb000-7f5e742ec000 r--p 00008000 08:02 925460                     /usr/lib/x86_64-linux-gnu/libXrender.so.1.3.0
7f5e742ec000-7f5e742ed000 rw-p 00009000 08:02 925460                     /usr/lib/x86_64-linux-gnu/libXrender.so.1.3.0
7f5e742ed000-7f5e7441d000 r-xp 00000000 08:02 925421                     /usr/lib/x86_64-linux-gnu/libX11.so.6.3.0
7f5e7441d000-7f5e7461d000 ---p 00130000 08:02 925421                     /usr/lib/x86_64-linux-gnu/libX11.so.6.3.0
7f5e7461d000-7f5e7461e000 r--p 00130000 08:02 925421                     /usr/lib/x86_64-linux-gnu/libX11.so.6.3.0
7f5e7461e000-7f5e74622000 rw-p 00131000 08:02 925421                     /usr/lib/x86_64-linux-gnu/libX11.so.6.3.0
7f5e74622000-7f5e74633000 r-xp 00000000 08:02 925438                     /usr/lib/x86_64-linux-gnu/libXext.so.6.4.0
7f5e74633000-7f5e74832000 ---p 00011000 08:02 925438                     /usr/lib/x86_64-linux-gnu/libXext.so.6.4.0
7f5e74832000-7f5e74833000 r--p 00010000 08:02 925438                     /usr/lib/x86_64-linux-gnu/libXext.so.6.4.0
7f5e74833000-7f5e74834000 rw-p 00011000 08:02 925438                     /usr/lib/x86_64-linux-gnu/libXext.so.6.4.0
7f5e7484d000-7f5e748a1000 r-xp 00000000 08:02 1084502                    /usr/lib/jvm/java-8-oracle/jre/lib/amd64/libawt_xawt.so
7f5e748a1000-7f5e74aa1000 ---p 00054000 08:02 1084502                    /usr/lib/jvm/java-8-oracle/jre/lib/amd64/libawt_xawt.so
7f5e74aa1000-7f5e74aa5000 rw-p 00054000 08:02 1084502                    /usr/lib/jvm/java-8-oracle/jre/lib/amd64/libawt_xawt.so
7f5e74aa5000-7f5e74aa6000 rw-p 00000000 00:00 0 
7f5e74aa6000-7f5e74b48000 r-xp 00000000 08:02 1084317                    /usr/lib/jvm/java-8-oracle/jre/lib/amd64/libawt.so
7f5e74b48000-7f5e74d48000 ---p 000a2000 08:02 1084317                    /usr/lib/jvm/java-8-oracle/jre/lib/amd64/libawt.so
7f5e74d48000-7f5e74d54000 rw-p 000a2000 08:02 1084317                    /usr/lib/jvm/java-8-oracle/jre/lib/amd64/libawt.so
7f5e74d54000-7f5e74f78000 rw-p 00000000 00:00 0 
7f5e74f78000-7f5e74f7b000 ---p 00000000 00:00 0 
7f5e74f7b000-7f5e75079000 rw-p 00000000 00:00 0 
7f5e75079000-7f5e7507c000 ---p 00000000 00:00 0 
7f5e7507c000-7f5e7517a000 rw-p 00000000 00:00 0 
7f5e7517a000-7f5e7517d000 ---p 00000000 00:00 0 
7f5e7517d000-7f5e751b3000 rw-p 00000000 00:00 0 
7f5e751b3000-7f5e751cf000 r--s 00393000 08:02 13917                      /usr/lib/jvm/java-8-oracle/jre/lib/ext/cldrdata.jar
7f5e751cf000-7f5e751d2000 ---p 00000000 00:00 0 
7f5e751d2000-7f5e752d0000 rw-p 00000000 00:00 0 
7f5e752d0000-7f5e752d3000 ---p 00000000 00:00 0 
7f5e752d3000-7f5e755d1000 rw-p 00000000 00:00 0 
7f5e755d1000-7f5e755e7000 r-xp 00000000 08:02 661526                     /lib/x86_64-linux-gnu/libgcc_s.so.1
7f5e755e7000-7f5e757e6000 ---p 00016000 08:02 661526                     /lib/x86_64-linux-gnu/libgcc_s.so.1
7f5e757e6000-7f5e757e7000 rw-p 00015000 08:02 661526                     /lib/x86_64-linux-gnu/libgcc_s.so.1
7f5e757f5000-7f5e757f6000 rw-p 00000000 00:00 0 
7f5e757f6000-7f5e75800000 r--s 00116000 08:02 13915                      /usr/lib/jvm/java-8-oracle/jre/lib/ext/localedata.jar
7f5e75800000-7f5e75832000 r-xp 00000000 08:02 1084504                    /usr/lib/jvm/java-8-oracle/jre/lib/amd64/libsunec.so
7f5e75832000-7f5e75a31000 ---p 00032000 08:02 1084504                    /usr/lib/jvm/java-8-oracle/jre/lib/amd64/libsunec.so
7f5e75a31000-7f5e75a37000 rw-p 00031000 08:02 1084504                    /usr/lib/jvm/java-8-oracle/jre/lib/amd64/libsunec.so
7f5e75a37000-7f5e75c47000 rw-p 00000000 00:00 0 
7f5e75c47000-7f5e75c48000 r--s 00009000 08:02 13908                      /usr/lib/jvm/java-8-oracle/jre/lib/ext/sunec.jar
7f5e75c48000-7f5e75c4b000 r--s 0001a000 08:02 413725                     /usr/lib/jvm/java-8-oracle/jre/lib/jce.jar
7f5e75c4b000-7f5e75c4f000 r--s 00097000 08:02 413727                     /usr/lib/jvm/java-8-oracle/jre/lib/jsse.jar
7f5e75c4f000-7f5e75c51000 r--s 0000c000 08:03 15467612                   /home/cosmic/SOFT/idea-IU-145.258.11/plugins/testng/lib/jcommander.jar
7f5e75c51000-7f5e75caa000 r--s 00522000 08:03 24643383                   /home/cosmic/.ivy2/cache/org.scala-lang/scala-library/jars/scala-library-2.11.8.jar
7f5e75caa000-7f5e75caf000 r--s 00040000 08:03 29755392                   /home/cosmic/.ivy2/cache/org.beanshell/bsh/jars/bsh-2.0b4.jar
7f5e75caf000-7f5e75cb3000 r--s 0002a000 08:03 24643076                   /home/cosmic/.ivy2/cache/commons-io/commons-io/jars/commons-io-2.4.jar
7f5e75cb3000-7f5e75cb4000 r--s 00002000 08:03 29884471                   /home/cosmic/.ivy2/cache/com.codeborne/phantomjsdriver/jars/phantomjsdriver-1.3.0.jar
7f5e75cb4000-7f5e75cb9000 r--s 0002e000 08:03 29884459                   /home/cosmic/.ivy2/cache/com.codeborne/selenide/jars/selenide-3.6.jar
7f5e75cb9000-7f5e75cbe000 r--s 0002f000 08:03 24774458                   /home/cosmic/.ivy2/cache/com.google.code.gson/gson/jars/gson-2.3.1.jar
7f5e75cbe000-7f5e75cea000 r--s 00208000 08:03 24774457                   /home/cosmic/.ivy2/cache/com.google.guava/guava/bundles/guava-19.0.jar
7f5e75cea000-7f5e75cee000 r--s 0002f000 08:03 29884489                   /home/cosmic/.ivy2/cache/commons-beanutils/commons-beanutils-core/jars/commons-beanutils-core-1.8.3.jar
7f5e75cee000-7f5e75cf5000 r--s 0003f000 08:03 24911239                   /home/cosmic/.ivy2/cache/commons-codec/commons-codec/jars/commons-codec-1.10.jar
7f5e75cf5000-7f5e75cf7000 r--s 0000e000 08:03 24911238                   /home/cosmic/.ivy2/cache/commons-logging/commons-logging/jars/commons-logging-1.2.jar
7f5e75cf7000-7f5e75d0d000 r--s 000f9000 08:03 24774459                   /home/cosmic/.ivy2/cache/io.netty/netty/bundles/netty-3.5.7.Final.jar
7f5e75d0d000-7f5e75d11000 r--s 000dc000 08:03 29755854                   /home/cosmic/.ivy2/cache/net.java.dev.jna/jna/jars/jna-4.1.0.jar
7f5e75d11000-7f5e75d22000 r--s 00155000 08:03 29884469                   /home/cosmic/.ivy2/cache/net.java.dev.jna/jna-platform/jars/jna-platform-4.1.0.jar
7f5e75d22000-7f5e75d24000 r--s 0000c000 08:03 27135791                   /home/cosmic/.ivy2/cache/org.apache.commons/commons-exec/jars/commons-exec-1.3.jar
7f5e75d24000-7f5e75d31000 r--s 000a6000 08:03 24911236                   /home/cosmic/.ivy2/cache/org.apache.httpcomponents/httpclient/jars/httpclient-4.5.1.jar
7f5e75d31000-7f5e75d38000 r--s 00049000 08:03 24911237                   /home/cosmic/.ivy2/cache/org.apache.httpcomponents/httpcore/jars/httpcore-4.4.3.jar
7f5e75d38000-7f5e75d3f000 r--s 0007a000 08:03 29884481                   /home/cosmic/.ivy2/cache/org.apache.tika/tika-core/bundles/tika-core-1.7.jar
7f5e75d3f000-7f5e75d43000 r--s 00019000 08:03 29884477                   /home/cosmic/.ivy2/cache/org.aspectj/aspectjrt/jars/aspectjrt-1.8.3.jar
7f5e75d43000-7f5e75d5c000 r--s 001af000 08:03 29884463                   /home/cosmic/.ivy2/cache/org.aspectj/aspectjweaver/jars/aspectjweaver-1.8.9.jar
7f5e75d5c000-7f5e75d62000 r--s 0001e000 08:03 29884485                   /home/cosmic/.ivy2/cache/org.jvnet.jaxb2_commons/jaxb2-basics-runtime/jars/jaxb2-basics-runtime-0.9.3.jar
7f5e75d62000-7f5e75d67000 r--s 0001f000 08:03 29755853                   /home/cosmic/.ivy2/cache/org.seleniumhq.selenium/selenium-api/jars/selenium-api-2.53.0.jar
7f5e75d67000-7f5e75d68000 r--s 00002000 08:03 29755847                   /home/cosmic/.ivy2/cache/org.seleniumhq.selenium/selenium-chrome-driver/jars/selenium-chrome-driver-2.53.0.jar
7f5e75d68000-7f5e75d69000 r--s 00001000 08:03 29884465                   /home/cosmic/.ivy2/cache/org.seleniumhq.selenium/selenium-edge-driver/jars/selenium-edge-driver-2.53.0.jar
7f5e75d69000-7f5e75d6b000 r--s 000c7000 08:03 29755848                   /home/cosmic/.ivy2/cache/org.seleniumhq.selenium/selenium-firefox-driver/jars/selenium-firefox-driver-2.53.0.jar
7f5e75d6b000-7f5e75d6c000 r--s 00002000 08:03 29755849                   /home/cosmic/.ivy2/cache/org.seleniumhq.selenium/selenium-ie-driver/jars/selenium-ie-driver-2.53.0.jar
7f5e75d6c000-7f5e75d6d000 r--s 00000000 08:03 29755846                   /home/cosmic/.ivy2/cache/org.seleniumhq.selenium/selenium-java/jars/selenium-java-2.53.0.jar
7f5e75d6d000-7f5e75d72000 r--s 0005d000 08:03 29884467                   /home/cosmic/.ivy2/cache/org.seleniumhq.selenium/selenium-leg-rc/jars/selenium-leg-rc-2.53.0.jar
7f5e75d72000-7f5e75d77000 r--s 00035000 08:03 29755852                   /home/cosmic/.ivy2/cache/org.seleniumhq.selenium/selenium-remote-driver/jars/selenium-remote-driver-2.53.0.jar
7f5e75d77000-7f5e75d79000 r--s 00014000 08:03 29755850                   /home/cosmic/.ivy2/cache/org.seleniumhq.selenium/selenium-safari-driver/jars/selenium-safari-driver-2.53.0.jar
7f5e75d79000-7f5e75d7e000 r--s 00025000 08:03 29755851                   /home/cosmic/.ivy2/cache/org.seleniumhq.selenium/selenium-support/jars/selenium-support-2.53.0.jar
7f5e75d7e000-7f5e75d7f000 r--s 00007000 08:03 24773374                   /home/cosmic/.ivy2/cache/org.slf4j/slf4j-api/jars/slf4j-api-1.7.12.jar
7f5e75d7f000-7f5e75d82000 r--s 0000e000 08:03 29884475                   /home/cosmic/.ivy2/cache/ru.yandex.qatools.allure/allure-java-adaptor-api/jars/allure-java-adaptor-api-1.4.23.jar
7f5e75d82000-7f5e75d83000 r--s 00001000 08:03 29884479                   /home/cosmic/.ivy2/cache/ru.yandex.qatools.allure/allure-java-annotations/jars/allure-java-annotations-1.4.23.jar
7f5e75d83000-7f5e75d84000 r--s 00002000 08:03 29884473                   /home/cosmic/.ivy2/cache/ru.yandex.qatools.allure/allure-java-aspects/jars/allure-java-aspects-1.4.23.jar
7f5e75d84000-7f5e75d85000 r--s 0000a000 08:03 29884483                   /home/cosmic/.ivy2/cache/ru.yandex.qatools.allure/allure-model/jars/allure-model-1.4.23.jar
7f5e75d85000-7f5e75d87000 r--s 0000e000 08:03 29755762                   /home/cosmic/.ivy2/cache/com.beust/jcommander/jars/jcommander-1.48.jar
7f5e75d87000-7f5e75d95000 r--s 000c7000 08:03 29755761                   /home/cosmic/.ivy2/cache/org.testng/testng/jars/testng-6.9.10.jar
7f5e75d95000-7f5e75d9c000 r--s 00049000 08:03 29755356                   /home/cosmic/.ivy2/cache/cglib/cglib-nodep/jars/cglib-nodep-2.1_3.jar
7f5e75d9c000-7f5e75db2000 r-xp 00000000 08:02 1084488                    /usr/lib/jvm/java-8-oracle/jre/lib/amd64/libnet.so
7f5e75db2000-7f5e75fb2000 ---p 00016000 08:02 1084488                    /usr/lib/jvm/java-8-oracle/jre/lib/amd64/libnet.so
7f5e75fb2000-7f5e75fb3000 rw-p 00016000 08:02 1084488                    /usr/lib/jvm/java-8-oracle/jre/lib/amd64/libnet.so
7f5e75fb3000-7f5e75fb6000 ---p 00000000 00:00 0 
7f5e75fb6000-7f5e760b4000 rw-p 00000000 00:00 0 
7f5e760b4000-7f5e760b5000 r-xp 00000000 08:03 15204416                   /home/cosmic/SOFT/idea-IU-145.258.11/bin/libbreakgen64.so
7f5e760b5000-7f5e762b4000 ---p 00001000 08:03 15204416                   /home/cosmic/SOFT/idea-IU-145.258.11/bin/libbreakgen64.so
7f5e762b4000-7f5e762b5000 r--p 00000000 08:03 15204416                   /home/cosmic/SOFT/idea-IU-145.258.11/bin/libbreakgen64.so
7f5e762b5000-7f5e762b6000 rw-p 00001000 08:03 15204416                   /home/cosmic/SOFT/idea-IU-145.258.11/bin/libbreakgen64.so
7f5e762b6000-7f5e762b7000 ---p 00000000 00:00 0 
7f5e762b7000-7f5e763b7000 rw-p 00000000 00:00 0 
7f5e763b7000-7f5e763ba000 ---p 00000000 00:00 0 
7f5e763ba000-7f5e764b8000 rw-p 00000000 00:00 0 
7f5e764b8000-7f5e764bb000 ---p 00000000 00:00 0 
7f5e764bb000-7f5e765b9000 rw-p 00000000 00:00 0 
7f5e765b9000-7f5e765bc000 ---p 00000000 00:00 0 
7f5e765bc000-7f5e766ba000 rw-p 00000000 00:00 0 
7f5e766ba000-7f5e766bd000 ---p 00000000 00:00 0 
7f5e766bd000-7f5e767bb000 rw-p 00000000 00:00 0 
7f5e767bb000-7f5e767be000 ---p 00000000 00:00 0 
7f5e767be000-7f5e768bc000 rw-p 00000000 00:00 0 
7f5e768bc000-7f5e773f4000 r--p 00000000 08:02 794137                     /usr/lib/locale/locale-archive
7f5e773f4000-7f5e773f7000 ---p 00000000 00:00 0 
7f5e773f7000-7f5e774f5000 rw-p 00000000 00:00 0 
7f5e774f5000-7f5e774f8000 ---p 00000000 00:00 0 
7f5e774f8000-7f5e775f6000 rw-p 00000000 00:00 0 
7f5e775f6000-7f5e775f7000 ---p 00000000 00:00 0 
7f5e775f7000-7f5e78000000 rw-p 00000000 00:00 0 
7f5e78000000-7f5e78021000 rw-p 00000000 00:00 0 
7f5e78021000-7f5e7c000000 ---p 00000000 00:00 0 
7f5e7c000000-7f5e7c021000 rw-p 00000000 00:00 0 
7f5e7c021000-7f5e80000000 ---p 00000000 00:00 0 
7f5e80000000-7f5e80021000 rw-p 00000000 00:00 0 
7f5e80021000-7f5e84000000 ---p 00000000 00:00 0 
7f5e84000000-7f5e84021000 rw-p 00000000 00:00 0 
7f5e84021000-7f5e88000000 ---p 00000000 00:00 0 
7f5e88000000-7f5e88001000 r--s 00002000 08:03 29884461                   /home/cosmic/.ivy2/cache/ru.yandex.qatools.allure/allure-testng-adaptor/jars/allure-testng-adaptor-1.4.23.jar
7f5e88001000-7f5e88014000 r--s 00344000 08:02 413786                     /usr/lib/jvm/java-8-oracle/jre/lib/resources.jar
7f5e88014000-7f5e8802f000 r--s 00208000 08:02 413803                     /usr/lib/jvm/java-8-oracle/jre/lib/deploy.jar
7f5e8802f000-7f5e8d000000 rw-p 00000000 00:00 0 
7f5e8d000000-7f5e8d680000 rwxp 00000000 00:00 0 
7f5e8d680000-7f5e9c000000 ---p 00000000 00:00 0 
7f5e9c000000-7f5e9c951000 rw-p 00000000 00:00 0 
7f5e9c951000-7f5ea0000000 ---p 00000000 00:00 0 
7f5ea0000000-7f5ea0001000 r--s 00003000 08:03 29884487                   /home/cosmic/.ivy2/cache/ru.yandex.qatools.properties/properties-loader/jars/properties-loader-1.5.jar
7f5ea0001000-7f5ea0014000 r--s 000d6000 08:02 413789                     /usr/lib/jvm/java-8-oracle/jre/lib/plugin.jar
7f5ea0014000-7f5ea0015000 r--s 00000000 08:02 413785                     /usr/lib/jvm/java-8-oracle/jre/lib/management-agent.jar
7f5ea0015000-7f5ea0019000 r--s 00097000 08:02 413727                     /usr/lib/jvm/java-8-oracle/jre/lib/jsse.jar
7f5ea0019000-7f5ea00aa000 rw-p 00000000 00:00 0 
7f5ea00aa000-7f5ea0283000 r--s 03d1f000 08:02 413728                     /usr/lib/jvm/java-8-oracle/jre/lib/rt.jar
7f5ea0283000-7f5ea02f9000 rw-p 00000000 00:00 0 
7f5ea02f9000-7f5ea02fa000 ---p 00000000 00:00 0 
7f5ea02fa000-7f5ea03fa000 rw-p 00000000 00:00 0 
7f5ea03fa000-7f5ea03fb000 ---p 00000000 00:00 0 
7f5ea03fb000-7f5ea04fb000 rw-p 00000000 00:00 0 
7f5ea04fb000-7f5ea04fc000 ---p 00000000 00:00 0 
7f5ea04fc000-7f5ea05fc000 rw-p 00000000 00:00 0 
7f5ea05fc000-7f5ea05fd000 ---p 00000000 00:00 0 
7f5ea05fd000-7f5ea0727000 rw-p 00000000 00:00 0 
7f5ea0727000-7f5ea098d000 ---p 00000000 00:00 0 
7f5ea098d000-7f5ea09b7000 rw-p 00000000 00:00 0 
7f5ea09b7000-7f5ea0c1d000 ---p 00000000 00:00 0 
7f5ea0c1d000-7f5ea0c41000 rw-p 00000000 00:00 0 
7f5ea0c41000-7f5ea0d65000 ---p 00000000 00:00 0 
7f5ea0d65000-7f5ea0d80000 rw-p 00000000 00:00 0 
7f5ea0d80000-7f5ea1126000 ---p 00000000 00:00 0 
7f5ea1126000-7f5ea1140000 r-xp 00000000 08:02 1084323                    /usr/lib/jvm/java-8-oracle/jre/lib/amd64/libzip.so
7f5ea1140000-7f5ea1340000 ---p 0001a000 08:02 1084323                    /usr/lib/jvm/java-8-oracle/jre/lib/amd64/libzip.so
7f5ea1340000-7f5ea1341000 rw-p 0001a000 08:02 1084323                    /usr/lib/jvm/java-8-oracle/jre/lib/amd64/libzip.so
7f5ea1341000-7f5ea134c000 r-xp 00000000 08:02 661574                     /lib/x86_64-linux-gnu/libnss_files-2.19.so
7f5ea134c000-7f5ea154b000 ---p 0000b000 08:02 661574                     /lib/x86_64-linux-gnu/libnss_files-2.19.so
7f5ea154b000-7f5ea154c000 r--p 0000a000 08:02 661574                     /lib/x86_64-linux-gnu/libnss_files-2.19.so
7f5ea154c000-7f5ea154d000 rw-p 0000b000 08:02 661574                     /lib/x86_64-linux-gnu/libnss_files-2.19.so
7f5ea154d000-7f5ea1558000 r-xp 00000000 08:02 661584                     /lib/x86_64-linux-gnu/libnss_nis-2.19.so
7f5ea1558000-7f5ea1757000 ---p 0000b000 08:02 661584                     /lib/x86_64-linux-gnu/libnss_nis-2.19.so
7f5ea1757000-7f5ea1758000 r--p 0000a000 08:02 661584                     /lib/x86_64-linux-gnu/libnss_nis-2.19.so
7f5ea1758000-7f5ea1759000 rw-p 0000b000 08:02 661584                     /lib/x86_64-linux-gnu/libnss_nis-2.19.so
7f5ea1759000-7f5ea1770000 r-xp 00000000 08:02 661568                     /lib/x86_64-linux-gnu/libnsl-2.19.so
7f5ea1770000-7f5ea196f000 ---p 00017000 08:02 661568                     /lib/x86_64-linux-gnu/libnsl-2.19.so
7f5ea196f000-7f5ea1970000 r--p 00016000 08:02 661568                     /lib/x86_64-linux-gnu/libnsl-2.19.so
7f5ea1970000-7f5ea1971000 rw-p 00017000 08:02 661568                     /lib/x86_64-linux-gnu/libnsl-2.19.so
7f5ea1971000-7f5ea1973000 rw-p 00000000 00:00 0 
7f5ea1973000-7f5ea197c000 r-xp 00000000 08:02 661570                     /lib/x86_64-linux-gnu/libnss_compat-2.19.so
7f5ea197c000-7f5ea1b7b000 ---p 00009000 08:02 661570                     /lib/x86_64-linux-gnu/libnss_compat-2.19.so
7f5ea1b7b000-7f5ea1b7c000 r--p 00008000 08:02 661570                     /lib/x86_64-linux-gnu/libnss_compat-2.19.so
7f5ea1b7c000-7f5ea1b7d000 rw-p 00009000 08:02 661570                     /lib/x86_64-linux-gnu/libnss_compat-2.19.so
7f5ea1b7d000-7f5ea1ba7000 r-xp 00000000 08:02 1084492                    /usr/lib/jvm/java-8-oracle/jre/lib/amd64/libjava.so
7f5ea1ba7000-7f5ea1da7000 ---p 0002a000 08:02 1084492                    /usr/lib/jvm/java-8-oracle/jre/lib/amd64/libjava.so
7f5ea1da7000-7f5ea1da9000 rw-p 0002a000 08:02 1084492                    /usr/lib/jvm/java-8-oracle/jre/lib/amd64/libjava.so
7f5ea1da9000-7f5ea1db6000 r-xp 00000000 08:02 1084501                    /usr/lib/jvm/java-8-oracle/jre/lib/amd64/libverify.so
7f5ea1db6000-7f5ea1fb6000 ---p 0000d000 08:02 1084501                    /usr/lib/jvm/java-8-oracle/jre/lib/amd64/libverify.so
7f5ea1fb6000-7f5ea1fb8000 rw-p 0000d000 08:02 1084501                    /usr/lib/jvm/java-8-oracle/jre/lib/amd64/libverify.so
7f5ea1fb8000-7f5ea1fbf000 r-xp 00000000 08:02 661627                     /lib/x86_64-linux-gnu/librt-2.19.so
7f5ea1fbf000-7f5ea21be000 ---p 00007000 08:02 661627                     /lib/x86_64-linux-gnu/librt-2.19.so
7f5ea21be000-7f5ea21bf000 r--p 00006000 08:02 661627                     /lib/x86_64-linux-gnu/librt-2.19.so
7f5ea21bf000-7f5ea21c0000 rw-p 00007000 08:02 661627                     /lib/x86_64-linux-gnu/librt-2.19.so
7f5ea21c0000-7f5ea22c5000 r-xp 00000000 08:02 661549                     /lib/x86_64-linux-gnu/libm-2.19.so
7f5ea22c5000-7f5ea24c4000 ---p 00105000 08:02 661549                     /lib/x86_64-linux-gnu/libm-2.19.so
7f5ea24c4000-7f5ea24c5000 r--p 00104000 08:02 661549                     /lib/x86_64-linux-gnu/libm-2.19.so
7f5ea24c5000-7f5ea24c6000 rw-p 00105000 08:02 661549                     /lib/x86_64-linux-gnu/libm-2.19.so
7f5ea24c6000-7f5ea3186000 r-xp 00000000 08:02 1084463                    /usr/lib/jvm/java-8-oracle/jre/lib/amd64/server/libjvm.so
7f5ea3186000-7f5ea3386000 ---p 00cc0000 08:02 1084463                    /usr/lib/jvm/java-8-oracle/jre/lib/amd64/server/libjvm.so
7f5ea3386000-7f5ea345e000 rw-p 00cc0000 08:02 1084463                    /usr/lib/jvm/java-8-oracle/jre/lib/amd64/server/libjvm.so
7f5ea345e000-7f5ea34a9000 rw-p 00000000 00:00 0 
7f5ea34a9000-7f5ea3664000 r-xp 00000000 08:02 661499                     /lib/x86_64-linux-gnu/libc-2.19.so
7f5ea3664000-7f5ea3863000 ---p 001bb000 08:02 661499                     /lib/x86_64-linux-gnu/libc-2.19.so
7f5ea3863000-7f5ea3867000 r--p 001ba000 08:02 661499                     /lib/x86_64-linux-gnu/libc-2.19.so
7f5ea3867000-7f5ea3869000 rw-p 001be000 08:02 661499                     /lib/x86_64-linux-gnu/libc-2.19.so
7f5ea3869000-7f5ea386e000 rw-p 00000000 00:00 0 
7f5ea386e000-7f5ea3871000 r-xp 00000000 08:02 661516                     /lib/x86_64-linux-gnu/libdl-2.19.so
7f5ea3871000-7f5ea3a70000 ---p 00003000 08:02 661516                     /lib/x86_64-linux-gnu/libdl-2.19.so
7f5ea3a70000-7f5ea3a71000 r--p 00002000 08:02 661516                     /lib/x86_64-linux-gnu/libdl-2.19.so
7f5ea3a71000-7f5ea3a72000 rw-p 00003000 08:02 661516                     /lib/x86_64-linux-gnu/libdl-2.19.so
7f5ea3a72000-7f5ea3a87000 r-xp 00000000 08:02 413719                     /usr/lib/jvm/java-8-oracle/lib/amd64/jli/libjli.so
7f5ea3a87000-7f5ea3c87000 ---p 00015000 08:02 413719                     /usr/lib/jvm/java-8-oracle/lib/amd64/jli/libjli.so
7f5ea3c87000-7f5ea3c88000 rw-p 00015000 08:02 413719                     /usr/lib/jvm/java-8-oracle/lib/amd64/jli/libjli.so
7f5ea3c88000-7f5ea3ca1000 r-xp 00000000 08:02 661619                     /lib/x86_64-linux-gnu/libpthread-2.19.so
7f5ea3ca1000-7f5ea3ea0000 ---p 00019000 08:02 661619                     /lib/x86_64-linux-gnu/libpthread-2.19.so
7f5ea3ea0000-7f5ea3ea1000 r--p 00018000 08:02 661619                     /lib/x86_64-linux-gnu/libpthread-2.19.so
7f5ea3ea1000-7f5ea3ea2000 rw-p 00019000 08:02 661619                     /lib/x86_64-linux-gnu/libpthread-2.19.so
7f5ea3ea2000-7f5ea3ea6000 rw-p 00000000 00:00 0 
7f5ea3ea6000-7f5ea3ec9000 r-xp 00000000 08:02 661475                     /lib/x86_64-linux-gnu/ld-2.19.so
7f5ea3ec9000-7f5ea3ecb000 r--s 00007000 08:02 413729                     /usr/lib/jvm/java-8-oracle/jre/lib/jfxswt.jar
7f5ea3ecb000-7f5ea3ed0000 r--s 00084000 08:02 413777                     /usr/lib/jvm/java-8-oracle/jre/lib/jfr.jar
7f5ea3ed0000-7f5ea3ed3000 r--s 0001a000 08:02 413725                     /usr/lib/jvm/java-8-oracle/jre/lib/jce.jar
7f5ea3ed3000-7f5ea3edd000 r--s 0006c000 08:02 413766                     /usr/lib/jvm/java-8-oracle/jre/lib/javaws.jar
7f5ea3edd000-7f5ea3fa8000 rw-p 00000000 00:00 0 
7f5ea3fa8000-7f5ea3fab000 ---p 00000000 00:00 0 
7f5ea3fab000-7f5ea40ad000 rw-p 00000000 00:00 0 
7f5ea40ad000-7f5ea40b3000 r--s 002f8000 08:02 413805                     /usr/lib/jvm/java-8-oracle/jre/lib/charsets.jar
7f5ea40b3000-7f5ea40ba000 r--s 000c2000 08:03 15467614                   /home/cosmic/SOFT/idea-IU-145.258.11/plugins/testng/lib/testng-plugin.jar
7f5ea40ba000-7f5ea40bc000 r--s 0001e000 08:03 15204515                   /home/cosmic/SOFT/idea-IU-145.258.11/lib/idea_rt.jar
7f5ea40bc000-7f5ea40c4000 rw-s 00000000 08:02 526250                     /tmp/hsperfdata_cosmic/22226
7f5ea40c4000-7f5ea40c5000 rw-p 00000000 00:00 0 
7f5ea40c5000-7f5ea40c6000 r--p 00000000 00:00 0 
7f5ea40c6000-7f5ea40c8000 rw-p 00000000 00:00 0 
7f5ea40c8000-7f5ea40c9000 r--p 00022000 08:02 661475                     /lib/x86_64-linux-gnu/ld-2.19.so
7f5ea40c9000-7f5ea40ca000 rw-p 00023000 08:02 661475                     /lib/x86_64-linux-gnu/ld-2.19.so
7f5ea40ca000-7f5ea40cb000 rw-p 00000000 00:00 0 
7ffd4b078000-7ffd4b09b000 rw-p 00000000 00:00 0                          [stack]
7ffd4b104000-7ffd4b106000 r--p 00000000 00:00 0                          [vvar]
7ffd4b106000-7ffd4b108000 r-xp 00000000 00:00 0                          [vdso]
ffffffffff600000-ffffffffff601000 r-xp 00000000 00:00 0                  [vsyscall]

VM Arguments:
jvm_args: -ea -Didea.launcher.port=7535 -Didea.launcher.bin.path=/home/cosmic/SOFT/idea-IU-145.258.11/bin -Didea.testng.sm_runner -Dfile.encoding=UTF-8 
java_command: com.intellij.rt.execution.application.AppMain org.testng.RemoteTestNGStarter -port 41217 -usedefaultlisteners false -socket33834 @w@/tmp/idea_working_dirs_testng.tmp -temp /tmp/idea_testng.tmp
java_class_path (initial): /home/cosmic/SOFT/idea-IU-145.258.11/lib/idea_rt.jar:/home/cosmic/SOFT/idea-IU-145.258.11/plugins/testng/lib/testng-plugin.jar:/usr/lib/jvm/java-8-oracle/jre/lib/charsets.jar:/usr/lib/jvm/java-8-oracle/jre/lib/deploy.jar:/usr/lib/jvm/java-8-oracle/jre/lib/ext/cldrdata.jar:/usr/lib/jvm/java-8-oracle/jre/lib/ext/dnsns.jar:/usr/lib/jvm/java-8-oracle/jre/lib/ext/jaccess.jar:/usr/lib/jvm/java-8-oracle/jre/lib/ext/jfxrt.jar:/usr/lib/jvm/java-8-oracle/jre/lib/ext/localedata.jar:/usr/lib/jvm/java-8-oracle/jre/lib/ext/nashorn.jar:/usr/lib/jvm/java-8-oracle/jre/lib/ext/sunec.jar:/usr/lib/jvm/java-8-oracle/jre/lib/ext/sunjce_provider.jar:/usr/lib/jvm/java-8-oracle/jre/lib/ext/sunpkcs11.jar:/usr/lib/jvm/java-8-oracle/jre/lib/ext/zipfs.jar:/usr/lib/jvm/java-8-oracle/jre/lib/javaws.jar:/usr/lib/jvm/java-8-oracle/jre/lib/jce.jar:/usr/lib/jvm/java-8-oracle/jre/lib/jfr.jar:/usr/lib/jvm/java-8-oracle/jre/lib/jfxswt.jar:/usr/lib/jvm/java-8-oracle/jre/lib/jsse.jar:/usr/lib/jvm/java-8-oracle/jre/lib/management-agent.jar:/usr/lib/jvm/java-8-oracle/jre/lib/plugin.jar:/usr/lib/jvm/java-8-oracle/jre/lib/resources.jar:/usr/lib/jvm/java-8-oracle/jre/lib/rt.jar:/home/cosmic/IdeaProjects/FC/ui-tests/target/scala-2.11/test-classes:/home/cosmic/.ivy2/cache/cglib/cglib-nodep/jars/cglib-nodep-2.1_3.jar:/home/cosmic/.ivy2/cache/org.testng/testng/jars/testng-6.9.10.jar:/home/cosmic/.ivy2/cache/com.beust/jcommander/jars/jcommander-1.48.jar:/home/cosmic/.ivy2/cache/ru.yandex.qatools.properties/properties-loader/jars/properties-loader-1.5.jar:/home/cosmic/.ivy2/cache/ru.yandex.qatools.allure/allure-testng-adaptor/jars/allure-testng-adaptor-1.4.23.jar:/home/cosmic/.ivy2/cache/ru.yandex.qatools.allure/allure-model/jars/allure-model-1.4.23.jar:/home/cosmic/.ivy2/cache/ru.yandex.qatools.allure/allure-java-aspects/jars/allure-java-aspects-1.4.23.jar:/home/cosmic/.ivy2/cache/ru.yandex.qatools.allure/allure-java-annotations/jars/allure-java-annotations-1.4.23.jar:/home/cosmic/.ivy2
Launcher Type: SUN_STANDARD

Environment Variables:
JAVA_HOME=/opt/jdk1.8.0_91
JRE_HOME=/opt/jdk1.8.0_91/bin
PATH=/home/cosmic/SOFT/google-cloud-sdk/bin:/usr/local/sbin:/usr/local/bin:/usr/sbin:/usr/bin:/sbin:/bin:/opt/go1.5/bin:/opt/sbt/bin:/home/cosmic/SOFT/google-cloud-sdk/bin:/usr/local/sbin:/usr/local/bin:/usr/sbin:/usr/bin:/sbin:/bin:/home/cosmic/bash_scripts/touchpad.sh:/home/cosmic/bash_scripts/monitor.sh:/opt/jdk1.8.0_91:/opt/jdk1.8.0_91/bin:/opt/go1.5/bin:/opt/sbt/bin
LD_LIBRARY_PATH=/home/cosmic/SOFT/idea-IU-145.258.11/bin:
SHELL=/bin/bash
DISPLAY=:0.0

Signal Handlers:
SIGSEGV: [libjvm.so+0xabca10], sa_mask[0]=11111111011111111101111111111110, sa_flags=SA_RESTART|SA_SIGINFO
SIGBUS: [libjvm.so+0xabca10], sa_mask[0]=11111111011111111101111111111110, sa_flags=SA_RESTART|SA_SIGINFO
SIGFPE: [libjvm.so+0x919a20], sa_mask[0]=11111111011111111101111111111110, sa_flags=SA_RESTART|SA_SIGINFO
SIGPIPE: [libjvm.so+0x919a20], sa_mask[0]=11111111011111111101111111111110, sa_flags=SA_RESTART|SA_SIGINFO
SIGXFSZ: [libjvm.so+0x919a20], sa_mask[0]=11111111011111111101111111111110, sa_flags=SA_RESTART|SA_SIGINFO
SIGILL: [libjvm.so+0x919a20], sa_mask[0]=11111111011111111101111111111110, sa_flags=SA_RESTART|SA_SIGINFO
SIGUSR1: SIG_DFL, sa_mask[0]=00000000000000000000000000000000, sa_flags=none
SIGUSR2: [libjvm.so+0x91b050], sa_mask[0]=00100000000000000000000000000000, sa_flags=SA_RESTART|SA_SIGINFO
SIGHUP: [libjvm.so+0x91c450], sa_mask[0]=11111111011111111101111111111110, sa_flags=SA_RESTART|SA_SIGINFO
SIGINT: [libjvm.so+0x91c450], sa_mask[0]=11111111011111111101111111111110, sa_flags=SA_RESTART|SA_SIGINFO
SIGTERM: [libjvm.so+0x91c450], sa_mask[0]=11111111011111111101111111111110, sa_flags=SA_RESTART|SA_SIGINFO
SIGQUIT: [libjvm.so+0x91c450], sa_mask[0]=11111111011111111101111111111110, sa_flags=SA_RESTART|SA_SIGINFO


---------------  S Y S T E M  ---------------

OS:DISTRIB_ID=Ubuntu
DISTRIB_RELEASE=14.04
DISTRIB_CODENAME=trusty
DISTRIB_DESCRIPTION="Ubuntu 14.04.4 LTS"

uname:Linux 4.2.0-36-generic #41~14.04.1-Ubuntu SMP Tue Apr 19 17:03:32 UTC 2016 x86_64
libc:glibc 2.19 NPTL 2.19 
rlimit: STACK 8192k, CORE 0k, NPROC 31383, NOFILE 4096, AS infinity
load average:2.69 1.91 1.83

/proc/meminfo:
MemTotal:        8056392 kB
MemFree:          501232 kB
MemAvailable:    1372324 kB
Buffers:           42480 kB
Cached:          2460216 kB
SwapCached:         1052 kB
Active:          5689888 kB
Inactive:        1557956 kB
Active(anon):    5238640 kB
Inactive(anon):  1197828 kB
Active(file):     451248 kB
Inactive(file):   360128 kB
Unevictable:        1236 kB
Mlocked:            1236 kB
SwapTotal:       4881404 kB
SwapFree:        4780008 kB
Dirty:              1736 kB
Writeback:             0 kB
AnonPages:       4744804 kB
Mapped:          1706540 kB
Shmem:           1691924 kB
Slab:             146052 kB
SReclaimable:     101992 kB
SUnreclaim:        44060 kB
KernelStack:       15056 kB
PageTables:        69396 kB
NFS_Unstable:          0 kB
Bounce:                0 kB
WritebackTmp:          0 kB
CommitLimit:     8909600 kB
Committed_AS:   14213820 kB
VmallocTotal:   34359738367 kB
VmallocUsed:      360752 kB
VmallocChunk:   34358947836 kB
HardwareCorrupted:     0 kB
AnonHugePages:   1327104 kB
CmaTotal:              0 kB
CmaFree:               0 kB
HugePages_Total:       0
HugePages_Free:        0
HugePages_Rsvd:        0
HugePages_Surp:        0
Hugepagesize:       2048 kB
DirectMap4k:      239560 kB
DirectMap2M:     8030208 kB


CPU:total 4 (2 cores per cpu, 2 threads per core) family 6 model 42 stepping 7, cmov, cx8, fxsr, mmx, sse, sse2, sse3, ssse3, sse4.1, sse4.2, popcnt, avx, clmul, ht, tsc, tscinvbit

/proc/cpuinfo:
processor	: 0
vendor_id	: GenuineIntel
cpu family	: 6
model		: 42
model name	: Intel(R) Core(TM) i3-2377M CPU @ 1.50GHz
stepping	: 7
microcode	: 0x28
cpu MHz		: 1499.941
cache size	: 3072 KB
physical id	: 0
siblings	: 4
core id		: 0
cpu cores	: 2
apicid		: 0
initial apicid	: 0
fpu		: yes
fpu_exception	: yes
cpuid level	: 13
wp		: yes
flags		: fpu vme de pse tsc msr pae mce cx8 apic sep mtrr pge mca cmov pat pse36 clflush dts acpi mmx fxsr sse sse2 ss ht tm pbe syscall nx rdtscp lm constant_tsc arch_perfmon pebs bts rep_good nopl xtopology nonstop_tsc aperfmperf eagerfpu pni pclmulqdq dtes64 monitor ds_cpl vmx est tm2 ssse3 cx16 xtpr pdcm pcid sse4_1 sse4_2 x2apic popcnt tsc_deadline_timer xsave avx lahf_lm arat epb pln pts dtherm tpr_shadow vnmi flexpriority ept vpid xsaveopt
bugs		:
bogomips	: 2993.29
clflush size	: 64
cache_alignment	: 64
address sizes	: 36 bits physical, 48 bits virtual
power management:

processor	: 1
vendor_id	: GenuineIntel
cpu family	: 6
model		: 42
model name	: Intel(R) Core(TM) i3-2377M CPU @ 1.50GHz
stepping	: 7
microcode	: 0x28
cpu MHz		: 1499.941
cache size	: 3072 KB
physical id	: 0
siblings	: 4
core id		: 1
cpu cores	: 2
apicid		: 2
initial apicid	: 2
fpu		: yes
fpu_exception	: yes
cpuid level	: 13
wp		: yes
flags		: fpu vme de pse tsc msr pae mce cx8 apic sep mtrr pge mca cmov pat pse36 clflush dts acpi mmx fxsr sse sse2 ss ht tm pbe syscall nx rdtscp lm constant_tsc arch_perfmon pebs bts rep_good nopl xtopology nonstop_tsc aperfmperf eagerfpu pni pclmulqdq dtes64 monitor ds_cpl vmx est tm2 ssse3 cx16 xtpr pdcm pcid sse4_1 sse4_2 x2apic popcnt tsc_deadline_timer xsave avx lahf_lm arat epb pln pts dtherm tpr_shadow vnmi flexpriority ept vpid xsaveopt
bugs		:
bogomips	: 2993.29
clflush size	: 64
cache_alignment	: 64
address sizes	: 36 bits physical, 48 bits virtual
power management:

processor	: 2
vendor_id	: GenuineIntel
cpu family	: 6
model		: 42
model name	: Intel(R) Core(TM) i3-2377M CPU @ 1.50GHz
stepping	: 7
microcode	: 0x28
cpu MHz		: 1500.000
cache size	: 3072 KB
physical id	: 0
siblings	: 4
core id		: 0
cpu cores	: 2
apicid		: 1
initial apicid	: 1
fpu		: yes
fpu_exception	: yes
cpuid level	: 13
wp		: yes
flags		: fpu vme de pse tsc msr pae mce cx8 apic sep mtrr pge mca cmov pat pse36 clflush dts acpi mmx fxsr sse sse2 ss ht tm pbe syscall nx rdtscp lm constant_tsc arch_perfmon pebs bts rep_good nopl xtopology nonstop_tsc aperfmperf eagerfpu pni pclmulqdq dtes64 monitor ds_cpl vmx est tm2 ssse3 cx16 xtpr pdcm pcid sse4_1 sse4_2 x2apic popcnt tsc_deadline_timer xsave avx lahf_lm arat epb pln pts dtherm tpr_shadow vnmi flexpriority ept vpid xsaveopt
bugs		:
bogomips	: 2993.29
clflush size	: 64
cache_alignment	: 64
address sizes	: 36 bits physical, 48 bits virtual
power management:

processor	: 3
vendor_id	: GenuineIntel
cpu family	: 6
model		: 42
model name	: Intel(R) Core(TM) i3-2377M CPU @ 1.50GHz
stepping	: 7
microcode	: 0x28
cpu MHz		: 1499.941
cache size	: 3072 KB
physical id	: 0
siblings	: 4
core id		: 1
cpu cores	: 2
apicid		: 3
initial apicid	: 3
fpu		: yes
fpu_exception	: yes
cpuid level	: 13
wp		: yes
flags		: fpu vme de pse tsc msr pae mce cx8 apic sep mtrr pge mca cmov pat pse36 clflush dts acpi mmx fxsr sse sse2 ss ht tm pbe syscall nx rdtscp lm constant_tsc arch_perfmon pebs bts rep_good nopl xtopology nonstop_tsc aperfmperf eagerfpu pni pclmulqdq dtes64 monitor ds_cpl vmx est tm2 ssse3 cx16 xtpr pdcm pcid sse4_1 sse4_2 x2apic popcnt tsc_deadline_timer xsave avx lahf_lm arat epb pln pts dtherm tpr_shadow vnmi flexpriority ept vpid xsaveopt
bugs		:
bogomips	: 2993.29
clflush size	: 64
cache_alignment	: 64
address sizes	: 36 bits physical, 48 bits virtual
power management:



Memory: 4k page, physical 8056392k(501232k free), swap 4881404k(4780008k free)

vm_info: Java HotSpot(TM) 64-Bit Server VM (25.91-b14) for linux-amd64 JRE (1.8.0_91-b14), built on Apr  1 2016 00:57:21 by "java_re" with gcc 4.3.0 20080428 (Red Hat 4.3.0-8)

time: Wed Jun  8 23:16:16 2016
elapsed time: 50 seconds (0d 0h 0m 50s)

