#
# A fatal error has been detected by the Java Runtime Environment:
#
#  SIGSEGV (0xb) at pc=0x00007fd514501443, pid=27349, tid=140552117143296
#
# JRE version: Java(TM) SE Runtime Environment (8.0_91-b14) (build 1.8.0_91-b14)
# Java VM: Java HotSpot(TM) 64-Bit Server VM (25.91-b14 mixed mode linux-amd64 compressed oops)
# Problematic frame:
# C  [libX11.so.6+0x89443]
#
# Failed to write core dump. Core dumps have been disabled. To enable core dumping, try "ulimit -c unlimited" before starting Java again
#
# If you would like to submit a bug report, please visit:
#   http://bugreport.java.com/bugreport/crash.jsp
# The crash happened outside the Java Virtual Machine in native code.
# See problematic frame for where to report the bug.
#

---------------  T H R E A D  ---------------

Current thread (0x00007fd53c0f0800):  JavaThread "AWT-XAWT" daemon [_thread_in_native, id=27486, stack(0x00007fd4d6f3c000,0x00007fd4d703d000)]

siginfo: si_signo: 11 (SIGSEGV), si_code: 1 (SEGV_MAPERR), si_addr: 0x000000000000000a

Registers:
RAX=0x00007fd53c7053d0, RBX=0x00007fd53c716400, RCX=0x0000000000000000, RDX=0x0000000000000087
RSP=0x00007fd4d703b6f0, RBP=0x000000000000000a, RSI=0x0000000000000000, RDI=0x00007fd53c716400
R8 =0x0000000000000000, R9 =0x00007fd4c800bd40, R10=0x00007fd52d0179e8, R11=0x00007fd54300c850
R12=0x0000000000000000, R13=0x00007fd514fafe48, R14=0x00007fd4d703b7f8, R15=0x00007fd53c0f0800
RIP=0x00007fd514501443, EFLAGS=0x0000000000010246, CSGSFS=0x0000000000000033, ERR=0x0000000000000004
  TRAPNO=0x000000000000000e

Top of Stack: (sp=0x00007fd4d703b6f0)
0x00007fd4d703b6f0:   0000000000000000 00007fd53c716400
0x00007fd4d703b700:   0000000000000047 00007fd5145020f1
0x00007fd4d703b710:   00007fd514fafe48 00007fd4d703b730
0x00007fd4d703b720:   0000000000000000 00007fd514a08201
0x00007fd4d703b730:   00007fd4d703b7b0 00007fd52d017a14
0x00007fd4d703b740:   00000000d8f26668 00007fd4d703b748
0x00007fd4d703b750:   00007fd51508b7c4 00007fd4d703b7a0
0x00007fd4d703b760:   00007fd51508cf90 0000000000000000
0x00007fd4d703b770:   00007fd4d703b770 0000000000000000
0x00007fd4d703b780:   00007fd4d703b7f8 00007fd514fb0e78
0x00007fd4d703b790:   0000000000000000 00007fd514fafe48
0x00007fd4d703b7a0:   0000000000000000 00007fd4d703b7d0
0x00007fd4d703b7b0:   00007fd4d703b840 00007fd52d007dd0
0x00007fd4d703b7c0:   00000000853a5b68 00007fd52d011537
0x00007fd4d703b7d0:   0000000000000000 0000000000000000
0x00007fd4d703b7e0:   0000000000000047 00007fd52d007dd0
0x00007fd4d703b7f0:   00007fd53c716400 00007fd52d007dd0
0x00007fd4d703b800:   00007fd4d703b800 00007fd514f8c677
0x00007fd4d703b810:   00007fd4d703b868 00007fd514f9d978
0x00007fd4d703b820:   0000000000000000 00007fd514f8c698
0x00007fd4d703b830:   00007fd4d703b7d0 00007fd4d703b860
0x00007fd4d703b840:   00007fd4d703b8b0 00007fd52d0082bd
0x00007fd4d703b850:   0000000000000001 00000000d76411d0
0x00007fd4d703b860:   00000000d8f860e0 00000000d8f0bb60
0x00007fd4d703b870:   00007fd4d703b870 00007fd515d02a21
0x00007fd4d703b880:   00007fd4d703b8f8 00007fd514f9d978
0x00007fd4d703b890:   0000000000000000 00007fd514f87df0
0x00007fd4d703b8a0:   00007fd4d703b860 00007fd4d703b8f0
0x00007fd4d703b8b0:   00007fd4d703b940 00007fd52d0082bd
0x00007fd4d703b8c0:   0000000000000000 0000000000000000
0x00007fd4d703b8d0:   0000000000000000 0000000000000000
0x00007fd4d703b8e0:   0000000000000000 00000000d8f860e0 

Instructions: (pc=0x00007fd514501443)
0x00007fd514501423:   83 ec 08 e8 f5 57 fb ff 48 8b 93 20 0a 00 00 31
0x00007fd514501433:   c9 31 f6 48 8b 52 08 8b 52 04 c6 40 01 08 88 10
0x00007fd514501443:   0f b7 55 00 66 89 48 06 c6 40 0b 00 c6 40 0a 00
0x00007fd514501453:   c6 40 0d 00 c6 40 0c 00 c6 40 0f 00 66 89 50 04 

Register to memory mapping:

RAX=0x00007fd53c7053d0 is an unknown value
RBX=0x00007fd53c716400 is an unknown value
RCX=0x0000000000000000 is an unknown value
RDX=0x0000000000000087 is an unknown value
RSP=0x00007fd4d703b6f0 is pointing into the stack for thread: 0x00007fd53c0f0800
RBP=0x000000000000000a is an unknown value
RSI=0x0000000000000000 is an unknown value
RDI=0x00007fd53c716400 is an unknown value
R8 =0x0000000000000000 is an unknown value
R9 =0x00007fd4c800bd40 is an unknown value
R10=0x00007fd52d0179e8 is at code_begin+808 in an Interpreter codelet
method entry point (kind = native)  [0x00007fd52d0176c0, 0x00007fd52d017fc0]  2304 bytes
R11=0x00007fd54300c850: <offset 0x9bb850> in /usr/lib/jvm/java-8-oracle/jre/lib/amd64/server/libjvm.so at 0x00007fd542651000
R12=0x0000000000000000 is an unknown value
R13={method} {0x00007fd514fafe48} 'XkbGetUpdatedMap' '(JJJ)J' in 'sun/awt/X11/XlibWrapper'
R14=0x00007fd4d703b7f8 is pointing into the stack for thread: 0x00007fd53c0f0800
R15=0x00007fd53c0f0800 is a thread


Stack: [0x00007fd4d6f3c000,0x00007fd4d703d000],  sp=0x00007fd4d703b6f0,  free space=1021k
Native frames: (J=compiled Java code, j=interpreted, Vv=VM code, C=native code)
C  [libX11.so.6+0x89443]

Java frames: (J=compiled Java code, j=interpreted, Vv=VM code)
j  sun.awt.X11.XlibWrapper.XkbGetUpdatedMap(JJJ)J+0
j  sun.awt.X11.XToolkit.processXkbChanges(Lsun/awt/X11/XEvent;)V+87
j  sun.awt.X11.XToolkit.run(Z)V+137
j  sun.awt.X11.XToolkit.run()V+5
j  java.lang.Thread.run()V+11
v  ~StubRoutines::call_stub

---------------  P R O C E S S  ---------------

Java Threads: ( => current thread )
  0x00007fd4c4002800 JavaThread "Forwarding quit on session f09ae0f99c219e9de58ada59be439c7b to remote" daemon [_thread_in_Java, id=27723, stack(0x00007fd51535a000,0x00007fd51545b000)]
  0x00007fd53c4a4000 JavaThread "Thread-3" [_thread_blocked, id=27722, stack(0x00007fd4d652f000,0x00007fd4d6630000)]
  0x00007fd53c3fa800 JavaThread "Webdrivers killer thread" daemon [_thread_blocked, id=27491, stack(0x00007fd4d6c3b000,0x00007fd4d6d3c000)]
=>0x00007fd53c0f0800 JavaThread "AWT-XAWT" daemon [_thread_in_native, id=27486, stack(0x00007fd4d6f3c000,0x00007fd4d703d000)]
  0x00007fd53c73d800 JavaThread "Java2D Disposer" daemon [_thread_blocked, id=27485, stack(0x00007fd4d744d000,0x00007fd4d754e000)]
  0x00007fd4ec00c000 JavaThread "Exec Stream Pumper" daemon [_thread_in_native, id=27395, stack(0x00007fd515103000,0x00007fd515204000)]
  0x00007fd4ec00b000 JavaThread "Exec Stream Pumper" daemon [_thread_in_native, id=27394, stack(0x00007fd515220000,0x00007fd515321000)]
  0x00007fd4ec008800 JavaThread "process reaper" daemon [_thread_in_native, id=27393, stack(0x00007fd515321000,0x00007fd51535a000)]
  0x00007fd53c67c800 JavaThread "Exec Default Executor" daemon [_thread_blocked, id=27390, stack(0x00007fd51545b000,0x00007fd51555c000)]
  0x00007fd53c111800 JavaThread "Monitor Ctrl-Break" daemon [_thread_in_native, id=27374, stack(0x00007fd5160b4000,0x00007fd5161b5000)]
  0x00007fd53c0dd000 JavaThread "Service Thread" daemon [_thread_blocked, id=27370, stack(0x00007fd5164b8000,0x00007fd5165b9000)]
  0x00007fd53c0bf800 JavaThread "C1 CompilerThread2" daemon [_thread_blocked, id=27368, stack(0x00007fd5165b9000,0x00007fd5166ba000)]
  0x00007fd53c0be000 JavaThread "C2 CompilerThread1" daemon [_thread_blocked, id=27367, stack(0x00007fd5166ba000,0x00007fd5167bb000)]
  0x00007fd53c0bb000 JavaThread "C2 CompilerThread0" daemon [_thread_blocked, id=27366, stack(0x00007fd5167bb000,0x00007fd5168bc000)]
  0x00007fd53c0b9800 JavaThread "Signal Dispatcher" daemon [_thread_blocked, id=27365, stack(0x00007fd5168bc000,0x00007fd5169bd000)]
  0x00007fd53c086800 JavaThread "Finalizer" daemon [_thread_blocked, id=27358, stack(0x00007fd5174f5000,0x00007fd5175f6000)]
  0x00007fd53c082000 JavaThread "Reference Handler" daemon [_thread_blocked, id=27357, stack(0x00007fd5175f6000,0x00007fd5176f7000)]
  0x00007fd53c00c800 JavaThread "main" [_thread_blocked, id=27351, stack(0x00007fd544133000,0x00007fd544234000)]

Other Threads:
  0x00007fd53c07a000 VMThread [stack: 0x00007fd5176f7000,0x00007fd5177f8000] [id=27356]
  0x00007fd53c0df800 WatcherThread [stack: 0x00007fd5163b7000,0x00007fd5164b8000] [id=27371]

VM state:not at safepoint (normal execution)

VM Mutex/Monitor currently owned by a thread: None

Heap:
 PSYoungGen      total 36864K, used 11492K [0x00000000d7000000, 0x00000000db380000, 0x0000000100000000)
  eden space 31744K, 20% used [0x00000000d7000000,0x00000000d7641210,0x00000000d8f00000)
  from space 5120K, 99% used [0x00000000d8f00000,0x00000000d93f8060,0x00000000d9400000)
  to   space 5120K, 0% used [0x00000000dae80000,0x00000000dae80000,0x00000000db380000)
 ParOldGen       total 84992K, used 4680K [0x0000000085000000, 0x000000008a300000, 0x00000000d7000000)
  object space 84992K, 5% used [0x0000000085000000,0x0000000085492080,0x000000008a300000)
 Metaspace       used 19983K, capacity 20238K, committed 20480K, reserved 1067008K
  class space    used 2425K, capacity 2498K, committed 2560K, reserved 1048576K

Card table byte_map: [0x00007fd540b18000,0x00007fd540ef1000] byte_map_base: 0x00007fd5406f0000

Marking Bits: (ParMarkBitMap*) 0x00007fd543607d60
 Begin Bits: [0x00007fd524280000, 0x00007fd526140000)
 End Bits:   [0x00007fd526140000, 0x00007fd528000000)

Polling page: 0x00007fd544250000

CodeCache: size=245760Kb used=7552Kb max_used=7565Kb free=238207Kb
 bounds [0x00007fd52d000000, 0x00007fd52d770000, 0x00007fd53c000000]
 total_blobs=2756 nmethods=2254 adapters=415
 compilation: enabled

Compilation events (10 events):
Event: 82.979 Thread 0x00007fd53c0bf800 nmethod 2268 0x00007fd52d75c4d0 code [0x00007fd52d75c660, 0x00007fd52d75c978]
Event: 82.979 Thread 0x00007fd53c0bf800 2270       3       java.nio.charset.CoderResult::isUnderflow (13 bytes)
Event: 82.979 Thread 0x00007fd53c0bf800 nmethod 2270 0x00007fd52d75e210 code [0x00007fd52d75e380, 0x00007fd52d75e530]
Event: 82.982 Thread 0x00007fd53c0bf800 2271       3       java.util.logging.LogManager$LoggerContext::getRootLogger (8 bytes)
Event: 82.983 Thread 0x00007fd53c0bf800 nmethod 2271 0x00007fd52d75ba90 code [0x00007fd52d75bc00, 0x00007fd52d75be10]
Event: 82.983 Thread 0x00007fd53c0bf800 2272       3       java.util.logging.LogManager$LoggerContext::getGlobalLogger (6 bytes)
Event: 82.983 Thread 0x00007fd53c0bf800 nmethod 2272 0x00007fd52d75b750 code [0x00007fd52d75b8c0, 0x00007fd52d75ba10]
Event: 82.987 Thread 0x00007fd53c0bf800 2273       1       java.util.concurrent.CopyOnWriteArrayList::getArray (5 bytes)
Event: 82.988 Thread 0x00007fd53c0bf800 nmethod 2273 0x00007fd52d75b490 code [0x00007fd52d75b5e0, 0x00007fd52d75b6f0]
Event: 83.000 Thread 0x00007fd53c0bb000 nmethod 2269 0x00007fd52d767290 code [0x00007fd52d767460, 0x00007fd52d767cd8]

GC Heap History (6 events):
Event: 2.239 GC heap before
{Heap before GC invocations=1 (full 0):
 PSYoungGen      total 36864K, used 31744K [0x00000000d7000000, 0x00000000d9900000, 0x0000000100000000)
  eden space 31744K, 100% used [0x00000000d7000000,0x00000000d8f00000,0x00000000d8f00000)
  from space 5120K, 0% used [0x00000000d9400000,0x00000000d9400000,0x00000000d9900000)
  to   space 5120K, 0% used [0x00000000d8f00000,0x00000000d8f00000,0x00000000d9400000)
 ParOldGen       total 84992K, used 0K [0x0000000085000000, 0x000000008a300000, 0x00000000d7000000)
  object space 84992K, 0% used [0x0000000085000000,0x0000000085000000,0x000000008a300000)
 Metaspace       used 10986K, capacity 11240K, committed 11392K, reserved 1058816K
  class space    used 1283K, capacity 1349K, committed 1408K, reserved 1048576K
Event: 2.268 GC heap after
Heap after GC invocations=1 (full 0):
 PSYoungGen      total 36864K, used 5093K [0x00000000d7000000, 0x00000000db800000, 0x0000000100000000)
  eden space 31744K, 0% used [0x00000000d7000000,0x00000000d7000000,0x00000000d8f00000)
  from space 5120K, 99% used [0x00000000d8f00000,0x00000000d93f9668,0x00000000d9400000)
  to   space 5120K, 0% used [0x00000000db300000,0x00000000db300000,0x00000000db800000)
 ParOldGen       total 84992K, used 971K [0x0000000085000000, 0x000000008a300000, 0x00000000d7000000)
  object space 84992K, 1% used [0x0000000085000000,0x00000000850f2f58,0x000000008a300000)
 Metaspace       used 10986K, capacity 11240K, committed 11392K, reserved 1058816K
  class space    used 1283K, capacity 1349K, committed 1408K, reserved 1048576K
}
Event: 22.755 GC heap before
{Heap before GC invocations=2 (full 0):
 PSYoungGen      total 36864K, used 36837K [0x00000000d7000000, 0x00000000db800000, 0x0000000100000000)
  eden space 31744K, 100% used [0x00000000d7000000,0x00000000d8f00000,0x00000000d8f00000)
  from space 5120K, 99% used [0x00000000d8f00000,0x00000000d93f9668,0x00000000d9400000)
  to   space 5120K, 0% used [0x00000000db300000,0x00000000db300000,0x00000000db800000)
 ParOldGen       total 84992K, used 971K [0x0000000085000000, 0x000000008a300000, 0x00000000d7000000)
  object space 84992K, 1% used [0x0000000085000000,0x00000000850f2f58,0x000000008a300000)
 Metaspace       used 16484K, capacity 16748K, committed 17024K, reserved 1064960K
  class space    used 1999K, capacity 2071K, committed 2176K, reserved 1048576K
Event: 22.782 GC heap after
Heap after GC invocations=2 (full 0):
 PSYoungGen      total 36864K, used 5088K [0x00000000d7000000, 0x00000000db800000, 0x0000000100000000)
  eden space 31744K, 0% used [0x00000000d7000000,0x00000000d7000000,0x00000000d8f00000)
  from space 5120K, 99% used [0x00000000db300000,0x00000000db7f8040,0x00000000db800000)
  to   space 5120K, 0% used [0x00000000d8f00000,0x00000000d8f00000,0x00000000d9400000)
 ParOldGen       total 84992K, used 3732K [0x0000000085000000, 0x000000008a300000, 0x00000000d7000000)
  object space 84992K, 4% used [0x0000000085000000,0x00000000853a5188,0x000000008a300000)
 Metaspace       used 16484K, capacity 16748K, committed 17024K, reserved 1064960K
  class space    used 1999K, capacity 2071K, committed 2176K, reserved 1048576K
}
Event: 81.589 GC heap before
{Heap before GC invocations=3 (full 0):
 PSYoungGen      total 36864K, used 36832K [0x00000000d7000000, 0x00000000db800000, 0x0000000100000000)
  eden space 31744K, 100% used [0x00000000d7000000,0x00000000d8f00000,0x00000000d8f00000)
  from space 5120K, 99% used [0x00000000db300000,0x00000000db7f8040,0x00000000db800000)
  to   space 5120K, 0% used [0x00000000d8f00000,0x00000000d8f00000,0x00000000d9400000)
 ParOldGen       total 84992K, used 3732K [0x0000000085000000, 0x000000008a300000, 0x00000000d7000000)
  object space 84992K, 4% used [0x0000000085000000,0x00000000853a5188,0x000000008a300000)
 Metaspace       used 18124K, capacity 18392K, committed 18688K, reserved 1064960K
  class space    used 2133K, capacity 2233K, committed 2304K, reserved 1048576K
Event: 81.643 GC heap after
Heap after GC invocations=3 (full 0):
 PSYoungGen      total 36864K, used 5088K [0x00000000d7000000, 0x00000000db380000, 0x0000000100000000)
  eden space 31744K, 0% used [0x00000000d7000000,0x00000000d7000000,0x00000000d8f00000)
  from space 5120K, 99% used [0x00000000d8f00000,0x00000000d93f8060,0x00000000d9400000)
  to   space 5120K, 0% used [0x00000000dae80000,0x00000000dae80000,0x00000000db380000)
 ParOldGen       total 84992K, used 4680K [0x0000000085000000, 0x000000008a300000, 0x00000000d7000000)
  object space 84992K, 5% used [0x0000000085000000,0x0000000085492080,0x000000008a300000)
 Metaspace       used 18124K, capacity 18392K, committed 18688K, reserved 1064960K
  class space    used 2133K, capacity 2233K, committed 2304K, reserved 1048576K
}

Deoptimization events (10 events):
Event: 81.536 Thread 0x00007fd53c00c800 Uncommon trap: reason=bimorphic action=maybe_recompile pc=0x00007fd52d5222b8 method=java.util.regex.Pattern$Start.match(Ljava/util/regex/Matcher;ILjava/lang/CharSequence;)Z @ 44
Event: 81.536 Thread 0x00007fd53c00c800 Uncommon trap: reason=bimorphic action=maybe_recompile pc=0x00007fd52d5222b8 method=java.util.regex.Pattern$Start.match(Ljava/util/regex/Matcher;ILjava/lang/CharSequence;)Z @ 44
Event: 82.782 Thread 0x00007fd53c00c800 Uncommon trap: reason=bimorphic action=maybe_recompile pc=0x00007fd52d2bbc80 method=java.util.HashMap.putVal(ILjava/lang/Object;Ljava/lang/Object;ZZ)Ljava/lang/Object; @ 203
Event: 82.814 Thread 0x00007fd53c00c800 Uncommon trap: reason=bimorphic action=maybe_recompile pc=0x00007fd52d2bbc80 method=java.util.HashMap.putVal(ILjava/lang/Object;Ljava/lang/Object;ZZ)Ljava/lang/Object; @ 203
Event: 82.815 Thread 0x00007fd53c00c800 Uncommon trap: reason=bimorphic action=maybe_recompile pc=0x00007fd52d2bbc80 method=java.util.HashMap.putVal(ILjava/lang/Object;Ljava/lang/Object;ZZ)Ljava/lang/Object; @ 203
Event: 82.895 Thread 0x00007fd53c00c800 Uncommon trap: reason=predicate action=maybe_recompile pc=0x00007fd52d5f1834 method=java.lang.String.regionMatches(ZILjava/lang/String;II)Z @ 63
Event: 82.900 Thread 0x00007fd53c00c800 Uncommon trap: reason=class_check action=maybe_recompile pc=0x00007fd52d3fb174 method=java.io.DataInputStream.readFully([BII)V @ 34
Event: 82.900 Thread 0x00007fd53c00c800 Uncommon trap: reason=class_check action=maybe_recompile pc=0x00007fd52d3fb174 method=java.io.DataInputStream.readFully([BII)V @ 34
Event: 82.900 Thread 0x00007fd53c00c800 Uncommon trap: reason=class_check action=maybe_recompile pc=0x00007fd52d3fb174 method=java.io.DataInputStream.readFully([BII)V @ 34
Event: 82.901 Thread 0x00007fd53c00c800 Uncommon trap: reason=class_check action=maybe_recompile pc=0x00007fd52d3fb174 method=java.io.DataInputStream.readFully([BII)V @ 34

Internal exceptions (10 events):
Event: 3.106 Thread 0x00007fd53c00c800 Exception <a 'java/lang/ArrayIndexOutOfBoundsException'> (0x00000000d822f778) thrown at [/HUDSON/workspace/8-2-build-linux-amd64/jdk8u91/6644/hotspot/src/share/vm/runtime/sharedRuntime.cpp, line 605]
Event: 3.106 Thread 0x00007fd53c00c800 Exception <a 'java/lang/ArrayIndexOutOfBoundsException'> (0x00000000d8230b08) thrown at [/HUDSON/workspace/8-2-build-linux-amd64/jdk8u91/6644/hotspot/src/share/vm/runtime/sharedRuntime.cpp, line 605]
Event: 3.111 Thread 0x00007fd53c00c800 Exception <a 'java/lang/ArrayIndexOutOfBoundsException'> (0x00000000d823b510) thrown at [/HUDSON/workspace/8-2-build-linux-amd64/jdk8u91/6644/hotspot/src/share/vm/runtime/sharedRuntime.cpp, line 605]
Event: 3.111 Thread 0x00007fd53c00c800 Exception <a 'java/lang/ArrayIndexOutOfBoundsException'> (0x00000000d823d068) thrown at [/HUDSON/workspace/8-2-build-linux-amd64/jdk8u91/6644/hotspot/src/share/vm/runtime/sharedRuntime.cpp, line 605]
Event: 3.113 Thread 0x00007fd53c00c800 Exception <a 'java/lang/ArrayIndexOutOfBoundsException': 65> (0x00000000d823ee50) thrown at [/HUDSON/workspace/8-2-build-linux-amd64/jdk8u91/6644/hotspot/src/share/vm/interpreter/interpreterRuntime.cpp, line 366]
Event: 5.117 Thread 0x00007fd53c00c800 Exception <a 'java/io/FileNotFoundException'> (0x00000000d8b09540) thrown at [/HUDSON/workspace/8-2-build-linux-amd64/jdk8u91/6644/hotspot/src/share/vm/prims/jni.cpp, line 709]
Event: 5.117 Thread 0x00007fd53c00c800 Exception <a 'java/io/FileNotFoundException'> (0x00000000d8b0a0e0) thrown at [/HUDSON/workspace/8-2-build-linux-amd64/jdk8u91/6644/hotspot/src/share/vm/prims/jni.cpp, line 709]
Event: 81.532 Thread 0x00007fd53c00c800 Exception <a 'java/lang/reflect/InvocationTargetException'> (0x00000000d8e1c2a8) thrown at [/HUDSON/workspace/8-2-build-linux-amd64/jdk8u91/6644/hotspot/src/share/vm/runtime/reflection.cpp, line 1092]
Event: 82.752 Thread 0x00007fd53c00c800 Exception <a 'java/lang/ClassNotFoundException': com/sun/org/glassfish/hk2/osgiresourcelocator/ServiceLoader> (0x00000000d72117c8) thrown at [/HUDSON/workspace/8-2-build-linux-amd64/jdk8u91/6644/hotspot/src/share/vm/classfile/systemDictionary.cpp, line 21
Event: 82.764 Thread 0x00007fd53c00c800 Exception <a 'java/lang/NullPointerException'> (0x00000000d721c4b0) thrown at [/HUDSON/workspace/8-2-build-linux-amd64/jdk8u91/6644/hotspot/src/share/vm/interpreter/linkResolver.cpp, line 1280]

Events (10 events):
Event: 82.982 Executing VM operation: RevokeBias done
Event: 82.983 loading class com/codeborne/selenide/impl/WebDriverThreadLocalContainer$CloseBrowser
Event: 82.983 loading class com/codeborne/selenide/impl/WebDriverThreadLocalContainer$CloseBrowser done
Event: 82.983 Executing VM operation: RevokeBias
Event: 82.984 Executing VM operation: RevokeBias done
Event: 82.984 Thread 0x00007fd53c4a0000 Thread exited: 0x00007fd53c4a0000
Event: 82.987 Thread 0x00007fd4c4002800 Thread added: 0x00007fd4c4002800
Event: 82.988 Thread 0x00007fd53c4a0800 Thread exited: 0x00007fd53c4a0800
Event: 82.989 loading class org/apache/http/client/methods/HttpDelete
Event: 82.989 loading class org/apache/http/client/methods/HttpDelete done


Dynamic libraries:
00400000-00401000 r-xp 00000000 08:02 948184                             /usr/lib/jvm/java-8-oracle/bin/java
00600000-00601000 rw-p 00000000 08:02 948184                             /usr/lib/jvm/java-8-oracle/bin/java
01e7d000-01e9e000 rw-p 00000000 00:00 0                                  [heap]
85000000-8a300000 rw-p 00000000 00:00 0 
8a300000-d7000000 ---p 00000000 00:00 0 
d7000000-db380000 rw-p 00000000 00:00 0 
db380000-100000000 ---p 00000000 00:00 0 
100000000-100280000 rw-p 00000000 00:00 0 
100280000-140000000 ---p 00000000 00:00 0 
7fd4c0000000-7fd4c0021000 rw-p 00000000 00:00 0 
7fd4c0021000-7fd4c4000000 ---p 00000000 00:00 0 
7fd4c4000000-7fd4c4021000 rw-p 00000000 00:00 0 
7fd4c4021000-7fd4c8000000 ---p 00000000 00:00 0 
7fd4c8000000-7fd4c802a000 rw-p 00000000 00:00 0 
7fd4c802a000-7fd4cc000000 ---p 00000000 00:00 0 
7fd4cc000000-7fd4cc28d000 rw-p 00000000 00:00 0 
7fd4cc28d000-7fd4d0000000 ---p 00000000 00:00 0 
7fd4d0000000-7fd4d0021000 rw-p 00000000 00:00 0 
7fd4d0021000-7fd4d4000000 ---p 00000000 00:00 0 
7fd4d652f000-7fd4d6532000 ---p 00000000 00:00 0 
7fd4d6532000-7fd4d6630000 rw-p 00000000 00:00 0 
7fd4d6630000-7fd4d6633000 ---p 00000000 00:00 0 
7fd4d6633000-7fd4d6731000 rw-p 00000000 00:00 0 
7fd4d6731000-7fd4d6734000 ---p 00000000 00:00 0 
7fd4d6734000-7fd4d69b2000 rw-p 00000000 00:00 0 
7fd4d69b2000-7fd4d6a32000 ---p 00000000 00:00 0 
7fd4d6a32000-7fd4d6a3b000 r-xp 00000000 08:02 1084491                    /usr/lib/jvm/java-8-oracle/jre/lib/amd64/libmanagement.so
7fd4d6a3b000-7fd4d6c3a000 ---p 00009000 08:02 1084491                    /usr/lib/jvm/java-8-oracle/jre/lib/amd64/libmanagement.so
7fd4d6c3a000-7fd4d6c3b000 rw-p 00008000 08:02 1084491                    /usr/lib/jvm/java-8-oracle/jre/lib/amd64/libmanagement.so
7fd4d6c3b000-7fd4d6c3e000 ---p 00000000 00:00 0 
7fd4d6c3e000-7fd4d6f3c000 rw-p 00000000 00:00 0 
7fd4d6f3c000-7fd4d6f3f000 ---p 00000000 00:00 0 
7fd4d6f3f000-7fd4d703d000 rw-p 00000000 00:00 0 
7fd4d703d000-7fd4d7042000 r-xp 00000000 08:02 925440                     /usr/lib/x86_64-linux-gnu/libXfixes.so.3.1.0
7fd4d7042000-7fd4d7241000 ---p 00005000 08:02 925440                     /usr/lib/x86_64-linux-gnu/libXfixes.so.3.1.0
7fd4d7241000-7fd4d7242000 r--p 00004000 08:02 925440                     /usr/lib/x86_64-linux-gnu/libXfixes.so.3.1.0
7fd4d7242000-7fd4d7243000 rw-p 00005000 08:02 925440                     /usr/lib/x86_64-linux-gnu/libXfixes.so.3.1.0
7fd4d7243000-7fd4d724c000 r-xp 00000000 08:02 925432                     /usr/lib/x86_64-linux-gnu/libXcursor.so.1.0.2
7fd4d724c000-7fd4d744b000 ---p 00009000 08:02 925432                     /usr/lib/x86_64-linux-gnu/libXcursor.so.1.0.2
7fd4d744b000-7fd4d744c000 r--p 00008000 08:02 925432                     /usr/lib/x86_64-linux-gnu/libXcursor.so.1.0.2
7fd4d744c000-7fd4d744d000 rw-p 00009000 08:02 925432                     /usr/lib/x86_64-linux-gnu/libXcursor.so.1.0.2
7fd4d744d000-7fd4d7450000 ---p 00000000 00:00 0 
7fd4d7450000-7fd4d754e000 rw-p 00000000 00:00 0 
7fd4d754e000-7fd4d75b3000 r-xp 00000000 08:02 1084310                    /usr/lib/jvm/java-8-oracle/jre/lib/amd64/libfontmanager.so
7fd4d75b3000-7fd4d77b2000 ---p 00065000 08:02 1084310                    /usr/lib/jvm/java-8-oracle/jre/lib/amd64/libfontmanager.so
7fd4d77b2000-7fd4d77b7000 rw-p 00064000 08:02 1084310                    /usr/lib/jvm/java-8-oracle/jre/lib/amd64/libfontmanager.so
7fd4d77b7000-7fd4d77c7000 rw-p 00000000 00:00 0 
7fd4d77c7000-7fd4d77cc000 r-xp 00000000 08:02 925436                     /usr/lib/x86_64-linux-gnu/libXdmcp.so.6.0.0
7fd4d77cc000-7fd4d79cb000 ---p 00005000 08:02 925436                     /usr/lib/x86_64-linux-gnu/libXdmcp.so.6.0.0
7fd4d79cb000-7fd4d79cc000 r--p 00004000 08:02 925436                     /usr/lib/x86_64-linux-gnu/libXdmcp.so.6.0.0
7fd4d79cc000-7fd4d79cd000 rw-p 00005000 08:02 925436                     /usr/lib/x86_64-linux-gnu/libXdmcp.so.6.0.0
7fd4d79cd000-7fd4d79cf000 r-xp 00000000 08:02 925425                     /usr/lib/x86_64-linux-gnu/libXau.so.6.0.0
7fd4d79cf000-7fd4d7bcf000 ---p 00002000 08:02 925425                     /usr/lib/x86_64-linux-gnu/libXau.so.6.0.0
7fd4d7bcf000-7fd4d7bd0000 r--p 00002000 08:02 925425                     /usr/lib/x86_64-linux-gnu/libXau.so.6.0.0
7fd4d7bd0000-7fd4d7bd1000 rw-p 00003000 08:02 925425                     /usr/lib/x86_64-linux-gnu/libXau.so.6.0.0
7fd4d7bd1000-7fd4d7bee000 r-xp 00000000 08:02 926377                     /usr/lib/x86_64-linux-gnu/libxcb.so.1.1.0
7fd4d7bee000-7fd4d7dee000 ---p 0001d000 08:02 926377                     /usr/lib/x86_64-linux-gnu/libxcb.so.1.1.0
7fd4d7dee000-7fd4d7def000 r--p 0001d000 08:02 926377                     /usr/lib/x86_64-linux-gnu/libxcb.so.1.1.0
7fd4d7def000-7fd4d7df0000 rw-p 0001e000 08:02 926377                     /usr/lib/x86_64-linux-gnu/libxcb.so.1.1.0
7fd4d7df0000-7fd4d7dff000 r-xp 00000000 08:02 925446                     /usr/lib/x86_64-linux-gnu/libXi.so.6.1.0
7fd4d7dff000-7fd4d7ffe000 ---p 0000f000 08:02 925446                     /usr/lib/x86_64-linux-gnu/libXi.so.6.1.0
7fd4d7ffe000-7fd4d7fff000 r--p 0000e000 08:02 925446                     /usr/lib/x86_64-linux-gnu/libXi.so.6.1.0
7fd4d7fff000-7fd4d8000000 rw-p 0000f000 08:02 925446                     /usr/lib/x86_64-linux-gnu/libXi.so.6.1.0
7fd4d8000000-7fd4d8021000 rw-p 00000000 00:00 0 
7fd4d8021000-7fd4dc000000 ---p 00000000 00:00 0 
7fd4dc000000-7fd4dc021000 rw-p 00000000 00:00 0 
7fd4dc021000-7fd4e0000000 ---p 00000000 00:00 0 
7fd4e0000000-7fd4e0021000 rw-p 00000000 00:00 0 
7fd4e0021000-7fd4e4000000 ---p 00000000 00:00 0 
7fd4e4000000-7fd4e4021000 rw-p 00000000 00:00 0 
7fd4e4021000-7fd4e8000000 ---p 00000000 00:00 0 
7fd4e8000000-7fd4e8021000 rw-p 00000000 00:00 0 
7fd4e8021000-7fd4ec000000 ---p 00000000 00:00 0 
7fd4ec000000-7fd4ec021000 rw-p 00000000 00:00 0 
7fd4ec021000-7fd4f0000000 ---p 00000000 00:00 0 
7fd4f0000000-7fd4f0021000 rw-p 00000000 00:00 0 
7fd4f0021000-7fd4f4000000 ---p 00000000 00:00 0 
7fd4f4000000-7fd4f4021000 rw-p 00000000 00:00 0 
7fd4f4021000-7fd4f8000000 ---p 00000000 00:00 0 
7fd4f8000000-7fd4f82b7000 rw-p 00000000 00:00 0 
7fd4f82b7000-7fd4fc000000 ---p 00000000 00:00 0 
7fd4fc000000-7fd4fc709000 rw-p 00000000 00:00 0 
7fd4fc709000-7fd500000000 ---p 00000000 00:00 0 
7fd500000000-7fd500021000 rw-p 00000000 00:00 0 
7fd500021000-7fd504000000 ---p 00000000 00:00 0 
7fd504000000-7fd50493a000 rw-p 00000000 00:00 0 
7fd50493a000-7fd508000000 ---p 00000000 00:00 0 
7fd508000000-7fd508021000 rw-p 00000000 00:00 0 
7fd508021000-7fd50c000000 ---p 00000000 00:00 0 
7fd50c000000-7fd50c021000 rw-p 00000000 00:00 0 
7fd50c021000-7fd510000000 ---p 00000000 00:00 0 
7fd510000000-7fd510051000 rw-p 00000000 00:00 0 
7fd510051000-7fd514000000 ---p 00000000 00:00 0 
7fd514068000-7fd51406d000 r-xp 00000000 08:02 925466                     /usr/lib/x86_64-linux-gnu/libXtst.so.6.1.0
7fd51406d000-7fd51426c000 ---p 00005000 08:02 925466                     /usr/lib/x86_64-linux-gnu/libXtst.so.6.1.0
7fd51426c000-7fd51426d000 r--p 00004000 08:02 925466                     /usr/lib/x86_64-linux-gnu/libXtst.so.6.1.0
7fd51426d000-7fd51426e000 rw-p 00005000 08:02 925466                     /usr/lib/x86_64-linux-gnu/libXtst.so.6.1.0
7fd51426e000-7fd514277000 r-xp 00000000 08:02 925460                     /usr/lib/x86_64-linux-gnu/libXrender.so.1.3.0
7fd514277000-7fd514476000 ---p 00009000 08:02 925460                     /usr/lib/x86_64-linux-gnu/libXrender.so.1.3.0
7fd514476000-7fd514477000 r--p 00008000 08:02 925460                     /usr/lib/x86_64-linux-gnu/libXrender.so.1.3.0
7fd514477000-7fd514478000 rw-p 00009000 08:02 925460                     /usr/lib/x86_64-linux-gnu/libXrender.so.1.3.0
7fd514478000-7fd5145a8000 r-xp 00000000 08:02 925421                     /usr/lib/x86_64-linux-gnu/libX11.so.6.3.0
7fd5145a8000-7fd5147a8000 ---p 00130000 08:02 925421                     /usr/lib/x86_64-linux-gnu/libX11.so.6.3.0
7fd5147a8000-7fd5147a9000 r--p 00130000 08:02 925421                     /usr/lib/x86_64-linux-gnu/libX11.so.6.3.0
7fd5147a9000-7fd5147ad000 rw-p 00131000 08:02 925421                     /usr/lib/x86_64-linux-gnu/libX11.so.6.3.0
7fd5147ad000-7fd5147be000 r-xp 00000000 08:02 925438                     /usr/lib/x86_64-linux-gnu/libXext.so.6.4.0
7fd5147be000-7fd5149bd000 ---p 00011000 08:02 925438                     /usr/lib/x86_64-linux-gnu/libXext.so.6.4.0
7fd5149bd000-7fd5149be000 r--p 00010000 08:02 925438                     /usr/lib/x86_64-linux-gnu/libXext.so.6.4.0
7fd5149be000-7fd5149bf000 rw-p 00011000 08:02 925438                     /usr/lib/x86_64-linux-gnu/libXext.so.6.4.0
7fd5149d8000-7fd514a2c000 r-xp 00000000 08:02 1084502                    /usr/lib/jvm/java-8-oracle/jre/lib/amd64/libawt_xawt.so
7fd514a2c000-7fd514c2c000 ---p 00054000 08:02 1084502                    /usr/lib/jvm/java-8-oracle/jre/lib/amd64/libawt_xawt.so
7fd514c2c000-7fd514c30000 rw-p 00054000 08:02 1084502                    /usr/lib/jvm/java-8-oracle/jre/lib/amd64/libawt_xawt.so
7fd514c30000-7fd514c31000 rw-p 00000000 00:00 0 
7fd514c31000-7fd514cd3000 r-xp 00000000 08:02 1084317                    /usr/lib/jvm/java-8-oracle/jre/lib/amd64/libawt.so
7fd514cd3000-7fd514ed3000 ---p 000a2000 08:02 1084317                    /usr/lib/jvm/java-8-oracle/jre/lib/amd64/libawt.so
7fd514ed3000-7fd514edf000 rw-p 000a2000 08:02 1084317                    /usr/lib/jvm/java-8-oracle/jre/lib/amd64/libawt.so
7fd514edf000-7fd515103000 rw-p 00000000 00:00 0 
7fd515103000-7fd515106000 ---p 00000000 00:00 0 
7fd515106000-7fd515204000 rw-p 00000000 00:00 0 
7fd515204000-7fd515220000 r--s 00393000 08:02 13917                      /usr/lib/jvm/java-8-oracle/jre/lib/ext/cldrdata.jar
7fd515220000-7fd515223000 ---p 00000000 00:00 0 
7fd515223000-7fd515321000 rw-p 00000000 00:00 0 
7fd515321000-7fd515324000 ---p 00000000 00:00 0 
7fd515324000-7fd51535a000 rw-p 00000000 00:00 0 
7fd51535a000-7fd51535d000 ---p 00000000 00:00 0 
7fd51535d000-7fd51545b000 rw-p 00000000 00:00 0 
7fd51545b000-7fd51545e000 ---p 00000000 00:00 0 
7fd51545e000-7fd51575c000 rw-p 00000000 00:00 0 
7fd51575c000-7fd515772000 r-xp 00000000 08:02 661526                     /lib/x86_64-linux-gnu/libgcc_s.so.1
7fd515772000-7fd515971000 ---p 00016000 08:02 661526                     /lib/x86_64-linux-gnu/libgcc_s.so.1
7fd515971000-7fd515972000 rw-p 00015000 08:02 661526                     /lib/x86_64-linux-gnu/libgcc_s.so.1
7fd515980000-7fd515981000 rw-p 00000000 00:00 0 
7fd515981000-7fd51598b000 r--s 00116000 08:02 13915                      /usr/lib/jvm/java-8-oracle/jre/lib/ext/localedata.jar
7fd51598b000-7fd5159bd000 r-xp 00000000 08:02 1084504                    /usr/lib/jvm/java-8-oracle/jre/lib/amd64/libsunec.so
7fd5159bd000-7fd515bbc000 ---p 00032000 08:02 1084504                    /usr/lib/jvm/java-8-oracle/jre/lib/amd64/libsunec.so
7fd515bbc000-7fd515bc2000 rw-p 00031000 08:02 1084504                    /usr/lib/jvm/java-8-oracle/jre/lib/amd64/libsunec.so
7fd515bc2000-7fd515dd2000 rw-p 00000000 00:00 0 
7fd515dd2000-7fd515dd3000 r--s 00009000 08:02 13908                      /usr/lib/jvm/java-8-oracle/jre/lib/ext/sunec.jar
7fd515dd3000-7fd515dd6000 r--s 0001a000 08:02 413725                     /usr/lib/jvm/java-8-oracle/jre/lib/jce.jar
7fd515dd6000-7fd515dda000 r--s 00097000 08:02 413727                     /usr/lib/jvm/java-8-oracle/jre/lib/jsse.jar
7fd515dda000-7fd515e33000 r--s 00522000 08:03 24643383                   /home/cosmic/.ivy2/cache/org.scala-lang/scala-library/jars/scala-library-2.11.8.jar
7fd515e33000-7fd515e38000 r--s 00040000 08:03 29755392                   /home/cosmic/.ivy2/cache/org.beanshell/bsh/jars/bsh-2.0b4.jar
7fd515e38000-7fd515e3c000 r--s 0002a000 08:03 24643076                   /home/cosmic/.ivy2/cache/commons-io/commons-io/jars/commons-io-2.4.jar
7fd515e3c000-7fd515e41000 r--s 0002e000 08:03 29884459                   /home/cosmic/.ivy2/cache/com.codeborne/selenide/jars/selenide-3.6.jar
7fd515e41000-7fd515e46000 r--s 0002f000 08:03 24774458                   /home/cosmic/.ivy2/cache/com.google.code.gson/gson/jars/gson-2.3.1.jar
7fd515e46000-7fd515e72000 r--s 00208000 08:03 24774457                   /home/cosmic/.ivy2/cache/com.google.guava/guava/bundles/guava-19.0.jar
7fd515e72000-7fd515e76000 r--s 0002f000 08:03 29884489                   /home/cosmic/.ivy2/cache/commons-beanutils/commons-beanutils-core/jars/commons-beanutils-core-1.8.3.jar
7fd515e76000-7fd515e8c000 r--s 000f9000 08:03 24774459                   /home/cosmic/.ivy2/cache/io.netty/netty/bundles/netty-3.5.7.Final.jar
7fd515e8c000-7fd515e9d000 r--s 00155000 08:03 29884469                   /home/cosmic/.ivy2/cache/net.java.dev.jna/jna-platform/jars/jna-platform-4.1.0.jar
7fd515e9d000-7fd515eb3000 r-xp 00000000 08:02 1084488                    /usr/lib/jvm/java-8-oracle/jre/lib/amd64/libnet.so
7fd515eb3000-7fd5160b3000 ---p 00016000 08:02 1084488                    /usr/lib/jvm/java-8-oracle/jre/lib/amd64/libnet.so
7fd5160b3000-7fd5160b4000 rw-p 00016000 08:02 1084488                    /usr/lib/jvm/java-8-oracle/jre/lib/amd64/libnet.so
7fd5160b4000-7fd5160b7000 ---p 00000000 00:00 0 
7fd5160b7000-7fd5161b5000 rw-p 00000000 00:00 0 
7fd5161b5000-7fd5161b6000 r-xp 00000000 08:03 15204416                   /home/cosmic/SOFT/idea-IU-145.258.11/bin/libbreakgen64.so
7fd5161b6000-7fd5163b5000 ---p 00001000 08:03 15204416                   /home/cosmic/SOFT/idea-IU-145.258.11/bin/libbreakgen64.so
7fd5163b5000-7fd5163b6000 r--p 00000000 08:03 15204416                   /home/cosmic/SOFT/idea-IU-145.258.11/bin/libbreakgen64.so
7fd5163b6000-7fd5163b7000 rw-p 00001000 08:03 15204416                   /home/cosmic/SOFT/idea-IU-145.258.11/bin/libbreakgen64.so
7fd5163b7000-7fd5163b8000 ---p 00000000 00:00 0 
7fd5163b8000-7fd5164b8000 rw-p 00000000 00:00 0 
7fd5164b8000-7fd5164bb000 ---p 00000000 00:00 0 
7fd5164bb000-7fd5165b9000 rw-p 00000000 00:00 0 
7fd5165b9000-7fd5165bc000 ---p 00000000 00:00 0 
7fd5165bc000-7fd5166ba000 rw-p 00000000 00:00 0 
7fd5166ba000-7fd5166bd000 ---p 00000000 00:00 0 
7fd5166bd000-7fd5167bb000 rw-p 00000000 00:00 0 
7fd5167bb000-7fd5167be000 ---p 00000000 00:00 0 
7fd5167be000-7fd5168bc000 rw-p 00000000 00:00 0 
7fd5168bc000-7fd5168bf000 ---p 00000000 00:00 0 
7fd5168bf000-7fd5169bd000 rw-p 00000000 00:00 0 
7fd5169bd000-7fd5174f5000 r--p 00000000 08:02 794137                     /usr/lib/locale/locale-archive
7fd5174f5000-7fd5174f8000 ---p 00000000 00:00 0 
7fd5174f8000-7fd5175f6000 rw-p 00000000 00:00 0 
7fd5175f6000-7fd5175f9000 ---p 00000000 00:00 0 
7fd5175f9000-7fd5176f7000 rw-p 00000000 00:00 0 
7fd5176f7000-7fd5176f8000 ---p 00000000 00:00 0 
7fd5176f8000-7fd518000000 rw-p 00000000 00:00 0 
7fd518000000-7fd518021000 rw-p 00000000 00:00 0 
7fd518021000-7fd51c000000 ---p 00000000 00:00 0 
7fd51c000000-7fd51c021000 rw-p 00000000 00:00 0 
7fd51c021000-7fd520000000 ---p 00000000 00:00 0 
7fd520000000-7fd520021000 rw-p 00000000 00:00 0 
7fd520021000-7fd524000000 ---p 00000000 00:00 0 
7fd524000000-7fd524002000 r--s 0000c000 08:03 15467612                   /home/cosmic/SOFT/idea-IU-145.258.11/plugins/testng/lib/jcommander.jar
7fd524002000-7fd524003000 r--s 00002000 08:03 29884471                   /home/cosmic/.ivy2/cache/com.codeborne/phantomjsdriver/jars/phantomjsdriver-1.3.0.jar
7fd524003000-7fd52400a000 r--s 0003f000 08:03 24911239                   /home/cosmic/.ivy2/cache/commons-codec/commons-codec/jars/commons-codec-1.10.jar
7fd52400a000-7fd52400c000 r--s 0000e000 08:03 24911238                   /home/cosmic/.ivy2/cache/commons-logging/commons-logging/jars/commons-logging-1.2.jar
7fd52400c000-7fd524010000 r--s 000dc000 08:03 29755854                   /home/cosmic/.ivy2/cache/net.java.dev.jna/jna/jars/jna-4.1.0.jar
7fd524010000-7fd524012000 r--s 0000c000 08:03 27135791                   /home/cosmic/.ivy2/cache/org.apache.commons/commons-exec/jars/commons-exec-1.3.jar
7fd524012000-7fd52401f000 r--s 000a6000 08:03 24911236                   /home/cosmic/.ivy2/cache/org.apache.httpcomponents/httpclient/jars/httpclient-4.5.1.jar
7fd52401f000-7fd524026000 r--s 00049000 08:03 24911237                   /home/cosmic/.ivy2/cache/org.apache.httpcomponents/httpcore/jars/httpcore-4.4.3.jar
7fd524026000-7fd52402d000 r--s 0007a000 08:03 29884481                   /home/cosmic/.ivy2/cache/org.apache.tika/tika-core/bundles/tika-core-1.7.jar
7fd52402d000-7fd524031000 r--s 00019000 08:03 29884477                   /home/cosmic/.ivy2/cache/org.aspectj/aspectjrt/jars/aspectjrt-1.8.3.jar
7fd524031000-7fd52404a000 r--s 001af000 08:03 29884463                   /home/cosmic/.ivy2/cache/org.aspectj/aspectjweaver/jars/aspectjweaver-1.8.9.jar
7fd52404a000-7fd524050000 r--s 0001e000 08:03 29884485                   /home/cosmic/.ivy2/cache/org.jvnet.jaxb2_commons/jaxb2-basics-runtime/jars/jaxb2-basics-runtime-0.9.3.jar
7fd524050000-7fd524055000 r--s 0001f000 08:03 29755853                   /home/cosmic/.ivy2/cache/org.seleniumhq.selenium/selenium-api/jars/selenium-api-2.53.0.jar
7fd524055000-7fd524056000 r--s 00002000 08:03 29755847                   /home/cosmic/.ivy2/cache/org.seleniumhq.selenium/selenium-chrome-driver/jars/selenium-chrome-driver-2.53.0.jar
7fd524056000-7fd524057000 r--s 00001000 08:03 29884465                   /home/cosmic/.ivy2/cache/org.seleniumhq.selenium/selenium-edge-driver/jars/selenium-edge-driver-2.53.0.jar
7fd524057000-7fd524059000 r--s 000c7000 08:03 29755848                   /home/cosmic/.ivy2/cache/org.seleniumhq.selenium/selenium-firefox-driver/jars/selenium-firefox-driver-2.53.0.jar
7fd524059000-7fd52405a000 r--s 00002000 08:03 29755849                   /home/cosmic/.ivy2/cache/org.seleniumhq.selenium/selenium-ie-driver/jars/selenium-ie-driver-2.53.0.jar
7fd52405a000-7fd52405f000 r--s 0005d000 08:03 29884467                   /home/cosmic/.ivy2/cache/org.seleniumhq.selenium/selenium-leg-rc/jars/selenium-leg-rc-2.53.0.jar
7fd52405f000-7fd524064000 r--s 00035000 08:03 29755852                   /home/cosmic/.ivy2/cache/org.seleniumhq.selenium/selenium-remote-driver/jars/selenium-remote-driver-2.53.0.jar
7fd524064000-7fd524066000 r--s 00014000 08:03 29755850                   /home/cosmic/.ivy2/cache/org.seleniumhq.selenium/selenium-safari-driver/jars/selenium-safari-driver-2.53.0.jar
7fd524066000-7fd52406b000 r--s 00025000 08:03 29755851                   /home/cosmic/.ivy2/cache/org.seleniumhq.selenium/selenium-support/jars/selenium-support-2.53.0.jar
7fd52406b000-7fd52407e000 r--s 00344000 08:02 413786                     /usr/lib/jvm/java-8-oracle/jre/lib/resources.jar
7fd52407e000-7fd528000000 rw-p 00000000 00:00 0 
7fd528000000-7fd528021000 rw-p 00000000 00:00 0 
7fd528021000-7fd52c000000 ---p 00000000 00:00 0 
7fd52c000000-7fd52c003000 r--s 0000e000 08:03 29884475                   /home/cosmic/.ivy2/cache/ru.yandex.qatools.allure/allure-java-adaptor-api/jars/allure-java-adaptor-api-1.4.23.jar
7fd52c003000-7fd52c011000 r--s 000c7000 08:03 29755761                   /home/cosmic/.ivy2/cache/org.testng/testng/jars/testng-6.9.10.jar
7fd52c011000-7fd52c024000 r--s 000d6000 08:02 413789                     /usr/lib/jvm/java-8-oracle/jre/lib/plugin.jar
7fd52c024000-7fd52c03f000 r--s 00208000 08:02 413803                     /usr/lib/jvm/java-8-oracle/jre/lib/deploy.jar
7fd52c03f000-7fd52c627000 rw-p 00000000 00:00 0 
7fd52c627000-7fd52c800000 r--s 03d1f000 08:02 413728                     /usr/lib/jvm/java-8-oracle/jre/lib/rt.jar
7fd52c800000-7fd52d000000 rw-p 00000000 00:00 0 
7fd52d000000-7fd52d770000 rwxp 00000000 00:00 0 
7fd52d770000-7fd53c000000 ---p 00000000 00:00 0 
7fd53c000000-7fd53c9d2000 rw-p 00000000 00:00 0 
7fd53c9d2000-7fd540000000 ---p 00000000 00:00 0 
7fd540000000-7fd540001000 r--s 00000000 08:03 29755846                   /home/cosmic/.ivy2/cache/org.seleniumhq.selenium/selenium-java/jars/selenium-java-2.53.0.jar
7fd540001000-7fd540002000 r--s 00007000 08:03 24773374                   /home/cosmic/.ivy2/cache/org.slf4j/slf4j-api/jars/slf4j-api-1.7.12.jar
7fd540002000-7fd540003000 r--s 00001000 08:03 29884479                   /home/cosmic/.ivy2/cache/ru.yandex.qatools.allure/allure-java-annotations/jars/allure-java-annotations-1.4.23.jar
7fd540003000-7fd540004000 r--s 00002000 08:03 29884473                   /home/cosmic/.ivy2/cache/ru.yandex.qatools.allure/allure-java-aspects/jars/allure-java-aspects-1.4.23.jar
7fd540004000-7fd540005000 r--s 0000a000 08:03 29884483                   /home/cosmic/.ivy2/cache/ru.yandex.qatools.allure/allure-model/jars/allure-model-1.4.23.jar
7fd540005000-7fd540006000 r--s 00002000 08:03 29884461                   /home/cosmic/.ivy2/cache/ru.yandex.qatools.allure/allure-testng-adaptor/jars/allure-testng-adaptor-1.4.23.jar
7fd540006000-7fd540007000 r--s 00003000 08:03 29884487                   /home/cosmic/.ivy2/cache/ru.yandex.qatools.properties/properties-loader/jars/properties-loader-1.5.jar
7fd540007000-7fd540009000 r--s 0000e000 08:03 29755762                   /home/cosmic/.ivy2/cache/com.beust/jcommander/jars/jcommander-1.48.jar
7fd540009000-7fd540010000 r--s 00049000 08:03 29755356                   /home/cosmic/.ivy2/cache/cglib/cglib-nodep/jars/cglib-nodep-2.1_3.jar
7fd540010000-7fd540011000 r--s 00000000 08:02 413785                     /usr/lib/jvm/java-8-oracle/jre/lib/management-agent.jar
7fd540011000-7fd540015000 r--s 00097000 08:02 413727                     /usr/lib/jvm/java-8-oracle/jre/lib/jsse.jar
7fd540015000-7fd540484000 rw-p 00000000 00:00 0 
7fd540484000-7fd540485000 ---p 00000000 00:00 0 
7fd540485000-7fd540585000 rw-p 00000000 00:00 0 
7fd540585000-7fd540586000 ---p 00000000 00:00 0 
7fd540586000-7fd540686000 rw-p 00000000 00:00 0 
7fd540686000-7fd540687000 ---p 00000000 00:00 0 
7fd540687000-7fd540787000 rw-p 00000000 00:00 0 
7fd540787000-7fd540788000 ---p 00000000 00:00 0 
7fd540788000-7fd5408b2000 rw-p 00000000 00:00 0 
7fd5408b2000-7fd540b18000 ---p 00000000 00:00 0 
7fd540b18000-7fd540b42000 rw-p 00000000 00:00 0 
7fd540b42000-7fd540da8000 ---p 00000000 00:00 0 
7fd540da8000-7fd540dca000 rw-p 00000000 00:00 0 
7fd540dca000-7fd540ef0000 ---p 00000000 00:00 0 
7fd540ef0000-7fd540f0f000 rw-p 00000000 00:00 0 
7fd540f0f000-7fd5412b1000 ---p 00000000 00:00 0 
7fd5412b1000-7fd5412cb000 r-xp 00000000 08:02 1084323                    /usr/lib/jvm/java-8-oracle/jre/lib/amd64/libzip.so
7fd5412cb000-7fd5414cb000 ---p 0001a000 08:02 1084323                    /usr/lib/jvm/java-8-oracle/jre/lib/amd64/libzip.so
7fd5414cb000-7fd5414cc000 rw-p 0001a000 08:02 1084323                    /usr/lib/jvm/java-8-oracle/jre/lib/amd64/libzip.so
7fd5414cc000-7fd5414d7000 r-xp 00000000 08:02 661574                     /lib/x86_64-linux-gnu/libnss_files-2.19.so
7fd5414d7000-7fd5416d6000 ---p 0000b000 08:02 661574                     /lib/x86_64-linux-gnu/libnss_files-2.19.so
7fd5416d6000-7fd5416d7000 r--p 0000a000 08:02 661574                     /lib/x86_64-linux-gnu/libnss_files-2.19.so
7fd5416d7000-7fd5416d8000 rw-p 0000b000 08:02 661574                     /lib/x86_64-linux-gnu/libnss_files-2.19.so
7fd5416d8000-7fd5416e3000 r-xp 00000000 08:02 661584                     /lib/x86_64-linux-gnu/libnss_nis-2.19.so
7fd5416e3000-7fd5418e2000 ---p 0000b000 08:02 661584                     /lib/x86_64-linux-gnu/libnss_nis-2.19.so
7fd5418e2000-7fd5418e3000 r--p 0000a000 08:02 661584                     /lib/x86_64-linux-gnu/libnss_nis-2.19.so
7fd5418e3000-7fd5418e4000 rw-p 0000b000 08:02 661584                     /lib/x86_64-linux-gnu/libnss_nis-2.19.so
7fd5418e4000-7fd5418fb000 r-xp 00000000 08:02 661568                     /lib/x86_64-linux-gnu/libnsl-2.19.so
7fd5418fb000-7fd541afa000 ---p 00017000 08:02 661568                     /lib/x86_64-linux-gnu/libnsl-2.19.so
7fd541afa000-7fd541afb000 r--p 00016000 08:02 661568                     /lib/x86_64-linux-gnu/libnsl-2.19.so
7fd541afb000-7fd541afc000 rw-p 00017000 08:02 661568                     /lib/x86_64-linux-gnu/libnsl-2.19.so
7fd541afc000-7fd541afe000 rw-p 00000000 00:00 0 
7fd541afe000-7fd541b07000 r-xp 00000000 08:02 661570                     /lib/x86_64-linux-gnu/libnss_compat-2.19.so
7fd541b07000-7fd541d06000 ---p 00009000 08:02 661570                     /lib/x86_64-linux-gnu/libnss_compat-2.19.so
7fd541d06000-7fd541d07000 r--p 00008000 08:02 661570                     /lib/x86_64-linux-gnu/libnss_compat-2.19.so
7fd541d07000-7fd541d08000 rw-p 00009000 08:02 661570                     /lib/x86_64-linux-gnu/libnss_compat-2.19.so
7fd541d08000-7fd541d32000 r-xp 00000000 08:02 1084492                    /usr/lib/jvm/java-8-oracle/jre/lib/amd64/libjava.so
7fd541d32000-7fd541f32000 ---p 0002a000 08:02 1084492                    /usr/lib/jvm/java-8-oracle/jre/lib/amd64/libjava.so
7fd541f32000-7fd541f34000 rw-p 0002a000 08:02 1084492                    /usr/lib/jvm/java-8-oracle/jre/lib/amd64/libjava.so
7fd541f34000-7fd541f41000 r-xp 00000000 08:02 1084501                    /usr/lib/jvm/java-8-oracle/jre/lib/amd64/libverify.so
7fd541f41000-7fd542141000 ---p 0000d000 08:02 1084501                    /usr/lib/jvm/java-8-oracle/jre/lib/amd64/libverify.so
7fd542141000-7fd542143000 rw-p 0000d000 08:02 1084501                    /usr/lib/jvm/java-8-oracle/jre/lib/amd64/libverify.so
7fd542143000-7fd54214a000 r-xp 00000000 08:02 661627                     /lib/x86_64-linux-gnu/librt-2.19.so
7fd54214a000-7fd542349000 ---p 00007000 08:02 661627                     /lib/x86_64-linux-gnu/librt-2.19.so
7fd542349000-7fd54234a000 r--p 00006000 08:02 661627                     /lib/x86_64-linux-gnu/librt-2.19.so
7fd54234a000-7fd54234b000 rw-p 00007000 08:02 661627                     /lib/x86_64-linux-gnu/librt-2.19.so
7fd54234b000-7fd542450000 r-xp 00000000 08:02 661549                     /lib/x86_64-linux-gnu/libm-2.19.so
7fd542450000-7fd54264f000 ---p 00105000 08:02 661549                     /lib/x86_64-linux-gnu/libm-2.19.so
7fd54264f000-7fd542650000 r--p 00104000 08:02 661549                     /lib/x86_64-linux-gnu/libm-2.19.so
7fd542650000-7fd542651000 rw-p 00105000 08:02 661549                     /lib/x86_64-linux-gnu/libm-2.19.so
7fd542651000-7fd543311000 r-xp 00000000 08:02 1084463                    /usr/lib/jvm/java-8-oracle/jre/lib/amd64/server/libjvm.so
7fd543311000-7fd543511000 ---p 00cc0000 08:02 1084463                    /usr/lib/jvm/java-8-oracle/jre/lib/amd64/server/libjvm.so
7fd543511000-7fd5435e9000 rw-p 00cc0000 08:02 1084463                    /usr/lib/jvm/java-8-oracle/jre/lib/amd64/server/libjvm.so
7fd5435e9000-7fd543634000 rw-p 00000000 00:00 0 
7fd543634000-7fd5437ef000 r-xp 00000000 08:02 661499                     /lib/x86_64-linux-gnu/libc-2.19.so
7fd5437ef000-7fd5439ee000 ---p 001bb000 08:02 661499                     /lib/x86_64-linux-gnu/libc-2.19.so
7fd5439ee000-7fd5439f2000 r--p 001ba000 08:02 661499                     /lib/x86_64-linux-gnu/libc-2.19.so
7fd5439f2000-7fd5439f4000 rw-p 001be000 08:02 661499                     /lib/x86_64-linux-gnu/libc-2.19.so
7fd5439f4000-7fd5439f9000 rw-p 00000000 00:00 0 
7fd5439f9000-7fd5439fc000 r-xp 00000000 08:02 661516                     /lib/x86_64-linux-gnu/libdl-2.19.so
7fd5439fc000-7fd543bfb000 ---p 00003000 08:02 661516                     /lib/x86_64-linux-gnu/libdl-2.19.so
7fd543bfb000-7fd543bfc000 r--p 00002000 08:02 661516                     /lib/x86_64-linux-gnu/libdl-2.19.so
7fd543bfc000-7fd543bfd000 rw-p 00003000 08:02 661516                     /lib/x86_64-linux-gnu/libdl-2.19.so
7fd543bfd000-7fd543c12000 r-xp 00000000 08:02 413719                     /usr/lib/jvm/java-8-oracle/lib/amd64/jli/libjli.so
7fd543c12000-7fd543e12000 ---p 00015000 08:02 413719                     /usr/lib/jvm/java-8-oracle/lib/amd64/jli/libjli.so
7fd543e12000-7fd543e13000 rw-p 00015000 08:02 413719                     /usr/lib/jvm/java-8-oracle/lib/amd64/jli/libjli.so
7fd543e13000-7fd543e2c000 r-xp 00000000 08:02 661619                     /lib/x86_64-linux-gnu/libpthread-2.19.so
7fd543e2c000-7fd54402b000 ---p 00019000 08:02 661619                     /lib/x86_64-linux-gnu/libpthread-2.19.so
7fd54402b000-7fd54402c000 r--p 00018000 08:02 661619                     /lib/x86_64-linux-gnu/libpthread-2.19.so
7fd54402c000-7fd54402d000 rw-p 00019000 08:02 661619                     /lib/x86_64-linux-gnu/libpthread-2.19.so
7fd54402d000-7fd544031000 rw-p 00000000 00:00 0 
7fd544031000-7fd544054000 r-xp 00000000 08:02 661475                     /lib/x86_64-linux-gnu/ld-2.19.so
7fd544054000-7fd544056000 r--s 00007000 08:02 413729                     /usr/lib/jvm/java-8-oracle/jre/lib/jfxswt.jar
7fd544056000-7fd54405b000 r--s 00084000 08:02 413777                     /usr/lib/jvm/java-8-oracle/jre/lib/jfr.jar
7fd54405b000-7fd54405e000 r--s 0001a000 08:02 413725                     /usr/lib/jvm/java-8-oracle/jre/lib/jce.jar
7fd54405e000-7fd544068000 r--s 0006c000 08:02 413766                     /usr/lib/jvm/java-8-oracle/jre/lib/javaws.jar
7fd544068000-7fd544133000 rw-p 00000000 00:00 0 
7fd544133000-7fd544136000 ---p 00000000 00:00 0 
7fd544136000-7fd544238000 rw-p 00000000 00:00 0 
7fd544238000-7fd54423e000 r--s 002f8000 08:02 413805                     /usr/lib/jvm/java-8-oracle/jre/lib/charsets.jar
7fd54423e000-7fd544245000 r--s 000c2000 08:03 15467614                   /home/cosmic/SOFT/idea-IU-145.258.11/plugins/testng/lib/testng-plugin.jar
7fd544245000-7fd544247000 r--s 0001e000 08:03 15204515                   /home/cosmic/SOFT/idea-IU-145.258.11/lib/idea_rt.jar
7fd544247000-7fd54424f000 rw-s 00000000 08:02 526239                     /tmp/hsperfdata_cosmic/27349
7fd54424f000-7fd544250000 rw-p 00000000 00:00 0 
7fd544250000-7fd544251000 r--p 00000000 00:00 0 
7fd544251000-7fd544253000 rw-p 00000000 00:00 0 
7fd544253000-7fd544254000 r--p 00022000 08:02 661475                     /lib/x86_64-linux-gnu/ld-2.19.so
7fd544254000-7fd544255000 rw-p 00023000 08:02 661475                     /lib/x86_64-linux-gnu/ld-2.19.so
7fd544255000-7fd544256000 rw-p 00000000 00:00 0 
7fffe425f000-7fffe4282000 rw-p 00000000 00:00 0                          [stack]
7fffe428f000-7fffe4291000 r--p 00000000 00:00 0                          [vvar]
7fffe4291000-7fffe4293000 r-xp 00000000 00:00 0                          [vdso]
ffffffffff600000-ffffffffff601000 r-xp 00000000 00:00 0                  [vsyscall]

VM Arguments:
jvm_args: -ea -Didea.launcher.port=7533 -Didea.launcher.bin.path=/home/cosmic/SOFT/idea-IU-145.258.11/bin -Didea.testng.sm_runner -Dfile.encoding=UTF-8 
java_command: com.intellij.rt.execution.application.AppMain org.testng.RemoteTestNGStarter -port 35463 -usedefaultlisteners false -socket40376 @w@/tmp/idea_working_dirs_testng.tmp -temp /tmp/idea_testng.tmp
java_class_path (initial): /home/cosmic/SOFT/idea-IU-145.258.11/lib/idea_rt.jar:/home/cosmic/SOFT/idea-IU-145.258.11/plugins/testng/lib/testng-plugin.jar:/usr/lib/jvm/java-8-oracle/jre/lib/charsets.jar:/usr/lib/jvm/java-8-oracle/jre/lib/deploy.jar:/usr/lib/jvm/java-8-oracle/jre/lib/ext/cldrdata.jar:/usr/lib/jvm/java-8-oracle/jre/lib/ext/dnsns.jar:/usr/lib/jvm/java-8-oracle/jre/lib/ext/jaccess.jar:/usr/lib/jvm/java-8-oracle/jre/lib/ext/jfxrt.jar:/usr/lib/jvm/java-8-oracle/jre/lib/ext/localedata.jar:/usr/lib/jvm/java-8-oracle/jre/lib/ext/nashorn.jar:/usr/lib/jvm/java-8-oracle/jre/lib/ext/sunec.jar:/usr/lib/jvm/java-8-oracle/jre/lib/ext/sunjce_provider.jar:/usr/lib/jvm/java-8-oracle/jre/lib/ext/sunpkcs11.jar:/usr/lib/jvm/java-8-oracle/jre/lib/ext/zipfs.jar:/usr/lib/jvm/java-8-oracle/jre/lib/javaws.jar:/usr/lib/jvm/java-8-oracle/jre/lib/jce.jar:/usr/lib/jvm/java-8-oracle/jre/lib/jfr.jar:/usr/lib/jvm/java-8-oracle/jre/lib/jfxswt.jar:/usr/lib/jvm/java-8-oracle/jre/lib/jsse.jar:/usr/lib/jvm/java-8-oracle/jre/lib/management-agent.jar:/usr/lib/jvm/java-8-oracle/jre/lib/plugin.jar:/usr/lib/jvm/java-8-oracle/jre/lib/resources.jar:/usr/lib/jvm/java-8-oracle/jre/lib/rt.jar:/home/cosmic/IdeaProjects/FC/ui-tests/target/scala-2.11/test-classes:/home/cosmic/.ivy2/cache/cglib/cglib-nodep/jars/cglib-nodep-2.1_3.jar:/home/cosmic/.ivy2/cache/org.testng/testng/jars/testng-6.9.10.jar:/home/cosmic/.ivy2/cache/com.beust/jcommander/jars/jcommander-1.48.jar:/home/cosmic/.ivy2/cache/ru.yandex.qatools.properties/properties-loader/jars/properties-loader-1.5.jar:/home/cosmic/.ivy2/cache/ru.yandex.qatools.allure/allure-testng-adaptor/jars/allure-testng-adaptor-1.4.23.jar:/home/cosmic/.ivy2/cache/ru.yandex.qatools.allure/allure-model/jars/allure-model-1.4.23.jar:/home/cosmic/.ivy2/cache/ru.yandex.qatools.allure/allure-java-aspects/jars/allure-java-aspects-1.4.23.jar:/home/cosmic/.ivy2/cache/ru.yandex.qatools.allure/allure-java-annotations/jars/allure-java-annotations-1.4.23.jar:/home/cosmic/.ivy2
Launcher Type: SUN_STANDARD

Environment Variables:
JAVA_HOME=/opt/jdk1.8.0_91
JRE_HOME=/opt/jdk1.8.0_91/bin
PATH=/home/cosmic/SOFT/google-cloud-sdk/bin:/usr/local/sbin:/usr/local/bin:/usr/sbin:/usr/bin:/sbin:/bin:/opt/go1.5/bin:/opt/sbt/bin:/home/cosmic/SOFT/google-cloud-sdk/bin:/usr/local/sbin:/usr/local/bin:/usr/sbin:/usr/bin:/sbin:/bin:/home/cosmic/bash_scripts/touchpad.sh:/home/cosmic/bash_scripts/monitor.sh:/opt/jdk1.8.0_91:/opt/jdk1.8.0_91/bin:/opt/go1.5/bin:/opt/sbt/bin
LD_LIBRARY_PATH=/home/cosmic/SOFT/idea-IU-145.258.11/bin:
SHELL=/bin/bash
DISPLAY=:0.0

Signal Handlers:
SIGSEGV: [libjvm.so+0xabca10], sa_mask[0]=11111111011111111101111111111110, sa_flags=SA_RESTART|SA_SIGINFO
SIGBUS: [libjvm.so+0xabca10], sa_mask[0]=11111111011111111101111111111110, sa_flags=SA_RESTART|SA_SIGINFO
SIGFPE: [libjvm.so+0x919a20], sa_mask[0]=11111111011111111101111111111110, sa_flags=SA_RESTART|SA_SIGINFO
SIGPIPE: [libjvm.so+0x919a20], sa_mask[0]=11111111011111111101111111111110, sa_flags=SA_RESTART|SA_SIGINFO
SIGXFSZ: [libjvm.so+0x919a20], sa_mask[0]=11111111011111111101111111111110, sa_flags=SA_RESTART|SA_SIGINFO
SIGILL: [libjvm.so+0x919a20], sa_mask[0]=11111111011111111101111111111110, sa_flags=SA_RESTART|SA_SIGINFO
SIGUSR1: SIG_DFL, sa_mask[0]=00000000000000000000000000000000, sa_flags=none
SIGUSR2: [libjvm.so+0x91b050], sa_mask[0]=00100000000000000000000000000000, sa_flags=SA_RESTART|SA_SIGINFO
SIGHUP: [libjvm.so+0x91c450], sa_mask[0]=11111111011111111101111111111110, sa_flags=SA_RESTART|SA_SIGINFO
SIGINT: [libjvm.so+0x91c450], sa_mask[0]=11111111011111111101111111111110, sa_flags=SA_RESTART|SA_SIGINFO
SIGTERM: [libjvm.so+0x91c450], sa_mask[0]=11111111011111111101111111111110, sa_flags=SA_RESTART|SA_SIGINFO
SIGQUIT: [libjvm.so+0x91c450], sa_mask[0]=11111111011111111101111111111110, sa_flags=SA_RESTART|SA_SIGINFO


---------------  S Y S T E M  ---------------

OS:DISTRIB_ID=Ubuntu
DISTRIB_RELEASE=14.04
DISTRIB_CODENAME=trusty
DISTRIB_DESCRIPTION="Ubuntu 14.04.4 LTS"

uname:Linux 4.2.0-36-generic #41~14.04.1-Ubuntu SMP Tue Apr 19 17:03:32 UTC 2016 x86_64
libc:glibc 2.19 NPTL 2.19 
rlimit: STACK 8192k, CORE 0k, NPROC 31383, NOFILE 4096, AS infinity
load average:1.27 1.44 1.56

/proc/meminfo:
MemTotal:        8056392 kB
MemFree:          575936 kB
MemAvailable:    1316456 kB
Buffers:           41368 kB
Cached:          2322504 kB
SwapCached:        23936 kB
Active:          5826116 kB
Inactive:        1343864 kB
Active(anon):    5392032 kB
Inactive(anon):  1101460 kB
Active(file):     434084 kB
Inactive(file):   242404 kB
Unevictable:        1176 kB
Mlocked:            1176 kB
SwapTotal:       4881404 kB
SwapFree:        4664764 kB
Dirty:              2792 kB
Writeback:             0 kB
AnonPages:       4787328 kB
Mapped:          1742436 kB
Shmem:           1687572 kB
Slab:             150776 kB
SReclaimable:     106308 kB
SUnreclaim:        44468 kB
KernelStack:       15072 kB
PageTables:        68560 kB
NFS_Unstable:          0 kB
Bounce:                0 kB
WritebackTmp:          0 kB
CommitLimit:     8909600 kB
Committed_AS:   13911248 kB
VmallocTotal:   34359738367 kB
VmallocUsed:      360752 kB
VmallocChunk:   34358947836 kB
HardwareCorrupted:     0 kB
AnonHugePages:   1466368 kB
CmaTotal:              0 kB
CmaFree:               0 kB
HugePages_Total:       0
HugePages_Free:        0
HugePages_Rsvd:        0
HugePages_Surp:        0
Hugepagesize:       2048 kB
DirectMap4k:      239560 kB
DirectMap2M:     8030208 kB


CPU:total 4 (2 cores per cpu, 2 threads per core) family 6 model 42 stepping 7, cmov, cx8, fxsr, mmx, sse, sse2, sse3, ssse3, sse4.1, sse4.2, popcnt, avx, clmul, ht, tsc, tscinvbit

/proc/cpuinfo:
processor	: 0
vendor_id	: GenuineIntel
cpu family	: 6
model		: 42
model name	: Intel(R) Core(TM) i3-2377M CPU @ 1.50GHz
stepping	: 7
microcode	: 0x28
cpu MHz		: 1499.941
cache size	: 3072 KB
physical id	: 0
siblings	: 4
core id		: 0
cpu cores	: 2
apicid		: 0
initial apicid	: 0
fpu		: yes
fpu_exception	: yes
cpuid level	: 13
wp		: yes
flags		: fpu vme de pse tsc msr pae mce cx8 apic sep mtrr pge mca cmov pat pse36 clflush dts acpi mmx fxsr sse sse2 ss ht tm pbe syscall nx rdtscp lm constant_tsc arch_perfmon pebs bts rep_good nopl xtopology nonstop_tsc aperfmperf eagerfpu pni pclmulqdq dtes64 monitor ds_cpl vmx est tm2 ssse3 cx16 xtpr pdcm pcid sse4_1 sse4_2 x2apic popcnt tsc_deadline_timer xsave avx lahf_lm arat epb pln pts dtherm tpr_shadow vnmi flexpriority ept vpid xsaveopt
bugs		:
bogomips	: 2993.29
clflush size	: 64
cache_alignment	: 64
address sizes	: 36 bits physical, 48 bits virtual
power management:

processor	: 1
vendor_id	: GenuineIntel
cpu family	: 6
model		: 42
model name	: Intel(R) Core(TM) i3-2377M CPU @ 1.50GHz
stepping	: 7
microcode	: 0x28
cpu MHz		: 1499.941
cache size	: 3072 KB
physical id	: 0
siblings	: 4
core id		: 1
cpu cores	: 2
apicid		: 2
initial apicid	: 2
fpu		: yes
fpu_exception	: yes
cpuid level	: 13
wp		: yes
flags		: fpu vme de pse tsc msr pae mce cx8 apic sep mtrr pge mca cmov pat pse36 clflush dts acpi mmx fxsr sse sse2 ss ht tm pbe syscall nx rdtscp lm constant_tsc arch_perfmon pebs bts rep_good nopl xtopology nonstop_tsc aperfmperf eagerfpu pni pclmulqdq dtes64 monitor ds_cpl vmx est tm2 ssse3 cx16 xtpr pdcm pcid sse4_1 sse4_2 x2apic popcnt tsc_deadline_timer xsave avx lahf_lm arat epb pln pts dtherm tpr_shadow vnmi flexpriority ept vpid xsaveopt
bugs		:
bogomips	: 2993.29
clflush size	: 64
cache_alignment	: 64
address sizes	: 36 bits physical, 48 bits virtual
power management:

processor	: 2
vendor_id	: GenuineIntel
cpu family	: 6
model		: 42
model name	: Intel(R) Core(TM) i3-2377M CPU @ 1.50GHz
stepping	: 7
microcode	: 0x28
cpu MHz		: 1499.941
cache size	: 3072 KB
physical id	: 0
siblings	: 4
core id		: 0
cpu cores	: 2
apicid		: 1
initial apicid	: 1
fpu		: yes
fpu_exception	: yes
cpuid level	: 13
wp		: yes
flags		: fpu vme de pse tsc msr pae mce cx8 apic sep mtrr pge mca cmov pat pse36 clflush dts acpi mmx fxsr sse sse2 ss ht tm pbe syscall nx rdtscp lm constant_tsc arch_perfmon pebs bts rep_good nopl xtopology nonstop_tsc aperfmperf eagerfpu pni pclmulqdq dtes64 monitor ds_cpl vmx est tm2 ssse3 cx16 xtpr pdcm pcid sse4_1 sse4_2 x2apic popcnt tsc_deadline_timer xsave avx lahf_lm arat epb pln pts dtherm tpr_shadow vnmi flexpriority ept vpid xsaveopt
bugs		:
bogomips	: 2993.29
clflush size	: 64
cache_alignment	: 64
address sizes	: 36 bits physical, 48 bits virtual
power management:

processor	: 3
vendor_id	: GenuineIntel
cpu family	: 6
model		: 42
model name	: Intel(R) Core(TM) i3-2377M CPU @ 1.50GHz
stepping	: 7
microcode	: 0x28
cpu MHz		: 1500.000
cache size	: 3072 KB
physical id	: 0
siblings	: 4
core id		: 1
cpu cores	: 2
apicid		: 3
initial apicid	: 3
fpu		: yes
fpu_exception	: yes
cpuid level	: 13
wp		: yes
flags		: fpu vme de pse tsc msr pae mce cx8 apic sep mtrr pge mca cmov pat pse36 clflush dts acpi mmx fxsr sse sse2 ss ht tm pbe syscall nx rdtscp lm constant_tsc arch_perfmon pebs bts rep_good nopl xtopology nonstop_tsc aperfmperf eagerfpu pni pclmulqdq dtes64 monitor ds_cpl vmx est tm2 ssse3 cx16 xtpr pdcm pcid sse4_1 sse4_2 x2apic popcnt tsc_deadline_timer xsave avx lahf_lm arat epb pln pts dtherm tpr_shadow vnmi flexpriority ept vpid xsaveopt
bugs		:
bogomips	: 2993.29
clflush size	: 64
cache_alignment	: 64
address sizes	: 36 bits physical, 48 bits virtual
power management:



Memory: 4k page, physical 8056392k(581424k free), swap 4881404k(4664764k free)

vm_info: Java HotSpot(TM) 64-Bit Server VM (25.91-b14) for linux-amd64 JRE (1.8.0_91-b14), built on Apr  1 2016 00:57:21 by "java_re" with gcc 4.3.0 20080428 (Red Hat 4.3.0-8)

time: Wed Jun  8 23:43:33 2016
elapsed time: 83 seconds (0d 0h 1m 23s)

