#
# A fatal error has been detected by the Java Runtime Environment:
#
#  SIGSEGV (0xb) at pc=0x00007f467e59f443, pid=14126, tid=139940722910976
#
# JRE version: Java(TM) SE Runtime Environment (8.0_91-b14) (build 1.8.0_91-b14)
# Java VM: Java HotSpot(TM) 64-Bit Server VM (25.91-b14 mixed mode linux-amd64 compressed oops)
# Problematic frame:
# C  [libX11.so.6+0x89443]
#
# Failed to write core dump. Core dumps have been disabled. To enable core dumping, try "ulimit -c unlimited" before starting Java again
#
# If you would like to submit a bug report, please visit:
#   http://bugreport.java.com/bugreport/crash.jsp
# The crash happened outside the Java Virtual Machine in native code.
# See problematic frame for where to report the bug.
#

---------------  T H R E A D  ---------------

Current thread (0x00007f46cc6a5800):  JavaThread "AWT-XAWT" daemon [_thread_in_native, id=14252, stack(0x00007f467d042000,0x00007f467d143000)]

siginfo: si_signo: 11 (SIGSEGV), si_code: 1 (SEGV_MAPERR), si_addr: 0x000000000000000a

Registers:
RAX=0x00007f46cc6509c0, RBX=0x00007f46cc6639a0, RCX=0x0000000000000000, RDX=0x0000000000000087
RSP=0x00007f467d141670, RBP=0x000000000000000a, RSI=0x0000000000000000, RDI=0x00007f46cc6639a0
R8 =0x0000000000000000, R9 =0x00007f4664003930, R10=0x00007f46bd0179e8, R11=0x00007f46d3e90850
R12=0x0000000000000000, R13=0x00007f467f0212a8, R14=0x00007f467d141778, R15=0x00007f46cc6a5800
RIP=0x00007f467e59f443, EFLAGS=0x0000000000010246, CSGSFS=0x0000000000000033, ERR=0x0000000000000004
  TRAPNO=0x000000000000000e

Top of Stack: (sp=0x00007f467d141670)
0x00007f467d141670:   0000000000000000 00007f46cc6639a0
0x00007f467d141680:   0000000000000047 00007f467e5a00f1
0x00007f467d141690:   00007f467f0212a8 00007f467d1416b0
0x00007f467d1416a0:   0000000000000000 00007f467ea8d201
0x00007f467d1416b0:   00007f467d141730 00007f46bd017a14
0x00007f467d1416c0:   00000000e4a82ad8 00007f467d1416c8
0x00007f467d1416d0:   00007f467f0fcebc 00007f467d141720
0x00007f467d1416e0:   00007f467f0fe688 0000000000000000
0x00007f467d1416f0:   00007f467d1416f0 0000000000000000
0x00007f467d141700:   00007f467d141778 00007f467f0222d8
0x00007f467d141710:   0000000000000000 00007f467f0212a8
0x00007f467d141720:   0000000000000000 00007f467d141750
0x00007f467d141730:   00007f467d1417c0 00007f46bd007dd0
0x00007f467d141740:   00000000e1b6ac78 00007f46bd011537
0x00007f467d141750:   0000000000000000 0000000000000000
0x00007f467d141760:   0000000000000047 00007f46bd007dd0
0x00007f467d141770:   00007f46cc6639a0 00007f46bd007dd0
0x00007f467d141780:   00007f467d141780 00007f467effcc67
0x00007f467d141790:   00007f467d1417e8 00007f467f00ec38
0x00007f467d1417a0:   0000000000000000 00007f467effcc88
0x00007f467d1417b0:   00007f467d141750 00007f467d1417e0
0x00007f467d1417c0:   00007f467d141830 00007f46bd0082bd
0x00007f467d1417d0:   0000000000000001 00000000e1bf90c8
0x00007f467d1417e0:   00000000e1beb700 00000000e1ba0850
0x00007f467d1417f0:   00007f467d1417f0 00007f467eff6e51
0x00007f467d141800:   00007f467d141878 00007f467f00ec38
0x00007f467d141810:   0000000000000000 00007f467eff7030
0x00007f467d141820:   00007f467d1417e0 00007f467d141870
0x00007f467d141830:   00007f467d1418c0 00007f46bd0082bd
0x00007f467d141840:   0000000000000000 0000000000000000
0x00007f467d141850:   0000000000000000 0000000000000000
0x00007f467d141860:   0000000000000000 00000000e1beb700 

Instructions: (pc=0x00007f467e59f443)
0x00007f467e59f423:   83 ec 08 e8 f5 57 fb ff 48 8b 93 20 0a 00 00 31
0x00007f467e59f433:   c9 31 f6 48 8b 52 08 8b 52 04 c6 40 01 08 88 10
0x00007f467e59f443:   0f b7 55 00 66 89 48 06 c6 40 0b 00 c6 40 0a 00
0x00007f467e59f453:   c6 40 0d 00 c6 40 0c 00 c6 40 0f 00 66 89 50 04 

Register to memory mapping:

RAX=0x00007f46cc6509c0 is an unknown value
RBX=0x00007f46cc6639a0 is an unknown value
RCX=0x0000000000000000 is an unknown value
RDX=0x0000000000000087 is an unknown value
RSP=0x00007f467d141670 is pointing into the stack for thread: 0x00007f46cc6a5800
RBP=0x000000000000000a is an unknown value
RSI=0x0000000000000000 is an unknown value
RDI=0x00007f46cc6639a0 is an unknown value
R8 =0x0000000000000000 is an unknown value
R9 =0x00007f4664003930 is an unknown value
R10=0x00007f46bd0179e8 is at code_begin+808 in an Interpreter codelet
method entry point (kind = native)  [0x00007f46bd0176c0, 0x00007f46bd017fc0]  2304 bytes
R11=0x00007f46d3e90850: <offset 0x9bb850> in /opt/java/jdk1.8.0_91/jre/lib/amd64/server/libjvm.so at 0x00007f46d34d5000
R12=0x0000000000000000 is an unknown value
R13={method} {0x00007f467f0212a8} 'XkbGetUpdatedMap' '(JJJ)J' in 'sun/awt/X11/XlibWrapper'
R14=0x00007f467d141778 is pointing into the stack for thread: 0x00007f46cc6a5800
R15=0x00007f46cc6a5800 is a thread


Stack: [0x00007f467d042000,0x00007f467d143000],  sp=0x00007f467d141670,  free space=1021k
Native frames: (J=compiled Java code, j=interpreted, Vv=VM code, C=native code)
C  [libX11.so.6+0x89443]

Java frames: (J=compiled Java code, j=interpreted, Vv=VM code)
j  sun.awt.X11.XlibWrapper.XkbGetUpdatedMap(JJJ)J+0
j  sun.awt.X11.XToolkit.processXkbChanges(Lsun/awt/X11/XEvent;)V+87
j  sun.awt.X11.XToolkit.run(Z)V+137
j  sun.awt.X11.XToolkit.run()V+5
j  java.lang.Thread.run()V+11
v  ~StubRoutines::call_stub

---------------  P R O C E S S  ---------------

Java Threads: ( => current thread )
  0x00007f464c002000 JavaThread "Forwarding quit on session aca6115c1fa91e652582ffa54b034bb7 to remote" daemon [_thread_in_native, id=14435, stack(0x00007f467c433000,0x00007f467c534000)]
  0x00007f46cc788000 JavaThread "Thread-3" [_thread_blocked, id=14434, stack(0x00007f467c635000,0x00007f467c736000)]
  0x00007f46cc6e1800 JavaThread "Okio Watchdog" daemon [_thread_blocked, id=14340, stack(0x00007f467c936000,0x00007f467ca37000)]
  0x00007f46cc33d000 JavaThread "OkHttp ConnectionPool" daemon [_thread_blocked, id=14335, stack(0x00007f467ca37000,0x00007f467cb38000)]
  0x00007f46cc6b4000 JavaThread "Webdrivers killer thread" daemon [_thread_blocked, id=14260, stack(0x00007f467cd41000,0x00007f467ce42000)]
=>0x00007f46cc6a5800 JavaThread "AWT-XAWT" daemon [_thread_in_native, id=14252, stack(0x00007f467d042000,0x00007f467d143000)]
  0x00007f46cc688800 JavaThread "Java2D Disposer" daemon [_thread_blocked, id=14251, stack(0x00007f467d553000,0x00007f467d654000)]
  0x00007f467800b000 JavaThread "Exec Stream Pumper" daemon [_thread_in_native, id=14162, stack(0x00007f467f188000,0x00007f467f289000)]
  0x00007f4678009800 JavaThread "Exec Stream Pumper" daemon [_thread_in_native, id=14161, stack(0x00007f467f289000,0x00007f467f38a000)]
  0x00007f4678007800 JavaThread "process reaper" daemon [_thread_in_native, id=14159, stack(0x00007f46ac071000,0x00007f46ac0aa000)]
  0x00007f46cc5df000 JavaThread "UrlChecker-2" daemon [_thread_blocked, id=14157, stack(0x00007f467f38a000,0x00007f467f48b000)]
  0x00007f46cc5d3800 JavaThread "Exec Default Executor" daemon [_thread_blocked, id=14156, stack(0x00007f467f48b000,0x00007f467f58c000)]
  0x00007f46cc0f2000 JavaThread "Monitor Ctrl-Break" daemon [_thread_in_native, id=14150, stack(0x00007f46ac203000,0x00007f46ac304000)]
  0x00007f46cc0c3800 JavaThread "Service Thread" daemon [_thread_blocked, id=14148, stack(0x00007f46ac607000,0x00007f46ac708000)]
  0x00007f46cc0c0800 JavaThread "C1 CompilerThread2" daemon [_thread_blocked, id=14147, stack(0x00007f46bc08e000,0x00007f46bc18f000)]
  0x00007f46cc0bf000 JavaThread "C2 CompilerThread1" daemon [_thread_blocked, id=14146, stack(0x00007f46bc18f000,0x00007f46bc290000)]
  0x00007f46cc0bc000 JavaThread "C2 CompilerThread0" daemon [_thread_blocked, id=14145, stack(0x00007f46bc290000,0x00007f46bc391000)]
  0x00007f46cc0ba800 JavaThread "Signal Dispatcher" daemon [_thread_blocked, id=14144, stack(0x00007f46bc391000,0x00007f46bc492000)]
  0x00007f46cc086800 JavaThread "Finalizer" daemon [_thread_blocked, id=14137, stack(0x00007f46bc492000,0x00007f46bc593000)]
  0x00007f46cc081800 JavaThread "Reference Handler" daemon [_thread_blocked, id=14136, stack(0x00007f46bc593000,0x00007f46bc694000)]
  0x00007f46cc00c800 JavaThread "main" [_thread_blocked, id=14127, stack(0x00007f46d4fb4000,0x00007f46d50b5000)]

Other Threads:
  0x00007f46cc07a000 VMThread [stack: 0x00007f46bc694000,0x00007f46bc795000] [id=14135]
  0x00007f46cc0c6800 WatcherThread [stack: 0x00007f46ac506000,0x00007f46ac607000] [id=14149]

VM state:not at safepoint (normal execution)

VM Mutex/Monitor currently owned by a thread: None

Heap:
 PSYoungGen      total 51712K, used 47159K [0x00000000e1800000, 0x00000000e4e00000, 0x0000000100000000)
  eden space 48128K, 90% used [0x00000000e1800000,0x00000000e4295cf0,0x00000000e4700000)
  from space 3584K, 99% used [0x00000000e4a80000,0x00000000e4df8040,0x00000000e4e00000)
  to   space 3584K, 0% used [0x00000000e4700000,0x00000000e4700000,0x00000000e4a80000)
 ParOldGen       total 62976K, used 3138K [0x00000000a4800000, 0x00000000a8580000, 0x00000000e1800000)
  object space 62976K, 4% used [0x00000000a4800000,0x00000000a4b10900,0x00000000a8580000)
 Metaspace       used 20394K, capacity 20700K, committed 21120K, reserved 1067008K
  class space    used 2486K, capacity 2591K, committed 2688K, reserved 1048576K

Card table byte_map: [0x00007f46d1a99000,0x00007f46d1d76000] byte_map_base: 0x00007f46d1575000

Marking Bits: (ParMarkBitMap*) 0x00007f46d448bd60
 Begin Bits: [0x00007f46ad240000, 0x00007f46ae920000)
 End Bits:   [0x00007f46ae920000, 0x00007f46b0000000)

Polling page: 0x00007f46d50d4000

CodeCache: size=245760Kb used=6525Kb max_used=6539Kb free=239234Kb
 bounds [0x00007f46bd000000, 0x00007f46bd670000, 0x00007f46cc000000]
 total_blobs=2510 nmethods=1995 adapters=428
 compilation: enabled

Compilation events (10 events):
Event: 56,467 Thread 0x00007f46cc0c0800 nmethod 2010 0x00007f46bd65e210 code [0x00007f46bd65e780, 0x00007f46bd661e08]
Event: 56,469 Thread 0x00007f46cc0c0800 2011       3       java.util.logging.LogManager$LoggerContext::getRootLogger (8 bytes)
Event: 56,469 Thread 0x00007f46cc0c0800 nmethod 2011 0x00007f46bd654c50 code [0x00007f46bd654dc0, 0x00007f46bd654fd0]
Event: 56,469 Thread 0x00007f46cc0c0800 2012       3       java.util.logging.LogManager$LoggerContext::getGlobalLogger (6 bytes)
Event: 56,469 Thread 0x00007f46cc0c0800 nmethod 2012 0x00007f46bd655510 code [0x00007f46bd655680, 0x00007f46bd6557d0]
Event: 56,470 Thread 0x00007f46cc0c0800 2013       1       java.util.concurrent.CopyOnWriteArrayList::getArray (5 bytes)
Event: 56,470 Thread 0x00007f46cc0c0800 nmethod 2013 0x00007f46bd654990 code [0x00007f46bd654ae0, 0x00007f46bd654bf0]
Event: 56,470 Thread 0x00007f46cc0c0800 2014       3       java.util.logging.LogManager::checkPermission (17 bytes)
Event: 56,470 Thread 0x00007f46cc0c0800 nmethod 2014 0x00007f46bd6543d0 code [0x00007f46bd654560, 0x00007f46bd654868]
Event: 56,471 Thread 0x00007f46cc0bf000 nmethod 1998 0x00007f46bd658290 code [0x00007f46bd658460, 0x00007f46bd659290]

GC Heap History (4 events):
Event: 1,735 GC heap before
{Heap before GC invocations=1 (full 0):
 PSYoungGen      total 27648K, used 24064K [0x00000000e1800000, 0x00000000e3680000, 0x0000000100000000)
  eden space 24064K, 100% used [0x00000000e1800000,0x00000000e2f80000,0x00000000e2f80000)
  from space 3584K, 0% used [0x00000000e3300000,0x00000000e3300000,0x00000000e3680000)
  to   space 3584K, 0% used [0x00000000e2f80000,0x00000000e2f80000,0x00000000e3300000)
 ParOldGen       total 62976K, used 0K [0x00000000a4800000, 0x00000000a8580000, 0x00000000e1800000)
  object space 62976K, 0% used [0x00000000a4800000,0x00000000a4800000,0x00000000a8580000)
 Metaspace       used 10189K, capacity 10346K, committed 10496K, reserved 1058816K
  class space    used 1191K, capacity 1239K, committed 1280K, reserved 1048576K
Event: 1,756 GC heap after
Heap after GC invocations=1 (full 0):
 PSYoungGen      total 27648K, used 3572K [0x00000000e1800000, 0x00000000e4e00000, 0x0000000100000000)
  eden space 24064K, 0% used [0x00000000e1800000,0x00000000e1800000,0x00000000e2f80000)
  from space 3584K, 99% used [0x00000000e2f80000,0x00000000e32fd088,0x00000000e3300000)
  to   space 3584K, 0% used [0x00000000e4a80000,0x00000000e4a80000,0x00000000e4e00000)
 ParOldGen       total 62976K, used 642K [0x00000000a4800000, 0x00000000a8580000, 0x00000000e1800000)
  object space 62976K, 1% used [0x00000000a4800000,0x00000000a48a0b08,0x00000000a8580000)
 Metaspace       used 10189K, capacity 10346K, committed 10496K, reserved 1058816K
  class space    used 1191K, capacity 1239K, committed 1280K, reserved 1048576K
}
Event: 2,799 GC heap before
{Heap before GC invocations=2 (full 0):
 PSYoungGen      total 27648K, used 27636K [0x00000000e1800000, 0x00000000e4e00000, 0x0000000100000000)
  eden space 24064K, 100% used [0x00000000e1800000,0x00000000e2f80000,0x00000000e2f80000)
  from space 3584K, 99% used [0x00000000e2f80000,0x00000000e32fd088,0x00000000e3300000)
  to   space 3584K, 0% used [0x00000000e4a80000,0x00000000e4a80000,0x00000000e4e00000)
 ParOldGen       total 62976K, used 642K [0x00000000a4800000, 0x00000000a8580000, 0x00000000e1800000)
  object space 62976K, 1% used [0x00000000a4800000,0x00000000a48a0b08,0x00000000a8580000)
 Metaspace       used 13602K, capacity 13776K, committed 14080K, reserved 1060864K
  class space    used 1679K, capacity 1745K, committed 1792K, reserved 1048576K
Event: 2,823 GC heap after
Heap after GC invocations=2 (full 0):
 PSYoungGen      total 51712K, used 3552K [0x00000000e1800000, 0x00000000e4e00000, 0x0000000100000000)
  eden space 48128K, 0% used [0x00000000e1800000,0x00000000e1800000,0x00000000e4700000)
  from space 3584K, 99% used [0x00000000e4a80000,0x00000000e4df8040,0x00000000e4e00000)
  to   space 3584K, 0% used [0x00000000e4700000,0x00000000e4700000,0x00000000e4a80000)
 ParOldGen       total 62976K, used 3138K [0x00000000a4800000, 0x00000000a8580000, 0x00000000e1800000)
  object space 62976K, 4% used [0x00000000a4800000,0x00000000a4b10900,0x00000000a8580000)
 Metaspace       used 13602K, capacity 13776K, committed 14080K, reserved 1060864K
  class space    used 1679K, capacity 1745K, committed 1792K, reserved 1048576K
}

Deoptimization events (10 events):
Event: 2,915 Thread 0x00007f46cc00c800 Uncommon trap: reason=unstable_if action=reinterpret pc=0x00007f46bd37f824 method=java.util.concurrent.ConcurrentHashMap.putVal(Ljava/lang/Object;Ljava/lang/Object;Z)Ljava/lang/Object; @ 181
Event: 24,389 Thread 0x00007f46cc00c800 Uncommon trap: reason=class_check action=maybe_recompile pc=0x00007f46bd195424 method=java.lang.String.equals(Ljava/lang/Object;)Z @ 8
Event: 24,389 Thread 0x00007f46cc00c800 Uncommon trap: reason=class_check action=maybe_recompile pc=0x00007f46bd195424 method=java.lang.String.equals(Ljava/lang/Object;)Z @ 8
Event: 24,389 Thread 0x00007f46cc00c800 Uncommon trap: reason=class_check action=maybe_recompile pc=0x00007f46bd195424 method=java.lang.String.equals(Ljava/lang/Object;)Z @ 8
Event: 24,392 Thread 0x00007f46cc00c800 Uncommon trap: reason=class_check action=maybe_recompile pc=0x00007f46bd195424 method=java.lang.String.equals(Ljava/lang/Object;)Z @ 8
Event: 56,377 Thread 0x00007f46cc00c800 Uncommon trap: reason=predicate action=maybe_recompile pc=0x00007f46bd45b3ec method=java.lang.String.regionMatches(ZILjava/lang/String;II)Z @ 63
Event: 56,382 Thread 0x00007f46cc00c800 Uncommon trap: reason=bimorphic action=maybe_recompile pc=0x00007f46bd460ab4 method=java.io.DataInputStream.readInt()I @ 4
Event: 56,382 Thread 0x00007f46cc00c800 Uncommon trap: reason=bimorphic action=maybe_recompile pc=0x00007f46bd460ab4 method=java.io.DataInputStream.readInt()I @ 4
Event: 56,382 Thread 0x00007f46cc00c800 Uncommon trap: reason=bimorphic action=maybe_recompile pc=0x00007f46bd460ab4 method=java.io.DataInputStream.readInt()I @ 4
Event: 56,383 Thread 0x00007f46cc00c800 Uncommon trap: reason=bimorphic action=maybe_recompile pc=0x00007f46bd460ab4 method=java.io.DataInputStream.readInt()I @ 4

Internal exceptions (10 events):
Event: 2,592 Thread 0x00007f46cc00c800 Exception <a 'java/lang/ArrayIndexOutOfBoundsException'> (0x00000000e2ba76e0) thrown at [/HUDSON/workspace/8-2-build-linux-amd64/jdk8u91/6644/hotspot/src/share/vm/runtime/sharedRuntime.cpp, line 605]
Event: 2,592 Thread 0x00007f46cc00c800 Exception <a 'java/lang/ArrayIndexOutOfBoundsException'> (0x00000000e2ba8e28) thrown at [/HUDSON/workspace/8-2-build-linux-amd64/jdk8u91/6644/hotspot/src/share/vm/runtime/sharedRuntime.cpp, line 605]
Event: 2,602 Thread 0x00007f46cc00c800 Exception <a 'java/lang/ArrayIndexOutOfBoundsException': 139> (0x00000000e2bb86f8) thrown at [/HUDSON/workspace/8-2-build-linux-amd64/jdk8u91/6644/hotspot/src/share/vm/interpreter/interpreterRuntime.cpp, line 366]
Event: 4,236 Thread 0x00007f46cc00c800 Exception <a 'java/io/FileNotFoundException'> (0x00000000e1b59b78) thrown at [/HUDSON/workspace/8-2-build-linux-amd64/jdk8u91/6644/hotspot/src/share/vm/prims/jni.cpp, line 709]
Event: 4,236 Thread 0x00007f46cc00c800 Exception <a 'java/io/FileNotFoundException'> (0x00000000e1b5a6f8) thrown at [/HUDSON/workspace/8-2-build-linux-amd64/jdk8u91/6644/hotspot/src/share/vm/prims/jni.cpp, line 709]
Event: 30,871 Thread 0x00007f46cc00c800 Exception <a 'java/net/SocketTimeoutException': Read timed out> (0x00000000e28bbbe8) thrown at [/HUDSON/workspace/8-2-build-linux-amd64/jdk8u91/6644/hotspot/src/share/vm/prims/jni.cpp, line 735]
Event: 31,211 Thread 0x00007f46cc00c800 Exception <a 'java/net/SocketTimeoutException': Read timed out> (0x00000000e28c0d80) thrown at [/HUDSON/workspace/8-2-build-linux-amd64/jdk8u91/6644/hotspot/src/share/vm/prims/jni.cpp, line 735]
Event: 33,214 Thread 0x00007f46cc00c800 Exception <a 'java/net/SocketTimeoutException': Read timed out> (0x00000000e28cede8) thrown at [/HUDSON/workspace/8-2-build-linux-amd64/jdk8u91/6644/hotspot/src/share/vm/prims/jni.cpp, line 735]
Event: 56,236 Thread 0x00007f46cc00c800 Exception <a 'java/lang/ClassNotFoundException': com/sun/org/glassfish/hk2/osgiresourcelocator/ServiceLoader> (0x00000000e3e8d078) thrown at [/HUDSON/workspace/8-2-build-linux-amd64/jdk8u91/6644/hotspot/src/share/vm/classfile/systemDictionary.cpp, line 21
Event: 56,243 Thread 0x00007f46cc00c800 Exception <a 'java/lang/NullPointerException'> (0x00000000e3e97fe0) thrown at [/HUDSON/workspace/8-2-build-linux-amd64/jdk8u91/6644/hotspot/src/share/vm/interpreter/linkResolver.cpp, line 1280]

Events (10 events):
Event: 56,469 loading class sun/awt/X11/XSystemTrayPeer done
Event: 56,469 Executing VM operation: RevokeBias
Event: 56,470 Executing VM operation: RevokeBias done
Event: 56,470 Thread 0x00007f46cc785000 Thread exited: 0x00007f46cc785000
Event: 56,470 Thread 0x00007f46cc787000 Thread exited: 0x00007f46cc787000
Event: 56,471 loading class com/codeborne/selenide/impl/WebDriverThreadLocalContainer$CloseBrowser
Event: 56,471 loading class com/codeborne/selenide/impl/WebDriverThreadLocalContainer$CloseBrowser done
Event: 56,472 Thread 0x00007f464c002000 Thread added: 0x00007f464c002000
Event: 56,472 loading class org/apache/http/client/methods/HttpDelete
Event: 56,472 loading class org/apache/http/client/methods/HttpDelete done


Dynamic libraries:
00400000-00401000 r-xp 00000000 08:01 537552                             /opt/java/jdk1.8.0_91/bin/java
00600000-00601000 rw-p 00000000 08:01 537552                             /opt/java/jdk1.8.0_91/bin/java
022ce000-022ef000 rw-p 00000000 00:00 0                                  [heap]
a4800000-a8580000 rw-p 00000000 00:00 0 
a8580000-e1800000 ---p 00000000 00:00 0 
e1800000-e4e00000 rw-p 00000000 00:00 0 
e4e00000-100000000 ---p 00000000 00:00 0 
100000000-1002a0000 rw-p 00000000 00:00 0 
1002a0000-140000000 ---p 00000000 00:00 0 
7f4648000000-7f4648021000 rw-p 00000000 00:00 0 
7f4648021000-7f464c000000 ---p 00000000 00:00 0 
7f464c000000-7f464c021000 rw-p 00000000 00:00 0 
7f464c021000-7f4650000000 ---p 00000000 00:00 0 
7f4650000000-7f4650021000 rw-p 00000000 00:00 0 
7f4650021000-7f4654000000 ---p 00000000 00:00 0 
7f4654000000-7f4654021000 rw-p 00000000 00:00 0 
7f4654021000-7f4658000000 ---p 00000000 00:00 0 
7f4658000000-7f465828d000 rw-p 00000000 00:00 0 
7f465828d000-7f465c000000 ---p 00000000 00:00 0 
7f465c000000-7f465c021000 rw-p 00000000 00:00 0 
7f465c021000-7f4660000000 ---p 00000000 00:00 0 
7f4660000000-7f4660021000 rw-p 00000000 00:00 0 
7f4660021000-7f4664000000 ---p 00000000 00:00 0 
7f4664000000-7f4664021000 rw-p 00000000 00:00 0 
7f4664021000-7f4668000000 ---p 00000000 00:00 0 
7f4668000000-7f4668021000 rw-p 00000000 00:00 0 
7f4668021000-7f466c000000 ---p 00000000 00:00 0 
7f466c000000-7f466c021000 rw-p 00000000 00:00 0 
7f466c021000-7f4670000000 ---p 00000000 00:00 0 
7f4670000000-7f4670021000 rw-p 00000000 00:00 0 
7f4670021000-7f4674000000 ---p 00000000 00:00 0 
7f4674000000-7f4674021000 rw-p 00000000 00:00 0 
7f4674021000-7f4678000000 ---p 00000000 00:00 0 
7f4678000000-7f4678021000 rw-p 00000000 00:00 0 
7f4678021000-7f467c000000 ---p 00000000 00:00 0 
7f467c433000-7f467c436000 ---p 00000000 00:00 0 
7f467c436000-7f467c534000 rw-p 00000000 00:00 0 
7f467c534000-7f467c537000 ---p 00000000 00:00 0 
7f467c537000-7f467c635000 rw-p 00000000 00:00 0 
7f467c635000-7f467c638000 ---p 00000000 00:00 0 
7f467c638000-7f467c936000 rw-p 00000000 00:00 0 
7f467c936000-7f467c939000 ---p 00000000 00:00 0 
7f467c939000-7f467ca37000 rw-p 00000000 00:00 0 
7f467ca37000-7f467ca3a000 ---p 00000000 00:00 0 
7f467ca3a000-7f467cb38000 rw-p 00000000 00:00 0 
7f467cb38000-7f467cb41000 r-xp 00000000 08:01 539312                     /opt/java/jdk1.8.0_91/jre/lib/amd64/libmanagement.so
7f467cb41000-7f467cd40000 ---p 00009000 08:01 539312                     /opt/java/jdk1.8.0_91/jre/lib/amd64/libmanagement.so
7f467cd40000-7f467cd41000 rw-p 00008000 08:01 539312                     /opt/java/jdk1.8.0_91/jre/lib/amd64/libmanagement.so
7f467cd41000-7f467cd44000 ---p 00000000 00:00 0 
7f467cd44000-7f467d042000 rw-p 00000000 00:00 0 
7f467d042000-7f467d045000 ---p 00000000 00:00 0 
7f467d045000-7f467d143000 rw-p 00000000 00:00 0 
7f467d143000-7f467d148000 r-xp 00000000 08:01 665357                     /usr/lib/x86_64-linux-gnu/libXfixes.so.3.1.0
7f467d148000-7f467d347000 ---p 00005000 08:01 665357                     /usr/lib/x86_64-linux-gnu/libXfixes.so.3.1.0
7f467d347000-7f467d348000 r--p 00004000 08:01 665357                     /usr/lib/x86_64-linux-gnu/libXfixes.so.3.1.0
7f467d348000-7f467d349000 rw-p 00005000 08:01 665357                     /usr/lib/x86_64-linux-gnu/libXfixes.so.3.1.0
7f467d349000-7f467d352000 r-xp 00000000 08:01 665349                     /usr/lib/x86_64-linux-gnu/libXcursor.so.1.0.2
7f467d352000-7f467d551000 ---p 00009000 08:01 665349                     /usr/lib/x86_64-linux-gnu/libXcursor.so.1.0.2
7f467d551000-7f467d552000 r--p 00008000 08:01 665349                     /usr/lib/x86_64-linux-gnu/libXcursor.so.1.0.2
7f467d552000-7f467d553000 rw-p 00009000 08:01 665349                     /usr/lib/x86_64-linux-gnu/libXcursor.so.1.0.2
7f467d553000-7f467d556000 ---p 00000000 00:00 0 
7f467d556000-7f467d654000 rw-p 00000000 00:00 0 
7f467d654000-7f467d6b9000 r-xp 00000000 08:01 539286                     /opt/java/jdk1.8.0_91/jre/lib/amd64/libfontmanager.so
7f467d6b9000-7f467d8b8000 ---p 00065000 08:01 539286                     /opt/java/jdk1.8.0_91/jre/lib/amd64/libfontmanager.so
7f467d8b8000-7f467d8bd000 rw-p 00064000 08:01 539286                     /opt/java/jdk1.8.0_91/jre/lib/amd64/libfontmanager.so
7f467d8bd000-7f467d8cd000 rw-p 00000000 00:00 0 
7f467d8cd000-7f467d8d2000 r-xp 00000000 08:01 665353                     /usr/lib/x86_64-linux-gnu/libXdmcp.so.6.0.0
7f467d8d2000-7f467dad1000 ---p 00005000 08:01 665353                     /usr/lib/x86_64-linux-gnu/libXdmcp.so.6.0.0
7f467dad1000-7f467dad2000 r--p 00004000 08:01 665353                     /usr/lib/x86_64-linux-gnu/libXdmcp.so.6.0.0
7f467dad2000-7f467dad3000 rw-p 00005000 08:01 665353                     /usr/lib/x86_64-linux-gnu/libXdmcp.so.6.0.0
7f467dad3000-7f467dad5000 r-xp 00000000 08:01 665342                     /usr/lib/x86_64-linux-gnu/libXau.so.6.0.0
7f467dad5000-7f467dcd5000 ---p 00002000 08:01 665342                     /usr/lib/x86_64-linux-gnu/libXau.so.6.0.0
7f467dcd5000-7f467dcd6000 r--p 00002000 08:01 665342                     /usr/lib/x86_64-linux-gnu/libXau.so.6.0.0
7f467dcd6000-7f467dcd7000 rw-p 00003000 08:01 665342                     /usr/lib/x86_64-linux-gnu/libXau.so.6.0.0
7f467dcd7000-7f467dcf4000 r-xp 00000000 08:01 666294                     /usr/lib/x86_64-linux-gnu/libxcb.so.1.1.0
7f467dcf4000-7f467def4000 ---p 0001d000 08:01 666294                     /usr/lib/x86_64-linux-gnu/libxcb.so.1.1.0
7f467def4000-7f467def5000 r--p 0001d000 08:01 666294                     /usr/lib/x86_64-linux-gnu/libxcb.so.1.1.0
7f467def5000-7f467def6000 rw-p 0001e000 08:01 666294                     /usr/lib/x86_64-linux-gnu/libxcb.so.1.1.0
7f467def6000-7f467df05000 r-xp 00000000 08:01 665363                     /usr/lib/x86_64-linux-gnu/libXi.so.6.1.0
7f467df05000-7f467e104000 ---p 0000f000 08:01 665363                     /usr/lib/x86_64-linux-gnu/libXi.so.6.1.0
7f467e104000-7f467e105000 r--p 0000e000 08:01 665363                     /usr/lib/x86_64-linux-gnu/libXi.so.6.1.0
7f467e105000-7f467e106000 rw-p 0000f000 08:01 665363                     /usr/lib/x86_64-linux-gnu/libXi.so.6.1.0
7f467e106000-7f467e10b000 r-xp 00000000 08:01 665383                     /usr/lib/x86_64-linux-gnu/libXtst.so.6.1.0
7f467e10b000-7f467e30a000 ---p 00005000 08:01 665383                     /usr/lib/x86_64-linux-gnu/libXtst.so.6.1.0
7f467e30a000-7f467e30b000 r--p 00004000 08:01 665383                     /usr/lib/x86_64-linux-gnu/libXtst.so.6.1.0
7f467e30b000-7f467e30c000 rw-p 00005000 08:01 665383                     /usr/lib/x86_64-linux-gnu/libXtst.so.6.1.0
7f467e30c000-7f467e315000 r-xp 00000000 08:01 665377                     /usr/lib/x86_64-linux-gnu/libXrender.so.1.3.0
7f467e315000-7f467e514000 ---p 00009000 08:01 665377                     /usr/lib/x86_64-linux-gnu/libXrender.so.1.3.0
7f467e514000-7f467e515000 r--p 00008000 08:01 665377                     /usr/lib/x86_64-linux-gnu/libXrender.so.1.3.0
7f467e515000-7f467e516000 rw-p 00009000 08:01 665377                     /usr/lib/x86_64-linux-gnu/libXrender.so.1.3.0
7f467e516000-7f467e646000 r-xp 00000000 08:01 665338                     /usr/lib/x86_64-linux-gnu/libX11.so.6.3.0
7f467e646000-7f467e846000 ---p 00130000 08:01 665338                     /usr/lib/x86_64-linux-gnu/libX11.so.6.3.0
7f467e846000-7f467e847000 r--p 00130000 08:01 665338                     /usr/lib/x86_64-linux-gnu/libX11.so.6.3.0
7f467e847000-7f467e84b000 rw-p 00131000 08:01 665338                     /usr/lib/x86_64-linux-gnu/libX11.so.6.3.0
7f467e84b000-7f467e85c000 r-xp 00000000 08:01 665355                     /usr/lib/x86_64-linux-gnu/libXext.so.6.4.0
7f467e85c000-7f467ea5b000 ---p 00011000 08:01 665355                     /usr/lib/x86_64-linux-gnu/libXext.so.6.4.0
7f467ea5b000-7f467ea5c000 r--p 00010000 08:01 665355                     /usr/lib/x86_64-linux-gnu/libXext.so.6.4.0
7f467ea5c000-7f467ea5d000 rw-p 00011000 08:01 665355                     /usr/lib/x86_64-linux-gnu/libXext.so.6.4.0
7f467ea5d000-7f467eab1000 r-xp 00000000 08:01 539311                     /opt/java/jdk1.8.0_91/jre/lib/amd64/libawt_xawt.so
7f467eab1000-7f467ecb1000 ---p 00054000 08:01 539311                     /opt/java/jdk1.8.0_91/jre/lib/amd64/libawt_xawt.so
7f467ecb1000-7f467ecb5000 rw-p 00054000 08:01 539311                     /opt/java/jdk1.8.0_91/jre/lib/amd64/libawt_xawt.so
7f467ecb5000-7f467ecb6000 rw-p 00000000 00:00 0 
7f467ecb6000-7f467ed58000 r-xp 00000000 08:01 539297                     /opt/java/jdk1.8.0_91/jre/lib/amd64/libawt.so
7f467ed58000-7f467ef58000 ---p 000a2000 08:01 539297                     /opt/java/jdk1.8.0_91/jre/lib/amd64/libawt.so
7f467ef58000-7f467ef64000 rw-p 000a2000 08:01 539297                     /opt/java/jdk1.8.0_91/jre/lib/amd64/libawt.so
7f467ef64000-7f467f188000 rw-p 00000000 00:00 0 
7f467f188000-7f467f18b000 ---p 00000000 00:00 0 
7f467f18b000-7f467f289000 rw-p 00000000 00:00 0 
7f467f289000-7f467f28c000 ---p 00000000 00:00 0 
7f467f28c000-7f467f38a000 rw-p 00000000 00:00 0 
7f467f38a000-7f467f38d000 ---p 00000000 00:00 0 
7f467f38d000-7f467f48b000 rw-p 00000000 00:00 0 
7f467f48b000-7f467f48e000 ---p 00000000 00:00 0 
7f467f48e000-7f467f78c000 rw-p 00000000 00:00 0 
7f467f78c000-7f467f7a2000 r-xp 00000000 08:01 398799                     /lib/x86_64-linux-gnu/libgcc_s.so.1
7f467f7a2000-7f467f9a1000 ---p 00016000 08:01 398799                     /lib/x86_64-linux-gnu/libgcc_s.so.1
7f467f9a1000-7f467f9a2000 rw-p 00015000 08:01 398799                     /lib/x86_64-linux-gnu/libgcc_s.so.1
7f467f9a2000-7f467f9d4000 r-xp 00000000 08:01 539259                     /opt/java/jdk1.8.0_91/jre/lib/amd64/libsunec.so
7f467f9d4000-7f467fbd3000 ---p 00032000 08:01 539259                     /opt/java/jdk1.8.0_91/jre/lib/amd64/libsunec.so
7f467fbd3000-7f467fbd9000 rw-p 00031000 08:01 539259                     /opt/java/jdk1.8.0_91/jre/lib/amd64/libsunec.so
7f467fbd9000-7f467fde9000 rw-p 00000000 00:00 0 
7f467fde9000-7f467fdff000 r-xp 00000000 08:01 539304                     /opt/java/jdk1.8.0_91/jre/lib/amd64/libnet.so
7f467fdff000-7f467ffff000 ---p 00016000 08:01 539304                     /opt/java/jdk1.8.0_91/jre/lib/amd64/libnet.so
7f467ffff000-7f4680000000 rw-p 00016000 08:01 539304                     /opt/java/jdk1.8.0_91/jre/lib/amd64/libnet.so
7f4680000000-7f4680021000 rw-p 00000000 00:00 0 
7f4680021000-7f4684000000 ---p 00000000 00:00 0 
7f4684000000-7f4684021000 rw-p 00000000 00:00 0 
7f4684021000-7f4688000000 ---p 00000000 00:00 0 
7f4688000000-7f4688400000 rw-p 00000000 00:00 0 
7f4688400000-7f468c000000 ---p 00000000 00:00 0 
7f468c000000-7f468c021000 rw-p 00000000 00:00 0 
7f468c021000-7f4690000000 ---p 00000000 00:00 0 
7f4690000000-7f469086e000 rw-p 00000000 00:00 0 
7f469086e000-7f4694000000 ---p 00000000 00:00 0 
7f4694000000-7f469430f000 rw-p 00000000 00:00 0 
7f469430f000-7f4698000000 ---p 00000000 00:00 0 
7f4698000000-7f4698021000 rw-p 00000000 00:00 0 
7f4698021000-7f469c000000 ---p 00000000 00:00 0 
7f469c000000-7f469c021000 rw-p 00000000 00:00 0 
7f469c021000-7f46a0000000 ---p 00000000 00:00 0 
7f46a0000000-7f46a0021000 rw-p 00000000 00:00 0 
7f46a0021000-7f46a4000000 ---p 00000000 00:00 0 
7f46a4000000-7f46a4021000 rw-p 00000000 00:00 0 
7f46a4021000-7f46a8000000 ---p 00000000 00:00 0 
7f46a8000000-7f46a8021000 rw-p 00000000 00:00 0 
7f46a8021000-7f46ac000000 ---p 00000000 00:00 0 
7f46ac070000-7f46ac071000 rw-p 00000000 00:00 0 
7f46ac071000-7f46ac074000 ---p 00000000 00:00 0 
7f46ac074000-7f46ac0aa000 rw-p 00000000 00:00 0 
7f46ac0aa000-7f46ac0b4000 r--s 00116000 08:01 539161                     /opt/java/jdk1.8.0_91/jre/lib/ext/localedata.jar
7f46ac0b4000-7f46ac0d0000 r--s 00393000 08:01 539154                     /opt/java/jdk1.8.0_91/jre/lib/ext/cldrdata.jar
7f46ac0d0000-7f46ac0d1000 r--s 00009000 08:01 539152                     /opt/java/jdk1.8.0_91/jre/lib/ext/sunec.jar
7f46ac0d1000-7f46ac0d4000 r--s 0001a000 08:01 539320                     /opt/java/jdk1.8.0_91/jre/lib/jce.jar
7f46ac0d4000-7f46ac0d8000 r--s 00097000 08:01 539150                     /opt/java/jdk1.8.0_91/jre/lib/jsse.jar
7f46ac0d8000-7f46ac0da000 r--s 0000c000 08:02 5113465                    /home/cosmic/SOFT/idea-IU-145.1617.8/plugins/testng/lib/jcommander.jar
7f46ac0da000-7f46ac0f3000 r--s 001ae000 08:02 5901638                    /home/cosmic/.ivy2/cache/org.aspectj/aspectjweaver/jars/aspectjweaver-1.8.6.jar
7f46ac0f3000-7f46ac0f5000 r--s 0000f000 08:02 5898514                    /home/cosmic/.ivy2/cache/com.squareup.okio/okio/jars/okio-1.6.0.jar
7f46ac0f5000-7f46ac0fa000 r--s 0004c000 08:02 5898446                    /home/cosmic/.ivy2/cache/com.squareup.okhttp/okhttp/jars/okhttp-2.7.5.jar
7f46ac0fa000-7f46ac108000 r--s 000c7000 08:02 5898438                    /home/cosmic/.ivy2/cache/org.testng/testng/jars/testng-6.9.10.jar
7f46ac108000-7f46ac10a000 r--s 0000e000 08:02 5898488                    /home/cosmic/.ivy2/cache/com.beust/jcommander/jars/jcommander-1.48.jar
7f46ac10a000-7f46ac10b000 r--s 00003000 08:02 5898506                    /home/cosmic/.ivy2/cache/ru.yandex.qatools.properties/properties-loader/jars/properties-loader-1.5.jar
7f46ac10b000-7f46ac10c000 r--s 00002000 08:02 5898442                    /home/cosmic/.ivy2/cache/ru.yandex.qatools.allure/allure-testng-adaptor/jars/allure-testng-adaptor-1.4.23.jar
7f46ac10c000-7f46ac10d000 r--s 0000a000 08:02 5898502                    /home/cosmic/.ivy2/cache/ru.yandex.qatools.allure/allure-model/jars/allure-model-1.4.23.jar
7f46ac10d000-7f46ac10e000 r--s 00002000 08:02 5898492                    /home/cosmic/.ivy2/cache/ru.yandex.qatools.allure/allure-java-aspects/jars/allure-java-aspects-1.4.23.jar
7f46ac10e000-7f46ac10f000 r--s 00001000 08:02 5898498                    /home/cosmic/.ivy2/cache/ru.yandex.qatools.allure/allure-java-annotations/jars/allure-java-annotations-1.4.23.jar
7f46ac10f000-7f46ac112000 r--s 0000e000 08:02 5898494                    /home/cosmic/.ivy2/cache/ru.yandex.qatools.allure/allure-java-adaptor-api/jars/allure-java-adaptor-api-1.4.23.jar
7f46ac112000-7f46ac113000 r--s 00007000 08:02 5898508                    /home/cosmic/.ivy2/cache/org.slf4j/slf4j-api/jars/slf4j-api-1.7.12.jar
7f46ac113000-7f46ac118000 r--s 00025000 08:02 5898458                    /home/cosmic/.ivy2/cache/org.seleniumhq.selenium/selenium-support/jars/selenium-support-2.53.0.jar
7f46ac118000-7f46ac11a000 r--s 00014000 08:02 5898456                    /home/cosmic/.ivy2/cache/org.seleniumhq.selenium/selenium-safari-driver/jars/selenium-safari-driver-2.53.0.jar
7f46ac11a000-7f46ac11f000 r--s 00035000 08:02 5898462                    /home/cosmic/.ivy2/cache/org.seleniumhq.selenium/selenium-remote-driver/jars/selenium-remote-driver-2.53.0.jar
7f46ac11f000-7f46ac124000 r--s 0005d000 08:02 5898460                    /home/cosmic/.ivy2/cache/org.seleniumhq.selenium/selenium-leg-rc/jars/selenium-leg-rc-2.53.0.jar
7f46ac124000-7f46ac125000 r--s 00000000 08:02 5774017                    /home/cosmic/.ivy2/cache/org.seleniumhq.selenium/selenium-java/jars/selenium-java-2.53.0.jar
7f46ac125000-7f46ac126000 r--s 00002000 08:02 5898454                    /home/cosmic/.ivy2/cache/org.seleniumhq.selenium/selenium-ie-driver/jars/selenium-ie-driver-2.53.0.jar
7f46ac126000-7f46ac128000 r--s 000c7000 08:02 5898452                    /home/cosmic/.ivy2/cache/org.seleniumhq.selenium/selenium-firefox-driver/jars/selenium-firefox-driver-2.53.0.jar
7f46ac128000-7f46ac129000 r--s 00001000 08:02 5898450                    /home/cosmic/.ivy2/cache/org.seleniumhq.selenium/selenium-edge-driver/jars/selenium-edge-driver-2.53.0.jar
7f46ac129000-7f46ac12e000 r--s 0001f000 08:02 5898468                    /home/cosmic/.ivy2/cache/org.seleniumhq.selenium/selenium-api/jars/selenium-api-2.53.0.jar
7f46ac12e000-7f46ac134000 r--s 0001e000 08:02 5898504                    /home/cosmic/.ivy2/cache/org.jvnet.jaxb2_commons/jaxb2-basics-runtime/jars/jaxb2-basics-runtime-0.9.3.jar
7f46ac134000-7f46ac138000 r--s 00019000 08:02 5898496                    /home/cosmic/.ivy2/cache/org.aspectj/aspectjrt/jars/aspectjrt-1.8.3.jar
7f46ac138000-7f46ac13f000 r--s 0007a000 08:02 5898500                    /home/cosmic/.ivy2/cache/org.apache.tika/tika-core/bundles/tika-core-1.7.jar
7f46ac13f000-7f46ac141000 r--s 0000c000 08:02 5898472                    /home/cosmic/.ivy2/cache/org.apache.commons/commons-exec/jars/commons-exec-1.3.jar
7f46ac141000-7f46ac152000 r--s 00155000 08:02 5898476                    /home/cosmic/.ivy2/cache/net.java.dev.jna/jna-platform/jars/jna-platform-4.1.0.jar
7f46ac152000-7f46ac156000 r--s 000dc000 08:02 5898474                    /home/cosmic/.ivy2/cache/net.java.dev.jna/jna/jars/jna-4.1.0.jar
7f46ac156000-7f46ac16c000 r--s 000f9000 08:02 5898484                    /home/cosmic/.ivy2/cache/io.netty/netty/bundles/netty-3.5.7.Final.jar
7f46ac16c000-7f46ac16e000 r--s 0000e000 08:02 5898478                    /home/cosmic/.ivy2/cache/commons-logging/commons-logging/jars/commons-logging-1.2.jar
7f46ac16e000-7f46ac175000 r--s 0003f000 08:02 5898480                    /home/cosmic/.ivy2/cache/commons-codec/commons-codec/jars/commons-codec-1.10.jar
7f46ac175000-7f46ac179000 r--s 0002f000 08:02 5898510                    /home/cosmic/.ivy2/cache/commons-beanutils/commons-beanutils-core/jars/commons-beanutils-core-1.8.3.jar
7f46ac179000-7f46ac1a5000 r--s 00208000 08:02 5898470                    /home/cosmic/.ivy2/cache/com.google.guava/guava/bundles/guava-19.0.jar
7f46ac1a5000-7f46ac1aa000 r--s 0002f000 08:02 5898466                    /home/cosmic/.ivy2/cache/com.google.code.gson/gson/jars/gson-2.3.1.jar
7f46ac1aa000-7f46ac203000 r--s 00522000 08:02 4980779                    /home/cosmic/.ivy2/cache/org.scala-lang/scala-library/jars/scala-library-2.11.8.jar
7f46ac203000-7f46ac206000 ---p 00000000 00:00 0 
7f46ac206000-7f46ac304000 rw-p 00000000 00:00 0 
7f46ac304000-7f46ac305000 r-xp 00000000 08:02 4719019                    /home/cosmic/SOFT/idea-IU-145.1617.8/bin/libbreakgen64.so
7f46ac305000-7f46ac504000 ---p 00001000 08:02 4719019                    /home/cosmic/SOFT/idea-IU-145.1617.8/bin/libbreakgen64.so
7f46ac504000-7f46ac505000 r--p 00000000 08:02 4719019                    /home/cosmic/SOFT/idea-IU-145.1617.8/bin/libbreakgen64.so
7f46ac505000-7f46ac506000 rw-p 00001000 08:02 4719019                    /home/cosmic/SOFT/idea-IU-145.1617.8/bin/libbreakgen64.so
7f46ac506000-7f46ac507000 ---p 00000000 00:00 0 
7f46ac507000-7f46ac607000 rw-p 00000000 00:00 0 
7f46ac607000-7f46ac60a000 ---p 00000000 00:00 0 
7f46ac60a000-7f46ac708000 rw-p 00000000 00:00 0 
7f46ac708000-7f46ad240000 r--p 00000000 08:01 661577                     /usr/lib/locale/locale-archive
7f46ad240000-7f46b0000000 rw-p 00000000 00:00 0 
7f46b0000000-7f46b0021000 rw-p 00000000 00:00 0 
7f46b0021000-7f46b4000000 ---p 00000000 00:00 0 
7f46b4000000-7f46b4021000 rw-p 00000000 00:00 0 
7f46b4021000-7f46b8000000 ---p 00000000 00:00 0 
7f46b8000000-7f46b8021000 rw-p 00000000 00:00 0 
7f46b8021000-7f46bc000000 ---p 00000000 00:00 0 
7f46bc000000-7f46bc001000 r--s 00002000 08:02 5898448                    /home/cosmic/.ivy2/cache/org.seleniumhq.selenium/selenium-chrome-driver/jars/selenium-chrome-driver-2.53.0.jar
7f46bc001000-7f46bc006000 r--s 0002e000 08:02 5898440                    /home/cosmic/.ivy2/cache/com.codeborne/selenide/jars/selenide-3.6.jar
7f46bc006000-7f46bc007000 r--s 00002000 08:02 5898490                    /home/cosmic/.ivy2/cache/com.codeborne/phantomjsdriver/jars/phantomjsdriver-1.3.0.jar
7f46bc007000-7f46bc00b000 r--s 0002a000 08:02 5898482                    /home/cosmic/.ivy2/cache/commons-io/commons-io/jars/commons-io-2.4.jar
7f46bc00b000-7f46bc010000 r--s 00040000 08:02 5898486                    /home/cosmic/.ivy2/cache/org.beanshell/bsh/jars/bsh-2.0b4.jar
7f46bc010000-7f46bc01d000 r--s 000a7000 08:02 5774019                    /home/cosmic/.ivy2/cache/org.apache.httpcomponents/httpclient/jars/httpclient-4.5.2.jar
7f46bc01d000-7f46bc024000 r--s 00049000 08:02 5898512                    /home/cosmic/.ivy2/cache/org.apache.httpcomponents/httpcore/jars/httpcore-4.4.4.jar
7f46bc024000-7f46bc02b000 r--s 00049000 08:02 5898464                    /home/cosmic/.ivy2/cache/cglib/cglib-nodep/jars/cglib-nodep-2.1_3.jar
7f46bc02b000-7f46bc03e000 r--s 00344000 08:01 539136                     /opt/java/jdk1.8.0_91/jre/lib/resources.jar
7f46bc03e000-7f46bc051000 r--s 000d6000 08:01 539040                     /opt/java/jdk1.8.0_91/jre/lib/plugin.jar
7f46bc051000-7f46bc055000 r--s 00097000 08:01 539150                     /opt/java/jdk1.8.0_91/jre/lib/jsse.jar
7f46bc055000-7f46bc05a000 r--s 00084000 08:01 539015                     /opt/java/jdk1.8.0_91/jre/lib/jfr.jar
7f46bc05a000-7f46bc05d000 r--s 0001a000 08:01 539320                     /opt/java/jdk1.8.0_91/jre/lib/jce.jar
7f46bc05d000-7f46bc08e000 rw-p 00000000 00:00 0 
7f46bc08e000-7f46bc091000 ---p 00000000 00:00 0 
7f46bc091000-7f46bc18f000 rw-p 00000000 00:00 0 
7f46bc18f000-7f46bc192000 ---p 00000000 00:00 0 
7f46bc192000-7f46bc290000 rw-p 00000000 00:00 0 
7f46bc290000-7f46bc293000 ---p 00000000 00:00 0 
7f46bc293000-7f46bc391000 rw-p 00000000 00:00 0 
7f46bc391000-7f46bc394000 ---p 00000000 00:00 0 
7f46bc394000-7f46bc492000 rw-p 00000000 00:00 0 
7f46bc492000-7f46bc495000 ---p 00000000 00:00 0 
7f46bc495000-7f46bc593000 rw-p 00000000 00:00 0 
7f46bc593000-7f46bc596000 ---p 00000000 00:00 0 
7f46bc596000-7f46bc694000 rw-p 00000000 00:00 0 
7f46bc694000-7f46bc695000 ---p 00000000 00:00 0 
7f46bc695000-7f46bd000000 rw-p 00000000 00:00 0 
7f46bd000000-7f46bd670000 rwxp 00000000 00:00 0 
7f46bd670000-7f46cc000000 ---p 00000000 00:00 0 
7f46cc000000-7f46cc941000 rw-p 00000000 00:00 0 
7f46cc941000-7f46d0000000 ---p 00000000 00:00 0 
7f46d0000000-7f46d0001000 r--s 00000000 08:01 539022                     /opt/java/jdk1.8.0_91/jre/lib/management-agent.jar
7f46d0001000-7f46d000b000 r--s 0006c000 08:01 539025                     /opt/java/jdk1.8.0_91/jre/lib/javaws.jar
7f46d000b000-7f46d0782000 rw-p 00000000 00:00 0 
7f46d0782000-7f46d095b000 r--s 03d1f000 08:01 539098                     /opt/java/jdk1.8.0_91/jre/lib/rt.jar
7f46d095b000-7f46d14ad000 rw-p 00000000 00:00 0 
7f46d14ad000-7f46d14ae000 ---p 00000000 00:00 0 
7f46d14ae000-7f46d15ae000 rw-p 00000000 00:00 0 
7f46d15ae000-7f46d15af000 ---p 00000000 00:00 0 
7f46d15af000-7f46d16af000 rw-p 00000000 00:00 0 
7f46d16af000-7f46d16b0000 ---p 00000000 00:00 0 
7f46d16b0000-7f46d17b0000 rw-p 00000000 00:00 0 
7f46d17b0000-7f46d17b1000 ---p 00000000 00:00 0 
7f46d17b1000-7f46d18d0000 rw-p 00000000 00:00 0 
7f46d18d0000-7f46d1a99000 ---p 00000000 00:00 0 
7f46d1a99000-7f46d1ab8000 rw-p 00000000 00:00 0 
7f46d1ab8000-7f46d1c81000 ---p 00000000 00:00 0 
7f46d1c81000-7f46d1c9c000 rw-p 00000000 00:00 0 
7f46d1c9c000-7f46d1d75000 ---p 00000000 00:00 0 
7f46d1d75000-7f46d1d90000 rw-p 00000000 00:00 0 
7f46d1d90000-7f46d2136000 ---p 00000000 00:00 0 
7f46d2136000-7f46d2150000 r-xp 00000000 08:01 539300                     /opt/java/jdk1.8.0_91/jre/lib/amd64/libzip.so
7f46d2150000-7f46d2350000 ---p 0001a000 08:01 539300                     /opt/java/jdk1.8.0_91/jre/lib/amd64/libzip.so
7f46d2350000-7f46d2351000 rw-p 0001a000 08:01 539300                     /opt/java/jdk1.8.0_91/jre/lib/amd64/libzip.so
7f46d2351000-7f46d235b000 r-xp 00000000 08:01 394090                     /lib/x86_64-linux-gnu/libnss_files-2.19.so
7f46d235b000-7f46d255a000 ---p 0000a000 08:01 394090                     /lib/x86_64-linux-gnu/libnss_files-2.19.so
7f46d255a000-7f46d255b000 r--p 00009000 08:01 394090                     /lib/x86_64-linux-gnu/libnss_files-2.19.so
7f46d255b000-7f46d255c000 rw-p 0000a000 08:01 394090                     /lib/x86_64-linux-gnu/libnss_files-2.19.so
7f46d255c000-7f46d2567000 r-xp 00000000 08:01 394082                     /lib/x86_64-linux-gnu/libnss_nis-2.19.so
7f46d2567000-7f46d2766000 ---p 0000b000 08:01 394082                     /lib/x86_64-linux-gnu/libnss_nis-2.19.so
7f46d2766000-7f46d2767000 r--p 0000a000 08:01 394082                     /lib/x86_64-linux-gnu/libnss_nis-2.19.so
7f46d2767000-7f46d2768000 rw-p 0000b000 08:01 394082                     /lib/x86_64-linux-gnu/libnss_nis-2.19.so
7f46d2768000-7f46d277f000 r-xp 00000000 08:01 394078                     /lib/x86_64-linux-gnu/libnsl-2.19.so
7f46d277f000-7f46d297e000 ---p 00017000 08:01 394078                     /lib/x86_64-linux-gnu/libnsl-2.19.so
7f46d297e000-7f46d297f000 r--p 00016000 08:01 394078                     /lib/x86_64-linux-gnu/libnsl-2.19.so
7f46d297f000-7f46d2980000 rw-p 00017000 08:01 394078                     /lib/x86_64-linux-gnu/libnsl-2.19.so
7f46d2980000-7f46d2982000 rw-p 00000000 00:00 0 
7f46d2982000-7f46d298b000 r-xp 00000000 08:01 394077                     /lib/x86_64-linux-gnu/libnss_compat-2.19.so
7f46d298b000-7f46d2b8a000 ---p 00009000 08:01 394077                     /lib/x86_64-linux-gnu/libnss_compat-2.19.so
7f46d2b8a000-7f46d2b8b000 r--p 00008000 08:01 394077                     /lib/x86_64-linux-gnu/libnss_compat-2.19.so
7f46d2b8b000-7f46d2b8c000 rw-p 00009000 08:01 394077                     /lib/x86_64-linux-gnu/libnss_compat-2.19.so
7f46d2b8c000-7f46d2bb6000 r-xp 00000000 08:01 539295                     /opt/java/jdk1.8.0_91/jre/lib/amd64/libjava.so
7f46d2bb6000-7f46d2db6000 ---p 0002a000 08:01 539295                     /opt/java/jdk1.8.0_91/jre/lib/amd64/libjava.so
7f46d2db6000-7f46d2db8000 rw-p 0002a000 08:01 539295                     /opt/java/jdk1.8.0_91/jre/lib/amd64/libjava.so
7f46d2db8000-7f46d2dc5000 r-xp 00000000 08:01 539299                     /opt/java/jdk1.8.0_91/jre/lib/amd64/libverify.so
7f46d2dc5000-7f46d2fc5000 ---p 0000d000 08:01 539299                     /opt/java/jdk1.8.0_91/jre/lib/amd64/libverify.so
7f46d2fc5000-7f46d2fc7000 rw-p 0000d000 08:01 539299                     /opt/java/jdk1.8.0_91/jre/lib/amd64/libverify.so
7f46d2fc7000-7f46d2fce000 r-xp 00000000 08:01 394086                     /lib/x86_64-linux-gnu/librt-2.19.so
7f46d2fce000-7f46d31cd000 ---p 00007000 08:01 394086                     /lib/x86_64-linux-gnu/librt-2.19.so
7f46d31cd000-7f46d31ce000 r--p 00006000 08:01 394086                     /lib/x86_64-linux-gnu/librt-2.19.so
7f46d31ce000-7f46d31cf000 rw-p 00007000 08:01 394086                     /lib/x86_64-linux-gnu/librt-2.19.so
7f46d31cf000-7f46d32d4000 r-xp 00000000 08:01 394004                     /lib/x86_64-linux-gnu/libm-2.19.so
7f46d32d4000-7f46d34d3000 ---p 00105000 08:01 394004                     /lib/x86_64-linux-gnu/libm-2.19.so
7f46d34d3000-7f46d34d4000 r--p 00104000 08:01 394004                     /lib/x86_64-linux-gnu/libm-2.19.so
7f46d34d4000-7f46d34d5000 rw-p 00105000 08:01 394004                     /lib/x86_64-linux-gnu/libm-2.19.so
7f46d34d5000-7f46d4195000 r-xp 00000000 08:01 539278                     /opt/java/jdk1.8.0_91/jre/lib/amd64/server/libjvm.so
7f46d4195000-7f46d4395000 ---p 00cc0000 08:01 539278                     /opt/java/jdk1.8.0_91/jre/lib/amd64/server/libjvm.so
7f46d4395000-7f46d446d000 rw-p 00cc0000 08:01 539278                     /opt/java/jdk1.8.0_91/jre/lib/amd64/server/libjvm.so
7f46d446d000-7f46d44b8000 rw-p 00000000 00:00 0 
7f46d44b8000-7f46d4672000 r-xp 00000000 08:01 394087                     /lib/x86_64-linux-gnu/libc-2.19.so
7f46d4672000-7f46d4872000 ---p 001ba000 08:01 394087                     /lib/x86_64-linux-gnu/libc-2.19.so
7f46d4872000-7f46d4876000 r--p 001ba000 08:01 394087                     /lib/x86_64-linux-gnu/libc-2.19.so
7f46d4876000-7f46d4878000 rw-p 001be000 08:01 394087                     /lib/x86_64-linux-gnu/libc-2.19.so
7f46d4878000-7f46d487d000 rw-p 00000000 00:00 0 
7f46d487d000-7f46d4880000 r-xp 00000000 08:01 394014                     /lib/x86_64-linux-gnu/libdl-2.19.so
7f46d4880000-7f46d4a7f000 ---p 00003000 08:01 394014                     /lib/x86_64-linux-gnu/libdl-2.19.so
7f46d4a7f000-7f46d4a80000 r--p 00002000 08:01 394014                     /lib/x86_64-linux-gnu/libdl-2.19.so
7f46d4a80000-7f46d4a81000 rw-p 00003000 08:01 394014                     /lib/x86_64-linux-gnu/libdl-2.19.so
7f46d4a81000-7f46d4a96000 r-xp 00000000 08:01 538913                     /opt/java/jdk1.8.0_91/lib/amd64/jli/libjli.so
7f46d4a96000-7f46d4c96000 ---p 00015000 08:01 538913                     /opt/java/jdk1.8.0_91/lib/amd64/jli/libjli.so
7f46d4c96000-7f46d4c97000 rw-p 00015000 08:01 538913                     /opt/java/jdk1.8.0_91/lib/amd64/jli/libjli.so
7f46d4c97000-7f46d4cb0000 r-xp 00000000 08:01 394079                     /lib/x86_64-linux-gnu/libpthread-2.19.so
7f46d4cb0000-7f46d4eaf000 ---p 00019000 08:01 394079                     /lib/x86_64-linux-gnu/libpthread-2.19.so
7f46d4eaf000-7f46d4eb0000 r--p 00018000 08:01 394079                     /lib/x86_64-linux-gnu/libpthread-2.19.so
7f46d4eb0000-7f46d4eb1000 rw-p 00019000 08:01 394079                     /lib/x86_64-linux-gnu/libpthread-2.19.so
7f46d4eb1000-7f46d4eb5000 rw-p 00000000 00:00 0 
7f46d4eb5000-7f46d4ed8000 r-xp 00000000 08:01 394080                     /lib/x86_64-linux-gnu/ld-2.19.so
7f46d4ed8000-7f46d4ef3000 r--s 00208000 08:01 539016                     /opt/java/jdk1.8.0_91/jre/lib/deploy.jar
7f46d4ef3000-7f46d4fb4000 rw-p 00000000 00:00 0 
7f46d4fb4000-7f46d4fb7000 ---p 00000000 00:00 0 
7f46d4fb7000-7f46d50b9000 rw-p 00000000 00:00 0 
7f46d50b9000-7f46d50bb000 r--s 00007000 08:01 539322                     /opt/java/jdk1.8.0_91/jre/lib/jfxswt.jar
7f46d50bb000-7f46d50c1000 r--s 002f8000 08:01 539096                     /opt/java/jdk1.8.0_91/jre/lib/charsets.jar
7f46d50c1000-7f46d50c9000 r--s 000c2000 08:02 5113467                    /home/cosmic/SOFT/idea-IU-145.1617.8/plugins/testng/lib/testng-plugin.jar
7f46d50c9000-7f46d50cb000 r--s 0001e000 08:02 4719118                    /home/cosmic/SOFT/idea-IU-145.1617.8/lib/idea_rt.jar
7f46d50cb000-7f46d50d3000 rw-s 00000000 08:01 547970                     /tmp/hsperfdata_cosmic/14126
7f46d50d3000-7f46d50d4000 rw-p 00000000 00:00 0 
7f46d50d4000-7f46d50d5000 r--p 00000000 00:00 0 
7f46d50d5000-7f46d50d7000 rw-p 00000000 00:00 0 
7f46d50d7000-7f46d50d8000 r--p 00022000 08:01 394080                     /lib/x86_64-linux-gnu/ld-2.19.so
7f46d50d8000-7f46d50d9000 rw-p 00023000 08:01 394080                     /lib/x86_64-linux-gnu/ld-2.19.so
7f46d50d9000-7f46d50da000 rw-p 00000000 00:00 0 
7ffdcd8a7000-7ffdcd8c9000 rw-p 00000000 00:00 0                          [stack]
7ffdcd918000-7ffdcd91a000 r--p 00000000 00:00 0                          [vvar]
7ffdcd91a000-7ffdcd91c000 r-xp 00000000 00:00 0                          [vdso]
ffffffffff600000-ffffffffff601000 r-xp 00000000 00:00 0                  [vsyscall]

VM Arguments:
jvm_args: -ea -Didea.launcher.port=7533 -Didea.launcher.bin.path=/home/cosmic/SOFT/idea-IU-145.1617.8/bin -Didea.testng.sm_runner -Dfile.encoding=UTF-8 
java_command: com.intellij.rt.execution.application.AppMain org.testng.RemoteTestNGStarter -port 45364 -usedefaultlisteners false -socket43676 @w@/tmp/idea_working_dirs_testng.tmp -temp /tmp/idea_testng.tmp
java_class_path (initial): /home/cosmic/SOFT/idea-IU-145.1617.8/lib/idea_rt.jar:/home/cosmic/SOFT/idea-IU-145.1617.8/plugins/testng/lib/testng-plugin.jar:/opt/java/jdk1.8.0_91/jre/lib/charsets.jar:/opt/java/jdk1.8.0_91/jre/lib/deploy.jar:/opt/java/jdk1.8.0_91/jre/lib/ext/cldrdata.jar:/opt/java/jdk1.8.0_91/jre/lib/ext/dnsns.jar:/opt/java/jdk1.8.0_91/jre/lib/ext/jaccess.jar:/opt/java/jdk1.8.0_91/jre/lib/ext/jfxrt.jar:/opt/java/jdk1.8.0_91/jre/lib/ext/localedata.jar:/opt/java/jdk1.8.0_91/jre/lib/ext/nashorn.jar:/opt/java/jdk1.8.0_91/jre/lib/ext/sunec.jar:/opt/java/jdk1.8.0_91/jre/lib/ext/sunjce_provider.jar:/opt/java/jdk1.8.0_91/jre/lib/ext/sunpkcs11.jar:/opt/java/jdk1.8.0_91/jre/lib/ext/zipfs.jar:/opt/java/jdk1.8.0_91/jre/lib/javaws.jar:/opt/java/jdk1.8.0_91/jre/lib/jce.jar:/opt/java/jdk1.8.0_91/jre/lib/jfr.jar:/opt/java/jdk1.8.0_91/jre/lib/jfxswt.jar:/opt/java/jdk1.8.0_91/jre/lib/jsse.jar:/opt/java/jdk1.8.0_91/jre/lib/management-agent.jar:/opt/java/jdk1.8.0_91/jre/lib/plugin.jar:/opt/java/jdk1.8.0_91/jre/lib/resources.jar:/opt/java/jdk1.8.0_91/jre/lib/rt.jar:/home/cosmic/IdeaProjects/FC/ui-tests/target/scala-2.11/test-classes:/home/cosmic/.ivy2/cache/cglib/cglib-nodep/jars/cglib-nodep-2.1_3.jar:/home/cosmic/.ivy2/cache/org.apache.httpcomponents/httpcore/jars/httpcore-4.4.4.jar:/home/cosmic/.ivy2/cache/org.apache.httpcomponents/httpclient/jars/httpclient-4.5.2.jar:/home/cosmic/.ivy2/cache/org.scala-lang/scala-library/jars/scala-library-2.11.8.jar:/home/cosmic/.ivy2/cache/org.beanshell/bsh/jars/bsh-2.0b4.jar:/home/cosmic/.ivy2/cache/commons-io/commons-io/jars/commons-io-2.4.jar:/home/cosmic/.ivy2/cache/com.codeborne/phantomjsdriver/jars/phantomjsdriver-1.3.0.jar:/home/cosmic/.ivy2/cache/com.codeborne/selenide/jars/selenide-3.6.jar:/home/cosmic/.ivy2/cache/com.google.code.gson/gson/jars/gson-2.3.1.jar:/home/cosmic/.ivy2/cache/com.google.guava/guava/bundles/guava-19.0.jar:/home/cosmic/.ivy2/cache/commons-beanutils/commons-beanutils-core/jars/commons-beanutils-core-1.8.
Launcher Type: SUN_STANDARD

Environment Variables:
JAVA_HOME=/opt/java/jdk1.8.0_91
JRE_HOME=/opt/java/jdk1.8.0_91/jre
PATH=/usr/local/sbin:/usr/local/bin:/usr/sbin:/usr/bin:/sbin:/bin:/usr/games:/usr/local/games:/home/cosmic/bash_scripts/touchpad.sh:/home/cosmic/bash_scripts/monitor.sh:/home/cosmic/SOFT/idea-IU-145.1617.8/bin:/home/cosmic/SOFT/idea-IU-145.1617.8/bin:/opt/java/jdk1.8.0_91:/opt/java/jdk1.8.0_91/jre
LD_LIBRARY_PATH=/home/cosmic/SOFT/idea-IU-145.1617.8/bin:
SHELL=/bin/bash
DISPLAY=:0.0

Signal Handlers:
SIGSEGV: [libjvm.so+0xabca10], sa_mask[0]=11111111011111111101111111111110, sa_flags=SA_RESTART|SA_SIGINFO
SIGBUS: [libjvm.so+0xabca10], sa_mask[0]=11111111011111111101111111111110, sa_flags=SA_RESTART|SA_SIGINFO
SIGFPE: [libjvm.so+0x919a20], sa_mask[0]=11111111011111111101111111111110, sa_flags=SA_RESTART|SA_SIGINFO
SIGPIPE: [libjvm.so+0x919a20], sa_mask[0]=11111111011111111101111111111110, sa_flags=SA_RESTART|SA_SIGINFO
SIGXFSZ: [libjvm.so+0x919a20], sa_mask[0]=11111111011111111101111111111110, sa_flags=SA_RESTART|SA_SIGINFO
SIGILL: [libjvm.so+0x919a20], sa_mask[0]=11111111011111111101111111111110, sa_flags=SA_RESTART|SA_SIGINFO
SIGUSR1: SIG_DFL, sa_mask[0]=00000000000000000000000000000000, sa_flags=none
SIGUSR2: [libjvm.so+0x91b050], sa_mask[0]=00100000000000000000000000000000, sa_flags=SA_RESTART|SA_SIGINFO
SIGHUP: [libjvm.so+0x91c450], sa_mask[0]=11111111011111111101111111111110, sa_flags=SA_RESTART|SA_SIGINFO
SIGINT: [libjvm.so+0x91c450], sa_mask[0]=11111111011111111101111111111110, sa_flags=SA_RESTART|SA_SIGINFO
SIGTERM: [libjvm.so+0x91c450], sa_mask[0]=11111111011111111101111111111110, sa_flags=SA_RESTART|SA_SIGINFO
SIGQUIT: [libjvm.so+0x91c450], sa_mask[0]=11111111011111111101111111111110, sa_flags=SA_RESTART|SA_SIGINFO


---------------  S Y S T E M  ---------------

OS:DISTRIB_ID=Ubuntu
DISTRIB_RELEASE=14.04
DISTRIB_CODENAME=trusty
DISTRIB_DESCRIPTION="Ubuntu 14.04.4 LTS"

uname:Linux 4.2.0-38-generic #45~14.04.1-Ubuntu SMP Thu Jun 9 09:27:51 UTC 2016 x86_64
libc:glibc 2.19 NPTL 2.19 
rlimit: STACK 8192k, CORE 0k, NPROC 23322, NOFILE 4096, AS infinity
load average:1,32 1,66 1,76

/proc/meminfo:
MemTotal:        5992012 kB
MemFree:          855256 kB
MemAvailable:    1221312 kB
Buffers:           27484 kB
Cached:          1984556 kB
SwapCached:        78368 kB
Active:          3876116 kB
Inactive:        1011556 kB
Active(anon):    3519140 kB
Inactive(anon):   871004 kB
Active(file):     356976 kB
Inactive(file):   140552 kB
Unevictable:         256 kB
Mlocked:             256 kB
SwapTotal:      11717628 kB
SwapFree:       11204536 kB
Dirty:              1768 kB
Writeback:             0 kB
AnonPages:       2855060 kB
Mapped:          1508008 kB
Shmem:           1514512 kB
Slab:             114144 kB
SReclaimable:      74912 kB
SUnreclaim:        39232 kB
KernelStack:       13344 kB
PageTables:        52432 kB
NFS_Unstable:          0 kB
Bounce:                0 kB
WritebackTmp:          0 kB
CommitLimit:    14713632 kB
Committed_AS:   10096124 kB
VmallocTotal:   34359738367 kB
VmallocUsed:      362516 kB
VmallocChunk:   34358947836 kB
HardwareCorrupted:     0 kB
AnonHugePages:   1517568 kB
CmaTotal:              0 kB
CmaFree:               0 kB
HugePages_Total:       0
HugePages_Free:        0
HugePages_Rsvd:        0
HugePages_Surp:        0
Hugepagesize:       2048 kB
DirectMap4k:      192456 kB
DirectMap2M:     5980160 kB


CPU:total 4 (2 cores per cpu, 2 threads per core) family 6 model 42 stepping 7, cmov, cx8, fxsr, mmx, sse, sse2, sse3, ssse3, sse4.1, sse4.2, popcnt, avx, clmul, ht, tsc, tscinvbit

/proc/cpuinfo:
processor	: 0
vendor_id	: GenuineIntel
cpu family	: 6
model		: 42
model name	: Intel(R) Core(TM) i3-2377M CPU @ 1.50GHz
stepping	: 7
microcode	: 0x28
cpu MHz		: 1500.000
cache size	: 3072 KB
physical id	: 0
siblings	: 4
core id		: 0
cpu cores	: 2
apicid		: 0
initial apicid	: 0
fpu		: yes
fpu_exception	: yes
cpuid level	: 13
wp		: yes
flags		: fpu vme de pse tsc msr pae mce cx8 apic sep mtrr pge mca cmov pat pse36 clflush dts acpi mmx fxsr sse sse2 ss ht tm pbe syscall nx rdtscp lm constant_tsc arch_perfmon pebs bts rep_good nopl xtopology nonstop_tsc aperfmperf eagerfpu pni pclmulqdq dtes64 monitor ds_cpl vmx est tm2 ssse3 cx16 xtpr pdcm pcid sse4_1 sse4_2 x2apic popcnt tsc_deadline_timer xsave avx lahf_lm arat epb pln pts dtherm tpr_shadow vnmi flexpriority ept vpid xsaveopt
bugs		:
bogomips	: 2993.22
clflush size	: 64
cache_alignment	: 64
address sizes	: 36 bits physical, 48 bits virtual
power management:

processor	: 1
vendor_id	: GenuineIntel
cpu family	: 6
model		: 42
model name	: Intel(R) Core(TM) i3-2377M CPU @ 1.50GHz
stepping	: 7
microcode	: 0x28
cpu MHz		: 1500.000
cache size	: 3072 KB
physical id	: 0
siblings	: 4
core id		: 1
cpu cores	: 2
apicid		: 2
initial apicid	: 2
fpu		: yes
fpu_exception	: yes
cpuid level	: 13
wp		: yes
flags		: fpu vme de pse tsc msr pae mce cx8 apic sep mtrr pge mca cmov pat pse36 clflush dts acpi mmx fxsr sse sse2 ss ht tm pbe syscall nx rdtscp lm constant_tsc arch_perfmon pebs bts rep_good nopl xtopology nonstop_tsc aperfmperf eagerfpu pni pclmulqdq dtes64 monitor ds_cpl vmx est tm2 ssse3 cx16 xtpr pdcm pcid sse4_1 sse4_2 x2apic popcnt tsc_deadline_timer xsave avx lahf_lm arat epb pln pts dtherm tpr_shadow vnmi flexpriority ept vpid xsaveopt
bugs		:
bogomips	: 2993.22
clflush size	: 64
cache_alignment	: 64
address sizes	: 36 bits physical, 48 bits virtual
power management:

processor	: 2
vendor_id	: GenuineIntel
cpu family	: 6
model		: 42
model name	: Intel(R) Core(TM) i3-2377M CPU @ 1.50GHz
stepping	: 7
microcode	: 0x28
cpu MHz		: 1500.000
cache size	: 3072 KB
physical id	: 0
siblings	: 4
core id		: 0
cpu cores	: 2
apicid		: 1
initial apicid	: 1
fpu		: yes
fpu_exception	: yes
cpuid level	: 13
wp		: yes
flags		: fpu vme de pse tsc msr pae mce cx8 apic sep mtrr pge mca cmov pat pse36 clflush dts acpi mmx fxsr sse sse2 ss ht tm pbe syscall nx rdtscp lm constant_tsc arch_perfmon pebs bts rep_good nopl xtopology nonstop_tsc aperfmperf eagerfpu pni pclmulqdq dtes64 monitor ds_cpl vmx est tm2 ssse3 cx16 xtpr pdcm pcid sse4_1 sse4_2 x2apic popcnt tsc_deadline_timer xsave avx lahf_lm arat epb pln pts dtherm tpr_shadow vnmi flexpriority ept vpid xsaveopt
bugs		:
bogomips	: 2993.22
clflush size	: 64
cache_alignment	: 64
address sizes	: 36 bits physical, 48 bits virtual
power management:

processor	: 3
vendor_id	: GenuineIntel
cpu family	: 6
model		: 42
model name	: Intel(R) Core(TM) i3-2377M CPU @ 1.50GHz
stepping	: 7
microcode	: 0x28
cpu MHz		: 1499.941
cache size	: 3072 KB
physical id	: 0
siblings	: 4
core id		: 1
cpu cores	: 2
apicid		: 3
initial apicid	: 3
fpu		: yes
fpu_exception	: yes
cpuid level	: 13
wp		: yes
flags		: fpu vme de pse tsc msr pae mce cx8 apic sep mtrr pge mca cmov pat pse36 clflush dts acpi mmx fxsr sse sse2 ss ht tm pbe syscall nx rdtscp lm constant_tsc arch_perfmon pebs bts rep_good nopl xtopology nonstop_tsc aperfmperf eagerfpu pni pclmulqdq dtes64 monitor ds_cpl vmx est tm2 ssse3 cx16 xtpr pdcm pcid sse4_1 sse4_2 x2apic popcnt tsc_deadline_timer xsave avx lahf_lm arat epb pln pts dtherm tpr_shadow vnmi flexpriority ept vpid xsaveopt
bugs		:
bogomips	: 2993.22
clflush size	: 64
cache_alignment	: 64
address sizes	: 36 bits physical, 48 bits virtual
power management:



Memory: 4k page, physical 5992012k(863248k free), swap 11717628k(11204536k free)

vm_info: Java HotSpot(TM) 64-Bit Server VM (25.91-b14) for linux-amd64 JRE (1.8.0_91-b14), built on Apr  1 2016 00:57:21 by "java_re" with gcc 4.3.0 20080428 (Red Hat 4.3.0-8)

time: Mon Jun 20 03:28:44 2016
elapsed time: 56 seconds (0d 0h 0m 56s)

