#
# A fatal error has been detected by the Java Runtime Environment:
#
#  SIGSEGV (0xb) at pc=0x00007f7176cfe443, pid=14452, tid=140125280016128
#
# JRE version: Java(TM) SE Runtime Environment (8.0_91-b14) (build 1.8.0_91-b14)
# Java VM: Java HotSpot(TM) 64-Bit Server VM (25.91-b14 mixed mode linux-amd64 compressed oops)
# Problematic frame:
# C  [libX11.so.6+0x89443]
#
# Failed to write core dump. Core dumps have been disabled. To enable core dumping, try "ulimit -c unlimited" before starting Java again
#
# If you would like to submit a bug report, please visit:
#   http://bugreport.java.com/bugreport/crash.jsp
# The crash happened outside the Java Virtual Machine in native code.
# See problematic frame for where to report the bug.
#

---------------  T H R E A D  ---------------

Current thread (0x00007f71c8795800):  JavaThread "AWT-XAWT" daemon [_thread_in_native, id=14584, stack(0x00007f71757a1000,0x00007f71758a2000)]

siginfo: si_signo: 11 (SIGSEGV), si_code: 1 (SEGV_MAPERR), si_addr: 0x000000000000000a

Registers:
RAX=0x00007f71c874da30, RBX=0x00007f71c8744ea0, RCX=0x0000000000000000, RDX=0x0000000000000087
RSP=0x00007f71758a0770, RBP=0x000000000000000a, RSI=0x0000000000000000, RDI=0x00007f71c8744ea0
R8 =0x0000000000000000, R9 =0x00007f715c003e50, R10=0x00007f71b89e49e8, R11=0x00007f71cd839850
R12=0x0000000000000000, R13=0x00007f7177792ca0, R14=0x00007f71758a0878, R15=0x00007f71c8795800
RIP=0x00007f7176cfe443, EFLAGS=0x0000000000010246, CSGSFS=0x0000000000000033, ERR=0x0000000000000004
  TRAPNO=0x000000000000000e

Top of Stack: (sp=0x00007f71758a0770)
0x00007f71758a0770:   0000000000000000 00007f71c8744ea0
0x00007f71758a0780:   0000000000000047 00007f7176cff0f1
0x00007f71758a0790:   00007f7177792ca0 00007f71758a07b0
0x00007f71758a07a0:   0000000000000000 00007f71771ec201
0x00007f71758a07b0:   00007f71758a0830 00007f71b89e4a14
0x00007f71758a07c0:   00000000d9069608 00007f71758a07c8
0x00007f71758a07d0:   00007f717786fe1c 00007f71758a0820
0x00007f71758a07e0:   00007f71778715e8 0000000000000000
0x00007f71758a07f0:   00007f71758a07f0 0000000000000000
0x00007f71758a0800:   00007f71758a0878 00007f7177793cd0
0x00007f71758a0810:   0000000000000000 00007f7177792ca0
0x00007f71758a0820:   0000000000000000 00007f71758a0850
0x00007f71758a0830:   00007f71758a08c0 00007f71b89d4dd0
0x00007f71758a0840:   00000000d92799e8 00007f71b89de537
0x00007f71758a0850:   0000000000000000 0000000000000000
0x00007f71758a0860:   0000000000000047 00007f71b89d4dd0
0x00007f71758a0870:   00007f71c8744ea0 00007f71b89d4dd0
0x00007f71758a0880:   00007f71758a0880 00007f717777278f
0x00007f71758a0890:   00007f71758a08e8 00007f71777808d8
0x00007f71758a08a0:   0000000000000000 00007f71777727b0
0x00007f71758a08b0:   00007f71758a0850 00007f71758a08e0
0x00007f71758a08c0:   00007f71758a0930 00007f71b89d52bd
0x00007f71758a08d0:   0000000000000001 00000000d8d4b370
0x00007f71758a08e0:   00000000d90695e8 00000000d8f13828
0x00007f71758a08f0:   00007f71758a08f0 00007f717776c9b1
0x00007f71758a0900:   00007f71758a0978 00007f71777808d8
0x00007f71758a0910:   0000000000000000 00007f717776cb90
0x00007f71758a0920:   00007f71758a08e0 00007f71758a0970
0x00007f71758a0930:   00007f71758a09c0 00007f71b89d52bd
0x00007f71758a0940:   0000000000000000 0000000000000000
0x00007f71758a0950:   0000000000000000 0000000000000000
0x00007f71758a0960:   0000000000000000 00000000d90695e8 

Instructions: (pc=0x00007f7176cfe443)
0x00007f7176cfe423:   83 ec 08 e8 f5 57 fb ff 48 8b 93 20 0a 00 00 31
0x00007f7176cfe433:   c9 31 f6 48 8b 52 08 8b 52 04 c6 40 01 08 88 10
0x00007f7176cfe443:   0f b7 55 00 66 89 48 06 c6 40 0b 00 c6 40 0a 00
0x00007f7176cfe453:   c6 40 0d 00 c6 40 0c 00 c6 40 0f 00 66 89 50 04 

Register to memory mapping:

RAX=0x00007f71c874da30 is an unknown value
RBX=0x00007f71c8744ea0 is an unknown value
RCX=0x0000000000000000 is an unknown value
RDX=0x0000000000000087 is an unknown value
RSP=0x00007f71758a0770 is pointing into the stack for thread: 0x00007f71c8795800
RBP=0x000000000000000a is an unknown value
RSI=0x0000000000000000 is an unknown value
RDI=0x00007f71c8744ea0 is an unknown value
R8 =0x0000000000000000 is an unknown value
R9 =0x00007f715c003e50 is an unknown value
R10=0x00007f71b89e49e8 is at code_begin+808 in an Interpreter codelet
method entry point (kind = native)  [0x00007f71b89e46c0, 0x00007f71b89e4fc0]  2304 bytes
R11=0x00007f71cd839850: <offset 0x9bb850> in /usr/lib/jvm/java-8-oracle/jre/lib/amd64/server/libjvm.so at 0x00007f71cce7e000
R12=0x0000000000000000 is an unknown value
R13={method} {0x00007f7177792ca0} 'XkbGetUpdatedMap' '(JJJ)J' in 'sun/awt/X11/XlibWrapper'
R14=0x00007f71758a0878 is pointing into the stack for thread: 0x00007f71c8795800
R15=0x00007f71c8795800 is a thread


Stack: [0x00007f71757a1000,0x00007f71758a2000],  sp=0x00007f71758a0770,  free space=1021k
Native frames: (J=compiled Java code, j=interpreted, Vv=VM code, C=native code)
C  [libX11.so.6+0x89443]

Java frames: (J=compiled Java code, j=interpreted, Vv=VM code)
j  sun.awt.X11.XlibWrapper.XkbGetUpdatedMap(JJJ)J+0
j  sun.awt.X11.XToolkit.processXkbChanges(Lsun/awt/X11/XEvent;)V+87
j  sun.awt.X11.XToolkit.run(Z)V+137
j  sun.awt.X11.XToolkit.run()V+5
j  java.lang.Thread.run()V+11
v  ~StubRoutines::call_stub

---------------  P R O C E S S  ---------------

Java Threads: ( => current thread )
  0x00007f7148002800 JavaThread "Forwarding quit on session ae6da22c87bd80cf20d332326973f3ec to remote" daemon [_thread_in_native, id=14769, stack(0x00007f7174f96000,0x00007f7175097000)]
  0x00007f71c849a000 JavaThread "Thread-3" [_thread_blocked, id=14766, stack(0x00007f7174e95000,0x00007f7174f96000)]
  0x00007f71c87a4000 JavaThread "Webdrivers killer thread" daemon [_thread_blocked, id=14588, stack(0x00007f71754a0000,0x00007f71755a1000)]
=>0x00007f71c8795800 JavaThread "AWT-XAWT" daemon [_thread_in_native, id=14584, stack(0x00007f71757a1000,0x00007f71758a2000)]
  0x00007f71c8778800 JavaThread "Java2D Disposer" daemon [_thread_blocked, id=14583, stack(0x00007f7175cb2000,0x00007f7175db3000)]
  0x00007f717000a000 JavaThread "Exec Stream Pumper" daemon [_thread_in_native, id=14495, stack(0x00007f71778e7000,0x00007f71779e8000)]
  0x00007f7170009000 JavaThread "Exec Stream Pumper" daemon [_thread_in_native, id=14493, stack(0x00007f71779e8000,0x00007f7177ae9000)]
  0x00007f7170006800 JavaThread "process reaper" daemon [_thread_in_native, id=14492, stack(0x00007f71b401f000,0x00007f71b4058000)]
  0x00007f71c86b8800 JavaThread "UrlChecker-2" daemon [_thread_blocked, id=14490, stack(0x00007f7177ae9000,0x00007f7177bea000)]
  0x00007f71c86b4000 JavaThread "Exec Default Executor" daemon [_thread_blocked, id=14489, stack(0x00007f71b407e000,0x00007f71b417f000)]
  0x00007f71c80f9000 JavaThread "Monitor Ctrl-Break" daemon [_thread_in_native, id=14474, stack(0x00007f71b4754000,0x00007f71b4855000)]
  0x00007f71c80ca800 JavaThread "Service Thread" daemon [_thread_blocked, id=14467, stack(0x00007f71b4b58000,0x00007f71b4c59000)]
  0x00007f71c80bf800 JavaThread "C1 CompilerThread2" daemon [_thread_blocked, id=14466, stack(0x00007f71b4c59000,0x00007f71b4d5a000)]
  0x00007f71c80be000 JavaThread "C2 CompilerThread1" daemon [_thread_blocked, id=14464, stack(0x00007f71b4d5a000,0x00007f71b4e5b000)]
  0x00007f71c80bb000 JavaThread "C2 CompilerThread0" daemon [_thread_blocked, id=14463, stack(0x00007f71b4e5b000,0x00007f71b4f5c000)]
  0x00007f71c80b9800 JavaThread "Signal Dispatcher" daemon [_thread_blocked, id=14462, stack(0x00007f71b4f5c000,0x00007f71b505d000)]
  0x00007f71c8086800 JavaThread "Finalizer" daemon [_thread_blocked, id=14460, stack(0x00007f71b5b95000,0x00007f71b5c96000)]
  0x00007f71c8082000 JavaThread "Reference Handler" daemon [_thread_blocked, id=14459, stack(0x00007f71b5c96000,0x00007f71b5d97000)]
  0x00007f71c800c800 JavaThread "main" [_thread_blocked, id=14453, stack(0x00007f71ce960000,0x00007f71cea61000)]

Other Threads:
  0x00007f71c807a000 VMThread [stack: 0x00007f71b5d97000,0x00007f71b5e98000] [id=14458]
  0x00007f71c80cd800 WatcherThread [stack: 0x00007f71b4a57000,0x00007f71b4b58000] [id=14472]

VM state:not at safepoint (normal execution)

VM Mutex/Monitor currently owned by a thread: None

Heap:
 PSYoungGen      total 36864K, used 35402K [0x00000000d7000000, 0x00000000d9900000, 0x0000000100000000)
  eden space 31744K, 95% used [0x00000000d7000000,0x00000000d8d9a908,0x00000000d8f00000)
  from space 5120K, 99% used [0x00000000d8f00000,0x00000000d93f8040,0x00000000d9400000)
  to   space 5120K, 0% used [0x00000000d9400000,0x00000000d9400000,0x00000000d9900000)
 ParOldGen       total 84992K, used 4204K [0x0000000085000000, 0x000000008a300000, 0x00000000d7000000)
  object space 84992K, 4% used [0x0000000085000000,0x000000008541b280,0x000000008a300000)
 Metaspace       used 19982K, capacity 20272K, committed 20480K, reserved 1067008K
  class space    used 2438K, capacity 2531K, committed 2560K, reserved 1048576K

Card table byte_map: [0x00007f71b8234000,0x00007f71b860d000] byte_map_base: 0x00007f71b7e0c000

Marking Bits: (ParMarkBitMap*) 0x00007f71cde34d60
 Begin Bits: [0x00007f71ac280000, 0x00007f71ae140000)
 End Bits:   [0x00007f71ae140000, 0x00007f71b0000000)

Polling page: 0x00007f71cea7d000

CodeCache: size=245760Kb used=7483Kb max_used=7492Kb free=238276Kb
 bounds [0x00007f71b89cd000, 0x00007f71b912d000, 0x00007f71c79cd000]
 total_blobs=2707 nmethods=2205 adapters=415
 compilation: enabled

Compilation events (10 events):
Event: 56.050 Thread 0x00007f71c80bf800 nmethod 2219 0x00007f71b9118a90 code [0x00007f71b9118c00, 0x00007f71b9118e10]
Event: 56.050 Thread 0x00007f71c80bf800 2220       3       java.util.logging.LogManager$LoggerContext::getGlobalLogger (6 bytes)
Event: 56.050 Thread 0x00007f71c80bf800 nmethod 2220 0x00007f71b9118750 code [0x00007f71b91188c0, 0x00007f71b9118a10]
Event: 56.050 Thread 0x00007f71c80bf800 2221       1       java.util.concurrent.CopyOnWriteArrayList::getArray (5 bytes)
Event: 56.050 Thread 0x00007f71c80bf800 nmethod 2221 0x00007f71b9118490 code [0x00007f71b91185e0, 0x00007f71b91186f0]
Event: 56.052 Thread 0x00007f71c80bf800 2222       3       sun.nio.cs.UTF_8::newEncoder (10 bytes)
Event: 56.054 Thread 0x00007f71c80bf800 nmethod 2222 0x00007f71b911d450 code [0x00007f71b911d600, 0x00007f71b911d9c8]
Event: 56.054 Thread 0x00007f71c80bf800 2223       3       sun.nio.cs.UTF_8$Encoder::<init> (6 bytes)
Event: 56.055 Thread 0x00007f71c80bf800 nmethod 2223 0x00007f71b911ce10 code [0x00007f71b911cfc0, 0x00007f71b911d2c8]
Event: 56.057 Thread 0x00007f71c80be000 nmethod 2188 0x00007f71b911ff50 code [0x00007f71b9120240, 0x00007f71b9121840]

GC Heap History (6 events):
Event: 2.132 GC heap before
{Heap before GC invocations=1 (full 0):
 PSYoungGen      total 36864K, used 31744K [0x00000000d7000000, 0x00000000d9900000, 0x0000000100000000)
  eden space 31744K, 100% used [0x00000000d7000000,0x00000000d8f00000,0x00000000d8f00000)
  from space 5120K, 0% used [0x00000000d9400000,0x00000000d9400000,0x00000000d9900000)
  to   space 5120K, 0% used [0x00000000d8f00000,0x00000000d8f00000,0x00000000d9400000)
 ParOldGen       total 84992K, used 0K [0x0000000085000000, 0x000000008a300000, 0x00000000d7000000)
  object space 84992K, 0% used [0x0000000085000000,0x0000000085000000,0x000000008a300000)
 Metaspace       used 10986K, capacity 11236K, committed 11392K, reserved 1058816K
  class space    used 1283K, capacity 1349K, committed 1408K, reserved 1048576K
Event: 2.146 GC heap after
Heap after GC invocations=1 (full 0):
 PSYoungGen      total 36864K, used 5107K [0x00000000d7000000, 0x00000000d9900000, 0x0000000100000000)
  eden space 31744K, 0% used [0x00000000d7000000,0x00000000d7000000,0x00000000d8f00000)
  from space 5120K, 99% used [0x00000000d8f00000,0x00000000d93fcd10,0x00000000d9400000)
  to   space 5120K, 0% used [0x00000000d9400000,0x00000000d9400000,0x00000000d9900000)
 ParOldGen       total 84992K, used 1066K [0x0000000085000000, 0x000000008a300000, 0x00000000d7000000)
  object space 84992K, 1% used [0x0000000085000000,0x000000008510ab68,0x000000008a300000)
 Metaspace       used 10986K, capacity 11236K, committed 11392K, reserved 1058816K
  class space    used 1283K, capacity 1349K, committed 1408K, reserved 1048576K
}
Event: 20.388 GC heap before
{Heap before GC invocations=2 (full 0):
 PSYoungGen      total 36864K, used 36851K [0x00000000d7000000, 0x00000000d9900000, 0x0000000100000000)
  eden space 31744K, 100% used [0x00000000d7000000,0x00000000d8f00000,0x00000000d8f00000)
  from space 5120K, 99% used [0x00000000d8f00000,0x00000000d93fcd10,0x00000000d9400000)
  to   space 5120K, 0% used [0x00000000d9400000,0x00000000d9400000,0x00000000d9900000)
 ParOldGen       total 84992K, used 1066K [0x0000000085000000, 0x000000008a300000, 0x00000000d7000000)
  object space 84992K, 1% used [0x0000000085000000,0x000000008510ab68,0x000000008a300000)
 Metaspace       used 16493K, capacity 16744K, committed 17024K, reserved 1064960K
  class space    used 2000K, capacity 2071K, committed 2176K, reserved 1048576K
Event: 20.420 GC heap after
Heap after GC invocations=2 (full 0):
 PSYoungGen      total 36864K, used 5104K [0x00000000d7000000, 0x00000000d9900000, 0x0000000100000000)
  eden space 31744K, 0% used [0x00000000d7000000,0x00000000d7000000,0x00000000d8f00000)
  from space 5120K, 99% used [0x00000000d9400000,0x00000000d98fc030,0x00000000d9900000)
  to   space 5120K, 0% used [0x00000000d8f00000,0x00000000d8f00000,0x00000000d9400000)
 ParOldGen       total 84992K, used 3730K [0x0000000085000000, 0x000000008a300000, 0x00000000d7000000)
  object space 84992K, 4% used [0x0000000085000000,0x00000000853a4bd8,0x000000008a300000)
 Metaspace       used 16493K, capacity 16744K, committed 17024K, reserved 1064960K
  class space    used 2000K, capacity 2071K, committed 2176K, reserved 1048576K
}
Event: 50.389 GC heap before
{Heap before GC invocations=3 (full 0):
 PSYoungGen      total 36864K, used 36848K [0x00000000d7000000, 0x00000000d9900000, 0x0000000100000000)
  eden space 31744K, 100% used [0x00000000d7000000,0x00000000d8f00000,0x00000000d8f00000)
  from space 5120K, 99% used [0x00000000d9400000,0x00000000d98fc030,0x00000000d9900000)
  to   space 5120K, 0% used [0x00000000d8f00000,0x00000000d8f00000,0x00000000d9400000)
 ParOldGen       total 84992K, used 3730K [0x0000000085000000, 0x000000008a300000, 0x00000000d7000000)
  object space 84992K, 4% used [0x0000000085000000,0x00000000853a4bd8,0x000000008a300000)
 Metaspace       used 17399K, capacity 17658K, committed 17792K, reserved 1064960K
  class space    used 2067K, capacity 2138K, committed 2176K, reserved 1048576K
Event: 50.411 GC heap after
Heap after GC invocations=3 (full 0):
 PSYoungGen      total 36864K, used 5088K [0x00000000d7000000, 0x00000000d9900000, 0x0000000100000000)
  eden space 31744K, 0% used [0x00000000d7000000,0x00000000d7000000,0x00000000d8f00000)
  from space 5120K, 99% used [0x00000000d8f00000,0x00000000d93f8040,0x00000000d9400000)
  to   space 5120K, 0% used [0x00000000d9400000,0x00000000d9400000,0x00000000d9900000)
 ParOldGen       total 84992K, used 4204K [0x0000000085000000, 0x000000008a300000, 0x00000000d7000000)
  object space 84992K, 4% used [0x0000000085000000,0x000000008541b280,0x000000008a300000)
 Metaspace       used 17399K, capacity 17658K, committed 17792K, reserved 1064960K
  class space    used 2067K, capacity 2138K, committed 2176K, reserved 1048576K
}

Deoptimization events (10 events):
Event: 54.313 Thread 0x00007f71c800c800 Uncommon trap: reason=bimorphic action=maybe_recompile pc=0x00007f71b8feb538 method=java.util.regex.Pattern$GroupTail.match(Ljava/util/regex/Matcher;ILjava/lang/CharSequence;)Z @ 70
Event: 54.313 Thread 0x00007f71c800c800 Uncommon trap: reason=bimorphic action=maybe_recompile pc=0x00007f71b8feb538 method=java.util.regex.Pattern$GroupTail.match(Ljava/util/regex/Matcher;ILjava/lang/CharSequence;)Z @ 70
Event: 54.313 Thread 0x00007f71c800c800 Uncommon trap: reason=bimorphic action=maybe_recompile pc=0x00007f71b8feb538 method=java.util.regex.Pattern$GroupTail.match(Ljava/util/regex/Matcher;ILjava/lang/CharSequence;)Z @ 70
Event: 54.313 Thread 0x00007f71c800c800 Uncommon trap: reason=bimorphic action=maybe_recompile pc=0x00007f71b8feb538 method=java.util.regex.Pattern$GroupTail.match(Ljava/util/regex/Matcher;ILjava/lang/CharSequence;)Z @ 70
Event: 54.329 Thread 0x00007f71c800c800 Uncommon trap: reason=unstable_if action=reinterpret pc=0x00007f71b906b7b4 method=java.util.Formatter.parse(Ljava/lang/String;)[Ljava/util/Formatter$FormatString; @ 47
Event: 55.916 Thread 0x00007f71c800c800 Uncommon trap: reason=predicate action=maybe_recompile pc=0x00007f71b908f834 method=java.lang.String.regionMatches(ZILjava/lang/String;II)Z @ 63
Event: 55.922 Thread 0x00007f71c800c800 Uncommon trap: reason=class_check action=maybe_recompile pc=0x00007f71b8dcf6ec method=java.io.DataInputStream.readFully([BII)V @ 34
Event: 55.922 Thread 0x00007f71c800c800 Uncommon trap: reason=class_check action=maybe_recompile pc=0x00007f71b8dcf6ec method=java.io.DataInputStream.readFully([BII)V @ 34
Event: 55.922 Thread 0x00007f71c800c800 Uncommon trap: reason=class_check action=maybe_recompile pc=0x00007f71b8dcf6ec method=java.io.DataInputStream.readFully([BII)V @ 34
Event: 55.923 Thread 0x00007f71c800c800 Uncommon trap: reason=class_check action=maybe_recompile pc=0x00007f71b8dcf6ec method=java.io.DataInputStream.readFully([BII)V @ 34

Internal exceptions (10 events):
Event: 2.854 Thread 0x00007f71c800c800 Exception <a 'java/lang/ArrayIndexOutOfBoundsException'> (0x00000000d821d8d8) thrown at [/HUDSON/workspace/8-2-build-linux-amd64/jdk8u91/6644/hotspot/src/share/vm/runtime/sharedRuntime.cpp, line 605]
Event: 2.855 Thread 0x00007f71c800c800 Exception <a 'java/lang/ArrayIndexOutOfBoundsException'> (0x00000000d821ec68) thrown at [/HUDSON/workspace/8-2-build-linux-amd64/jdk8u91/6644/hotspot/src/share/vm/runtime/sharedRuntime.cpp, line 605]
Event: 2.858 Thread 0x00007f71c800c800 Exception <a 'java/lang/ArrayIndexOutOfBoundsException': 68> (0x00000000d8229670) thrown at [/HUDSON/workspace/8-2-build-linux-amd64/jdk8u91/6644/hotspot/src/share/vm/interpreter/interpreterRuntime.cpp, line 366]
Event: 2.859 Thread 0x00007f71c800c800 Exception <a 'java/lang/ArrayIndexOutOfBoundsException': 119> (0x00000000d822b1c8) thrown at [/HUDSON/workspace/8-2-build-linux-amd64/jdk8u91/6644/hotspot/src/share/vm/interpreter/interpreterRuntime.cpp, line 366]
Event: 2.859 Thread 0x00007f71c800c800 Exception <a 'java/lang/ArrayIndexOutOfBoundsException': 65> (0x00000000d822c910) thrown at [/HUDSON/workspace/8-2-build-linux-amd64/jdk8u91/6644/hotspot/src/share/vm/interpreter/interpreterRuntime.cpp, line 366]
Event: 4.338 Thread 0x00007f71c800c800 Exception <a 'java/io/FileNotFoundException'> (0x00000000d8af8360) thrown at [/HUDSON/workspace/8-2-build-linux-amd64/jdk8u91/6644/hotspot/src/share/vm/prims/jni.cpp, line 709]
Event: 4.339 Thread 0x00007f71c800c800 Exception <a 'java/io/FileNotFoundException'> (0x00000000d8af8f00) thrown at [/HUDSON/workspace/8-2-build-linux-amd64/jdk8u91/6644/hotspot/src/share/vm/prims/jni.cpp, line 709]
Event: 54.300 Thread 0x00007f71c800c800 Exception <a 'java/lang/reflect/InvocationTargetException'> (0x00000000d83a8f08) thrown at [/HUDSON/workspace/8-2-build-linux-amd64/jdk8u91/6644/hotspot/src/share/vm/runtime/reflection.cpp, line 1092]
Event: 55.760 Thread 0x00007f71c800c800 Exception <a 'java/lang/ClassNotFoundException': com/sun/org/glassfish/hk2/osgiresourcelocator/ServiceLoader> (0x00000000d89c51d0) thrown at [/HUDSON/workspace/8-2-build-linux-amd64/jdk8u91/6644/hotspot/src/share/vm/classfile/systemDictionary.cpp, line 21
Event: 55.769 Thread 0x00007f71c800c800 Exception <a 'java/lang/NullPointerException'> (0x00000000d89cfeb8) thrown at [/HUDSON/workspace/8-2-build-linux-amd64/jdk8u91/6644/hotspot/src/share/vm/interpreter/linkResolver.cpp, line 1280]

Events (10 events):
Event: 56.047 loading class sun/awt/X11/XMSelectionListener done
Event: 56.047 loading class sun/awt/X11/XSystemTrayPeer done
Event: 56.048 Thread 0x00007f71c849d800 Thread added: 0x00007f71c849d800
Event: 56.048 Executing VM operation: RevokeBias done
Event: 56.049 Thread 0x00007f71c849d800 Thread exited: 0x00007f71c849d800
Event: 56.049 Thread 0x00007f71c8499000 Thread exited: 0x00007f71c8499000
Event: 56.051 Thread 0x00007f7148002800 Thread added: 0x00007f7148002800
Event: 56.051 Thread 0x00007f71c849c000 Thread exited: 0x00007f71c849c000
Event: 56.052 loading class org/apache/http/client/methods/HttpDelete
Event: 56.052 loading class org/apache/http/client/methods/HttpDelete done


Dynamic libraries:
00400000-00401000 r-xp 00000000 08:02 948184                             /usr/lib/jvm/java-8-oracle/bin/java
00600000-00601000 rw-p 00000000 08:02 948184                             /usr/lib/jvm/java-8-oracle/bin/java
0147d000-0149e000 rw-p 00000000 00:00 0                                  [heap]
85000000-8a300000 rw-p 00000000 00:00 0 
8a300000-d7000000 ---p 00000000 00:00 0 
d7000000-d9900000 rw-p 00000000 00:00 0 
d9900000-100000000 ---p 00000000 00:00 0 
100000000-100280000 rw-p 00000000 00:00 0 
100280000-140000000 ---p 00000000 00:00 0 
7f7140000000-7f7140021000 rw-p 00000000 00:00 0 
7f7140021000-7f7144000000 ---p 00000000 00:00 0 
7f7148000000-7f7148021000 rw-p 00000000 00:00 0 
7f7148021000-7f714c000000 ---p 00000000 00:00 0 
7f714c000000-7f714c021000 rw-p 00000000 00:00 0 
7f714c021000-7f7150000000 ---p 00000000 00:00 0 
7f7150000000-7f715028d000 rw-p 00000000 00:00 0 
7f715028d000-7f7154000000 ---p 00000000 00:00 0 
7f7154000000-7f7154021000 rw-p 00000000 00:00 0 
7f7154021000-7f7158000000 ---p 00000000 00:00 0 
7f7158000000-7f7158021000 rw-p 00000000 00:00 0 
7f7158021000-7f715c000000 ---p 00000000 00:00 0 
7f715c000000-7f715c022000 rw-p 00000000 00:00 0 
7f715c022000-7f7160000000 ---p 00000000 00:00 0 
7f7160000000-7f7160021000 rw-p 00000000 00:00 0 
7f7160021000-7f7164000000 ---p 00000000 00:00 0 
7f7164000000-7f7164021000 rw-p 00000000 00:00 0 
7f7164021000-7f7168000000 ---p 00000000 00:00 0 
7f7168000000-7f7168021000 rw-p 00000000 00:00 0 
7f7168021000-7f716c000000 ---p 00000000 00:00 0 
7f716c000000-7f716c021000 rw-p 00000000 00:00 0 
7f716c021000-7f7170000000 ---p 00000000 00:00 0 
7f7170000000-7f7170021000 rw-p 00000000 00:00 0 
7f7170021000-7f7174000000 ---p 00000000 00:00 0 
7f7174c93000-7f7174c96000 ---p 00000000 00:00 0 
7f7174c96000-7f7174d94000 rw-p 00000000 00:00 0 
7f7174d94000-7f7174d97000 ---p 00000000 00:00 0 
7f7174d97000-7f7174e95000 rw-p 00000000 00:00 0 
7f7174e95000-7f7174e98000 ---p 00000000 00:00 0 
7f7174e98000-7f7174f96000 rw-p 00000000 00:00 0 
7f7174f96000-7f7174f99000 ---p 00000000 00:00 0 
7f7174f99000-7f7175217000 rw-p 00000000 00:00 0 
7f7175217000-7f7175297000 ---p 00000000 00:00 0 
7f7175297000-7f71752a0000 r-xp 00000000 08:02 1084491                    /usr/lib/jvm/java-8-oracle/jre/lib/amd64/libmanagement.so
7f71752a0000-7f717549f000 ---p 00009000 08:02 1084491                    /usr/lib/jvm/java-8-oracle/jre/lib/amd64/libmanagement.so
7f717549f000-7f71754a0000 rw-p 00008000 08:02 1084491                    /usr/lib/jvm/java-8-oracle/jre/lib/amd64/libmanagement.so
7f71754a0000-7f71754a3000 ---p 00000000 00:00 0 
7f71754a3000-7f71757a1000 rw-p 00000000 00:00 0 
7f71757a1000-7f71757a4000 ---p 00000000 00:00 0 
7f71757a4000-7f71758a2000 rw-p 00000000 00:00 0 
7f71758a2000-7f71758a7000 r-xp 00000000 08:02 925440                     /usr/lib/x86_64-linux-gnu/libXfixes.so.3.1.0
7f71758a7000-7f7175aa6000 ---p 00005000 08:02 925440                     /usr/lib/x86_64-linux-gnu/libXfixes.so.3.1.0
7f7175aa6000-7f7175aa7000 r--p 00004000 08:02 925440                     /usr/lib/x86_64-linux-gnu/libXfixes.so.3.1.0
7f7175aa7000-7f7175aa8000 rw-p 00005000 08:02 925440                     /usr/lib/x86_64-linux-gnu/libXfixes.so.3.1.0
7f7175aa8000-7f7175ab1000 r-xp 00000000 08:02 925432                     /usr/lib/x86_64-linux-gnu/libXcursor.so.1.0.2
7f7175ab1000-7f7175cb0000 ---p 00009000 08:02 925432                     /usr/lib/x86_64-linux-gnu/libXcursor.so.1.0.2
7f7175cb0000-7f7175cb1000 r--p 00008000 08:02 925432                     /usr/lib/x86_64-linux-gnu/libXcursor.so.1.0.2
7f7175cb1000-7f7175cb2000 rw-p 00009000 08:02 925432                     /usr/lib/x86_64-linux-gnu/libXcursor.so.1.0.2
7f7175cb2000-7f7175cb5000 ---p 00000000 00:00 0 
7f7175cb5000-7f7175db3000 rw-p 00000000 00:00 0 
7f7175db3000-7f7175e18000 r-xp 00000000 08:02 1084310                    /usr/lib/jvm/java-8-oracle/jre/lib/amd64/libfontmanager.so
7f7175e18000-7f7176017000 ---p 00065000 08:02 1084310                    /usr/lib/jvm/java-8-oracle/jre/lib/amd64/libfontmanager.so
7f7176017000-7f717601c000 rw-p 00064000 08:02 1084310                    /usr/lib/jvm/java-8-oracle/jre/lib/amd64/libfontmanager.so
7f717601c000-7f717602c000 rw-p 00000000 00:00 0 
7f717602c000-7f7176031000 r-xp 00000000 08:02 925436                     /usr/lib/x86_64-linux-gnu/libXdmcp.so.6.0.0
7f7176031000-7f7176230000 ---p 00005000 08:02 925436                     /usr/lib/x86_64-linux-gnu/libXdmcp.so.6.0.0
7f7176230000-7f7176231000 r--p 00004000 08:02 925436                     /usr/lib/x86_64-linux-gnu/libXdmcp.so.6.0.0
7f7176231000-7f7176232000 rw-p 00005000 08:02 925436                     /usr/lib/x86_64-linux-gnu/libXdmcp.so.6.0.0
7f7176232000-7f7176234000 r-xp 00000000 08:02 925425                     /usr/lib/x86_64-linux-gnu/libXau.so.6.0.0
7f7176234000-7f7176434000 ---p 00002000 08:02 925425                     /usr/lib/x86_64-linux-gnu/libXau.so.6.0.0
7f7176434000-7f7176435000 r--p 00002000 08:02 925425                     /usr/lib/x86_64-linux-gnu/libXau.so.6.0.0
7f7176435000-7f7176436000 rw-p 00003000 08:02 925425                     /usr/lib/x86_64-linux-gnu/libXau.so.6.0.0
7f7176436000-7f7176453000 r-xp 00000000 08:02 926377                     /usr/lib/x86_64-linux-gnu/libxcb.so.1.1.0
7f7176453000-7f7176653000 ---p 0001d000 08:02 926377                     /usr/lib/x86_64-linux-gnu/libxcb.so.1.1.0
7f7176653000-7f7176654000 r--p 0001d000 08:02 926377                     /usr/lib/x86_64-linux-gnu/libxcb.so.1.1.0
7f7176654000-7f7176655000 rw-p 0001e000 08:02 926377                     /usr/lib/x86_64-linux-gnu/libxcb.so.1.1.0
7f7176655000-7f7176664000 r-xp 00000000 08:02 925446                     /usr/lib/x86_64-linux-gnu/libXi.so.6.1.0
7f7176664000-7f7176863000 ---p 0000f000 08:02 925446                     /usr/lib/x86_64-linux-gnu/libXi.so.6.1.0
7f7176863000-7f7176864000 r--p 0000e000 08:02 925446                     /usr/lib/x86_64-linux-gnu/libXi.so.6.1.0
7f7176864000-7f7176865000 rw-p 0000f000 08:02 925446                     /usr/lib/x86_64-linux-gnu/libXi.so.6.1.0
7f7176865000-7f717686a000 r-xp 00000000 08:02 925466                     /usr/lib/x86_64-linux-gnu/libXtst.so.6.1.0
7f717686a000-7f7176a69000 ---p 00005000 08:02 925466                     /usr/lib/x86_64-linux-gnu/libXtst.so.6.1.0
7f7176a69000-7f7176a6a000 r--p 00004000 08:02 925466                     /usr/lib/x86_64-linux-gnu/libXtst.so.6.1.0
7f7176a6a000-7f7176a6b000 rw-p 00005000 08:02 925466                     /usr/lib/x86_64-linux-gnu/libXtst.so.6.1.0
7f7176a6b000-7f7176a74000 r-xp 00000000 08:02 925460                     /usr/lib/x86_64-linux-gnu/libXrender.so.1.3.0
7f7176a74000-7f7176c73000 ---p 00009000 08:02 925460                     /usr/lib/x86_64-linux-gnu/libXrender.so.1.3.0
7f7176c73000-7f7176c74000 r--p 00008000 08:02 925460                     /usr/lib/x86_64-linux-gnu/libXrender.so.1.3.0
7f7176c74000-7f7176c75000 rw-p 00009000 08:02 925460                     /usr/lib/x86_64-linux-gnu/libXrender.so.1.3.0
7f7176c75000-7f7176da5000 r-xp 00000000 08:02 925421                     /usr/lib/x86_64-linux-gnu/libX11.so.6.3.0
7f7176da5000-7f7176fa5000 ---p 00130000 08:02 925421                     /usr/lib/x86_64-linux-gnu/libX11.so.6.3.0
7f7176fa5000-7f7176fa6000 r--p 00130000 08:02 925421                     /usr/lib/x86_64-linux-gnu/libX11.so.6.3.0
7f7176fa6000-7f7176faa000 rw-p 00131000 08:02 925421                     /usr/lib/x86_64-linux-gnu/libX11.so.6.3.0
7f7176faa000-7f7176fbb000 r-xp 00000000 08:02 925438                     /usr/lib/x86_64-linux-gnu/libXext.so.6.4.0
7f7176fbb000-7f71771ba000 ---p 00011000 08:02 925438                     /usr/lib/x86_64-linux-gnu/libXext.so.6.4.0
7f71771ba000-7f71771bb000 r--p 00010000 08:02 925438                     /usr/lib/x86_64-linux-gnu/libXext.so.6.4.0
7f71771bb000-7f71771bc000 rw-p 00011000 08:02 925438                     /usr/lib/x86_64-linux-gnu/libXext.so.6.4.0
7f71771bc000-7f7177210000 r-xp 00000000 08:02 1084502                    /usr/lib/jvm/java-8-oracle/jre/lib/amd64/libawt_xawt.so
7f7177210000-7f7177410000 ---p 00054000 08:02 1084502                    /usr/lib/jvm/java-8-oracle/jre/lib/amd64/libawt_xawt.so
7f7177410000-7f7177414000 rw-p 00054000 08:02 1084502                    /usr/lib/jvm/java-8-oracle/jre/lib/amd64/libawt_xawt.so
7f7177414000-7f7177415000 rw-p 00000000 00:00 0 
7f7177415000-7f71774b7000 r-xp 00000000 08:02 1084317                    /usr/lib/jvm/java-8-oracle/jre/lib/amd64/libawt.so
7f71774b7000-7f71776b7000 ---p 000a2000 08:02 1084317                    /usr/lib/jvm/java-8-oracle/jre/lib/amd64/libawt.so
7f71776b7000-7f71776c3000 rw-p 000a2000 08:02 1084317                    /usr/lib/jvm/java-8-oracle/jre/lib/amd64/libawt.so
7f71776c3000-7f71778e7000 rw-p 00000000 00:00 0 
7f71778e7000-7f71778ea000 ---p 00000000 00:00 0 
7f71778ea000-7f71779e8000 rw-p 00000000 00:00 0 
7f71779e8000-7f71779eb000 ---p 00000000 00:00 0 
7f71779eb000-7f7177ae9000 rw-p 00000000 00:00 0 
7f7177ae9000-7f7177aec000 ---p 00000000 00:00 0 
7f7177aec000-7f7177dea000 rw-p 00000000 00:00 0 
7f7177dea000-7f7177e00000 r-xp 00000000 08:02 661526                     /lib/x86_64-linux-gnu/libgcc_s.so.1
7f7177e00000-7f7177fff000 ---p 00016000 08:02 661526                     /lib/x86_64-linux-gnu/libgcc_s.so.1
7f7177fff000-7f7178000000 rw-p 00015000 08:02 661526                     /lib/x86_64-linux-gnu/libgcc_s.so.1
7f7178000000-7f7178021000 rw-p 00000000 00:00 0 
7f7178021000-7f717c000000 ---p 00000000 00:00 0 
7f717c000000-7f717c021000 rw-p 00000000 00:00 0 
7f717c021000-7f7180000000 ---p 00000000 00:00 0 
7f7180000000-7f718070d000 rw-p 00000000 00:00 0 
7f718070d000-7f7184000000 ---p 00000000 00:00 0 
7f7184000000-7f7184021000 rw-p 00000000 00:00 0 
7f7184021000-7f7188000000 ---p 00000000 00:00 0 
7f7188000000-7f7188795000 rw-p 00000000 00:00 0 
7f7188795000-7f718c000000 ---p 00000000 00:00 0 
7f718c000000-7f718c44f000 rw-p 00000000 00:00 0 
7f718c44f000-7f7190000000 ---p 00000000 00:00 0 
7f7190000000-7f7190021000 rw-p 00000000 00:00 0 
7f7190021000-7f7194000000 ---p 00000000 00:00 0 
7f7194000000-7f7194021000 rw-p 00000000 00:00 0 
7f7194021000-7f7198000000 ---p 00000000 00:00 0 
7f7198000000-7f7198021000 rw-p 00000000 00:00 0 
7f7198021000-7f719c000000 ---p 00000000 00:00 0 
7f719c000000-7f719c021000 rw-p 00000000 00:00 0 
7f719c021000-7f71a0000000 ---p 00000000 00:00 0 
7f71a0000000-7f71a0021000 rw-p 00000000 00:00 0 
7f71a0021000-7f71a4000000 ---p 00000000 00:00 0 
7f71a4000000-7f71a4021000 rw-p 00000000 00:00 0 
7f71a4021000-7f71a8000000 ---p 00000000 00:00 0 
7f71a8000000-7f71a8021000 rw-p 00000000 00:00 0 
7f71a8021000-7f71ac000000 ---p 00000000 00:00 0 
7f71ac039000-7f71ac06b000 r-xp 00000000 08:02 1084504                    /usr/lib/jvm/java-8-oracle/jre/lib/amd64/libsunec.so
7f71ac06b000-7f71ac26a000 ---p 00032000 08:02 1084504                    /usr/lib/jvm/java-8-oracle/jre/lib/amd64/libsunec.so
7f71ac26a000-7f71ac270000 rw-p 00031000 08:02 1084504                    /usr/lib/jvm/java-8-oracle/jre/lib/amd64/libsunec.so
7f71ac270000-7f71b0000000 rw-p 00000000 00:00 0 
7f71b0000000-7f71b0021000 rw-p 00000000 00:00 0 
7f71b0021000-7f71b4000000 ---p 00000000 00:00 0 
7f71b401e000-7f71b401f000 rw-p 00000000 00:00 0 
7f71b401f000-7f71b4022000 ---p 00000000 00:00 0 
7f71b4022000-7f71b4058000 rw-p 00000000 00:00 0 
7f71b4058000-7f71b4074000 r--s 00393000 08:02 13917                      /usr/lib/jvm/java-8-oracle/jre/lib/ext/cldrdata.jar
7f71b4074000-7f71b407e000 r--s 00116000 08:02 13915                      /usr/lib/jvm/java-8-oracle/jre/lib/ext/localedata.jar
7f71b407e000-7f71b4081000 ---p 00000000 00:00 0 
7f71b4081000-7f71b437f000 rw-p 00000000 00:00 0 
7f71b437f000-7f71b4380000 r--s 00009000 08:02 13908                      /usr/lib/jvm/java-8-oracle/jre/lib/ext/sunec.jar
7f71b4380000-7f71b4383000 r--s 0001a000 08:02 413725                     /usr/lib/jvm/java-8-oracle/jre/lib/jce.jar
7f71b4383000-7f71b4387000 r--s 00097000 08:02 413727                     /usr/lib/jvm/java-8-oracle/jre/lib/jsse.jar
7f71b4387000-7f71b4389000 r--s 0000c000 08:03 15467612                   /home/cosmic/SOFT/idea-IU-145.258.11/plugins/testng/lib/jcommander.jar
7f71b4389000-7f71b43e2000 r--s 00522000 08:03 24643383                   /home/cosmic/.ivy2/cache/org.scala-lang/scala-library/jars/scala-library-2.11.8.jar
7f71b43e2000-7f71b43e7000 r--s 00040000 08:03 29755392                   /home/cosmic/.ivy2/cache/org.beanshell/bsh/jars/bsh-2.0b4.jar
7f71b43e7000-7f71b43eb000 r--s 0002a000 08:03 24643076                   /home/cosmic/.ivy2/cache/commons-io/commons-io/jars/commons-io-2.4.jar
7f71b43eb000-7f71b43ec000 r--s 00002000 08:03 29884471                   /home/cosmic/.ivy2/cache/com.codeborne/phantomjsdriver/jars/phantomjsdriver-1.3.0.jar
7f71b43ec000-7f71b43f1000 r--s 0002e000 08:03 29884459                   /home/cosmic/.ivy2/cache/com.codeborne/selenide/jars/selenide-3.6.jar
7f71b43f1000-7f71b43f6000 r--s 0002f000 08:03 24774458                   /home/cosmic/.ivy2/cache/com.google.code.gson/gson/jars/gson-2.3.1.jar
7f71b43f6000-7f71b4422000 r--s 00208000 08:03 24774457                   /home/cosmic/.ivy2/cache/com.google.guava/guava/bundles/guava-19.0.jar
7f71b4422000-7f71b4426000 r--s 0002f000 08:03 29884489                   /home/cosmic/.ivy2/cache/commons-beanutils/commons-beanutils-core/jars/commons-beanutils-core-1.8.3.jar
7f71b4426000-7f71b442d000 r--s 0003f000 08:03 24911239                   /home/cosmic/.ivy2/cache/commons-codec/commons-codec/jars/commons-codec-1.10.jar
7f71b442d000-7f71b442f000 r--s 0000e000 08:03 24911238                   /home/cosmic/.ivy2/cache/commons-logging/commons-logging/jars/commons-logging-1.2.jar
7f71b442f000-7f71b4445000 r--s 000f9000 08:03 24774459                   /home/cosmic/.ivy2/cache/io.netty/netty/bundles/netty-3.5.7.Final.jar
7f71b4445000-7f71b4449000 r--s 000dc000 08:03 29755854                   /home/cosmic/.ivy2/cache/net.java.dev.jna/jna/jars/jna-4.1.0.jar
7f71b4449000-7f71b445a000 r--s 00155000 08:03 29884469                   /home/cosmic/.ivy2/cache/net.java.dev.jna/jna-platform/jars/jna-platform-4.1.0.jar
7f71b445a000-7f71b445c000 r--s 0000c000 08:03 27135791                   /home/cosmic/.ivy2/cache/org.apache.commons/commons-exec/jars/commons-exec-1.3.jar
7f71b445c000-7f71b4469000 r--s 000a6000 08:03 24911236                   /home/cosmic/.ivy2/cache/org.apache.httpcomponents/httpclient/jars/httpclient-4.5.1.jar
7f71b4469000-7f71b4470000 r--s 00049000 08:03 24911237                   /home/cosmic/.ivy2/cache/org.apache.httpcomponents/httpcore/jars/httpcore-4.4.3.jar
7f71b4470000-7f71b4477000 r--s 0007a000 08:03 29884481                   /home/cosmic/.ivy2/cache/org.apache.tika/tika-core/bundles/tika-core-1.7.jar
7f71b4477000-7f71b447b000 r--s 00019000 08:03 29884477                   /home/cosmic/.ivy2/cache/org.aspectj/aspectjrt/jars/aspectjrt-1.8.3.jar
7f71b447b000-7f71b4494000 r--s 001af000 08:03 29884463                   /home/cosmic/.ivy2/cache/org.aspectj/aspectjweaver/jars/aspectjweaver-1.8.9.jar
7f71b4494000-7f71b449a000 r--s 0001e000 08:03 29884485                   /home/cosmic/.ivy2/cache/org.jvnet.jaxb2_commons/jaxb2-basics-runtime/jars/jaxb2-basics-runtime-0.9.3.jar
7f71b449a000-7f71b449f000 r--s 0001f000 08:03 29755853                   /home/cosmic/.ivy2/cache/org.seleniumhq.selenium/selenium-api/jars/selenium-api-2.53.0.jar
7f71b449f000-7f71b44a0000 r--s 00002000 08:03 29755847                   /home/cosmic/.ivy2/cache/org.seleniumhq.selenium/selenium-chrome-driver/jars/selenium-chrome-driver-2.53.0.jar
7f71b44a0000-7f71b44a1000 r--s 00001000 08:03 29884465                   /home/cosmic/.ivy2/cache/org.seleniumhq.selenium/selenium-edge-driver/jars/selenium-edge-driver-2.53.0.jar
7f71b44a1000-7f71b44a3000 r--s 000c7000 08:03 29755848                   /home/cosmic/.ivy2/cache/org.seleniumhq.selenium/selenium-firefox-driver/jars/selenium-firefox-driver-2.53.0.jar
7f71b44a3000-7f71b44a4000 r--s 00002000 08:03 29755849                   /home/cosmic/.ivy2/cache/org.seleniumhq.selenium/selenium-ie-driver/jars/selenium-ie-driver-2.53.0.jar
7f71b44a4000-7f71b44a5000 r--s 00000000 08:03 29755846                   /home/cosmic/.ivy2/cache/org.seleniumhq.selenium/selenium-java/jars/selenium-java-2.53.0.jar
7f71b44a5000-7f71b44aa000 r--s 0005d000 08:03 29884467                   /home/cosmic/.ivy2/cache/org.seleniumhq.selenium/selenium-leg-rc/jars/selenium-leg-rc-2.53.0.jar
7f71b44aa000-7f71b44af000 r--s 00035000 08:03 29755852                   /home/cosmic/.ivy2/cache/org.seleniumhq.selenium/selenium-remote-driver/jars/selenium-remote-driver-2.53.0.jar
7f71b44af000-7f71b44b1000 r--s 00014000 08:03 29755850                   /home/cosmic/.ivy2/cache/org.seleniumhq.selenium/selenium-safari-driver/jars/selenium-safari-driver-2.53.0.jar
7f71b44b1000-7f71b44b6000 r--s 00025000 08:03 29755851                   /home/cosmic/.ivy2/cache/org.seleniumhq.selenium/selenium-support/jars/selenium-support-2.53.0.jar
7f71b44b6000-7f71b44b7000 r--s 00007000 08:03 24773374                   /home/cosmic/.ivy2/cache/org.slf4j/slf4j-api/jars/slf4j-api-1.7.12.jar
7f71b44b7000-7f71b44ba000 r--s 0000e000 08:03 29884475                   /home/cosmic/.ivy2/cache/ru.yandex.qatools.allure/allure-java-adaptor-api/jars/allure-java-adaptor-api-1.4.23.jar
7f71b44ba000-7f71b44bb000 r--s 00001000 08:03 29884479                   /home/cosmic/.ivy2/cache/ru.yandex.qatools.allure/allure-java-annotations/jars/allure-java-annotations-1.4.23.jar
7f71b44bb000-7f71b44bc000 r--s 00002000 08:03 29884473                   /home/cosmic/.ivy2/cache/ru.yandex.qatools.allure/allure-java-aspects/jars/allure-java-aspects-1.4.23.jar
7f71b44bc000-7f71b44bd000 r--s 0000a000 08:03 29884483                   /home/cosmic/.ivy2/cache/ru.yandex.qatools.allure/allure-model/jars/allure-model-1.4.23.jar
7f71b44bd000-7f71b44cb000 r--s 000c7000 08:03 29755761                   /home/cosmic/.ivy2/cache/org.testng/testng/jars/testng-6.9.10.jar
7f71b44cb000-7f71b44de000 r--s 00344000 08:02 413786                     /usr/lib/jvm/java-8-oracle/jre/lib/resources.jar
7f71b44de000-7f71b44f1000 r--s 000d6000 08:02 413789                     /usr/lib/jvm/java-8-oracle/jre/lib/plugin.jar
7f71b44f1000-7f71b450c000 r--s 00208000 08:02 413803                     /usr/lib/jvm/java-8-oracle/jre/lib/deploy.jar
7f71b450c000-7f71b453d000 rw-p 00000000 00:00 0 
7f71b453d000-7f71b4553000 r-xp 00000000 08:02 1084488                    /usr/lib/jvm/java-8-oracle/jre/lib/amd64/libnet.so
7f71b4553000-7f71b4753000 ---p 00016000 08:02 1084488                    /usr/lib/jvm/java-8-oracle/jre/lib/amd64/libnet.so
7f71b4753000-7f71b4754000 rw-p 00016000 08:02 1084488                    /usr/lib/jvm/java-8-oracle/jre/lib/amd64/libnet.so
7f71b4754000-7f71b4757000 ---p 00000000 00:00 0 
7f71b4757000-7f71b4855000 rw-p 00000000 00:00 0 
7f71b4855000-7f71b4856000 r-xp 00000000 08:03 15204416                   /home/cosmic/SOFT/idea-IU-145.258.11/bin/libbreakgen64.so
7f71b4856000-7f71b4a55000 ---p 00001000 08:03 15204416                   /home/cosmic/SOFT/idea-IU-145.258.11/bin/libbreakgen64.so
7f71b4a55000-7f71b4a56000 r--p 00000000 08:03 15204416                   /home/cosmic/SOFT/idea-IU-145.258.11/bin/libbreakgen64.so
7f71b4a56000-7f71b4a57000 rw-p 00001000 08:03 15204416                   /home/cosmic/SOFT/idea-IU-145.258.11/bin/libbreakgen64.so
7f71b4a57000-7f71b4a58000 ---p 00000000 00:00 0 
7f71b4a58000-7f71b4b58000 rw-p 00000000 00:00 0 
7f71b4b58000-7f71b4b5b000 ---p 00000000 00:00 0 
7f71b4b5b000-7f71b4c59000 rw-p 00000000 00:00 0 
7f71b4c59000-7f71b4c5c000 ---p 00000000 00:00 0 
7f71b4c5c000-7f71b4d5a000 rw-p 00000000 00:00 0 
7f71b4d5a000-7f71b4d5d000 ---p 00000000 00:00 0 
7f71b4d5d000-7f71b4e5b000 rw-p 00000000 00:00 0 
7f71b4e5b000-7f71b4e5e000 ---p 00000000 00:00 0 
7f71b4e5e000-7f71b4f5c000 rw-p 00000000 00:00 0 
7f71b4f5c000-7f71b4f5f000 ---p 00000000 00:00 0 
7f71b4f5f000-7f71b505d000 rw-p 00000000 00:00 0 
7f71b505d000-7f71b5b95000 r--p 00000000 08:02 794137                     /usr/lib/locale/locale-archive
7f71b5b95000-7f71b5b98000 ---p 00000000 00:00 0 
7f71b5b98000-7f71b5c96000 rw-p 00000000 00:00 0 
7f71b5c96000-7f71b5c99000 ---p 00000000 00:00 0 
7f71b5c99000-7f71b5d97000 rw-p 00000000 00:00 0 
7f71b5d97000-7f71b5d98000 ---p 00000000 00:00 0 
7f71b5d98000-7f71b6e7a000 rw-p 00000000 00:00 0 
7f71b6e7a000-7f71b7053000 r--s 03d1f000 08:02 413728                     /usr/lib/jvm/java-8-oracle/jre/lib/rt.jar
7f71b7053000-7f71b7ca1000 rw-p 00000000 00:00 0 
7f71b7ca1000-7f71b7ca2000 ---p 00000000 00:00 0 
7f71b7ca2000-7f71b7da2000 rw-p 00000000 00:00 0 
7f71b7da2000-7f71b7da3000 ---p 00000000 00:00 0 
7f71b7da3000-7f71b7ea3000 rw-p 00000000 00:00 0 
7f71b7ea3000-7f71b7ea4000 ---p 00000000 00:00 0 
7f71b7ea4000-7f71b7fce000 rw-p 00000000 00:00 0 
7f71b7fce000-7f71b8234000 ---p 00000000 00:00 0 
7f71b8234000-7f71b825e000 rw-p 00000000 00:00 0 
7f71b825e000-7f71b84c4000 ---p 00000000 00:00 0 
7f71b84c4000-7f71b84d9000 rw-p 00000000 00:00 0 
7f71b84d9000-7f71b860c000 ---p 00000000 00:00 0 
7f71b860c000-7f71b862b000 rw-p 00000000 00:00 0 
7f71b862b000-7f71b89cd000 ---p 00000000 00:00 0 
7f71b89cd000-7f71b912d000 rwxp 00000000 00:00 0 
7f71b912d000-7f71c79cd000 ---p 00000000 00:00 0 
7f71c79cd000-7f71c79e7000 r-xp 00000000 08:02 1084323                    /usr/lib/jvm/java-8-oracle/jre/lib/amd64/libzip.so
7f71c79e7000-7f71c7be7000 ---p 0001a000 08:02 1084323                    /usr/lib/jvm/java-8-oracle/jre/lib/amd64/libzip.so
7f71c7be7000-7f71c7be8000 rw-p 0001a000 08:02 1084323                    /usr/lib/jvm/java-8-oracle/jre/lib/amd64/libzip.so
7f71c7be8000-7f71c7bf3000 r-xp 00000000 08:02 661574                     /lib/x86_64-linux-gnu/libnss_files-2.19.so
7f71c7bf3000-7f71c7df2000 ---p 0000b000 08:02 661574                     /lib/x86_64-linux-gnu/libnss_files-2.19.so
7f71c7df2000-7f71c7df3000 r--p 0000a000 08:02 661574                     /lib/x86_64-linux-gnu/libnss_files-2.19.so
7f71c7df3000-7f71c7df4000 rw-p 0000b000 08:02 661574                     /lib/x86_64-linux-gnu/libnss_files-2.19.so
7f71c7df4000-7f71c7dff000 r-xp 00000000 08:02 661584                     /lib/x86_64-linux-gnu/libnss_nis-2.19.so
7f71c7dff000-7f71c7ffe000 ---p 0000b000 08:02 661584                     /lib/x86_64-linux-gnu/libnss_nis-2.19.so
7f71c7ffe000-7f71c7fff000 r--p 0000a000 08:02 661584                     /lib/x86_64-linux-gnu/libnss_nis-2.19.so
7f71c7fff000-7f71c8000000 rw-p 0000b000 08:02 661584                     /lib/x86_64-linux-gnu/libnss_nis-2.19.so
7f71c8000000-7f71c8a2a000 rw-p 00000000 00:00 0 
7f71c8a2a000-7f71cc000000 ---p 00000000 00:00 0 
7f71cc000000-7f71cc001000 r--s 00002000 08:03 29884461                   /home/cosmic/.ivy2/cache/ru.yandex.qatools.allure/allure-testng-adaptor/jars/allure-testng-adaptor-1.4.23.jar
7f71cc001000-7f71cc002000 r--s 00003000 08:03 29884487                   /home/cosmic/.ivy2/cache/ru.yandex.qatools.properties/properties-loader/jars/properties-loader-1.5.jar
7f71cc002000-7f71cc004000 r--s 0000e000 08:03 29755762                   /home/cosmic/.ivy2/cache/com.beust/jcommander/jars/jcommander-1.48.jar
7f71cc004000-7f71cc00b000 r--s 00049000 08:03 29755356                   /home/cosmic/.ivy2/cache/cglib/cglib-nodep/jars/cglib-nodep-2.1_3.jar
7f71cc00b000-7f71cc00c000 r--s 00000000 08:02 413785                     /usr/lib/jvm/java-8-oracle/jre/lib/management-agent.jar
7f71cc00c000-7f71cc010000 r--s 00097000 08:02 413727                     /usr/lib/jvm/java-8-oracle/jre/lib/jsse.jar
7f71cc010000-7f71cc011000 ---p 00000000 00:00 0 
7f71cc011000-7f71cc111000 rw-p 00000000 00:00 0 
7f71cc111000-7f71cc128000 r-xp 00000000 08:02 661568                     /lib/x86_64-linux-gnu/libnsl-2.19.so
7f71cc128000-7f71cc327000 ---p 00017000 08:02 661568                     /lib/x86_64-linux-gnu/libnsl-2.19.so
7f71cc327000-7f71cc328000 r--p 00016000 08:02 661568                     /lib/x86_64-linux-gnu/libnsl-2.19.so
7f71cc328000-7f71cc329000 rw-p 00017000 08:02 661568                     /lib/x86_64-linux-gnu/libnsl-2.19.so
7f71cc329000-7f71cc32b000 rw-p 00000000 00:00 0 
7f71cc32b000-7f71cc334000 r-xp 00000000 08:02 661570                     /lib/x86_64-linux-gnu/libnss_compat-2.19.so
7f71cc334000-7f71cc533000 ---p 00009000 08:02 661570                     /lib/x86_64-linux-gnu/libnss_compat-2.19.so
7f71cc533000-7f71cc534000 r--p 00008000 08:02 661570                     /lib/x86_64-linux-gnu/libnss_compat-2.19.so
7f71cc534000-7f71cc535000 rw-p 00009000 08:02 661570                     /lib/x86_64-linux-gnu/libnss_compat-2.19.so
7f71cc535000-7f71cc55f000 r-xp 00000000 08:02 1084492                    /usr/lib/jvm/java-8-oracle/jre/lib/amd64/libjava.so
7f71cc55f000-7f71cc75f000 ---p 0002a000 08:02 1084492                    /usr/lib/jvm/java-8-oracle/jre/lib/amd64/libjava.so
7f71cc75f000-7f71cc761000 rw-p 0002a000 08:02 1084492                    /usr/lib/jvm/java-8-oracle/jre/lib/amd64/libjava.so
7f71cc761000-7f71cc76e000 r-xp 00000000 08:02 1084501                    /usr/lib/jvm/java-8-oracle/jre/lib/amd64/libverify.so
7f71cc76e000-7f71cc96e000 ---p 0000d000 08:02 1084501                    /usr/lib/jvm/java-8-oracle/jre/lib/amd64/libverify.so
7f71cc96e000-7f71cc970000 rw-p 0000d000 08:02 1084501                    /usr/lib/jvm/java-8-oracle/jre/lib/amd64/libverify.so
7f71cc970000-7f71cc977000 r-xp 00000000 08:02 661627                     /lib/x86_64-linux-gnu/librt-2.19.so
7f71cc977000-7f71ccb76000 ---p 00007000 08:02 661627                     /lib/x86_64-linux-gnu/librt-2.19.so
7f71ccb76000-7f71ccb77000 r--p 00006000 08:02 661627                     /lib/x86_64-linux-gnu/librt-2.19.so
7f71ccb77000-7f71ccb78000 rw-p 00007000 08:02 661627                     /lib/x86_64-linux-gnu/librt-2.19.so
7f71ccb78000-7f71ccc7d000 r-xp 00000000 08:02 661549                     /lib/x86_64-linux-gnu/libm-2.19.so
7f71ccc7d000-7f71cce7c000 ---p 00105000 08:02 661549                     /lib/x86_64-linux-gnu/libm-2.19.so
7f71cce7c000-7f71cce7d000 r--p 00104000 08:02 661549                     /lib/x86_64-linux-gnu/libm-2.19.so
7f71cce7d000-7f71cce7e000 rw-p 00105000 08:02 661549                     /lib/x86_64-linux-gnu/libm-2.19.so
7f71cce7e000-7f71cdb3e000 r-xp 00000000 08:02 1084463                    /usr/lib/jvm/java-8-oracle/jre/lib/amd64/server/libjvm.so
7f71cdb3e000-7f71cdd3e000 ---p 00cc0000 08:02 1084463                    /usr/lib/jvm/java-8-oracle/jre/lib/amd64/server/libjvm.so
7f71cdd3e000-7f71cde16000 rw-p 00cc0000 08:02 1084463                    /usr/lib/jvm/java-8-oracle/jre/lib/amd64/server/libjvm.so
7f71cde16000-7f71cde61000 rw-p 00000000 00:00 0 
7f71cde61000-7f71ce01c000 r-xp 00000000 08:02 661499                     /lib/x86_64-linux-gnu/libc-2.19.so
7f71ce01c000-7f71ce21b000 ---p 001bb000 08:02 661499                     /lib/x86_64-linux-gnu/libc-2.19.so
7f71ce21b000-7f71ce21f000 r--p 001ba000 08:02 661499                     /lib/x86_64-linux-gnu/libc-2.19.so
7f71ce21f000-7f71ce221000 rw-p 001be000 08:02 661499                     /lib/x86_64-linux-gnu/libc-2.19.so
7f71ce221000-7f71ce226000 rw-p 00000000 00:00 0 
7f71ce226000-7f71ce229000 r-xp 00000000 08:02 661516                     /lib/x86_64-linux-gnu/libdl-2.19.so
7f71ce229000-7f71ce428000 ---p 00003000 08:02 661516                     /lib/x86_64-linux-gnu/libdl-2.19.so
7f71ce428000-7f71ce429000 r--p 00002000 08:02 661516                     /lib/x86_64-linux-gnu/libdl-2.19.so
7f71ce429000-7f71ce42a000 rw-p 00003000 08:02 661516                     /lib/x86_64-linux-gnu/libdl-2.19.so
7f71ce42a000-7f71ce43f000 r-xp 00000000 08:02 413719                     /usr/lib/jvm/java-8-oracle/lib/amd64/jli/libjli.so
7f71ce43f000-7f71ce63f000 ---p 00015000 08:02 413719                     /usr/lib/jvm/java-8-oracle/lib/amd64/jli/libjli.so
7f71ce63f000-7f71ce640000 rw-p 00015000 08:02 413719                     /usr/lib/jvm/java-8-oracle/lib/amd64/jli/libjli.so
7f71ce640000-7f71ce659000 r-xp 00000000 08:02 661619                     /lib/x86_64-linux-gnu/libpthread-2.19.so
7f71ce659000-7f71ce858000 ---p 00019000 08:02 661619                     /lib/x86_64-linux-gnu/libpthread-2.19.so
7f71ce858000-7f71ce859000 r--p 00018000 08:02 661619                     /lib/x86_64-linux-gnu/libpthread-2.19.so
7f71ce859000-7f71ce85a000 rw-p 00019000 08:02 661619                     /lib/x86_64-linux-gnu/libpthread-2.19.so
7f71ce85a000-7f71ce85e000 rw-p 00000000 00:00 0 
7f71ce85e000-7f71ce881000 r-xp 00000000 08:02 661475                     /lib/x86_64-linux-gnu/ld-2.19.so
7f71ce881000-7f71ce883000 r--s 00007000 08:02 413729                     /usr/lib/jvm/java-8-oracle/jre/lib/jfxswt.jar
7f71ce883000-7f71ce888000 r--s 00084000 08:02 413777                     /usr/lib/jvm/java-8-oracle/jre/lib/jfr.jar
7f71ce888000-7f71ce88b000 r--s 0001a000 08:02 413725                     /usr/lib/jvm/java-8-oracle/jre/lib/jce.jar
7f71ce88b000-7f71ce895000 r--s 0006c000 08:02 413766                     /usr/lib/jvm/java-8-oracle/jre/lib/javaws.jar
7f71ce895000-7f71ce960000 rw-p 00000000 00:00 0 
7f71ce960000-7f71ce963000 ---p 00000000 00:00 0 
7f71ce963000-7f71cea65000 rw-p 00000000 00:00 0 
7f71cea65000-7f71cea6b000 r--s 002f8000 08:02 413805                     /usr/lib/jvm/java-8-oracle/jre/lib/charsets.jar
7f71cea6b000-7f71cea72000 r--s 000c2000 08:03 15467614                   /home/cosmic/SOFT/idea-IU-145.258.11/plugins/testng/lib/testng-plugin.jar
7f71cea72000-7f71cea74000 r--s 0001e000 08:03 15204515                   /home/cosmic/SOFT/idea-IU-145.258.11/lib/idea_rt.jar
7f71cea74000-7f71cea7c000 rw-s 00000000 08:02 526251                     /tmp/hsperfdata_cosmic/14452
7f71cea7c000-7f71cea7d000 rw-p 00000000 00:00 0 
7f71cea7d000-7f71cea7e000 r--p 00000000 00:00 0 
7f71cea7e000-7f71cea80000 rw-p 00000000 00:00 0 
7f71cea80000-7f71cea81000 r--p 00022000 08:02 661475                     /lib/x86_64-linux-gnu/ld-2.19.so
7f71cea81000-7f71cea82000 rw-p 00023000 08:02 661475                     /lib/x86_64-linux-gnu/ld-2.19.so
7f71cea82000-7f71cea83000 rw-p 00000000 00:00 0 
7fff6da8d000-7fff6dab0000 rw-p 00000000 00:00 0                          [stack]
7fff6dac1000-7fff6dac3000 r--p 00000000 00:00 0                          [vvar]
7fff6dac3000-7fff6dac5000 r-xp 00000000 00:00 0                          [vdso]
ffffffffff600000-ffffffffff601000 r-xp 00000000 00:00 0                  [vsyscall]

VM Arguments:
jvm_args: -ea -Didea.launcher.port=7533 -Didea.launcher.bin.path=/home/cosmic/SOFT/idea-IU-145.258.11/bin -Didea.testng.sm_runner -Dfile.encoding=UTF-8 
java_command: com.intellij.rt.execution.application.AppMain org.testng.RemoteTestNGStarter -port 39870 -usedefaultlisteners false -socket36003 @w@/tmp/idea_working_dirs_testng.tmp -temp /tmp/idea_testng.tmp
java_class_path (initial): /home/cosmic/SOFT/idea-IU-145.258.11/lib/idea_rt.jar:/home/cosmic/SOFT/idea-IU-145.258.11/plugins/testng/lib/testng-plugin.jar:/usr/lib/jvm/java-8-oracle/jre/lib/charsets.jar:/usr/lib/jvm/java-8-oracle/jre/lib/deploy.jar:/usr/lib/jvm/java-8-oracle/jre/lib/ext/cldrdata.jar:/usr/lib/jvm/java-8-oracle/jre/lib/ext/dnsns.jar:/usr/lib/jvm/java-8-oracle/jre/lib/ext/jaccess.jar:/usr/lib/jvm/java-8-oracle/jre/lib/ext/jfxrt.jar:/usr/lib/jvm/java-8-oracle/jre/lib/ext/localedata.jar:/usr/lib/jvm/java-8-oracle/jre/lib/ext/nashorn.jar:/usr/lib/jvm/java-8-oracle/jre/lib/ext/sunec.jar:/usr/lib/jvm/java-8-oracle/jre/lib/ext/sunjce_provider.jar:/usr/lib/jvm/java-8-oracle/jre/lib/ext/sunpkcs11.jar:/usr/lib/jvm/java-8-oracle/jre/lib/ext/zipfs.jar:/usr/lib/jvm/java-8-oracle/jre/lib/javaws.jar:/usr/lib/jvm/java-8-oracle/jre/lib/jce.jar:/usr/lib/jvm/java-8-oracle/jre/lib/jfr.jar:/usr/lib/jvm/java-8-oracle/jre/lib/jfxswt.jar:/usr/lib/jvm/java-8-oracle/jre/lib/jsse.jar:/usr/lib/jvm/java-8-oracle/jre/lib/management-agent.jar:/usr/lib/jvm/java-8-oracle/jre/lib/plugin.jar:/usr/lib/jvm/java-8-oracle/jre/lib/resources.jar:/usr/lib/jvm/java-8-oracle/jre/lib/rt.jar:/home/cosmic/IdeaProjects/FC/ui-tests/target/scala-2.11/test-classes:/home/cosmic/.ivy2/cache/cglib/cglib-nodep/jars/cglib-nodep-2.1_3.jar:/home/cosmic/.ivy2/cache/org.testng/testng/jars/testng-6.9.10.jar:/home/cosmic/.ivy2/cache/com.beust/jcommander/jars/jcommander-1.48.jar:/home/cosmic/.ivy2/cache/ru.yandex.qatools.properties/properties-loader/jars/properties-loader-1.5.jar:/home/cosmic/.ivy2/cache/ru.yandex.qatools.allure/allure-testng-adaptor/jars/allure-testng-adaptor-1.4.23.jar:/home/cosmic/.ivy2/cache/ru.yandex.qatools.allure/allure-model/jars/allure-model-1.4.23.jar:/home/cosmic/.ivy2/cache/ru.yandex.qatools.allure/allure-java-aspects/jars/allure-java-aspects-1.4.23.jar:/home/cosmic/.ivy2/cache/ru.yandex.qatools.allure/allure-java-annotations/jars/allure-java-annotations-1.4.23.jar:/home/cosmic/.ivy2
Launcher Type: SUN_STANDARD

Environment Variables:
JAVA_HOME=/opt/jdk1.8.0_91
JRE_HOME=/opt/jdk1.8.0_91/bin
PATH=/home/cosmic/SOFT/google-cloud-sdk/bin:/usr/local/sbin:/usr/local/bin:/usr/sbin:/usr/bin:/sbin:/bin:/opt/go1.5/bin:/opt/sbt/bin:/home/cosmic/SOFT/google-cloud-sdk/bin:/usr/local/sbin:/usr/local/bin:/usr/sbin:/usr/bin:/sbin:/bin:/home/cosmic/bash_scripts/touchpad.sh:/home/cosmic/bash_scripts/monitor.sh:/opt/jdk1.8.0_91:/opt/jdk1.8.0_91/bin:/opt/go1.5/bin:/opt/sbt/bin
LD_LIBRARY_PATH=/home/cosmic/SOFT/idea-IU-145.258.11/bin:
SHELL=/bin/bash
DISPLAY=:0.0

Signal Handlers:
SIGSEGV: [libjvm.so+0xabca10], sa_mask[0]=11111111011111111101111111111110, sa_flags=SA_RESTART|SA_SIGINFO
SIGBUS: [libjvm.so+0xabca10], sa_mask[0]=11111111011111111101111111111110, sa_flags=SA_RESTART|SA_SIGINFO
SIGFPE: [libjvm.so+0x919a20], sa_mask[0]=11111111011111111101111111111110, sa_flags=SA_RESTART|SA_SIGINFO
SIGPIPE: [libjvm.so+0x919a20], sa_mask[0]=11111111011111111101111111111110, sa_flags=SA_RESTART|SA_SIGINFO
SIGXFSZ: [libjvm.so+0x919a20], sa_mask[0]=11111111011111111101111111111110, sa_flags=SA_RESTART|SA_SIGINFO
SIGILL: [libjvm.so+0x919a20], sa_mask[0]=11111111011111111101111111111110, sa_flags=SA_RESTART|SA_SIGINFO
SIGUSR1: SIG_DFL, sa_mask[0]=00000000000000000000000000000000, sa_flags=none
SIGUSR2: [libjvm.so+0x91b050], sa_mask[0]=00100000000000000000000000000000, sa_flags=SA_RESTART|SA_SIGINFO
SIGHUP: [libjvm.so+0x91c450], sa_mask[0]=11111111011111111101111111111110, sa_flags=SA_RESTART|SA_SIGINFO
SIGINT: [libjvm.so+0x91c450], sa_mask[0]=11111111011111111101111111111110, sa_flags=SA_RESTART|SA_SIGINFO
SIGTERM: [libjvm.so+0x91c450], sa_mask[0]=11111111011111111101111111111110, sa_flags=SA_RESTART|SA_SIGINFO
SIGQUIT: [libjvm.so+0x91c450], sa_mask[0]=11111111011111111101111111111110, sa_flags=SA_RESTART|SA_SIGINFO


---------------  S Y S T E M  ---------------

OS:DISTRIB_ID=Ubuntu
DISTRIB_RELEASE=14.04
DISTRIB_CODENAME=trusty
DISTRIB_DESCRIPTION="Ubuntu 14.04.4 LTS"

uname:Linux 4.2.0-36-generic #41~14.04.1-Ubuntu SMP Tue Apr 19 17:03:32 UTC 2016 x86_64
libc:glibc 2.19 NPTL 2.19 
rlimit: STACK 8192k, CORE 0k, NPROC 31383, NOFILE 4096, AS infinity
load average:4.91 4.41 3.16

/proc/meminfo:
MemTotal:        8056392 kB
MemFree:          447840 kB
MemAvailable:    1163592 kB
Buffers:           40968 kB
Cached:          2340600 kB
SwapCached:           16 kB
Active:          5918128 kB
Inactive:        1387272 kB
Active(anon):    5510496 kB
Inactive(anon):  1133260 kB
Active(file):     407632 kB
Inactive(file):   254012 kB
Unevictable:         908 kB
Mlocked:             908 kB
SwapTotal:       4881404 kB
SwapFree:        4843400 kB
Dirty:              1732 kB
Writeback:             0 kB
AnonPages:       4920532 kB
Mapped:          1720280 kB
Shmem:           1719924 kB
Slab:             140200 kB
SReclaimable:      96384 kB
SUnreclaim:        43816 kB
KernelStack:       15120 kB
PageTables:        69488 kB
NFS_Unstable:          0 kB
Bounce:                0 kB
WritebackTmp:          0 kB
CommitLimit:     8909600 kB
Committed_AS:   14243760 kB
VmallocTotal:   34359738367 kB
VmallocUsed:      360764 kB
VmallocChunk:   34358947836 kB
HardwareCorrupted:     0 kB
AnonHugePages:   1585152 kB
CmaTotal:              0 kB
CmaFree:               0 kB
HugePages_Total:       0
HugePages_Free:        0
HugePages_Rsvd:        0
HugePages_Surp:        0
Hugepagesize:       2048 kB
DirectMap4k:      225224 kB
DirectMap2M:     8044544 kB


CPU:total 4 (2 cores per cpu, 2 threads per core) family 6 model 42 stepping 7, cmov, cx8, fxsr, mmx, sse, sse2, sse3, ssse3, sse4.1, sse4.2, popcnt, avx, clmul, ht, tsc, tscinvbit

/proc/cpuinfo:
processor	: 0
vendor_id	: GenuineIntel
cpu family	: 6
model		: 42
model name	: Intel(R) Core(TM) i3-2377M CPU @ 1.50GHz
stepping	: 7
microcode	: 0x28
cpu MHz		: 1500.000
cache size	: 3072 KB
physical id	: 0
siblings	: 4
core id		: 0
cpu cores	: 2
apicid		: 0
initial apicid	: 0
fpu		: yes
fpu_exception	: yes
cpuid level	: 13
wp		: yes
flags		: fpu vme de pse tsc msr pae mce cx8 apic sep mtrr pge mca cmov pat pse36 clflush dts acpi mmx fxsr sse sse2 ss ht tm pbe syscall nx rdtscp lm constant_tsc arch_perfmon pebs bts rep_good nopl xtopology nonstop_tsc aperfmperf eagerfpu pni pclmulqdq dtes64 monitor ds_cpl vmx est tm2 ssse3 cx16 xtpr pdcm pcid sse4_1 sse4_2 x2apic popcnt tsc_deadline_timer xsave avx lahf_lm arat epb pln pts dtherm tpr_shadow vnmi flexpriority ept vpid xsaveopt
bugs		:
bogomips	: 2993.29
clflush size	: 64
cache_alignment	: 64
address sizes	: 36 bits physical, 48 bits virtual
power management:

processor	: 1
vendor_id	: GenuineIntel
cpu family	: 6
model		: 42
model name	: Intel(R) Core(TM) i3-2377M CPU @ 1.50GHz
stepping	: 7
microcode	: 0x28
cpu MHz		: 1500.000
cache size	: 3072 KB
physical id	: 0
siblings	: 4
core id		: 1
cpu cores	: 2
apicid		: 2
initial apicid	: 2
fpu		: yes
fpu_exception	: yes
cpuid level	: 13
wp		: yes
flags		: fpu vme de pse tsc msr pae mce cx8 apic sep mtrr pge mca cmov pat pse36 clflush dts acpi mmx fxsr sse sse2 ss ht tm pbe syscall nx rdtscp lm constant_tsc arch_perfmon pebs bts rep_good nopl xtopology nonstop_tsc aperfmperf eagerfpu pni pclmulqdq dtes64 monitor ds_cpl vmx est tm2 ssse3 cx16 xtpr pdcm pcid sse4_1 sse4_2 x2apic popcnt tsc_deadline_timer xsave avx lahf_lm arat epb pln pts dtherm tpr_shadow vnmi flexpriority ept vpid xsaveopt
bugs		:
bogomips	: 2993.29
clflush size	: 64
cache_alignment	: 64
address sizes	: 36 bits physical, 48 bits virtual
power management:

processor	: 2
vendor_id	: GenuineIntel
cpu family	: 6
model		: 42
model name	: Intel(R) Core(TM) i3-2377M CPU @ 1.50GHz
stepping	: 7
microcode	: 0x28
cpu MHz		: 1500.000
cache size	: 3072 KB
physical id	: 0
siblings	: 4
core id		: 0
cpu cores	: 2
apicid		: 1
initial apicid	: 1
fpu		: yes
fpu_exception	: yes
cpuid level	: 13
wp		: yes
flags		: fpu vme de pse tsc msr pae mce cx8 apic sep mtrr pge mca cmov pat pse36 clflush dts acpi mmx fxsr sse sse2 ss ht tm pbe syscall nx rdtscp lm constant_tsc arch_perfmon pebs bts rep_good nopl xtopology nonstop_tsc aperfmperf eagerfpu pni pclmulqdq dtes64 monitor ds_cpl vmx est tm2 ssse3 cx16 xtpr pdcm pcid sse4_1 sse4_2 x2apic popcnt tsc_deadline_timer xsave avx lahf_lm arat epb pln pts dtherm tpr_shadow vnmi flexpriority ept vpid xsaveopt
bugs		:
bogomips	: 2993.29
clflush size	: 64
cache_alignment	: 64
address sizes	: 36 bits physical, 48 bits virtual
power management:

processor	: 3
vendor_id	: GenuineIntel
cpu family	: 6
model		: 42
model name	: Intel(R) Core(TM) i3-2377M CPU @ 1.50GHz
stepping	: 7
microcode	: 0x28
cpu MHz		: 1499.941
cache size	: 3072 KB
physical id	: 0
siblings	: 4
core id		: 1
cpu cores	: 2
apicid		: 3
initial apicid	: 3
fpu		: yes
fpu_exception	: yes
cpuid level	: 13
wp		: yes
flags		: fpu vme de pse tsc msr pae mce cx8 apic sep mtrr pge mca cmov pat pse36 clflush dts acpi mmx fxsr sse sse2 ss ht tm pbe syscall nx rdtscp lm constant_tsc arch_perfmon pebs bts rep_good nopl xtopology nonstop_tsc aperfmperf eagerfpu pni pclmulqdq dtes64 monitor ds_cpl vmx est tm2 ssse3 cx16 xtpr pdcm pcid sse4_1 sse4_2 x2apic popcnt tsc_deadline_timer xsave avx lahf_lm arat epb pln pts dtherm tpr_shadow vnmi flexpriority ept vpid xsaveopt
bugs		:
bogomips	: 2993.29
clflush size	: 64
cache_alignment	: 64
address sizes	: 36 bits physical, 48 bits virtual
power management:



Memory: 4k page, physical 8056392k(459536k free), swap 4881404k(4843400k free)

vm_info: Java HotSpot(TM) 64-Bit Server VM (25.91-b14) for linux-amd64 JRE (1.8.0_91-b14), built on Apr  1 2016 00:57:21 by "java_re" with gcc 4.3.0 20080428 (Red Hat 4.3.0-8)

time: Wed Jun  8 22:35:08 2016
elapsed time: 56 seconds (0d 0h 0m 56s)

