#
# A fatal error has been detected by the Java Runtime Environment:
#
#  SIGSEGV (0xb) at pc=0x00007f8565e5f443, pid=9164, tid=140210895595264
#
# JRE version: Java(TM) SE Runtime Environment (8.0_91-b14) (build 1.8.0_91-b14)
# Java VM: Java HotSpot(TM) 64-Bit Server VM (25.91-b14 mixed mode linux-amd64 compressed oops)
# Problematic frame:
# C  [libX11.so.6+0x89443]
#
# Failed to write core dump. Core dumps have been disabled. To enable core dumping, try "ulimit -c unlimited" before starting Java again
#
# If you would like to submit a bug report, please visit:
#   http://bugreport.java.com/bugreport/crash.jsp
# The crash happened outside the Java Virtual Machine in native code.
# See problematic frame for where to report the bug.
#

---------------  T H R E A D  ---------------

Current thread (0x00007f858468a800):  JavaThread "AWT-XAWT" daemon [_thread_in_native, id=9316, stack(0x00007f8564902000,0x00007f8564a03000)]

siginfo: si_signo: 11 (SIGSEGV), si_code: 1 (SEGV_MAPERR), si_addr: 0x000000000000000a

Registers:
RAX=0x00007f8584635350, RBX=0x00007f8584646280, RCX=0x0000000000000000, RDX=0x0000000000000087
RSP=0x00007f8564a01770, RBP=0x000000000000000a, RSI=0x0000000000000000, RDI=0x00007f8584646280
R8 =0x0000000000000000, R9 =0x00007f851c008430, R10=0x00007f85750179e8, R11=0x00007f858c967850
R12=0x0000000000000000, R13=0x00007f85668fbdd8, R14=0x00007f8564a01878, R15=0x00007f858468a800
RIP=0x00007f8565e5f443, EFLAGS=0x0000000000010246, CSGSFS=0x0000000000000033, ERR=0x0000000000000004
  TRAPNO=0x000000000000000e

Top of Stack: (sp=0x00007f8564a01770)
0x00007f8564a01770:   0000000000000000 00007f8584646280
0x00007f8564a01780:   0000000000000047 00007f8565e600f1
0x00007f8564a01790:   00007f85668fbdd8 00007f8564a017b0
0x00007f8564a017a0:   0000000000000000 00007f856634d201
0x00007f8564a017b0:   00007f8564a01830 00007f8575017a14
0x00007f8564a017c0:   00000000db306180 00007f8564a017c8
0x00007f8564a017d0:   00007f85669d6fc4 00007f8564a01820
0x00007f8564a017e0:   00007f85669d8808 0000000000000000
0x00007f8564a017f0:   00007f8564a017f0 0000000000000000
0x00007f8564a01800:   00007f8564a01878 00007f85668fce08
0x00007f8564a01810:   0000000000000000 00007f85668fbdd8
0x00007f8564a01820:   0000000000000000 00007f8564a01850
0x00007f8564a01830:   00007f8564a018c0 00007f8575007dd0
0x00007f8564a01840:   00000000853b3bb8 00007f8575011537
0x00007f8564a01850:   0000000000000000 0000000000000000
0x00007f8564a01860:   0000000000000047 00007f8575007dd0
0x00007f8564a01870:   00007f8584646280 00007f8575007dd0
0x00007f8564a01880:   00007f8564a01880 00007f85668d77ff
0x00007f8564a01890:   00007f8564a018e8 00007f85668ea330
0x00007f8564a018a0:   0000000000000000 00007f85668d7820
0x00007f8564a018b0:   00007f8564a01850 00007f8564a018e0
0x00007f8564a018c0:   00007f8564a01930 00007f85750082bd
0x00007f8564a018d0:   0000000000000001 00000000d9040318
0x00007f8564a018e0:   00000000db68d158 00000000db3b79e0
0x00007f8564a018f0:   00007f8564a018f0 00007f85668d1a21
0x00007f8564a01900:   00007f8564a01978 00007f85668ea330
0x00007f8564a01910:   0000000000000000 00007f85668d1c00
0x00007f8564a01920:   00007f8564a018e0 00007f8564a01970
0x00007f8564a01930:   00007f8564a019c0 00007f85750082bd
0x00007f8564a01940:   0000000000000000 0000000000000000
0x00007f8564a01950:   0000000000000000 0000000000000000
0x00007f8564a01960:   0000000000000000 00000000db68d158 

Instructions: (pc=0x00007f8565e5f443)
0x00007f8565e5f423:   83 ec 08 e8 f5 57 fb ff 48 8b 93 20 0a 00 00 31
0x00007f8565e5f433:   c9 31 f6 48 8b 52 08 8b 52 04 c6 40 01 08 88 10
0x00007f8565e5f443:   0f b7 55 00 66 89 48 06 c6 40 0b 00 c6 40 0a 00
0x00007f8565e5f453:   c6 40 0d 00 c6 40 0c 00 c6 40 0f 00 66 89 50 04 

Register to memory mapping:

RAX=0x00007f8584635350 is an unknown value
RBX=0x00007f8584646280 is an unknown value
RCX=0x0000000000000000 is an unknown value
RDX=0x0000000000000087 is an unknown value
RSP=0x00007f8564a01770 is pointing into the stack for thread: 0x00007f858468a800
RBP=0x000000000000000a is an unknown value
RSI=0x0000000000000000 is an unknown value
RDI=0x00007f8584646280 is an unknown value
R8 =0x0000000000000000 is an unknown value
R9 =0x00007f851c008430 is an unknown value
R10=0x00007f85750179e8 is at code_begin+808 in an Interpreter codelet
method entry point (kind = native)  [0x00007f85750176c0, 0x00007f8575017fc0]  2304 bytes
R11=0x00007f858c967850: <offset 0x9bb850> in /usr/lib/jvm/java-8-oracle/jre/lib/amd64/server/libjvm.so at 0x00007f858bfac000
R12=0x0000000000000000 is an unknown value
R13={method} {0x00007f85668fbdd8} 'XkbGetUpdatedMap' '(JJJ)J' in 'sun/awt/X11/XlibWrapper'
R14=0x00007f8564a01878 is pointing into the stack for thread: 0x00007f858468a800
R15=0x00007f858468a800 is a thread


Stack: [0x00007f8564902000,0x00007f8564a03000],  sp=0x00007f8564a01770,  free space=1021k
Native frames: (J=compiled Java code, j=interpreted, Vv=VM code, C=native code)
C  [libX11.so.6+0x89443]

Java frames: (J=compiled Java code, j=interpreted, Vv=VM code)
j  sun.awt.X11.XlibWrapper.XkbGetUpdatedMap(JJJ)J+0
j  sun.awt.X11.XToolkit.processXkbChanges(Lsun/awt/X11/XEvent;)V+87
j  sun.awt.X11.XToolkit.run(Z)V+137
j  sun.awt.X11.XToolkit.run()V+5
j  java.lang.Thread.run()V+11
v  ~StubRoutines::call_stub

---------------  P R O C E S S  ---------------

Java Threads: ( => current thread )
  0x00007f8508002000 JavaThread "Forwarding quit on session eeadbe20446729cc301b8600cea7500a to remote" daemon [_thread_in_vm, id=9607, stack(0x00007f850feff000,0x00007f8510000000)]
  0x00007f8584732800 JavaThread "Thread-3" [_thread_blocked, id=9606, stack(0x00007f850fdfe000,0x00007f850feff000)]
  0x00007f8584698800 JavaThread "Webdrivers killer thread" daemon [_thread_blocked, id=9322, stack(0x00007f8564601000,0x00007f8564702000)]
=>0x00007f858468a800 JavaThread "AWT-XAWT" daemon [_thread_in_native, id=9316, stack(0x00007f8564902000,0x00007f8564a03000)]
  0x00007f858466d800 JavaThread "Java2D Disposer" daemon [_thread_blocked, id=9315, stack(0x00007f8564e13000,0x00007f8564f14000)]
  0x00007f853400a000 JavaThread "Exec Stream Pumper" daemon [_thread_in_native, id=9223, stack(0x00007f8566a48000,0x00007f8566b49000)]
  0x00007f8534009000 JavaThread "Exec Stream Pumper" daemon [_thread_in_native, id=9222, stack(0x00007f8566b49000,0x00007f8566c4a000)]
  0x00007f8534006800 JavaThread "process reaper" daemon [_thread_in_native, id=9220, stack(0x00007f8566c4a000,0x00007f8566c83000)]
  0x00007f85843f5000 JavaThread "Exec Default Executor" daemon [_thread_blocked, id=9217, stack(0x00007f8566d84000,0x00007f8566e85000)]
  0x00007f85840f9800 JavaThread "Monitor Ctrl-Break" daemon [_thread_in_native, id=9194, stack(0x00007f85678f9000,0x00007f85679fa000)]
  0x00007f85840ca800 JavaThread "Service Thread" daemon [_thread_blocked, id=9192, stack(0x00007f8567cfd000,0x00007f8567dfe000)]
  0x00007f85840bf800 JavaThread "C1 CompilerThread2" daemon [_thread_blocked, id=9191, stack(0x00007f8567dfe000,0x00007f8567eff000)]
  0x00007f85840be000 JavaThread "C2 CompilerThread1" daemon [_thread_in_native, id=9190, stack(0x00007f8567eff000,0x00007f8568000000)]
  0x00007f85840bb000 JavaThread "C2 CompilerThread0" daemon [_thread_blocked, id=9189, stack(0x00007f856c07e000,0x00007f856c17f000)]
  0x00007f85840b9800 JavaThread "Signal Dispatcher" daemon [_thread_blocked, id=9188, stack(0x00007f856c17f000,0x00007f856c280000)]
  0x00007f8584086800 JavaThread "Finalizer" daemon [_thread_blocked, id=9181, stack(0x00007f8574bfc000,0x00007f8574cfd000)]
  0x00007f8584082000 JavaThread "Reference Handler" daemon [_thread_blocked, id=9180, stack(0x00007f8574cfd000,0x00007f8574dfe000)]
  0x00007f858400c800 JavaThread "main" [_thread_blocked, id=9167, stack(0x00007f858da8e000,0x00007f858db8f000)]

Other Threads:
  0x00007f858407a000 VMThread [stack: 0x00007f8574dfe000,0x00007f8574eff000] [id=9176]
  0x00007f85840ce000 WatcherThread [stack: 0x00007f8567bfc000,0x00007f8567cfd000] [id=9193]

VM state:not at safepoint (normal execution)

VM Mutex/Monitor currently owned by a thread: None

Heap:
 PSYoungGen      total 68608K, used 37886K [0x00000000d7000000, 0x00000000db800000, 0x0000000100000000)
  eden space 63488K, 52% used [0x00000000d7000000,0x00000000d908f898,0x00000000dae00000)
  from space 5120K, 88% used [0x00000000db300000,0x00000000db770060,0x00000000db800000)
  to   space 5120K, 0% used [0x00000000dae00000,0x00000000dae00000,0x00000000db300000)
 ParOldGen       total 84992K, used 5100K [0x0000000085000000, 0x000000008a300000, 0x00000000d7000000)
  object space 84992K, 6% used [0x0000000085000000,0x00000000854fb038,0x000000008a300000)
 Metaspace       used 20206K, capacity 20468K, committed 20736K, reserved 1067008K
  class space    used 2437K, capacity 2531K, committed 2560K, reserved 1048576K

Card table byte_map: [0x00007f858a473000,0x00007f858a84c000] byte_map_base: 0x00007f858a04b000

Marking Bits: (ParMarkBitMap*) 0x00007f858cf62d60
 Begin Bits: [0x00007f856c280000, 0x00007f856e140000)
 End Bits:   [0x00007f856e140000, 0x00007f8570000000)

Polling page: 0x00007f858dbab000

CodeCache: size=245760Kb used=8371Kb max_used=8411Kb free=237388Kb
 bounds [0x00007f8575000000, 0x00007f8575840000, 0x00007f8584000000]
 total_blobs=2866 nmethods=2367 adapters=412
 compilation: enabled

Compilation events (10 events):
Event: 92.492 Thread 0x00007f85840bf800 nmethod 2591 0x00007f8575834990 code [0x00007f8575834b00, 0x00007f8575834e08]
Event: 92.492 Thread 0x00007f85840bf800 2592       1       com.sun.xml.internal.bind.v2.runtime.output.NamespaceContextImpl::access$600 (5 bytes)
Event: 92.492 Thread 0x00007f85840bf800 nmethod 2592 0x00007f857545b250 code [0x00007f857545b3a0, 0x00007f857545b490]
Event: 92.501 Thread 0x00007f85840bf800 2593       3       java.util.logging.LogManager$LoggerContext::getRootLogger (8 bytes)
Event: 92.501 Thread 0x00007f85840bf800 nmethod 2593 0x00007f8575120150 code [0x00007f85751202c0, 0x00007f85751204d0]
Event: 92.502 Thread 0x00007f85840bf800 2594       3       java.util.logging.LogManager$LoggerContext::getGlobalLogger (6 bytes)
Event: 92.502 Thread 0x00007f85840bf800 nmethod 2594 0x00007f8575113cd0 code [0x00007f8575113e40, 0x00007f8575113f90]
Event: 92.502 Thread 0x00007f85840bf800 2595       1       java.util.concurrent.CopyOnWriteArrayList::getArray (5 bytes)
Event: 92.502 Thread 0x00007f85840bf800 nmethod 2595 0x00007f8575112c50 code [0x00007f8575112da0, 0x00007f8575112eb0]
Event: 92.504 Thread 0x00007f85840be000 2596       4       com.google.gson.internal.$Gson$Types::getGenericSupertype (136 bytes)

GC Heap History (8 events):
Event: 4.627 GC heap before
{Heap before GC invocations=1 (full 0):
 PSYoungGen      total 36864K, used 31744K [0x00000000d7000000, 0x00000000d9900000, 0x0000000100000000)
  eden space 31744K, 100% used [0x00000000d7000000,0x00000000d8f00000,0x00000000d8f00000)
  from space 5120K, 0% used [0x00000000d9400000,0x00000000d9400000,0x00000000d9900000)
  to   space 5120K, 0% used [0x00000000d8f00000,0x00000000d8f00000,0x00000000d9400000)
 ParOldGen       total 84992K, used 0K [0x0000000085000000, 0x000000008a300000, 0x00000000d7000000)
  object space 84992K, 0% used [0x0000000085000000,0x0000000085000000,0x000000008a300000)
 Metaspace       used 11020K, capacity 11240K, committed 11392K, reserved 1058816K
  class space    used 1283K, capacity 1349K, committed 1408K, reserved 1048576K
Event: 4.719 GC heap after
Heap after GC invocations=1 (full 0):
 PSYoungGen      total 36864K, used 5119K [0x00000000d7000000, 0x00000000db800000, 0x0000000100000000)
  eden space 31744K, 0% used [0x00000000d7000000,0x00000000d7000000,0x00000000d8f00000)
  from space 5120K, 99% used [0x00000000d8f00000,0x00000000d93ffd10,0x00000000d9400000)
  to   space 5120K, 0% used [0x00000000db300000,0x00000000db300000,0x00000000db800000)
 ParOldGen       total 84992K, used 969K [0x0000000085000000, 0x000000008a300000, 0x00000000d7000000)
  object space 84992K, 1% used [0x0000000085000000,0x00000000850f2780,0x000000008a300000)
 Metaspace       used 11020K, capacity 11240K, committed 11392K, reserved 1058816K
  class space    used 1283K, capacity 1349K, committed 1408K, reserved 1048576K
}
Event: 28.479 GC heap before
{Heap before GC invocations=2 (full 0):
 PSYoungGen      total 36864K, used 36863K [0x00000000d7000000, 0x00000000db800000, 0x0000000100000000)
  eden space 31744K, 100% used [0x00000000d7000000,0x00000000d8f00000,0x00000000d8f00000)
  from space 5120K, 99% used [0x00000000d8f00000,0x00000000d93ffd10,0x00000000d9400000)
  to   space 5120K, 0% used [0x00000000db300000,0x00000000db300000,0x00000000db800000)
 ParOldGen       total 84992K, used 969K [0x0000000085000000, 0x000000008a300000, 0x00000000d7000000)
  object space 84992K, 1% used [0x0000000085000000,0x00000000850f2780,0x000000008a300000)
 Metaspace       used 16499K, capacity 16684K, committed 17024K, reserved 1064960K
  class space    used 1997K, capacity 2071K, committed 2176K, reserved 1048576K
Event: 28.540 GC heap after
Heap after GC invocations=2 (full 0):
 PSYoungGen      total 68608K, used 5104K [0x00000000d7000000, 0x00000000db800000, 0x0000000100000000)
  eden space 63488K, 0% used [0x00000000d7000000,0x00000000d7000000,0x00000000dae00000)
  from space 5120K, 99% used [0x00000000db300000,0x00000000db7fc050,0x00000000db800000)
  to   space 5120K, 0% used [0x00000000dae00000,0x00000000dae00000,0x00000000db300000)
 ParOldGen       total 84992K, used 3787K [0x0000000085000000, 0x000000008a300000, 0x00000000d7000000)
  object space 84992K, 4% used [0x0000000085000000,0x00000000853b2d78,0x000000008a300000)
 Metaspace       used 16499K, capacity 16684K, committed 17024K, reserved 1064960K
  class space    used 1997K, capacity 2071K, committed 2176K, reserved 1048576K
}
Event: 74.504 GC heap before
{Heap before GC invocations=3 (full 0):
 PSYoungGen      total 68608K, used 68190K [0x00000000d7000000, 0x00000000db800000, 0x0000000100000000)
  eden space 63488K, 99% used [0x00000000d7000000,0x00000000dad9b840,0x00000000dae00000)
  from space 5120K, 99% used [0x00000000db300000,0x00000000db7fc050,0x00000000db800000)
  to   space 5120K, 0% used [0x00000000dae00000,0x00000000dae00000,0x00000000db300000)
 ParOldGen       total 84992K, used 3787K [0x0000000085000000, 0x000000008a300000, 0x00000000d7000000)
  object space 84992K, 4% used [0x0000000085000000,0x00000000853b2d78,0x000000008a300000)
 Metaspace       used 17829K, capacity 18078K, committed 18304K, reserved 1064960K
  class space    used 2093K, capacity 2170K, committed 2176K, reserved 1048576K
Event: 74.526 GC heap after
Heap after GC invocations=3 (full 0):
 PSYoungGen      total 68608K, used 5111K [0x00000000d7000000, 0x00000000db800000, 0x0000000100000000)
  eden space 63488K, 0% used [0x00000000d7000000,0x00000000d7000000,0x00000000dae00000)
  from space 5120K, 99% used [0x00000000dae00000,0x00000000db2fdfe8,0x00000000db300000)
  to   space 5120K, 0% used [0x00000000db300000,0x00000000db300000,0x00000000db800000)
 ParOldGen       total 84992K, used 5092K [0x0000000085000000, 0x000000008a300000, 0x00000000d7000000)
  object space 84992K, 5% used [0x0000000085000000,0x00000000854f9038,0x000000008a300000)
 Metaspace       used 17829K, capacity 18078K, committed 18304K, reserved 1064960K
  class space    used 2093K, capacity 2170K, committed 2176K, reserved 1048576K
}
Event: 87.208 GC heap before
{Heap before GC invocations=4 (full 0):
 PSYoungGen      total 68608K, used 68599K [0x00000000d7000000, 0x00000000db800000, 0x0000000100000000)
  eden space 63488K, 100% used [0x00000000d7000000,0x00000000dae00000,0x00000000dae00000)
  from space 5120K, 99% used [0x00000000dae00000,0x00000000db2fdfe8,0x00000000db300000)
  to   space 5120K, 0% used [0x00000000db300000,0x00000000db300000,0x00000000db800000)
 ParOldGen       total 84992K, used 5092K [0x0000000085000000, 0x000000008a300000, 0x00000000d7000000)
  object space 84992K, 5% used [0x0000000085000000,0x00000000854f9038,0x000000008a300000)
 Metaspace       used 17943K, capacity 18206K, committed 18304K, reserved 1064960K
  class space    used 2094K, capacity 2170K, committed 2176K, reserved 1048576K
Event: 87.226 GC heap after
Heap after GC invocations=4 (full 0):
 PSYoungGen      total 68608K, used 4544K [0x00000000d7000000, 0x00000000db800000, 0x0000000100000000)
  eden space 63488K, 0% used [0x00000000d7000000,0x00000000d7000000,0x00000000dae00000)
  from space 5120K, 88% used [0x00000000db300000,0x00000000db770060,0x00000000db800000)
  to   space 5120K, 0% used [0x00000000dae00000,0x00000000dae00000,0x00000000db300000)
 ParOldGen       total 84992K, used 5100K [0x0000000085000000, 0x000000008a300000, 0x00000000d7000000)
  object space 84992K, 6% used [0x0000000085000000,0x00000000854fb038,0x000000008a300000)
 Metaspace       used 17943K, capacity 18206K, committed 18304K, reserved 1064960K
  class space    used 2094K, capacity 2170K, committed 2176K, reserved 1048576K
}

Deoptimization events (10 events):
Event: 65.664 Thread 0x00007f858400c800 Uncommon trap: reason=bimorphic action=maybe_recompile pc=0x00007f857561e7f4 method=java.util.regex.Pattern$GroupTail.match(Ljava/util/regex/Matcher;ILjava/lang/CharSequence;)Z @ 70
Event: 65.664 Thread 0x00007f858400c800 Uncommon trap: reason=bimorphic action=maybe_recompile pc=0x00007f857561e7f4 method=java.util.regex.Pattern$GroupTail.match(Ljava/util/regex/Matcher;ILjava/lang/CharSequence;)Z @ 70
Event: 65.664 Thread 0x00007f858400c800 Uncommon trap: reason=bimorphic action=maybe_recompile pc=0x00007f857561e7f4 method=java.util.regex.Pattern$GroupTail.match(Ljava/util/regex/Matcher;ILjava/lang/CharSequence;)Z @ 70
Event: 65.664 Thread 0x00007f858400c800 Uncommon trap: reason=bimorphic action=maybe_recompile pc=0x00007f857561e7f4 method=java.util.regex.Pattern$GroupTail.match(Ljava/util/regex/Matcher;ILjava/lang/CharSequence;)Z @ 70
Event: 66.167 Thread 0x00007f858400c800 Uncommon trap: reason=unstable_if action=reinterpret pc=0x00007f857541d9a8 method=java.util.ArrayList.rangeCheck(I)V @ 5
Event: 92.259 Thread 0x00007f858400c800 Uncommon trap: reason=predicate action=maybe_recompile pc=0x00007f85757f8b34 method=java.lang.String.regionMatches(ZILjava/lang/String;II)Z @ 63
Event: 92.289 Thread 0x00007f858400c800 Uncommon trap: reason=class_check action=maybe_recompile pc=0x00007f85754187ac method=java.io.DataInputStream.readFully([BII)V @ 34
Event: 92.289 Thread 0x00007f858400c800 Uncommon trap: reason=class_check action=maybe_recompile pc=0x00007f85754187ac method=java.io.DataInputStream.readFully([BII)V @ 34
Event: 92.289 Thread 0x00007f858400c800 Uncommon trap: reason=class_check action=maybe_recompile pc=0x00007f85754187ac method=java.io.DataInputStream.readFully([BII)V @ 34
Event: 92.289 Thread 0x00007f858400c800 Uncommon trap: reason=class_check action=maybe_recompile pc=0x00007f85754187ac method=java.io.DataInputStream.readFully([BII)V @ 34

Internal exceptions (10 events):
Event: 3.367 Thread 0x00007f858400c800 Exception <a 'java/lang/NoSuchFieldError': method resolution failed> (0x00000000d86a3a68) thrown at [/HUDSON/workspace/8-2-build-linux-amd64/jdk8u91/6644/hotspot/src/share/vm/prims/methodHandles.cpp, line 1146]
Event: 5.874 Thread 0x00007f858400c800 Exception <a 'java/lang/ArrayIndexOutOfBoundsException': 139> (0x00000000d82341c0) thrown at [/HUDSON/workspace/8-2-build-linux-amd64/jdk8u91/6644/hotspot/src/share/vm/interpreter/interpreterRuntime.cpp, line 366]
Event: 7.635 Thread 0x00007f858400c800 Exception <a 'java/io/FileNotFoundException'> (0x00000000d8b0ddb0) thrown at [/HUDSON/workspace/8-2-build-linux-amd64/jdk8u91/6644/hotspot/src/share/vm/prims/jni.cpp, line 709]
Event: 7.635 Thread 0x00007f858400c800 Exception <a 'java/io/FileNotFoundException'> (0x00000000d8b0e950) thrown at [/HUDSON/workspace/8-2-build-linux-amd64/jdk8u91/6644/hotspot/src/share/vm/prims/jni.cpp, line 709]
Event: 65.653 Thread 0x00007f858400c800 Exception <a 'java/lang/reflect/InvocationTargetException'> (0x00000000da10bc98) thrown at [/HUDSON/workspace/8-2-build-linux-amd64/jdk8u91/6644/hotspot/src/share/vm/runtime/reflection.cpp, line 1092]
Event: 74.599 Thread 0x00007f858400c800 Exception <a 'java/lang/reflect/InvocationTargetException'> (0x00000000d73f3168) thrown at [/HUDSON/workspace/8-2-build-linux-amd64/jdk8u91/6644/hotspot/src/share/vm/runtime/reflection.cpp, line 1092]
Event: 83.358 Thread 0x00007f858400c800 Exception <a 'java/lang/reflect/InvocationTargetException'> (0x00000000d9cb67b8) thrown at [/HUDSON/workspace/8-2-build-linux-amd64/jdk8u91/6644/hotspot/src/share/vm/runtime/reflection.cpp, line 1092]
Event: 91.790 Thread 0x00007f858400c800 Exception <a 'java/lang/reflect/InvocationTargetException'> (0x00000000d88383b0) thrown at [/HUDSON/workspace/8-2-build-linux-amd64/jdk8u91/6644/hotspot/src/share/vm/runtime/reflection.cpp, line 1092]
Event: 92.017 Thread 0x00007f858400c800 Exception <a 'java/lang/ClassNotFoundException': com/sun/org/glassfish/hk2/osgiresourcelocator/ServiceLoader> (0x00000000d8c14c78) thrown at [/HUDSON/workspace/8-2-build-linux-amd64/jdk8u91/6644/hotspot/src/share/vm/classfile/systemDictionary.cpp, line 21
Event: 92.026 Thread 0x00007f858400c800 Exception <a 'java/lang/NullPointerException'> (0x00000000d8c1f960) thrown at [/HUDSON/workspace/8-2-build-linux-amd64/jdk8u91/6644/hotspot/src/share/vm/interpreter/linkResolver.cpp, line 1280]

Events (10 events):
Event: 92.503 Thread 0x00007f8508002000 Thread added: 0x00007f8508002000
Event: 92.503 Thread 0x00007f85840bf800 flushing nmethod 0x00007f85751e1cd0
Event: 92.503 Thread 0x00007f85840bf800 flushing nmethod 0x00007f85751ecc90
Event: 92.504 Thread 0x00007f858472e800 Thread exited: 0x00007f858472e800
Event: 92.504 loading class org/apache/http/client/methods/HttpDelete
Event: 92.504 loading class org/apache/http/client/methods/HttpDelete done
Event: 92.506 Executing VM operation: RevokeBias
Event: 92.506 Executing VM operation: RevokeBias done
Event: 92.507 Executing VM operation: RevokeBias
Event: 92.507 Executing VM operation: RevokeBias done


Dynamic libraries:
00400000-00401000 r-xp 00000000 08:02 948184                             /usr/lib/jvm/java-8-oracle/bin/java
00600000-00601000 rw-p 00000000 08:02 948184                             /usr/lib/jvm/java-8-oracle/bin/java
0105f000-01080000 rw-p 00000000 00:00 0                                  [heap]
85000000-8a300000 rw-p 00000000 00:00 0 
8a300000-d7000000 ---p 00000000 00:00 0 
d7000000-db800000 rw-p 00000000 00:00 0 
db800000-100000000 ---p 00000000 00:00 0 
100000000-100280000 rw-p 00000000 00:00 0 
100280000-140000000 ---p 00000000 00:00 0 
7f8508000000-7f8508021000 rw-p 00000000 00:00 0 
7f8508021000-7f850c000000 ---p 00000000 00:00 0 
7f850fdfe000-7f850fe01000 ---p 00000000 00:00 0 
7f850fe01000-7f850feff000 rw-p 00000000 00:00 0 
7f850feff000-7f850ff02000 ---p 00000000 00:00 0 
7f850ff02000-7f8510000000 rw-p 00000000 00:00 0 
7f8510000000-7f851028d000 rw-p 00000000 00:00 0 
7f851028d000-7f8514000000 ---p 00000000 00:00 0 
7f8514000000-7f8514021000 rw-p 00000000 00:00 0 
7f8514021000-7f8518000000 ---p 00000000 00:00 0 
7f8518000000-7f8518021000 rw-p 00000000 00:00 0 
7f8518021000-7f851c000000 ---p 00000000 00:00 0 
7f851c000000-7f851c026000 rw-p 00000000 00:00 0 
7f851c026000-7f8520000000 ---p 00000000 00:00 0 
7f8520000000-7f8520021000 rw-p 00000000 00:00 0 
7f8520021000-7f8524000000 ---p 00000000 00:00 0 
7f8524000000-7f8524021000 rw-p 00000000 00:00 0 
7f8524021000-7f8528000000 ---p 00000000 00:00 0 
7f8528000000-7f8528021000 rw-p 00000000 00:00 0 
7f8528021000-7f852c000000 ---p 00000000 00:00 0 
7f852c000000-7f852c021000 rw-p 00000000 00:00 0 
7f852c021000-7f8530000000 ---p 00000000 00:00 0 
7f8530000000-7f8530021000 rw-p 00000000 00:00 0 
7f8530021000-7f8534000000 ---p 00000000 00:00 0 
7f8534000000-7f8534021000 rw-p 00000000 00:00 0 
7f8534021000-7f8538000000 ---p 00000000 00:00 0 
7f8538000000-7f8538021000 rw-p 00000000 00:00 0 
7f8538021000-7f853c000000 ---p 00000000 00:00 0 
7f853c000000-7f853c021000 rw-p 00000000 00:00 0 
7f853c021000-7f8540000000 ---p 00000000 00:00 0 
7f8540000000-7f8540709000 rw-p 00000000 00:00 0 
7f8540709000-7f8544000000 ---p 00000000 00:00 0 
7f8544000000-7f854479c000 rw-p 00000000 00:00 0 
7f854479c000-7f8548000000 ---p 00000000 00:00 0 
7f8548000000-7f8548021000 rw-p 00000000 00:00 0 
7f8548021000-7f854c000000 ---p 00000000 00:00 0 
7f854c000000-7f854c94f000 rw-p 00000000 00:00 0 
7f854c94f000-7f8550000000 ---p 00000000 00:00 0 
7f8550000000-7f8550021000 rw-p 00000000 00:00 0 
7f8550021000-7f8554000000 ---p 00000000 00:00 0 
7f8554000000-7f8554021000 rw-p 00000000 00:00 0 
7f8554021000-7f8558000000 ---p 00000000 00:00 0 
7f8558000000-7f8558021000 rw-p 00000000 00:00 0 
7f8558021000-7f855c000000 ---p 00000000 00:00 0 
7f855c000000-7f855c021000 rw-p 00000000 00:00 0 
7f855c021000-7f8560000000 ---p 00000000 00:00 0 
7f8560000000-7f8560021000 rw-p 00000000 00:00 0 
7f8560021000-7f8564000000 ---p 00000000 00:00 0 
7f85640f7000-7f85640fa000 ---p 00000000 00:00 0 
7f85640fa000-7f85643b8000 rw-p 00000000 00:00 0 
7f85643b8000-7f85643f8000 ---p 00000000 00:00 0 
7f85643f8000-7f8564401000 r-xp 00000000 08:02 1084491                    /usr/lib/jvm/java-8-oracle/jre/lib/amd64/libmanagement.so
7f8564401000-7f8564600000 ---p 00009000 08:02 1084491                    /usr/lib/jvm/java-8-oracle/jre/lib/amd64/libmanagement.so
7f8564600000-7f8564601000 rw-p 00008000 08:02 1084491                    /usr/lib/jvm/java-8-oracle/jre/lib/amd64/libmanagement.so
7f8564601000-7f8564604000 ---p 00000000 00:00 0 
7f8564604000-7f8564902000 rw-p 00000000 00:00 0 
7f8564902000-7f8564905000 ---p 00000000 00:00 0 
7f8564905000-7f8564a03000 rw-p 00000000 00:00 0 
7f8564a03000-7f8564a08000 r-xp 00000000 08:02 925440                     /usr/lib/x86_64-linux-gnu/libXfixes.so.3.1.0
7f8564a08000-7f8564c07000 ---p 00005000 08:02 925440                     /usr/lib/x86_64-linux-gnu/libXfixes.so.3.1.0
7f8564c07000-7f8564c08000 r--p 00004000 08:02 925440                     /usr/lib/x86_64-linux-gnu/libXfixes.so.3.1.0
7f8564c08000-7f8564c09000 rw-p 00005000 08:02 925440                     /usr/lib/x86_64-linux-gnu/libXfixes.so.3.1.0
7f8564c09000-7f8564c12000 r-xp 00000000 08:02 925432                     /usr/lib/x86_64-linux-gnu/libXcursor.so.1.0.2
7f8564c12000-7f8564e11000 ---p 00009000 08:02 925432                     /usr/lib/x86_64-linux-gnu/libXcursor.so.1.0.2
7f8564e11000-7f8564e12000 r--p 00008000 08:02 925432                     /usr/lib/x86_64-linux-gnu/libXcursor.so.1.0.2
7f8564e12000-7f8564e13000 rw-p 00009000 08:02 925432                     /usr/lib/x86_64-linux-gnu/libXcursor.so.1.0.2
7f8564e13000-7f8564e16000 ---p 00000000 00:00 0 
7f8564e16000-7f8564f14000 rw-p 00000000 00:00 0 
7f8564f14000-7f8564f79000 r-xp 00000000 08:02 1084310                    /usr/lib/jvm/java-8-oracle/jre/lib/amd64/libfontmanager.so
7f8564f79000-7f8565178000 ---p 00065000 08:02 1084310                    /usr/lib/jvm/java-8-oracle/jre/lib/amd64/libfontmanager.so
7f8565178000-7f856517d000 rw-p 00064000 08:02 1084310                    /usr/lib/jvm/java-8-oracle/jre/lib/amd64/libfontmanager.so
7f856517d000-7f856518d000 rw-p 00000000 00:00 0 
7f856518d000-7f8565192000 r-xp 00000000 08:02 925436                     /usr/lib/x86_64-linux-gnu/libXdmcp.so.6.0.0
7f8565192000-7f8565391000 ---p 00005000 08:02 925436                     /usr/lib/x86_64-linux-gnu/libXdmcp.so.6.0.0
7f8565391000-7f8565392000 r--p 00004000 08:02 925436                     /usr/lib/x86_64-linux-gnu/libXdmcp.so.6.0.0
7f8565392000-7f8565393000 rw-p 00005000 08:02 925436                     /usr/lib/x86_64-linux-gnu/libXdmcp.so.6.0.0
7f8565393000-7f8565395000 r-xp 00000000 08:02 925425                     /usr/lib/x86_64-linux-gnu/libXau.so.6.0.0
7f8565395000-7f8565595000 ---p 00002000 08:02 925425                     /usr/lib/x86_64-linux-gnu/libXau.so.6.0.0
7f8565595000-7f8565596000 r--p 00002000 08:02 925425                     /usr/lib/x86_64-linux-gnu/libXau.so.6.0.0
7f8565596000-7f8565597000 rw-p 00003000 08:02 925425                     /usr/lib/x86_64-linux-gnu/libXau.so.6.0.0
7f8565597000-7f85655b4000 r-xp 00000000 08:02 926377                     /usr/lib/x86_64-linux-gnu/libxcb.so.1.1.0
7f85655b4000-7f85657b4000 ---p 0001d000 08:02 926377                     /usr/lib/x86_64-linux-gnu/libxcb.so.1.1.0
7f85657b4000-7f85657b5000 r--p 0001d000 08:02 926377                     /usr/lib/x86_64-linux-gnu/libxcb.so.1.1.0
7f85657b5000-7f85657b6000 rw-p 0001e000 08:02 926377                     /usr/lib/x86_64-linux-gnu/libxcb.so.1.1.0
7f85657b6000-7f85657c5000 r-xp 00000000 08:02 925446                     /usr/lib/x86_64-linux-gnu/libXi.so.6.1.0
7f85657c5000-7f85659c4000 ---p 0000f000 08:02 925446                     /usr/lib/x86_64-linux-gnu/libXi.so.6.1.0
7f85659c4000-7f85659c5000 r--p 0000e000 08:02 925446                     /usr/lib/x86_64-linux-gnu/libXi.so.6.1.0
7f85659c5000-7f85659c6000 rw-p 0000f000 08:02 925446                     /usr/lib/x86_64-linux-gnu/libXi.so.6.1.0
7f85659c6000-7f85659cb000 r-xp 00000000 08:02 925466                     /usr/lib/x86_64-linux-gnu/libXtst.so.6.1.0
7f85659cb000-7f8565bca000 ---p 00005000 08:02 925466                     /usr/lib/x86_64-linux-gnu/libXtst.so.6.1.0
7f8565bca000-7f8565bcb000 r--p 00004000 08:02 925466                     /usr/lib/x86_64-linux-gnu/libXtst.so.6.1.0
7f8565bcb000-7f8565bcc000 rw-p 00005000 08:02 925466                     /usr/lib/x86_64-linux-gnu/libXtst.so.6.1.0
7f8565bcc000-7f8565bd5000 r-xp 00000000 08:02 925460                     /usr/lib/x86_64-linux-gnu/libXrender.so.1.3.0
7f8565bd5000-7f8565dd4000 ---p 00009000 08:02 925460                     /usr/lib/x86_64-linux-gnu/libXrender.so.1.3.0
7f8565dd4000-7f8565dd5000 r--p 00008000 08:02 925460                     /usr/lib/x86_64-linux-gnu/libXrender.so.1.3.0
7f8565dd5000-7f8565dd6000 rw-p 00009000 08:02 925460                     /usr/lib/x86_64-linux-gnu/libXrender.so.1.3.0
7f8565dd6000-7f8565f06000 r-xp 00000000 08:02 925421                     /usr/lib/x86_64-linux-gnu/libX11.so.6.3.0
7f8565f06000-7f8566106000 ---p 00130000 08:02 925421                     /usr/lib/x86_64-linux-gnu/libX11.so.6.3.0
7f8566106000-7f8566107000 r--p 00130000 08:02 925421                     /usr/lib/x86_64-linux-gnu/libX11.so.6.3.0
7f8566107000-7f856610b000 rw-p 00131000 08:02 925421                     /usr/lib/x86_64-linux-gnu/libX11.so.6.3.0
7f856610b000-7f856611c000 r-xp 00000000 08:02 925438                     /usr/lib/x86_64-linux-gnu/libXext.so.6.4.0
7f856611c000-7f856631b000 ---p 00011000 08:02 925438                     /usr/lib/x86_64-linux-gnu/libXext.so.6.4.0
7f856631b000-7f856631c000 r--p 00010000 08:02 925438                     /usr/lib/x86_64-linux-gnu/libXext.so.6.4.0
7f856631c000-7f856631d000 rw-p 00011000 08:02 925438                     /usr/lib/x86_64-linux-gnu/libXext.so.6.4.0
7f856631d000-7f8566371000 r-xp 00000000 08:02 1084502                    /usr/lib/jvm/java-8-oracle/jre/lib/amd64/libawt_xawt.so
7f8566371000-7f8566571000 ---p 00054000 08:02 1084502                    /usr/lib/jvm/java-8-oracle/jre/lib/amd64/libawt_xawt.so
7f8566571000-7f8566575000 rw-p 00054000 08:02 1084502                    /usr/lib/jvm/java-8-oracle/jre/lib/amd64/libawt_xawt.so
7f8566575000-7f8566576000 rw-p 00000000 00:00 0 
7f8566576000-7f8566618000 r-xp 00000000 08:02 1084317                    /usr/lib/jvm/java-8-oracle/jre/lib/amd64/libawt.so
7f8566618000-7f8566818000 ---p 000a2000 08:02 1084317                    /usr/lib/jvm/java-8-oracle/jre/lib/amd64/libawt.so
7f8566818000-7f8566824000 rw-p 000a2000 08:02 1084317                    /usr/lib/jvm/java-8-oracle/jre/lib/amd64/libawt.so
7f8566824000-7f8566a48000 rw-p 00000000 00:00 0 
7f8566a48000-7f8566a4b000 ---p 00000000 00:00 0 
7f8566a4b000-7f8566b49000 rw-p 00000000 00:00 0 
7f8566b49000-7f8566b4c000 ---p 00000000 00:00 0 
7f8566b4c000-7f8566c4a000 rw-p 00000000 00:00 0 
7f8566c4a000-7f8566c4d000 ---p 00000000 00:00 0 
7f8566c4d000-7f8566c83000 rw-p 00000000 00:00 0 
7f8566c83000-7f8566c86000 ---p 00000000 00:00 0 
7f8566c86000-7f8566d84000 rw-p 00000000 00:00 0 
7f8566d84000-7f8566d87000 ---p 00000000 00:00 0 
7f8566d87000-7f8567085000 rw-p 00000000 00:00 0 
7f8567085000-7f856709b000 r-xp 00000000 08:02 661526                     /lib/x86_64-linux-gnu/libgcc_s.so.1
7f856709b000-7f856729a000 ---p 00016000 08:02 661526                     /lib/x86_64-linux-gnu/libgcc_s.so.1
7f856729a000-7f856729b000 rw-p 00015000 08:02 661526                     /lib/x86_64-linux-gnu/libgcc_s.so.1
7f856729b000-7f85672cd000 r-xp 00000000 08:02 1084504                    /usr/lib/jvm/java-8-oracle/jre/lib/amd64/libsunec.so
7f85672cd000-7f85674cc000 ---p 00032000 08:02 1084504                    /usr/lib/jvm/java-8-oracle/jre/lib/amd64/libsunec.so
7f85674cc000-7f85674d2000 rw-p 00031000 08:02 1084504                    /usr/lib/jvm/java-8-oracle/jre/lib/amd64/libsunec.so
7f85674d2000-7f85676e2000 rw-p 00000000 00:00 0 
7f85676e2000-7f85676f8000 r-xp 00000000 08:02 1084488                    /usr/lib/jvm/java-8-oracle/jre/lib/amd64/libnet.so
7f85676f8000-7f85678f8000 ---p 00016000 08:02 1084488                    /usr/lib/jvm/java-8-oracle/jre/lib/amd64/libnet.so
7f85678f8000-7f85678f9000 rw-p 00016000 08:02 1084488                    /usr/lib/jvm/java-8-oracle/jre/lib/amd64/libnet.so
7f85678f9000-7f85678fc000 ---p 00000000 00:00 0 
7f85678fc000-7f85679fa000 rw-p 00000000 00:00 0 
7f85679fa000-7f85679fb000 r-xp 00000000 08:03 15204416                   /home/cosmic/SOFT/idea-IU-145.258.11/bin/libbreakgen64.so
7f85679fb000-7f8567bfa000 ---p 00001000 08:03 15204416                   /home/cosmic/SOFT/idea-IU-145.258.11/bin/libbreakgen64.so
7f8567bfa000-7f8567bfb000 r--p 00000000 08:03 15204416                   /home/cosmic/SOFT/idea-IU-145.258.11/bin/libbreakgen64.so
7f8567bfb000-7f8567bfc000 rw-p 00001000 08:03 15204416                   /home/cosmic/SOFT/idea-IU-145.258.11/bin/libbreakgen64.so
7f8567bfc000-7f8567bfd000 ---p 00000000 00:00 0 
7f8567bfd000-7f8567cfd000 rw-p 00000000 00:00 0 
7f8567cfd000-7f8567d00000 ---p 00000000 00:00 0 
7f8567d00000-7f8567dfe000 rw-p 00000000 00:00 0 
7f8567dfe000-7f8567e01000 ---p 00000000 00:00 0 
7f8567e01000-7f8567eff000 rw-p 00000000 00:00 0 
7f8567eff000-7f8567f02000 ---p 00000000 00:00 0 
7f8567f02000-7f8568000000 rw-p 00000000 00:00 0 
7f8568000000-7f8568021000 rw-p 00000000 00:00 0 
7f8568021000-7f856c000000 ---p 00000000 00:00 0 
7f856c024000-7f856c025000 rw-p 00000000 00:00 0 
7f856c025000-7f856c07e000 r--s 00522000 08:03 24643383                   /home/cosmic/.ivy2/cache/org.scala-lang/scala-library/jars/scala-library-2.11.8.jar
7f856c07e000-7f856c081000 ---p 00000000 00:00 0 
7f856c081000-7f856c17f000 rw-p 00000000 00:00 0 
7f856c17f000-7f856c182000 ---p 00000000 00:00 0 
7f856c182000-7f8570000000 rw-p 00000000 00:00 0 
7f8570000000-7f8570021000 rw-p 00000000 00:00 0 
7f8570021000-7f8574000000 ---p 00000000 00:00 0 
7f8574000000-7f857401c000 r--s 00393000 08:02 13917                      /usr/lib/jvm/java-8-oracle/jre/lib/ext/cldrdata.jar
7f857401c000-7f8574026000 r--s 00116000 08:02 13915                      /usr/lib/jvm/java-8-oracle/jre/lib/ext/localedata.jar
7f8574026000-7f8574027000 r--s 00009000 08:02 13908                      /usr/lib/jvm/java-8-oracle/jre/lib/ext/sunec.jar
7f8574027000-7f857402a000 r--s 0001a000 08:02 413725                     /usr/lib/jvm/java-8-oracle/jre/lib/jce.jar
7f857402a000-7f857402e000 r--s 00097000 08:02 413727                     /usr/lib/jvm/java-8-oracle/jre/lib/jsse.jar
7f857402e000-7f8574030000 r--s 0000c000 08:03 15467612                   /home/cosmic/SOFT/idea-IU-145.258.11/plugins/testng/lib/jcommander.jar
7f8574030000-7f8574035000 r--s 00040000 08:03 29755392                   /home/cosmic/.ivy2/cache/org.beanshell/bsh/jars/bsh-2.0b4.jar
7f8574035000-7f8574039000 r--s 0002a000 08:03 24643076                   /home/cosmic/.ivy2/cache/commons-io/commons-io/jars/commons-io-2.4.jar
7f8574039000-7f857403e000 r--s 0002e000 08:03 29884459                   /home/cosmic/.ivy2/cache/com.codeborne/selenide/jars/selenide-3.6.jar
7f857403e000-7f8574043000 r--s 0002f000 08:03 24774458                   /home/cosmic/.ivy2/cache/com.google.code.gson/gson/jars/gson-2.3.1.jar
7f8574043000-7f857406f000 r--s 00208000 08:03 24774457                   /home/cosmic/.ivy2/cache/com.google.guava/guava/bundles/guava-19.0.jar
7f857406f000-7f8574073000 r--s 0002f000 08:03 29884489                   /home/cosmic/.ivy2/cache/commons-beanutils/commons-beanutils-core/jars/commons-beanutils-core-1.8.3.jar
7f8574073000-7f857407a000 r--s 0003f000 08:03 24911239                   /home/cosmic/.ivy2/cache/commons-codec/commons-codec/jars/commons-codec-1.10.jar
7f857407a000-7f857407c000 r--s 0000e000 08:03 24911238                   /home/cosmic/.ivy2/cache/commons-logging/commons-logging/jars/commons-logging-1.2.jar
7f857407c000-7f8574092000 r--s 000f9000 08:03 24774459                   /home/cosmic/.ivy2/cache/io.netty/netty/bundles/netty-3.5.7.Final.jar
7f8574092000-7f8574096000 r--s 000dc000 08:03 29755854                   /home/cosmic/.ivy2/cache/net.java.dev.jna/jna/jars/jna-4.1.0.jar
7f8574096000-7f85740a7000 r--s 00155000 08:03 29884469                   /home/cosmic/.ivy2/cache/net.java.dev.jna/jna-platform/jars/jna-platform-4.1.0.jar
7f85740a7000-7f85740a9000 r--s 0000c000 08:03 27135791                   /home/cosmic/.ivy2/cache/org.apache.commons/commons-exec/jars/commons-exec-1.3.jar
7f85740a9000-7f85740b6000 r--s 000a6000 08:03 24911236                   /home/cosmic/.ivy2/cache/org.apache.httpcomponents/httpclient/jars/httpclient-4.5.1.jar
7f85740b6000-7f85740bd000 r--s 00049000 08:03 24911237                   /home/cosmic/.ivy2/cache/org.apache.httpcomponents/httpcore/jars/httpcore-4.4.3.jar
7f85740bd000-7f85740c4000 r--s 0007a000 08:03 29884481                   /home/cosmic/.ivy2/cache/org.apache.tika/tika-core/bundles/tika-core-1.7.jar
7f85740c4000-7f8574bfc000 r--p 00000000 08:02 794137                     /usr/lib/locale/locale-archive
7f8574bfc000-7f8574bff000 ---p 00000000 00:00 0 
7f8574bff000-7f8574cfd000 rw-p 00000000 00:00 0 
7f8574cfd000-7f8574d00000 ---p 00000000 00:00 0 
7f8574d00000-7f8574dfe000 rw-p 00000000 00:00 0 
7f8574dfe000-7f8574dff000 ---p 00000000 00:00 0 
7f8574dff000-7f8575000000 rw-p 00000000 00:00 0 
7f8575000000-7f8575840000 rwxp 00000000 00:00 0 
7f8575840000-7f8584000000 ---p 00000000 00:00 0 
7f8584000000-7f858491f000 rw-p 00000000 00:00 0 
7f858491f000-7f8588000000 ---p 00000000 00:00 0 
7f8588000000-7f8588001000 r--s 00002000 08:03 29884471                   /home/cosmic/.ivy2/cache/com.codeborne/phantomjsdriver/jars/phantomjsdriver-1.3.0.jar
7f8588001000-7f8588005000 r--s 00019000 08:03 29884477                   /home/cosmic/.ivy2/cache/org.aspectj/aspectjrt/jars/aspectjrt-1.8.3.jar
7f8588005000-7f858801e000 r--s 001af000 08:03 29884463                   /home/cosmic/.ivy2/cache/org.aspectj/aspectjweaver/jars/aspectjweaver-1.8.9.jar
7f858801e000-7f8588024000 r--s 0001e000 08:03 29884485                   /home/cosmic/.ivy2/cache/org.jvnet.jaxb2_commons/jaxb2-basics-runtime/jars/jaxb2-basics-runtime-0.9.3.jar
7f8588024000-7f8588029000 r--s 0001f000 08:03 29755853                   /home/cosmic/.ivy2/cache/org.seleniumhq.selenium/selenium-api/jars/selenium-api-2.53.0.jar
7f8588029000-7f858802a000 r--s 00002000 08:03 29755847                   /home/cosmic/.ivy2/cache/org.seleniumhq.selenium/selenium-chrome-driver/jars/selenium-chrome-driver-2.53.0.jar
7f858802a000-7f858802b000 r--s 00001000 08:03 29884465                   /home/cosmic/.ivy2/cache/org.seleniumhq.selenium/selenium-edge-driver/jars/selenium-edge-driver-2.53.0.jar
7f858802b000-7f858802d000 r--s 000c7000 08:03 29755848                   /home/cosmic/.ivy2/cache/org.seleniumhq.selenium/selenium-firefox-driver/jars/selenium-firefox-driver-2.53.0.jar
7f858802d000-7f858802e000 r--s 00002000 08:03 29755849                   /home/cosmic/.ivy2/cache/org.seleniumhq.selenium/selenium-ie-driver/jars/selenium-ie-driver-2.53.0.jar
7f858802e000-7f858802f000 r--s 00000000 08:03 29755846                   /home/cosmic/.ivy2/cache/org.seleniumhq.selenium/selenium-java/jars/selenium-java-2.53.0.jar
7f858802f000-7f8588034000 r--s 0005d000 08:03 29884467                   /home/cosmic/.ivy2/cache/org.seleniumhq.selenium/selenium-leg-rc/jars/selenium-leg-rc-2.53.0.jar
7f8588034000-7f8588039000 r--s 00035000 08:03 29755852                   /home/cosmic/.ivy2/cache/org.seleniumhq.selenium/selenium-remote-driver/jars/selenium-remote-driver-2.53.0.jar
7f8588039000-7f858803b000 r--s 00014000 08:03 29755850                   /home/cosmic/.ivy2/cache/org.seleniumhq.selenium/selenium-safari-driver/jars/selenium-safari-driver-2.53.0.jar
7f858803b000-7f8588040000 r--s 00025000 08:03 29755851                   /home/cosmic/.ivy2/cache/org.seleniumhq.selenium/selenium-support/jars/selenium-support-2.53.0.jar
7f8588040000-7f8588041000 r--s 00007000 08:03 24773374                   /home/cosmic/.ivy2/cache/org.slf4j/slf4j-api/jars/slf4j-api-1.7.12.jar
7f8588041000-7f8588044000 r--s 0000e000 08:03 29884475                   /home/cosmic/.ivy2/cache/ru.yandex.qatools.allure/allure-java-adaptor-api/jars/allure-java-adaptor-api-1.4.23.jar
7f8588044000-7f8588045000 r--s 00001000 08:03 29884479                   /home/cosmic/.ivy2/cache/ru.yandex.qatools.allure/allure-java-annotations/jars/allure-java-annotations-1.4.23.jar
7f8588045000-7f8588046000 r--s 00002000 08:03 29884473                   /home/cosmic/.ivy2/cache/ru.yandex.qatools.allure/allure-java-aspects/jars/allure-java-aspects-1.4.23.jar
7f8588046000-7f8588047000 r--s 0000a000 08:03 29884483                   /home/cosmic/.ivy2/cache/ru.yandex.qatools.allure/allure-model/jars/allure-model-1.4.23.jar
7f8588047000-7f8588048000 r--s 00002000 08:03 29884461                   /home/cosmic/.ivy2/cache/ru.yandex.qatools.allure/allure-testng-adaptor/jars/allure-testng-adaptor-1.4.23.jar
7f8588048000-7f8588049000 r--s 00003000 08:03 29884487                   /home/cosmic/.ivy2/cache/ru.yandex.qatools.properties/properties-loader/jars/properties-loader-1.5.jar
7f8588049000-7f858804b000 r--s 0000e000 08:03 29755762                   /home/cosmic/.ivy2/cache/com.beust/jcommander/jars/jcommander-1.48.jar
7f858804b000-7f8588059000 r--s 000c7000 08:03 29755761                   /home/cosmic/.ivy2/cache/org.testng/testng/jars/testng-6.9.10.jar
7f8588059000-7f8588060000 r--s 00049000 08:03 29755356                   /home/cosmic/.ivy2/cache/cglib/cglib-nodep/jars/cglib-nodep-2.1_3.jar
7f8588060000-7f8588073000 r--s 00344000 08:02 413786                     /usr/lib/jvm/java-8-oracle/jre/lib/resources.jar
7f8588073000-7f8588086000 r--s 000d6000 08:02 413789                     /usr/lib/jvm/java-8-oracle/jre/lib/plugin.jar
7f8588086000-7f8588087000 r--s 00000000 08:02 413785                     /usr/lib/jvm/java-8-oracle/jre/lib/management-agent.jar
7f8588087000-7f858808b000 r--s 00097000 08:02 413727                     /usr/lib/jvm/java-8-oracle/jre/lib/jsse.jar
7f858808b000-7f85880a6000 r--s 00208000 08:02 413803                     /usr/lib/jvm/java-8-oracle/jre/lib/deploy.jar
7f85880a6000-7f8588fb8000 rw-p 00000000 00:00 0 
7f8588fb8000-7f8589191000 r--s 03d1f000 08:02 413728                     /usr/lib/jvm/java-8-oracle/jre/lib/rt.jar
7f8589191000-7f8589ddf000 rw-p 00000000 00:00 0 
7f8589ddf000-7f8589de0000 ---p 00000000 00:00 0 
7f8589de0000-7f8589ee0000 rw-p 00000000 00:00 0 
7f8589ee0000-7f8589ee1000 ---p 00000000 00:00 0 
7f8589ee1000-7f8589fe1000 rw-p 00000000 00:00 0 
7f8589fe1000-7f8589fe2000 ---p 00000000 00:00 0 
7f8589fe2000-7f858a0e2000 rw-p 00000000 00:00 0 
7f858a0e2000-7f858a0e3000 ---p 00000000 00:00 0 
7f858a0e3000-7f858a20d000 rw-p 00000000 00:00 0 
7f858a20d000-7f858a473000 ---p 00000000 00:00 0 
7f858a473000-7f858a49d000 rw-p 00000000 00:00 0 
7f858a49d000-7f858a703000 ---p 00000000 00:00 0 
7f858a703000-7f858a727000 rw-p 00000000 00:00 0 
7f858a727000-7f858a84b000 ---p 00000000 00:00 0 
7f858a84b000-7f858a86d000 rw-p 00000000 00:00 0 
7f858a86d000-7f858ac0c000 ---p 00000000 00:00 0 
7f858ac0c000-7f858ac26000 r-xp 00000000 08:02 1084323                    /usr/lib/jvm/java-8-oracle/jre/lib/amd64/libzip.so
7f858ac26000-7f858ae26000 ---p 0001a000 08:02 1084323                    /usr/lib/jvm/java-8-oracle/jre/lib/amd64/libzip.so
7f858ae26000-7f858ae27000 rw-p 0001a000 08:02 1084323                    /usr/lib/jvm/java-8-oracle/jre/lib/amd64/libzip.so
7f858ae27000-7f858ae32000 r-xp 00000000 08:02 661574                     /lib/x86_64-linux-gnu/libnss_files-2.19.so
7f858ae32000-7f858b031000 ---p 0000b000 08:02 661574                     /lib/x86_64-linux-gnu/libnss_files-2.19.so
7f858b031000-7f858b032000 r--p 0000a000 08:02 661574                     /lib/x86_64-linux-gnu/libnss_files-2.19.so
7f858b032000-7f858b033000 rw-p 0000b000 08:02 661574                     /lib/x86_64-linux-gnu/libnss_files-2.19.so
7f858b033000-7f858b03e000 r-xp 00000000 08:02 661584                     /lib/x86_64-linux-gnu/libnss_nis-2.19.so
7f858b03e000-7f858b23d000 ---p 0000b000 08:02 661584                     /lib/x86_64-linux-gnu/libnss_nis-2.19.so
7f858b23d000-7f858b23e000 r--p 0000a000 08:02 661584                     /lib/x86_64-linux-gnu/libnss_nis-2.19.so
7f858b23e000-7f858b23f000 rw-p 0000b000 08:02 661584                     /lib/x86_64-linux-gnu/libnss_nis-2.19.so
7f858b23f000-7f858b256000 r-xp 00000000 08:02 661568                     /lib/x86_64-linux-gnu/libnsl-2.19.so
7f858b256000-7f858b455000 ---p 00017000 08:02 661568                     /lib/x86_64-linux-gnu/libnsl-2.19.so
7f858b455000-7f858b456000 r--p 00016000 08:02 661568                     /lib/x86_64-linux-gnu/libnsl-2.19.so
7f858b456000-7f858b457000 rw-p 00017000 08:02 661568                     /lib/x86_64-linux-gnu/libnsl-2.19.so
7f858b457000-7f858b459000 rw-p 00000000 00:00 0 
7f858b459000-7f858b462000 r-xp 00000000 08:02 661570                     /lib/x86_64-linux-gnu/libnss_compat-2.19.so
7f858b462000-7f858b661000 ---p 00009000 08:02 661570                     /lib/x86_64-linux-gnu/libnss_compat-2.19.so
7f858b661000-7f858b662000 r--p 00008000 08:02 661570                     /lib/x86_64-linux-gnu/libnss_compat-2.19.so
7f858b662000-7f858b663000 rw-p 00009000 08:02 661570                     /lib/x86_64-linux-gnu/libnss_compat-2.19.so
7f858b663000-7f858b68d000 r-xp 00000000 08:02 1084492                    /usr/lib/jvm/java-8-oracle/jre/lib/amd64/libjava.so
7f858b68d000-7f858b88d000 ---p 0002a000 08:02 1084492                    /usr/lib/jvm/java-8-oracle/jre/lib/amd64/libjava.so
7f858b88d000-7f858b88f000 rw-p 0002a000 08:02 1084492                    /usr/lib/jvm/java-8-oracle/jre/lib/amd64/libjava.so
7f858b88f000-7f858b89c000 r-xp 00000000 08:02 1084501                    /usr/lib/jvm/java-8-oracle/jre/lib/amd64/libverify.so
7f858b89c000-7f858ba9c000 ---p 0000d000 08:02 1084501                    /usr/lib/jvm/java-8-oracle/jre/lib/amd64/libverify.so
7f858ba9c000-7f858ba9e000 rw-p 0000d000 08:02 1084501                    /usr/lib/jvm/java-8-oracle/jre/lib/amd64/libverify.so
7f858ba9e000-7f858baa5000 r-xp 00000000 08:02 661627                     /lib/x86_64-linux-gnu/librt-2.19.so
7f858baa5000-7f858bca4000 ---p 00007000 08:02 661627                     /lib/x86_64-linux-gnu/librt-2.19.so
7f858bca4000-7f858bca5000 r--p 00006000 08:02 661627                     /lib/x86_64-linux-gnu/librt-2.19.so
7f858bca5000-7f858bca6000 rw-p 00007000 08:02 661627                     /lib/x86_64-linux-gnu/librt-2.19.so
7f858bca6000-7f858bdab000 r-xp 00000000 08:02 661549                     /lib/x86_64-linux-gnu/libm-2.19.so
7f858bdab000-7f858bfaa000 ---p 00105000 08:02 661549                     /lib/x86_64-linux-gnu/libm-2.19.so
7f858bfaa000-7f858bfab000 r--p 00104000 08:02 661549                     /lib/x86_64-linux-gnu/libm-2.19.so
7f858bfab000-7f858bfac000 rw-p 00105000 08:02 661549                     /lib/x86_64-linux-gnu/libm-2.19.so
7f858bfac000-7f858cc6c000 r-xp 00000000 08:02 1084463                    /usr/lib/jvm/java-8-oracle/jre/lib/amd64/server/libjvm.so
7f858cc6c000-7f858ce6c000 ---p 00cc0000 08:02 1084463                    /usr/lib/jvm/java-8-oracle/jre/lib/amd64/server/libjvm.so
7f858ce6c000-7f858cf44000 rw-p 00cc0000 08:02 1084463                    /usr/lib/jvm/java-8-oracle/jre/lib/amd64/server/libjvm.so
7f858cf44000-7f858cf8f000 rw-p 00000000 00:00 0 
7f858cf8f000-7f858d14a000 r-xp 00000000 08:02 661499                     /lib/x86_64-linux-gnu/libc-2.19.so
7f858d14a000-7f858d349000 ---p 001bb000 08:02 661499                     /lib/x86_64-linux-gnu/libc-2.19.so
7f858d349000-7f858d34d000 r--p 001ba000 08:02 661499                     /lib/x86_64-linux-gnu/libc-2.19.so
7f858d34d000-7f858d34f000 rw-p 001be000 08:02 661499                     /lib/x86_64-linux-gnu/libc-2.19.so
7f858d34f000-7f858d354000 rw-p 00000000 00:00 0 
7f858d354000-7f858d357000 r-xp 00000000 08:02 661516                     /lib/x86_64-linux-gnu/libdl-2.19.so
7f858d357000-7f858d556000 ---p 00003000 08:02 661516                     /lib/x86_64-linux-gnu/libdl-2.19.so
7f858d556000-7f858d557000 r--p 00002000 08:02 661516                     /lib/x86_64-linux-gnu/libdl-2.19.so
7f858d557000-7f858d558000 rw-p 00003000 08:02 661516                     /lib/x86_64-linux-gnu/libdl-2.19.so
7f858d558000-7f858d56d000 r-xp 00000000 08:02 413719                     /usr/lib/jvm/java-8-oracle/lib/amd64/jli/libjli.so
7f858d56d000-7f858d76d000 ---p 00015000 08:02 413719                     /usr/lib/jvm/java-8-oracle/lib/amd64/jli/libjli.so
7f858d76d000-7f858d76e000 rw-p 00015000 08:02 413719                     /usr/lib/jvm/java-8-oracle/lib/amd64/jli/libjli.so
7f858d76e000-7f858d787000 r-xp 00000000 08:02 661619                     /lib/x86_64-linux-gnu/libpthread-2.19.so
7f858d787000-7f858d986000 ---p 00019000 08:02 661619                     /lib/x86_64-linux-gnu/libpthread-2.19.so
7f858d986000-7f858d987000 r--p 00018000 08:02 661619                     /lib/x86_64-linux-gnu/libpthread-2.19.so
7f858d987000-7f858d988000 rw-p 00019000 08:02 661619                     /lib/x86_64-linux-gnu/libpthread-2.19.so
7f858d988000-7f858d98c000 rw-p 00000000 00:00 0 
7f858d98c000-7f858d9af000 r-xp 00000000 08:02 661475                     /lib/x86_64-linux-gnu/ld-2.19.so
7f858d9af000-7f858d9b1000 r--s 00007000 08:02 413729                     /usr/lib/jvm/java-8-oracle/jre/lib/jfxswt.jar
7f858d9b1000-7f858d9b6000 r--s 00084000 08:02 413777                     /usr/lib/jvm/java-8-oracle/jre/lib/jfr.jar
7f858d9b6000-7f858d9b9000 r--s 0001a000 08:02 413725                     /usr/lib/jvm/java-8-oracle/jre/lib/jce.jar
7f858d9b9000-7f858d9c3000 r--s 0006c000 08:02 413766                     /usr/lib/jvm/java-8-oracle/jre/lib/javaws.jar
7f858d9c3000-7f858da8e000 rw-p 00000000 00:00 0 
7f858da8e000-7f858da91000 ---p 00000000 00:00 0 
7f858da91000-7f858db93000 rw-p 00000000 00:00 0 
7f858db93000-7f858db99000 r--s 002f8000 08:02 413805                     /usr/lib/jvm/java-8-oracle/jre/lib/charsets.jar
7f858db99000-7f858dba0000 r--s 000c2000 08:03 15467614                   /home/cosmic/SOFT/idea-IU-145.258.11/plugins/testng/lib/testng-plugin.jar
7f858dba0000-7f858dba2000 r--s 0001e000 08:03 15204515                   /home/cosmic/SOFT/idea-IU-145.258.11/lib/idea_rt.jar
7f858dba2000-7f858dbaa000 rw-s 00000000 08:02 525789                     /tmp/hsperfdata_cosmic/9164
7f858dbaa000-7f858dbab000 rw-p 00000000 00:00 0 
7f858dbab000-7f858dbac000 r--p 00000000 00:00 0 
7f858dbac000-7f858dbae000 rw-p 00000000 00:00 0 
7f858dbae000-7f858dbaf000 r--p 00022000 08:02 661475                     /lib/x86_64-linux-gnu/ld-2.19.so
7f858dbaf000-7f858dbb0000 rw-p 00023000 08:02 661475                     /lib/x86_64-linux-gnu/ld-2.19.so
7f858dbb0000-7f858dbb1000 rw-p 00000000 00:00 0 
7fffeab8b000-7fffeabae000 rw-p 00000000 00:00 0                          [stack]
7fffeabcf000-7fffeabd1000 r--p 00000000 00:00 0                          [vvar]
7fffeabd1000-7fffeabd3000 r-xp 00000000 00:00 0                          [vdso]
ffffffffff600000-ffffffffff601000 r-xp 00000000 00:00 0                  [vsyscall]

VM Arguments:
jvm_args: -ea -Didea.launcher.port=7533 -Didea.launcher.bin.path=/home/cosmic/SOFT/idea-IU-145.258.11/bin -Didea.testng.sm_runner -Dfile.encoding=UTF-8 
java_command: com.intellij.rt.execution.application.AppMain org.testng.RemoteTestNGStarter -port 44062 -usedefaultlisteners false -socket37308 @w@/tmp/idea_working_dirs_testng.tmp -temp /tmp/idea_testng.tmp
java_class_path (initial): /home/cosmic/SOFT/idea-IU-145.258.11/lib/idea_rt.jar:/home/cosmic/SOFT/idea-IU-145.258.11/plugins/testng/lib/testng-plugin.jar:/usr/lib/jvm/java-8-oracle/jre/lib/charsets.jar:/usr/lib/jvm/java-8-oracle/jre/lib/deploy.jar:/usr/lib/jvm/java-8-oracle/jre/lib/ext/cldrdata.jar:/usr/lib/jvm/java-8-oracle/jre/lib/ext/dnsns.jar:/usr/lib/jvm/java-8-oracle/jre/lib/ext/jaccess.jar:/usr/lib/jvm/java-8-oracle/jre/lib/ext/jfxrt.jar:/usr/lib/jvm/java-8-oracle/jre/lib/ext/localedata.jar:/usr/lib/jvm/java-8-oracle/jre/lib/ext/nashorn.jar:/usr/lib/jvm/java-8-oracle/jre/lib/ext/sunec.jar:/usr/lib/jvm/java-8-oracle/jre/lib/ext/sunjce_provider.jar:/usr/lib/jvm/java-8-oracle/jre/lib/ext/sunpkcs11.jar:/usr/lib/jvm/java-8-oracle/jre/lib/ext/zipfs.jar:/usr/lib/jvm/java-8-oracle/jre/lib/javaws.jar:/usr/lib/jvm/java-8-oracle/jre/lib/jce.jar:/usr/lib/jvm/java-8-oracle/jre/lib/jfr.jar:/usr/lib/jvm/java-8-oracle/jre/lib/jfxswt.jar:/usr/lib/jvm/java-8-oracle/jre/lib/jsse.jar:/usr/lib/jvm/java-8-oracle/jre/lib/management-agent.jar:/usr/lib/jvm/java-8-oracle/jre/lib/plugin.jar:/usr/lib/jvm/java-8-oracle/jre/lib/resources.jar:/usr/lib/jvm/java-8-oracle/jre/lib/rt.jar:/home/cosmic/IdeaProjects/FC/ui-tests/target/scala-2.11/test-classes:/home/cosmic/.ivy2/cache/cglib/cglib-nodep/jars/cglib-nodep-2.1_3.jar:/home/cosmic/.ivy2/cache/org.testng/testng/jars/testng-6.9.10.jar:/home/cosmic/.ivy2/cache/com.beust/jcommander/jars/jcommander-1.48.jar:/home/cosmic/.ivy2/cache/ru.yandex.qatools.properties/properties-loader/jars/properties-loader-1.5.jar:/home/cosmic/.ivy2/cache/ru.yandex.qatools.allure/allure-testng-adaptor/jars/allure-testng-adaptor-1.4.23.jar:/home/cosmic/.ivy2/cache/ru.yandex.qatools.allure/allure-model/jars/allure-model-1.4.23.jar:/home/cosmic/.ivy2/cache/ru.yandex.qatools.allure/allure-java-aspects/jars/allure-java-aspects-1.4.23.jar:/home/cosmic/.ivy2/cache/ru.yandex.qatools.allure/allure-java-annotations/jars/allure-java-annotations-1.4.23.jar:/home/cosmic/.ivy2
Launcher Type: SUN_STANDARD

Environment Variables:
JAVA_HOME=/opt/jdk1.8.0_91
JRE_HOME=/opt/jdk1.8.0_91/bin
PATH=/home/cosmic/SOFT/google-cloud-sdk/bin:/usr/local/sbin:/usr/local/bin:/usr/sbin:/usr/bin:/sbin:/bin:/opt/go1.5/bin:/opt/sbt/bin:/home/cosmic/SOFT/google-cloud-sdk/bin:/usr/local/sbin:/usr/local/bin:/usr/sbin:/usr/bin:/sbin:/bin:/home/cosmic/bash_scripts/touchpad.sh:/home/cosmic/bash_scripts/monitor.sh:/opt/jdk1.8.0_91:/opt/jdk1.8.0_91/bin:/opt/go1.5/bin:/opt/sbt/bin
LD_LIBRARY_PATH=/home/cosmic/SOFT/idea-IU-145.258.11/bin:
SHELL=/bin/bash
DISPLAY=:0.0

Signal Handlers:
SIGSEGV: [libjvm.so+0xabca10], sa_mask[0]=11111111011111111101111111111110, sa_flags=SA_RESTART|SA_SIGINFO
SIGBUS: [libjvm.so+0xabca10], sa_mask[0]=11111111011111111101111111111110, sa_flags=SA_RESTART|SA_SIGINFO
SIGFPE: [libjvm.so+0x919a20], sa_mask[0]=11111111011111111101111111111110, sa_flags=SA_RESTART|SA_SIGINFO
SIGPIPE: [libjvm.so+0x919a20], sa_mask[0]=11111111011111111101111111111110, sa_flags=SA_RESTART|SA_SIGINFO
SIGXFSZ: [libjvm.so+0x919a20], sa_mask[0]=11111111011111111101111111111110, sa_flags=SA_RESTART|SA_SIGINFO
SIGILL: [libjvm.so+0x919a20], sa_mask[0]=11111111011111111101111111111110, sa_flags=SA_RESTART|SA_SIGINFO
SIGUSR1: SIG_DFL, sa_mask[0]=00000000000000000000000000000000, sa_flags=none
SIGUSR2: [libjvm.so+0x91b050], sa_mask[0]=00100000000000000000000000000000, sa_flags=SA_RESTART|SA_SIGINFO
SIGHUP: [libjvm.so+0x91c450], sa_mask[0]=11111111011111111101111111111110, sa_flags=SA_RESTART|SA_SIGINFO
SIGINT: [libjvm.so+0x91c450], sa_mask[0]=11111111011111111101111111111110, sa_flags=SA_RESTART|SA_SIGINFO
SIGTERM: [libjvm.so+0x91c450], sa_mask[0]=11111111011111111101111111111110, sa_flags=SA_RESTART|SA_SIGINFO
SIGQUIT: [libjvm.so+0x91c450], sa_mask[0]=11111111011111111101111111111110, sa_flags=SA_RESTART|SA_SIGINFO


---------------  S Y S T E M  ---------------

OS:DISTRIB_ID=Ubuntu
DISTRIB_RELEASE=14.04
DISTRIB_CODENAME=trusty
DISTRIB_DESCRIPTION="Ubuntu 14.04.4 LTS"

uname:Linux 4.2.0-36-generic #41~14.04.1-Ubuntu SMP Tue Apr 19 17:03:32 UTC 2016 x86_64
libc:glibc 2.19 NPTL 2.19 
rlimit: STACK 8192k, CORE 0k, NPROC 31383, NOFILE 4096, AS infinity
load average:2.40 2.51 2.12

/proc/meminfo:
MemTotal:        8056392 kB
MemFree:          609768 kB
MemAvailable:    1345012 kB
Buffers:           68020 kB
Cached:          2268716 kB
SwapCached:           28 kB
Active:          5816104 kB
Inactive:        1358484 kB
Active(anon):    5405376 kB
Inactive(anon):  1068396 kB
Active(file):     410728 kB
Inactive(file):   290088 kB
Unevictable:         900 kB
Mlocked:             900 kB
SwapTotal:       4881404 kB
SwapFree:        4880752 kB
Dirty:             15912 kB
Writeback:             0 kB
AnonPages:       4837828 kB
Mapped:          1681116 kB
Shmem:           1636756 kB
Slab:             119200 kB
SReclaimable:      76704 kB
SUnreclaim:        42496 kB
KernelStack:       13776 kB
PageTables:        64228 kB
NFS_Unstable:          0 kB
Bounce:                0 kB
WritebackTmp:          0 kB
CommitLimit:     8909600 kB
Committed_AS:   13118780 kB
VmallocTotal:   34359738367 kB
VmallocUsed:      360684 kB
VmallocChunk:   34358947836 kB
HardwareCorrupted:     0 kB
AnonHugePages:   1558528 kB
CmaTotal:              0 kB
CmaFree:               0 kB
HugePages_Total:       0
HugePages_Free:        0
HugePages_Rsvd:        0
HugePages_Surp:        0
Hugepagesize:       2048 kB
DirectMap4k:      221128 kB
DirectMap2M:     8048640 kB


CPU:total 4 (2 cores per cpu, 2 threads per core) family 6 model 42 stepping 7, cmov, cx8, fxsr, mmx, sse, sse2, sse3, ssse3, sse4.1, sse4.2, popcnt, avx, clmul, ht, tsc, tscinvbit

/proc/cpuinfo:
processor	: 0
vendor_id	: GenuineIntel
cpu family	: 6
model		: 42
model name	: Intel(R) Core(TM) i3-2377M CPU @ 1.50GHz
stepping	: 7
microcode	: 0x28
cpu MHz		: 1500.000
cache size	: 3072 KB
physical id	: 0
siblings	: 4
core id		: 0
cpu cores	: 2
apicid		: 0
initial apicid	: 0
fpu		: yes
fpu_exception	: yes
cpuid level	: 13
wp		: yes
flags		: fpu vme de pse tsc msr pae mce cx8 apic sep mtrr pge mca cmov pat pse36 clflush dts acpi mmx fxsr sse sse2 ss ht tm pbe syscall nx rdtscp lm constant_tsc arch_perfmon pebs bts rep_good nopl xtopology nonstop_tsc aperfmperf eagerfpu pni pclmulqdq dtes64 monitor ds_cpl vmx est tm2 ssse3 cx16 xtpr pdcm pcid sse4_1 sse4_2 x2apic popcnt tsc_deadline_timer xsave avx lahf_lm arat epb pln pts dtherm tpr_shadow vnmi flexpriority ept vpid xsaveopt
bugs		:
bogomips	: 2993.29
clflush size	: 64
cache_alignment	: 64
address sizes	: 36 bits physical, 48 bits virtual
power management:

processor	: 1
vendor_id	: GenuineIntel
cpu family	: 6
model		: 42
model name	: Intel(R) Core(TM) i3-2377M CPU @ 1.50GHz
stepping	: 7
microcode	: 0x28
cpu MHz		: 1499.941
cache size	: 3072 KB
physical id	: 0
siblings	: 4
core id		: 1
cpu cores	: 2
apicid		: 2
initial apicid	: 2
fpu		: yes
fpu_exception	: yes
cpuid level	: 13
wp		: yes
flags		: fpu vme de pse tsc msr pae mce cx8 apic sep mtrr pge mca cmov pat pse36 clflush dts acpi mmx fxsr sse sse2 ss ht tm pbe syscall nx rdtscp lm constant_tsc arch_perfmon pebs bts rep_good nopl xtopology nonstop_tsc aperfmperf eagerfpu pni pclmulqdq dtes64 monitor ds_cpl vmx est tm2 ssse3 cx16 xtpr pdcm pcid sse4_1 sse4_2 x2apic popcnt tsc_deadline_timer xsave avx lahf_lm arat epb pln pts dtherm tpr_shadow vnmi flexpriority ept vpid xsaveopt
bugs		:
bogomips	: 2993.29
clflush size	: 64
cache_alignment	: 64
address sizes	: 36 bits physical, 48 bits virtual
power management:

processor	: 2
vendor_id	: GenuineIntel
cpu family	: 6
model		: 42
model name	: Intel(R) Core(TM) i3-2377M CPU @ 1.50GHz
stepping	: 7
microcode	: 0x28
cpu MHz		: 1500.000
cache size	: 3072 KB
physical id	: 0
siblings	: 4
core id		: 0
cpu cores	: 2
apicid		: 1
initial apicid	: 1
fpu		: yes
fpu_exception	: yes
cpuid level	: 13
wp		: yes
flags		: fpu vme de pse tsc msr pae mce cx8 apic sep mtrr pge mca cmov pat pse36 clflush dts acpi mmx fxsr sse sse2 ss ht tm pbe syscall nx rdtscp lm constant_tsc arch_perfmon pebs bts rep_good nopl xtopology nonstop_tsc aperfmperf eagerfpu pni pclmulqdq dtes64 monitor ds_cpl vmx est tm2 ssse3 cx16 xtpr pdcm pcid sse4_1 sse4_2 x2apic popcnt tsc_deadline_timer xsave avx lahf_lm arat epb pln pts dtherm tpr_shadow vnmi flexpriority ept vpid xsaveopt
bugs		:
bogomips	: 2993.29
clflush size	: 64
cache_alignment	: 64
address sizes	: 36 bits physical, 48 bits virtual
power management:

processor	: 3
vendor_id	: GenuineIntel
cpu family	: 6
model		: 42
model name	: Intel(R) Core(TM) i3-2377M CPU @ 1.50GHz
stepping	: 7
microcode	: 0x28
cpu MHz		: 1499.941
cache size	: 3072 KB
physical id	: 0
siblings	: 4
core id		: 1
cpu cores	: 2
apicid		: 3
initial apicid	: 3
fpu		: yes
fpu_exception	: yes
cpuid level	: 13
wp		: yes
flags		: fpu vme de pse tsc msr pae mce cx8 apic sep mtrr pge mca cmov pat pse36 clflush dts acpi mmx fxsr sse sse2 ss ht tm pbe syscall nx rdtscp lm constant_tsc arch_perfmon pebs bts rep_good nopl xtopology nonstop_tsc aperfmperf eagerfpu pni pclmulqdq dtes64 monitor ds_cpl vmx est tm2 ssse3 cx16 xtpr pdcm pcid sse4_1 sse4_2 x2apic popcnt tsc_deadline_timer xsave avx lahf_lm arat epb pln pts dtherm tpr_shadow vnmi flexpriority ept vpid xsaveopt
bugs		:
bogomips	: 2993.29
clflush size	: 64
cache_alignment	: 64
address sizes	: 36 bits physical, 48 bits virtual
power management:



Memory: 4k page, physical 8056392k(609768k free), swap 4881404k(4880752k free)

vm_info: Java HotSpot(TM) 64-Bit Server VM (25.91-b14) for linux-amd64 JRE (1.8.0_91-b14), built on Apr  1 2016 00:57:21 by "java_re" with gcc 4.3.0 20080428 (Red Hat 4.3.0-8)

time: Wed Jun  8 22:11:18 2016
elapsed time: 92 seconds (0d 0h 1m 32s)

