#
# A fatal error has been detected by the Java Runtime Environment:
#
#  SIGSEGV (0xb) at pc=0x00007f7aafd54443, pid=29474, tid=140164893513472
#
# JRE version: Java(TM) SE Runtime Environment (8.0_91-b14) (build 1.8.0_91-b14)
# Java VM: Java HotSpot(TM) 64-Bit Server VM (25.91-b14 mixed mode linux-amd64 compressed oops)
# Problematic frame:
# C  [libX11.so.6+0x89443]
#
# Failed to write core dump. Core dumps have been disabled. To enable core dumping, try "ulimit -c unlimited" before starting Java again
#
# If you would like to submit a bug report, please visit:
#   http://bugreport.java.com/bugreport/crash.jsp
# The crash happened outside the Java Virtual Machine in native code.
# See problematic frame for where to report the bug.
#

---------------  T H R E A D  ---------------

Current thread (0x00007f7b1418e800):  JavaThread "AWT-XAWT" daemon [_thread_in_native, id=29614, stack(0x00007f7aaea01000,0x00007f7aaeb02000)]

siginfo: si_signo: 11 (SIGSEGV), si_code: 1 (SEGV_MAPERR), si_addr: 0x000000000000000a

Registers:
RAX=0x00007f7b141a0c90, RBX=0x00007f7b1444d470, RCX=0x0000000000000000, RDX=0x0000000000000087
RSP=0x00007f7aaeb00470, RBP=0x000000000000000a, RSI=0x0000000000000000, RDI=0x00007f7b1444d470
R8 =0x0000000000000000, R9 =0x00007f7aa0009520, R10=0x00007f7b050179e8, R11=0x00007f7b1aad6850
R12=0x0000000000000000, R13=0x00007f7aeca7fa40, R14=0x00007f7aaeb00578, R15=0x00007f7b1418e800
RIP=0x00007f7aafd54443, EFLAGS=0x0000000000010246, CSGSFS=0x0000000000000033, ERR=0x0000000000000004
  TRAPNO=0x000000000000000e

Top of Stack: (sp=0x00007f7aaeb00470)
0x00007f7aaeb00470:   0000000000000000 00007f7b1444d470
0x00007f7aaeb00480:   0000000000000047 00007f7aafd550f1
0x00007f7aaeb00490:   00007f7aeca7fa40 00007f7aaeb004b0
0x00007f7aaeb004a0:   0000000000000000 00007f7aec4d2201
0x00007f7aaeb004b0:   00007f7aaeb00530 00007f7b05017a14
0x00007f7aaeb004c0:   00000000daecf0b8 00007f7aaeb004c8
0x00007f7aaeb004d0:   00007f7aecb5a5ec 00007f7aaeb00520
0x00007f7aaeb004e0:   00007f7aecb5bdb8 0000000000000000
0x00007f7aaeb004f0:   00007f7aaeb004f0 0000000000000000
0x00007f7aaeb00500:   00007f7aaeb00578 00007f7aeca80a70
0x00007f7aaeb00510:   0000000000000000 00007f7aeca7fa40
0x00007f7aaeb00520:   0000000000000000 00007f7aaeb00550
0x00007f7aaeb00530:   00007f7aaeb005c0 00007f7b05007dd0
0x00007f7aaeb00540:   00000000853b90d8 00007f7b05011537
0x00007f7aaeb00550:   0000000000000000 0000000000000000
0x00007f7aaeb00560:   0000000000000047 00007f7b05007dd0
0x00007f7aaeb00570:   00007f7b1444d470 00007f7b05007dd0
0x00007f7aaeb00580:   00007f7aaeb00580 00007f7aeca5b88f
0x00007f7aaeb00590:   00007f7aaeb005e8 00007f7aeca6d678
0x00007f7aaeb005a0:   0000000000000000 00007f7aeca5b8b0
0x00007f7aaeb005b0:   00007f7aaeb00550 00007f7aaeb005e0
0x00007f7aaeb005c0:   00007f7aaeb00630 00007f7b050082bd
0x00007f7aaeb005d0:   0000000000000001 00000000d7c31d70
0x00007f7aaeb005e0:   00000000db082000 00000000dafe62a8
0x00007f7aaeb005f0:   00007f7aaeb005f0 00007f7aeca55ab1
0x00007f7aaeb00600:   00007f7aaeb00678 00007f7aeca6d678
0x00007f7aaeb00610:   0000000000000000 00007f7aeca55c90
0x00007f7aaeb00620:   00007f7aaeb005e0 00007f7aaeb00670
0x00007f7aaeb00630:   00007f7aaeb006c0 00007f7b050082bd
0x00007f7aaeb00640:   0000000000000000 0000000000000000
0x00007f7aaeb00650:   0000000000000000 0000000000000000
0x00007f7aaeb00660:   0000000000000000 00000000db082000 

Instructions: (pc=0x00007f7aafd54443)
0x00007f7aafd54423:   83 ec 08 e8 f5 57 fb ff 48 8b 93 20 0a 00 00 31
0x00007f7aafd54433:   c9 31 f6 48 8b 52 08 8b 52 04 c6 40 01 08 88 10
0x00007f7aafd54443:   0f b7 55 00 66 89 48 06 c6 40 0b 00 c6 40 0a 00
0x00007f7aafd54453:   c6 40 0d 00 c6 40 0c 00 c6 40 0f 00 66 89 50 04 

Register to memory mapping:

RAX=0x00007f7b141a0c90 is an unknown value
RBX=0x00007f7b1444d470 is an unknown value
RCX=0x0000000000000000 is an unknown value
RDX=0x0000000000000087 is an unknown value
RSP=0x00007f7aaeb00470 is pointing into the stack for thread: 0x00007f7b1418e800
RBP=0x000000000000000a is an unknown value
RSI=0x0000000000000000 is an unknown value
RDI=0x00007f7b1444d470 is an unknown value
R8 =0x0000000000000000 is an unknown value
R9 =0x00007f7aa0009520 is an unknown value
R10=0x00007f7b050179e8 is at code_begin+808 in an Interpreter codelet
method entry point (kind = native)  [0x00007f7b050176c0, 0x00007f7b05017fc0]  2304 bytes
R11=0x00007f7b1aad6850: <offset 0x9bb850> in /usr/lib/jvm/java-8-oracle/jre/lib/amd64/server/libjvm.so at 0x00007f7b1a11b000
R12=0x0000000000000000 is an unknown value
R13={method} {0x00007f7aeca7fa40} 'XkbGetUpdatedMap' '(JJJ)J' in 'sun/awt/X11/XlibWrapper'
R14=0x00007f7aaeb00578 is pointing into the stack for thread: 0x00007f7b1418e800
R15=0x00007f7b1418e800 is a thread


Stack: [0x00007f7aaea01000,0x00007f7aaeb02000],  sp=0x00007f7aaeb00470,  free space=1021k
Native frames: (J=compiled Java code, j=interpreted, Vv=VM code, C=native code)
C  [libX11.so.6+0x89443]

Java frames: (J=compiled Java code, j=interpreted, Vv=VM code)
j  sun.awt.X11.XlibWrapper.XkbGetUpdatedMap(JJJ)J+0
j  sun.awt.X11.XToolkit.processXkbChanges(Lsun/awt/X11/XEvent;)V+87
j  sun.awt.X11.XToolkit.run(Z)V+137
j  sun.awt.X11.XToolkit.run()V+5
j  java.lang.Thread.run()V+11
v  ~StubRoutines::call_stub

---------------  P R O C E S S  ---------------

Java Threads: ( => current thread )
  0x00007f7a98002000 JavaThread "Forwarding quit on session a03dfcd98c7bc0ac6146bb0b6e420066 to remote" daemon [_thread_in_native, id=29864, stack(0x00007f7aadef3000,0x00007f7aadff4000)]
  0x00007f7b14713800 JavaThread "Thread-3" [_thread_blocked, id=29861, stack(0x00007f7aae1f6000,0x00007f7aae2f7000)]
  0x00007f7b14674800 JavaThread "Webdrivers killer thread" daemon [_thread_blocked, id=29616, stack(0x00007f7aae700000,0x00007f7aae801000)]
=>0x00007f7b1418e800 JavaThread "AWT-XAWT" daemon [_thread_in_native, id=29614, stack(0x00007f7aaea01000,0x00007f7aaeb02000)]
  0x00007f7b141df800 JavaThread "Java2D Disposer" daemon [_thread_blocked, id=29611, stack(0x00007f7aaef12000,0x00007f7aaf013000)]
  0x00007f7ac400e800 JavaThread "Exec Stream Pumper" daemon [_thread_in_native, id=29521, stack(0x00007f7aecbcd000,0x00007f7aeccce000)]
  0x00007f7ac400d800 JavaThread "Exec Stream Pumper" daemon [_thread_in_native, id=29519, stack(0x00007f7aeccce000,0x00007f7aecdcf000)]
  0x00007f7ac400b800 JavaThread "process reaper" daemon [_thread_in_native, id=29518, stack(0x00007f7aecdcf000,0x00007f7aece08000)]
  0x00007f7b145db800 JavaThread "Exec Default Executor" daemon [_thread_blocked, id=29515, stack(0x00007f7aecf25000,0x00007f7aed026000)]
  0x00007f7b140e9000 JavaThread "Monitor Ctrl-Break" daemon [_thread_in_native, id=29505, stack(0x00007f7aedbaf000,0x00007f7aedcb0000)]
  0x00007f7b140c2800 JavaThread "Service Thread" daemon [_thread_blocked, id=29499, stack(0x00007f7aedfb3000,0x00007f7aee0b4000)]
  0x00007f7b140bf800 JavaThread "C1 CompilerThread2" daemon [_thread_blocked, id=29496, stack(0x00007f7aee0b4000,0x00007f7aee1b5000)]
  0x00007f7b140be000 JavaThread "C2 CompilerThread1" daemon [_thread_blocked, id=29495, stack(0x00007f7aee1b5000,0x00007f7aee2b6000)]
  0x00007f7b140bb000 JavaThread "C2 CompilerThread0" daemon [_thread_blocked, id=29494, stack(0x00007f7aee2b6000,0x00007f7aee3b7000)]
  0x00007f7b140b9800 JavaThread "Signal Dispatcher" daemon [_thread_blocked, id=29493, stack(0x00007f7aee3b7000,0x00007f7aee4b8000)]
  0x00007f7b14086800 JavaThread "Finalizer" daemon [_thread_blocked, id=29489, stack(0x00007f7aeeff0000,0x00007f7aef0f1000)]
  0x00007f7b14082000 JavaThread "Reference Handler" daemon [_thread_blocked, id=29488, stack(0x00007f7aef0f1000,0x00007f7aef1f2000)]
  0x00007f7b1400c800 JavaThread "main" [_thread_blocked, id=29475, stack(0x00007f7b1bbfd000,0x00007f7b1bcfe000)]

Other Threads:
  0x00007f7b1407a000 VMThread [stack: 0x00007f7aef1f2000,0x00007f7aef2f3000] [id=29487]
  0x00007f7b140c5800 WatcherThread [stack: 0x00007f7aedeb2000,0x00007f7aedfb3000] [id=29501]

VM state:not at safepoint (normal execution)

VM Mutex/Monitor currently owned by a thread: None

Heap:
 PSYoungGen      total 36864K, used 17585K [0x00000000d7000000, 0x00000000db380000, 0x0000000100000000)
  eden space 31744K, 39% used [0x00000000d7000000,0x00000000d7c31db0,0x00000000d8f00000)
  from space 5120K, 99% used [0x00000000dae80000,0x00000000db37a688,0x00000000db380000)
  to   space 5120K, 0% used [0x00000000d8f00000,0x00000000d8f00000,0x00000000d9400000)
 ParOldGen       total 84992K, used 5055K [0x0000000085000000, 0x000000008a300000, 0x00000000d7000000)
  object space 84992K, 5% used [0x0000000085000000,0x00000000854efc50,0x000000008a300000)
 Metaspace       used 20143K, capacity 20468K, committed 20736K, reserved 1067008K
  class space    used 2438K, capacity 2531K, committed 2560K, reserved 1048576K

Card table byte_map: [0x00007f7b185e2000,0x00007f7b189bb000] byte_map_base: 0x00007f7b181ba000

Marking Bits: (ParMarkBitMap*) 0x00007f7b1b0d1d60
 Begin Bits: [0x00007f7afc280000, 0x00007f7afe140000)
 End Bits:   [0x00007f7afe140000, 0x00007f7b00000000)

Polling page: 0x00007f7b1bd1a000

CodeCache: size=245760Kb used=7866Kb max_used=7881Kb free=237893Kb
 bounds [0x00007f7b05000000, 0x00007f7b057c0000, 0x00007f7b14000000]
 total_blobs=2792 nmethods=2290 adapters=415
 compilation: enabled

Compilation events (10 events):
Event: 89.294 Thread 0x00007f7b140bf800 nmethod 2444 0x00007f7b052f8590 code [0x00007f7b052f86e0, 0x00007f7b052f87f0]
Event: 89.295 Thread 0x00007f7b140bf800 2445       3       java.util.logging.LogManager::checkPermission (17 bytes)
Event: 89.296 Thread 0x00007f7b140bf800 nmethod 2445 0x00007f7b05305850 code [0x00007f7b053059e0, 0x00007f7b05305ce8]
Event: 89.296 Thread 0x00007f7b140bb000 nmethod 2440 0x00007f7b05305510 code [0x00007f7b05305660, 0x00007f7b05305738]
Event: 89.296 Thread 0x00007f7b140bb000 2429   !   4       java.util.zip.ZipFile$ZipFileInputStream::read (131 bytes)
Event: 89.302 Thread 0x00007f7b140bf800 2446       3       com.google.gson.internal.bind.MapTypeAdapterFactory$Adapter::write (386 bytes)
Event: 89.303 Thread 0x00007f7b140be000 nmethod 2409 0x00007f7b057af510 code [0x00007f7b057af800, 0x00007f7b057b0e00]
Event: 89.309 Thread 0x00007f7b140bf800 nmethod 2446 0x00007f7b057b2250 code [0x00007f7b057b2860, 0x00007f7b057b6648]
Event: 89.309 Thread 0x00007f7b140bf800 2447  s    3       java.io.FileDescriptor::attach (73 bytes)
Event: 89.311 Thread 0x00007f7b140bf800 nmethod 2447 0x00007f7b0522b910 code [0x00007f7b0522bb20, 0x00007f7b0522c6e8]

GC Heap History (8 events):
Event: 2.587 GC heap before
{Heap before GC invocations=1 (full 0):
 PSYoungGen      total 36864K, used 31744K [0x00000000d7000000, 0x00000000d9900000, 0x0000000100000000)
  eden space 31744K, 100% used [0x00000000d7000000,0x00000000d8f00000,0x00000000d8f00000)
  from space 5120K, 0% used [0x00000000d9400000,0x00000000d9400000,0x00000000d9900000)
  to   space 5120K, 0% used [0x00000000d8f00000,0x00000000d8f00000,0x00000000d9400000)
 ParOldGen       total 84992K, used 0K [0x0000000085000000, 0x000000008a300000, 0x00000000d7000000)
  object space 84992K, 0% used [0x0000000085000000,0x0000000085000000,0x000000008a300000)
 Metaspace       used 11008K, capacity 11240K, committed 11392K, reserved 1058816K
  class space    used 1283K, capacity 1349K, committed 1408K, reserved 1048576K
Event: 2.630 GC heap after
Heap after GC invocations=1 (full 0):
 PSYoungGen      total 36864K, used 5105K [0x00000000d7000000, 0x00000000db800000, 0x0000000100000000)
  eden space 31744K, 0% used [0x00000000d7000000,0x00000000d7000000,0x00000000d8f00000)
  from space 5120K, 99% used [0x00000000d8f00000,0x00000000d93fc470,0x00000000d9400000)
  to   space 5120K, 0% used [0x00000000db300000,0x00000000db300000,0x00000000db800000)
 ParOldGen       total 84992K, used 1051K [0x0000000085000000, 0x000000008a300000, 0x00000000d7000000)
  object space 84992K, 1% used [0x0000000085000000,0x0000000085106cd0,0x000000008a300000)
 Metaspace       used 11008K, capacity 11240K, committed 11392K, reserved 1058816K
  class space    used 1283K, capacity 1349K, committed 1408K, reserved 1048576K
}
Event: 22.325 GC heap before
{Heap before GC invocations=2 (full 0):
 PSYoungGen      total 36864K, used 36849K [0x00000000d7000000, 0x00000000db800000, 0x0000000100000000)
  eden space 31744K, 100% used [0x00000000d7000000,0x00000000d8f00000,0x00000000d8f00000)
  from space 5120K, 99% used [0x00000000d8f00000,0x00000000d93fc470,0x00000000d9400000)
  to   space 5120K, 0% used [0x00000000db300000,0x00000000db300000,0x00000000db800000)
 ParOldGen       total 84992K, used 1051K [0x0000000085000000, 0x000000008a300000, 0x00000000d7000000)
  object space 84992K, 1% used [0x0000000085000000,0x0000000085106cd0,0x000000008a300000)
 Metaspace       used 16502K, capacity 16748K, committed 17024K, reserved 1064960K
  class space    used 1998K, capacity 2071K, committed 2176K, reserved 1048576K
Event: 22.342 GC heap after
Heap after GC invocations=2 (full 0):
 PSYoungGen      total 36864K, used 5088K [0x00000000d7000000, 0x00000000db800000, 0x0000000100000000)
  eden space 31744K, 0% used [0x00000000d7000000,0x00000000d7000000,0x00000000d8f00000)
  from space 5120K, 99% used [0x00000000db300000,0x00000000db7f8030,0x00000000db800000)
  to   space 5120K, 0% used [0x00000000d8f00000,0x00000000d8f00000,0x00000000d9400000)
 ParOldGen       total 84992K, used 3812K [0x0000000085000000, 0x000000008a300000, 0x00000000d7000000)
  object space 84992K, 4% used [0x0000000085000000,0x00000000853b9048,0x000000008a300000)
 Metaspace       used 16502K, capacity 16748K, committed 17024K, reserved 1064960K
  class space    used 1998K, capacity 2071K, committed 2176K, reserved 1048576K
}
Event: 79.782 GC heap before
{Heap before GC invocations=3 (full 0):
 PSYoungGen      total 36864K, used 36832K [0x00000000d7000000, 0x00000000db800000, 0x0000000100000000)
  eden space 31744K, 100% used [0x00000000d7000000,0x00000000d8f00000,0x00000000d8f00000)
  from space 5120K, 99% used [0x00000000db300000,0x00000000db7f8030,0x00000000db800000)
  to   space 5120K, 0% used [0x00000000d8f00000,0x00000000d8f00000,0x00000000d9400000)
 ParOldGen       total 84992K, used 3812K [0x0000000085000000, 0x000000008a300000, 0x00000000d7000000)
  object space 84992K, 4% used [0x0000000085000000,0x00000000853b9048,0x000000008a300000)
 Metaspace       used 18072K, capacity 18328K, committed 18688K, reserved 1064960K
  class space    used 2125K, capacity 2233K, committed 2304K, reserved 1048576K
Event: 79.803 GC heap after
Heap after GC invocations=3 (full 0):
 PSYoungGen      total 36864K, used 5104K [0x00000000d7000000, 0x00000000db380000, 0x0000000100000000)
  eden space 31744K, 0% used [0x00000000d7000000,0x00000000d7000000,0x00000000d8f00000)
  from space 5120K, 99% used [0x00000000d8f00000,0x00000000d93fc040,0x00000000d9400000)
  to   space 5120K, 0% used [0x00000000dae80000,0x00000000dae80000,0x00000000db380000)
 ParOldGen       total 84992K, used 4702K [0x0000000085000000, 0x000000008a300000, 0x00000000d7000000)
  object space 84992K, 5% used [0x0000000085000000,0x0000000085497b80,0x000000008a300000)
 Metaspace       used 18072K, capacity 18328K, committed 18688K, reserved 1064960K
  class space    used 2125K, capacity 2233K, committed 2304K, reserved 1048576K
}
Event: 87.450 GC heap before
{Heap before GC invocations=4 (full 0):
 PSYoungGen      total 36864K, used 36848K [0x00000000d7000000, 0x00000000db380000, 0x0000000100000000)
  eden space 31744K, 100% used [0x00000000d7000000,0x00000000d8f00000,0x00000000d8f00000)
  from space 5120K, 99% used [0x00000000d8f00000,0x00000000d93fc040,0x00000000d9400000)
  to   space 5120K, 0% used [0x00000000dae80000,0x00000000dae80000,0x00000000db380000)
 ParOldGen       total 84992K, used 4702K [0x0000000085000000, 0x000000008a300000, 0x00000000d7000000)
  object space 84992K, 5% used [0x0000000085000000,0x0000000085497b80,0x000000008a300000)
 Metaspace       used 18212K, capacity 18462K, committed 18688K, reserved 1064960K
  class space    used 2136K, capacity 2234K, committed 2304K, reserved 1048576K
Event: 87.465 GC heap after
Heap after GC invocations=4 (full 0):
 PSYoungGen      total 36864K, used 5097K [0x00000000d7000000, 0x00000000db380000, 0x0000000100000000)
  eden space 31744K, 0% used [0x00000000d7000000,0x00000000d7000000,0x00000000d8f00000)
  from space 5120K, 99% used [0x00000000dae80000,0x00000000db37a688,0x00000000db380000)
  to   space 5120K, 0% used [0x00000000d8f00000,0x00000000d8f00000,0x00000000d9400000)
 ParOldGen       total 84992K, used 5055K [0x0000000085000000, 0x000000008a300000, 0x00000000d7000000)
  object space 84992K, 5% used [0x0000000085000000,0x00000000854efc50,0x000000008a300000)
 Metaspace       used 18212K, capacity 18462K, committed 18688K, reserved 1064960K
  class space    used 2136K, capacity 2234K, committed 2304K, reserved 1048576K
}

Deoptimization events (10 events):
Event: 87.887 Thread 0x00007f7b1400c800 Uncommon trap: reason=bimorphic action=maybe_recompile pc=0x00007f7b0570dbec method=java.util.regex.Pattern$GroupTail.match(Ljava/util/regex/Matcher;ILjava/lang/CharSequence;)Z @ 70
Event: 87.887 Thread 0x00007f7b1400c800 Uncommon trap: reason=bimorphic action=maybe_recompile pc=0x00007f7b0570dbec method=java.util.regex.Pattern$GroupTail.match(Ljava/util/regex/Matcher;ILjava/lang/CharSequence;)Z @ 70
Event: 89.190 Thread 0x00007f7b1400c800 Uncommon trap: reason=class_check action=maybe_recompile pc=0x00007f7b0545bdbc method=java.util.Collections$UnmodifiableCollection$1.next()Ljava/lang/Object; @ 4
Event: 89.191 Thread 0x00007f7b1400c800 Uncommon trap: reason=class_check action=maybe_recompile pc=0x00007f7b0545bdbc method=java.util.Collections$UnmodifiableCollection$1.next()Ljava/lang/Object; @ 4
Event: 89.191 Thread 0x00007f7b1400c800 Uncommon trap: reason=class_check action=maybe_recompile pc=0x00007f7b0545bdbc method=java.util.Collections$UnmodifiableCollection$1.next()Ljava/lang/Object; @ 4
Event: 89.209 Thread 0x00007f7b1400c800 Uncommon trap: reason=predicate action=maybe_recompile pc=0x00007f7b05603bf4 method=java.lang.String.regionMatches(ZILjava/lang/String;II)Z @ 63
Event: 89.215 Thread 0x00007f7b1400c800 Uncommon trap: reason=class_check action=maybe_recompile pc=0x00007f7b05414a20 method=java.io.DataInputStream.readFully([BII)V @ 34
Event: 89.215 Thread 0x00007f7b1400c800 Uncommon trap: reason=class_check action=maybe_recompile pc=0x00007f7b05414a20 method=java.io.DataInputStream.readFully([BII)V @ 34
Event: 89.215 Thread 0x00007f7b1400c800 Uncommon trap: reason=class_check action=maybe_recompile pc=0x00007f7b05414a20 method=java.io.DataInputStream.readFully([BII)V @ 34
Event: 89.215 Thread 0x00007f7b1400c800 Uncommon trap: reason=class_check action=maybe_recompile pc=0x00007f7b05414a20 method=java.io.DataInputStream.readFully([BII)V @ 34

Internal exceptions (10 events):
Event: 3.698 Thread 0x00007f7b145e3000 Exception <a 'java/net/ConnectException'> (0x00000000d7cdf740) thrown at [/HUDSON/workspace/8-2-build-linux-amd64/jdk8u91/6644/hotspot/src/share/vm/prims/jni.cpp, line 709]
Event: 3.710 Thread 0x00007f7b145e3000 Exception <a 'java/net/ConnectException'> (0x00000000d7ce0ab8) thrown at [/HUDSON/workspace/8-2-build-linux-amd64/jdk8u91/6644/hotspot/src/share/vm/prims/jni.cpp, line 709]
Event: 3.731 Thread 0x00007f7b145e3000 Exception <a 'java/net/ConnectException'> (0x00000000d7ce1e30) thrown at [/HUDSON/workspace/8-2-build-linux-amd64/jdk8u91/6644/hotspot/src/share/vm/prims/jni.cpp, line 709]
Event: 3.922 Thread 0x00007f7b1400c800 Exception <a 'java/lang/ArrayIndexOutOfBoundsException': 139> (0x00000000d8238900) thrown at [/HUDSON/workspace/8-2-build-linux-amd64/jdk8u91/6644/hotspot/src/share/vm/interpreter/interpreterRuntime.cpp, line 366]
Event: 3.922 Thread 0x00007f7b1400c800 Exception <a 'java/lang/ArrayIndexOutOfBoundsException': 60> (0x00000000d8239cb8) thrown at [/HUDSON/workspace/8-2-build-linux-amd64/jdk8u91/6644/hotspot/src/share/vm/interpreter/interpreterRuntime.cpp, line 366]
Event: 5.853 Thread 0x00007f7b1400c800 Exception <a 'java/io/FileNotFoundException'> (0x00000000d8b11298) thrown at [/HUDSON/workspace/8-2-build-linux-amd64/jdk8u91/6644/hotspot/src/share/vm/prims/jni.cpp, line 709]
Event: 5.854 Thread 0x00007f7b1400c800 Exception <a 'java/io/FileNotFoundException'> (0x00000000d8b11e38) thrown at [/HUDSON/workspace/8-2-build-linux-amd64/jdk8u91/6644/hotspot/src/share/vm/prims/jni.cpp, line 709]
Event: 87.881 Thread 0x00007f7b1400c800 Exception <a 'java/lang/reflect/InvocationTargetException'> (0x00000000d75512d8) thrown at [/HUDSON/workspace/8-2-build-linux-amd64/jdk8u91/6644/hotspot/src/share/vm/runtime/reflection.cpp, line 1092]
Event: 89.072 Thread 0x00007f7b1400c800 Exception <a 'java/lang/ClassNotFoundException': com/sun/org/glassfish/hk2/osgiresourcelocator/ServiceLoader> (0x00000000d788cc10) thrown at [/HUDSON/workspace/8-2-build-linux-amd64/jdk8u91/6644/hotspot/src/share/vm/classfile/systemDictionary.cpp, line 21
Event: 89.078 Thread 0x00007f7b1400c800 Exception <a 'java/lang/NullPointerException'> (0x00000000d7897968) thrown at [/HUDSON/workspace/8-2-build-linux-amd64/jdk8u91/6644/hotspot/src/share/vm/interpreter/linkResolver.cpp, line 1280]

Events (10 events):
Event: 89.295 loading class sun/awt/X11/XSystemTrayPeer done
Event: 89.295 Executing VM operation: RevokeBias
Event: 89.296 Thread 0x00007f7b1468f000 Thread added: 0x00007f7b1468f000
Event: 89.297 Executing VM operation: RevokeBias done
Event: 89.299 Thread 0x00007f7a98002000 Thread added: 0x00007f7a98002000
Event: 89.299 Thread 0x00007f7b14713000 Thread exited: 0x00007f7b14713000
Event: 89.299 Thread 0x00007f7b1468d800 Thread exited: 0x00007f7b1468d800
Event: 89.299 Thread 0x00007f7b1468f000 Thread exited: 0x00007f7b1468f000
Event: 89.302 loading class org/apache/http/client/methods/HttpDelete
Event: 89.302 loading class org/apache/http/client/methods/HttpDelete done


Dynamic libraries:
00400000-00401000 r-xp 00000000 08:02 948184                             /usr/lib/jvm/java-8-oracle/bin/java
00600000-00601000 rw-p 00000000 08:02 948184                             /usr/lib/jvm/java-8-oracle/bin/java
0251e000-0253f000 rw-p 00000000 00:00 0                                  [heap]
85000000-8a300000 rw-p 00000000 00:00 0 
8a300000-d7000000 ---p 00000000 00:00 0 
d7000000-db380000 rw-p 00000000 00:00 0 
db380000-100000000 ---p 00000000 00:00 0 
100000000-100280000 rw-p 00000000 00:00 0 
100280000-140000000 ---p 00000000 00:00 0 
7f7a90000000-7f7a90021000 rw-p 00000000 00:00 0 
7f7a90021000-7f7a94000000 ---p 00000000 00:00 0 
7f7a98000000-7f7a98021000 rw-p 00000000 00:00 0 
7f7a98021000-7f7a9c000000 ---p 00000000 00:00 0 
7f7a9c000000-7f7a9c021000 rw-p 00000000 00:00 0 
7f7a9c021000-7f7aa0000000 ---p 00000000 00:00 0 
7f7aa0000000-7f7aa002c000 rw-p 00000000 00:00 0 
7f7aa002c000-7f7aa4000000 ---p 00000000 00:00 0 
7f7aa4000000-7f7aa428d000 rw-p 00000000 00:00 0 
7f7aa428d000-7f7aa8000000 ---p 00000000 00:00 0 
7f7aa8000000-7f7aa8021000 rw-p 00000000 00:00 0 
7f7aa8021000-7f7aac000000 ---p 00000000 00:00 0 
7f7aadef3000-7f7aadef6000 ---p 00000000 00:00 0 
7f7aadef6000-7f7aadff4000 rw-p 00000000 00:00 0 
7f7aadff4000-7f7aadff7000 ---p 00000000 00:00 0 
7f7aadff7000-7f7aae0f5000 rw-p 00000000 00:00 0 
7f7aae0f5000-7f7aae0f8000 ---p 00000000 00:00 0 
7f7aae0f8000-7f7aae1f6000 rw-p 00000000 00:00 0 
7f7aae1f6000-7f7aae1f9000 ---p 00000000 00:00 0 
7f7aae1f9000-7f7aae4b7000 rw-p 00000000 00:00 0 
7f7aae4b7000-7f7aae4f7000 ---p 00000000 00:00 0 
7f7aae4f7000-7f7aae500000 r-xp 00000000 08:02 1084491                    /usr/lib/jvm/java-8-oracle/jre/lib/amd64/libmanagement.so
7f7aae500000-7f7aae6ff000 ---p 00009000 08:02 1084491                    /usr/lib/jvm/java-8-oracle/jre/lib/amd64/libmanagement.so
7f7aae6ff000-7f7aae700000 rw-p 00008000 08:02 1084491                    /usr/lib/jvm/java-8-oracle/jre/lib/amd64/libmanagement.so
7f7aae700000-7f7aae703000 ---p 00000000 00:00 0 
7f7aae703000-7f7aaea01000 rw-p 00000000 00:00 0 
7f7aaea01000-7f7aaea04000 ---p 00000000 00:00 0 
7f7aaea04000-7f7aaeb02000 rw-p 00000000 00:00 0 
7f7aaeb02000-7f7aaeb07000 r-xp 00000000 08:02 925440                     /usr/lib/x86_64-linux-gnu/libXfixes.so.3.1.0
7f7aaeb07000-7f7aaed06000 ---p 00005000 08:02 925440                     /usr/lib/x86_64-linux-gnu/libXfixes.so.3.1.0
7f7aaed06000-7f7aaed07000 r--p 00004000 08:02 925440                     /usr/lib/x86_64-linux-gnu/libXfixes.so.3.1.0
7f7aaed07000-7f7aaed08000 rw-p 00005000 08:02 925440                     /usr/lib/x86_64-linux-gnu/libXfixes.so.3.1.0
7f7aaed08000-7f7aaed11000 r-xp 00000000 08:02 925432                     /usr/lib/x86_64-linux-gnu/libXcursor.so.1.0.2
7f7aaed11000-7f7aaef10000 ---p 00009000 08:02 925432                     /usr/lib/x86_64-linux-gnu/libXcursor.so.1.0.2
7f7aaef10000-7f7aaef11000 r--p 00008000 08:02 925432                     /usr/lib/x86_64-linux-gnu/libXcursor.so.1.0.2
7f7aaef11000-7f7aaef12000 rw-p 00009000 08:02 925432                     /usr/lib/x86_64-linux-gnu/libXcursor.so.1.0.2
7f7aaef12000-7f7aaef15000 ---p 00000000 00:00 0 
7f7aaef15000-7f7aaf013000 rw-p 00000000 00:00 0 
7f7aaf013000-7f7aaf078000 r-xp 00000000 08:02 1084310                    /usr/lib/jvm/java-8-oracle/jre/lib/amd64/libfontmanager.so
7f7aaf078000-7f7aaf277000 ---p 00065000 08:02 1084310                    /usr/lib/jvm/java-8-oracle/jre/lib/amd64/libfontmanager.so
7f7aaf277000-7f7aaf27c000 rw-p 00064000 08:02 1084310                    /usr/lib/jvm/java-8-oracle/jre/lib/amd64/libfontmanager.so
7f7aaf27c000-7f7aaf28c000 rw-p 00000000 00:00 0 
7f7aaf28c000-7f7aaf291000 r-xp 00000000 08:02 925436                     /usr/lib/x86_64-linux-gnu/libXdmcp.so.6.0.0
7f7aaf291000-7f7aaf490000 ---p 00005000 08:02 925436                     /usr/lib/x86_64-linux-gnu/libXdmcp.so.6.0.0
7f7aaf490000-7f7aaf491000 r--p 00004000 08:02 925436                     /usr/lib/x86_64-linux-gnu/libXdmcp.so.6.0.0
7f7aaf491000-7f7aaf492000 rw-p 00005000 08:02 925436                     /usr/lib/x86_64-linux-gnu/libXdmcp.so.6.0.0
7f7aaf492000-7f7aaf494000 r-xp 00000000 08:02 925425                     /usr/lib/x86_64-linux-gnu/libXau.so.6.0.0
7f7aaf494000-7f7aaf694000 ---p 00002000 08:02 925425                     /usr/lib/x86_64-linux-gnu/libXau.so.6.0.0
7f7aaf694000-7f7aaf695000 r--p 00002000 08:02 925425                     /usr/lib/x86_64-linux-gnu/libXau.so.6.0.0
7f7aaf695000-7f7aaf696000 rw-p 00003000 08:02 925425                     /usr/lib/x86_64-linux-gnu/libXau.so.6.0.0
7f7aaf696000-7f7aaf6b3000 r-xp 00000000 08:02 926377                     /usr/lib/x86_64-linux-gnu/libxcb.so.1.1.0
7f7aaf6b3000-7f7aaf8b3000 ---p 0001d000 08:02 926377                     /usr/lib/x86_64-linux-gnu/libxcb.so.1.1.0
7f7aaf8b3000-7f7aaf8b4000 r--p 0001d000 08:02 926377                     /usr/lib/x86_64-linux-gnu/libxcb.so.1.1.0
7f7aaf8b4000-7f7aaf8b5000 rw-p 0001e000 08:02 926377                     /usr/lib/x86_64-linux-gnu/libxcb.so.1.1.0
7f7aaf8b5000-7f7aaf8c4000 r-xp 00000000 08:02 925446                     /usr/lib/x86_64-linux-gnu/libXi.so.6.1.0
7f7aaf8c4000-7f7aafac3000 ---p 0000f000 08:02 925446                     /usr/lib/x86_64-linux-gnu/libXi.so.6.1.0
7f7aafac3000-7f7aafac4000 r--p 0000e000 08:02 925446                     /usr/lib/x86_64-linux-gnu/libXi.so.6.1.0
7f7aafac4000-7f7aafac5000 rw-p 0000f000 08:02 925446                     /usr/lib/x86_64-linux-gnu/libXi.so.6.1.0
7f7aafac5000-7f7aafaca000 r-xp 00000000 08:02 925466                     /usr/lib/x86_64-linux-gnu/libXtst.so.6.1.0
7f7aafaca000-7f7aafcc9000 ---p 00005000 08:02 925466                     /usr/lib/x86_64-linux-gnu/libXtst.so.6.1.0
7f7aafcc9000-7f7aafcca000 r--p 00004000 08:02 925466                     /usr/lib/x86_64-linux-gnu/libXtst.so.6.1.0
7f7aafcca000-7f7aafccb000 rw-p 00005000 08:02 925466                     /usr/lib/x86_64-linux-gnu/libXtst.so.6.1.0
7f7aafccb000-7f7aafdfb000 r-xp 00000000 08:02 925421                     /usr/lib/x86_64-linux-gnu/libX11.so.6.3.0
7f7aafdfb000-7f7aafffb000 ---p 00130000 08:02 925421                     /usr/lib/x86_64-linux-gnu/libX11.so.6.3.0
7f7aafffb000-7f7aafffc000 r--p 00130000 08:02 925421                     /usr/lib/x86_64-linux-gnu/libX11.so.6.3.0
7f7aafffc000-7f7ab0000000 rw-p 00131000 08:02 925421                     /usr/lib/x86_64-linux-gnu/libX11.so.6.3.0
7f7ab0000000-7f7ab0021000 rw-p 00000000 00:00 0 
7f7ab0021000-7f7ab4000000 ---p 00000000 00:00 0 
7f7ab4000000-7f7ab4021000 rw-p 00000000 00:00 0 
7f7ab4021000-7f7ab8000000 ---p 00000000 00:00 0 
7f7ab8000000-7f7ab8021000 rw-p 00000000 00:00 0 
7f7ab8021000-7f7abc000000 ---p 00000000 00:00 0 
7f7abc000000-7f7abc021000 rw-p 00000000 00:00 0 
7f7abc021000-7f7ac0000000 ---p 00000000 00:00 0 
7f7ac0000000-7f7ac0021000 rw-p 00000000 00:00 0 
7f7ac0021000-7f7ac4000000 ---p 00000000 00:00 0 
7f7ac4000000-7f7ac4021000 rw-p 00000000 00:00 0 
7f7ac4021000-7f7ac8000000 ---p 00000000 00:00 0 
7f7ac8000000-7f7ac8021000 rw-p 00000000 00:00 0 
7f7ac8021000-7f7acc000000 ---p 00000000 00:00 0 
7f7acc000000-7f7acc021000 rw-p 00000000 00:00 0 
7f7acc021000-7f7ad0000000 ---p 00000000 00:00 0 
7f7ad0000000-7f7ad037d000 rw-p 00000000 00:00 0 
7f7ad037d000-7f7ad4000000 ---p 00000000 00:00 0 
7f7ad4000000-7f7ad46f6000 rw-p 00000000 00:00 0 
7f7ad46f6000-7f7ad8000000 ---p 00000000 00:00 0 
7f7ad8000000-7f7ad8021000 rw-p 00000000 00:00 0 
7f7ad8021000-7f7adc000000 ---p 00000000 00:00 0 
7f7adc000000-7f7adcbb4000 rw-p 00000000 00:00 0 
7f7adcbb4000-7f7ae0000000 ---p 00000000 00:00 0 
7f7ae0000000-7f7ae0021000 rw-p 00000000 00:00 0 
7f7ae0021000-7f7ae4000000 ---p 00000000 00:00 0 
7f7ae4000000-7f7ae4021000 rw-p 00000000 00:00 0 
7f7ae4021000-7f7ae8000000 ---p 00000000 00:00 0 
7f7ae8000000-7f7ae8021000 rw-p 00000000 00:00 0 
7f7ae8021000-7f7aec000000 ---p 00000000 00:00 0 
7f7aec06d000-7f7aec076000 r-xp 00000000 08:02 925460                     /usr/lib/x86_64-linux-gnu/libXrender.so.1.3.0
7f7aec076000-7f7aec275000 ---p 00009000 08:02 925460                     /usr/lib/x86_64-linux-gnu/libXrender.so.1.3.0
7f7aec275000-7f7aec276000 r--p 00008000 08:02 925460                     /usr/lib/x86_64-linux-gnu/libXrender.so.1.3.0
7f7aec276000-7f7aec277000 rw-p 00009000 08:02 925460                     /usr/lib/x86_64-linux-gnu/libXrender.so.1.3.0
7f7aec277000-7f7aec288000 r-xp 00000000 08:02 925438                     /usr/lib/x86_64-linux-gnu/libXext.so.6.4.0
7f7aec288000-7f7aec487000 ---p 00011000 08:02 925438                     /usr/lib/x86_64-linux-gnu/libXext.so.6.4.0
7f7aec487000-7f7aec488000 r--p 00010000 08:02 925438                     /usr/lib/x86_64-linux-gnu/libXext.so.6.4.0
7f7aec488000-7f7aec489000 rw-p 00011000 08:02 925438                     /usr/lib/x86_64-linux-gnu/libXext.so.6.4.0
7f7aec4a2000-7f7aec4f6000 r-xp 00000000 08:02 1084502                    /usr/lib/jvm/java-8-oracle/jre/lib/amd64/libawt_xawt.so
7f7aec4f6000-7f7aec6f6000 ---p 00054000 08:02 1084502                    /usr/lib/jvm/java-8-oracle/jre/lib/amd64/libawt_xawt.so
7f7aec6f6000-7f7aec6fa000 rw-p 00054000 08:02 1084502                    /usr/lib/jvm/java-8-oracle/jre/lib/amd64/libawt_xawt.so
7f7aec6fa000-7f7aec6fb000 rw-p 00000000 00:00 0 
7f7aec6fb000-7f7aec79d000 r-xp 00000000 08:02 1084317                    /usr/lib/jvm/java-8-oracle/jre/lib/amd64/libawt.so
7f7aec79d000-7f7aec99d000 ---p 000a2000 08:02 1084317                    /usr/lib/jvm/java-8-oracle/jre/lib/amd64/libawt.so
7f7aec99d000-7f7aec9a9000 rw-p 000a2000 08:02 1084317                    /usr/lib/jvm/java-8-oracle/jre/lib/amd64/libawt.so
7f7aec9a9000-7f7aecbcd000 rw-p 00000000 00:00 0 
7f7aecbcd000-7f7aecbd0000 ---p 00000000 00:00 0 
7f7aecbd0000-7f7aeccce000 rw-p 00000000 00:00 0 
7f7aeccce000-7f7aeccd1000 ---p 00000000 00:00 0 
7f7aeccd1000-7f7aecdcf000 rw-p 00000000 00:00 0 
7f7aecdcf000-7f7aecdd2000 ---p 00000000 00:00 0 
7f7aecdd2000-7f7aece08000 rw-p 00000000 00:00 0 
7f7aece08000-7f7aece24000 r--s 00393000 08:02 13917                      /usr/lib/jvm/java-8-oracle/jre/lib/ext/cldrdata.jar
7f7aece24000-7f7aece27000 ---p 00000000 00:00 0 
7f7aece27000-7f7aecf25000 rw-p 00000000 00:00 0 
7f7aecf25000-7f7aecf28000 ---p 00000000 00:00 0 
7f7aecf28000-7f7aed226000 rw-p 00000000 00:00 0 
7f7aed226000-7f7aed23c000 r-xp 00000000 08:02 661526                     /lib/x86_64-linux-gnu/libgcc_s.so.1
7f7aed23c000-7f7aed43b000 ---p 00016000 08:02 661526                     /lib/x86_64-linux-gnu/libgcc_s.so.1
7f7aed43b000-7f7aed43c000 rw-p 00015000 08:02 661526                     /lib/x86_64-linux-gnu/libgcc_s.so.1
7f7aed44a000-7f7aed44b000 rw-p 00000000 00:00 0 
7f7aed44b000-7f7aed455000 r--s 00116000 08:02 13915                      /usr/lib/jvm/java-8-oracle/jre/lib/ext/localedata.jar
7f7aed455000-7f7aed487000 r-xp 00000000 08:02 1084504                    /usr/lib/jvm/java-8-oracle/jre/lib/amd64/libsunec.so
7f7aed487000-7f7aed686000 ---p 00032000 08:02 1084504                    /usr/lib/jvm/java-8-oracle/jre/lib/amd64/libsunec.so
7f7aed686000-7f7aed68c000 rw-p 00031000 08:02 1084504                    /usr/lib/jvm/java-8-oracle/jre/lib/amd64/libsunec.so
7f7aed68c000-7f7aed89c000 rw-p 00000000 00:00 0 
7f7aed89c000-7f7aed89d000 r--s 00009000 08:02 13908                      /usr/lib/jvm/java-8-oracle/jre/lib/ext/sunec.jar
7f7aed89d000-7f7aed8a0000 r--s 0001a000 08:02 413725                     /usr/lib/jvm/java-8-oracle/jre/lib/jce.jar
7f7aed8a0000-7f7aed8a4000 r--s 00097000 08:02 413727                     /usr/lib/jvm/java-8-oracle/jre/lib/jsse.jar
7f7aed8a4000-7f7aed8a6000 r--s 0000c000 08:03 15467612                   /home/cosmic/SOFT/idea-IU-145.258.11/plugins/testng/lib/jcommander.jar
7f7aed8a6000-7f7aed8ff000 r--s 00522000 08:03 24643383                   /home/cosmic/.ivy2/cache/org.scala-lang/scala-library/jars/scala-library-2.11.8.jar
7f7aed8ff000-7f7aed904000 r--s 00040000 08:03 29755392                   /home/cosmic/.ivy2/cache/org.beanshell/bsh/jars/bsh-2.0b4.jar
7f7aed904000-7f7aed908000 r--s 0002a000 08:03 24643076                   /home/cosmic/.ivy2/cache/commons-io/commons-io/jars/commons-io-2.4.jar
7f7aed908000-7f7aed909000 r--s 00002000 08:03 29884471                   /home/cosmic/.ivy2/cache/com.codeborne/phantomjsdriver/jars/phantomjsdriver-1.3.0.jar
7f7aed909000-7f7aed90e000 r--s 0002e000 08:03 29884459                   /home/cosmic/.ivy2/cache/com.codeborne/selenide/jars/selenide-3.6.jar
7f7aed90e000-7f7aed913000 r--s 0002f000 08:03 24774458                   /home/cosmic/.ivy2/cache/com.google.code.gson/gson/jars/gson-2.3.1.jar
7f7aed913000-7f7aed93f000 r--s 00208000 08:03 24774457                   /home/cosmic/.ivy2/cache/com.google.guava/guava/bundles/guava-19.0.jar
7f7aed93f000-7f7aed943000 r--s 0002f000 08:03 29884489                   /home/cosmic/.ivy2/cache/commons-beanutils/commons-beanutils-core/jars/commons-beanutils-core-1.8.3.jar
7f7aed943000-7f7aed94a000 r--s 0003f000 08:03 24911239                   /home/cosmic/.ivy2/cache/commons-codec/commons-codec/jars/commons-codec-1.10.jar
7f7aed94a000-7f7aed94c000 r--s 0000e000 08:03 24911238                   /home/cosmic/.ivy2/cache/commons-logging/commons-logging/jars/commons-logging-1.2.jar
7f7aed94c000-7f7aed962000 r--s 000f9000 08:03 24774459                   /home/cosmic/.ivy2/cache/io.netty/netty/bundles/netty-3.5.7.Final.jar
7f7aed962000-7f7aed966000 r--s 000dc000 08:03 29755854                   /home/cosmic/.ivy2/cache/net.java.dev.jna/jna/jars/jna-4.1.0.jar
7f7aed966000-7f7aed977000 r--s 00155000 08:03 29884469                   /home/cosmic/.ivy2/cache/net.java.dev.jna/jna-platform/jars/jna-platform-4.1.0.jar
7f7aed977000-7f7aed979000 r--s 0000c000 08:03 27135791                   /home/cosmic/.ivy2/cache/org.apache.commons/commons-exec/jars/commons-exec-1.3.jar
7f7aed979000-7f7aed986000 r--s 000a6000 08:03 24911236                   /home/cosmic/.ivy2/cache/org.apache.httpcomponents/httpclient/jars/httpclient-4.5.1.jar
7f7aed986000-7f7aed98d000 r--s 00049000 08:03 24911237                   /home/cosmic/.ivy2/cache/org.apache.httpcomponents/httpcore/jars/httpcore-4.4.3.jar
7f7aed98d000-7f7aed994000 r--s 0007a000 08:03 29884481                   /home/cosmic/.ivy2/cache/org.apache.tika/tika-core/bundles/tika-core-1.7.jar
7f7aed994000-7f7aed998000 r--s 00019000 08:03 29884477                   /home/cosmic/.ivy2/cache/org.aspectj/aspectjrt/jars/aspectjrt-1.8.3.jar
7f7aed998000-7f7aed9ae000 r-xp 00000000 08:02 1084488                    /usr/lib/jvm/java-8-oracle/jre/lib/amd64/libnet.so
7f7aed9ae000-7f7aedbae000 ---p 00016000 08:02 1084488                    /usr/lib/jvm/java-8-oracle/jre/lib/amd64/libnet.so
7f7aedbae000-7f7aedbaf000 rw-p 00016000 08:02 1084488                    /usr/lib/jvm/java-8-oracle/jre/lib/amd64/libnet.so
7f7aedbaf000-7f7aedbb2000 ---p 00000000 00:00 0 
7f7aedbb2000-7f7aedcb0000 rw-p 00000000 00:00 0 
7f7aedcb0000-7f7aedcb1000 r-xp 00000000 08:03 15204416                   /home/cosmic/SOFT/idea-IU-145.258.11/bin/libbreakgen64.so
7f7aedcb1000-7f7aedeb0000 ---p 00001000 08:03 15204416                   /home/cosmic/SOFT/idea-IU-145.258.11/bin/libbreakgen64.so
7f7aedeb0000-7f7aedeb1000 r--p 00000000 08:03 15204416                   /home/cosmic/SOFT/idea-IU-145.258.11/bin/libbreakgen64.so
7f7aedeb1000-7f7aedeb2000 rw-p 00001000 08:03 15204416                   /home/cosmic/SOFT/idea-IU-145.258.11/bin/libbreakgen64.so
7f7aedeb2000-7f7aedeb3000 ---p 00000000 00:00 0 
7f7aedeb3000-7f7aedfb3000 rw-p 00000000 00:00 0 
7f7aedfb3000-7f7aedfb6000 ---p 00000000 00:00 0 
7f7aedfb6000-7f7aee0b4000 rw-p 00000000 00:00 0 
7f7aee0b4000-7f7aee0b7000 ---p 00000000 00:00 0 
7f7aee0b7000-7f7aee1b5000 rw-p 00000000 00:00 0 
7f7aee1b5000-7f7aee1b8000 ---p 00000000 00:00 0 
7f7aee1b8000-7f7aee2b6000 rw-p 00000000 00:00 0 
7f7aee2b6000-7f7aee2b9000 ---p 00000000 00:00 0 
7f7aee2b9000-7f7aee3b7000 rw-p 00000000 00:00 0 
7f7aee3b7000-7f7aee3ba000 ---p 00000000 00:00 0 
7f7aee3ba000-7f7aee4b8000 rw-p 00000000 00:00 0 
7f7aee4b8000-7f7aeeff0000 r--p 00000000 08:02 794137                     /usr/lib/locale/locale-archive
7f7aeeff0000-7f7aeeff3000 ---p 00000000 00:00 0 
7f7aeeff3000-7f7aef0f1000 rw-p 00000000 00:00 0 
7f7aef0f1000-7f7aef0f4000 ---p 00000000 00:00 0 
7f7aef0f4000-7f7aef1f2000 rw-p 00000000 00:00 0 
7f7aef1f2000-7f7aef1f3000 ---p 00000000 00:00 0 
7f7aef1f3000-7f7af0000000 rw-p 00000000 00:00 0 
7f7af0000000-7f7af0021000 rw-p 00000000 00:00 0 
7f7af0021000-7f7af4000000 ---p 00000000 00:00 0 
7f7af4000000-7f7af4021000 rw-p 00000000 00:00 0 
7f7af4021000-7f7af8000000 ---p 00000000 00:00 0 
7f7af8000000-7f7af8021000 rw-p 00000000 00:00 0 
7f7af8021000-7f7afc000000 ---p 00000000 00:00 0 
7f7afc000000-7f7afc019000 r--s 001af000 08:03 29884463                   /home/cosmic/.ivy2/cache/org.aspectj/aspectjweaver/jars/aspectjweaver-1.8.9.jar
7f7afc019000-7f7afc01f000 r--s 0001e000 08:03 29884485                   /home/cosmic/.ivy2/cache/org.jvnet.jaxb2_commons/jaxb2-basics-runtime/jars/jaxb2-basics-runtime-0.9.3.jar
7f7afc01f000-7f7afc024000 r--s 0001f000 08:03 29755853                   /home/cosmic/.ivy2/cache/org.seleniumhq.selenium/selenium-api/jars/selenium-api-2.53.0.jar
7f7afc024000-7f7afc025000 r--s 00002000 08:03 29755847                   /home/cosmic/.ivy2/cache/org.seleniumhq.selenium/selenium-chrome-driver/jars/selenium-chrome-driver-2.53.0.jar
7f7afc025000-7f7afc026000 r--s 00001000 08:03 29884465                   /home/cosmic/.ivy2/cache/org.seleniumhq.selenium/selenium-edge-driver/jars/selenium-edge-driver-2.53.0.jar
7f7afc026000-7f7afc028000 r--s 000c7000 08:03 29755848                   /home/cosmic/.ivy2/cache/org.seleniumhq.selenium/selenium-firefox-driver/jars/selenium-firefox-driver-2.53.0.jar
7f7afc028000-7f7afc029000 r--s 00002000 08:03 29755849                   /home/cosmic/.ivy2/cache/org.seleniumhq.selenium/selenium-ie-driver/jars/selenium-ie-driver-2.53.0.jar
7f7afc029000-7f7afc02a000 r--s 00000000 08:03 29755846                   /home/cosmic/.ivy2/cache/org.seleniumhq.selenium/selenium-java/jars/selenium-java-2.53.0.jar
7f7afc02a000-7f7afc02f000 r--s 0005d000 08:03 29884467                   /home/cosmic/.ivy2/cache/org.seleniumhq.selenium/selenium-leg-rc/jars/selenium-leg-rc-2.53.0.jar
7f7afc02f000-7f7afc034000 r--s 00035000 08:03 29755852                   /home/cosmic/.ivy2/cache/org.seleniumhq.selenium/selenium-remote-driver/jars/selenium-remote-driver-2.53.0.jar
7f7afc034000-7f7afc036000 r--s 00014000 08:03 29755850                   /home/cosmic/.ivy2/cache/org.seleniumhq.selenium/selenium-safari-driver/jars/selenium-safari-driver-2.53.0.jar
7f7afc036000-7f7afc03b000 r--s 00025000 08:03 29755851                   /home/cosmic/.ivy2/cache/org.seleniumhq.selenium/selenium-support/jars/selenium-support-2.53.0.jar
7f7afc03b000-7f7afc03c000 r--s 00007000 08:03 24773374                   /home/cosmic/.ivy2/cache/org.slf4j/slf4j-api/jars/slf4j-api-1.7.12.jar
7f7afc03c000-7f7afc03f000 r--s 0000e000 08:03 29884475                   /home/cosmic/.ivy2/cache/ru.yandex.qatools.allure/allure-java-adaptor-api/jars/allure-java-adaptor-api-1.4.23.jar
7f7afc03f000-7f7afc040000 r--s 00001000 08:03 29884479                   /home/cosmic/.ivy2/cache/ru.yandex.qatools.allure/allure-java-annotations/jars/allure-java-annotations-1.4.23.jar
7f7afc040000-7f7afc041000 r--s 00002000 08:03 29884473                   /home/cosmic/.ivy2/cache/ru.yandex.qatools.allure/allure-java-aspects/jars/allure-java-aspects-1.4.23.jar
7f7afc041000-7f7afc042000 r--s 0000a000 08:03 29884483                   /home/cosmic/.ivy2/cache/ru.yandex.qatools.allure/allure-model/jars/allure-model-1.4.23.jar
7f7afc042000-7f7afc043000 r--s 00002000 08:03 29884461                   /home/cosmic/.ivy2/cache/ru.yandex.qatools.allure/allure-testng-adaptor/jars/allure-testng-adaptor-1.4.23.jar
7f7afc043000-7f7afc051000 r--s 000c7000 08:03 29755761                   /home/cosmic/.ivy2/cache/org.testng/testng/jars/testng-6.9.10.jar
7f7afc051000-7f7afc058000 r--s 00049000 08:03 29755356                   /home/cosmic/.ivy2/cache/cglib/cglib-nodep/jars/cglib-nodep-2.1_3.jar
7f7afc058000-7f7afc06b000 r--s 00344000 08:02 413786                     /usr/lib/jvm/java-8-oracle/jre/lib/resources.jar
7f7afc06b000-7f7afc07e000 r--s 000d6000 08:02 413789                     /usr/lib/jvm/java-8-oracle/jre/lib/plugin.jar
7f7afc07e000-7f7b00000000 rw-p 00000000 00:00 0 
7f7b00000000-7f7b00021000 rw-p 00000000 00:00 0 
7f7b00021000-7f7b04000000 ---p 00000000 00:00 0 
7f7b04000000-7f7b04001000 r--s 00003000 08:03 29884487                   /home/cosmic/.ivy2/cache/ru.yandex.qatools.properties/properties-loader/jars/properties-loader-1.5.jar
7f7b04001000-7f7b04003000 r--s 0000e000 08:03 29755762                   /home/cosmic/.ivy2/cache/com.beust/jcommander/jars/jcommander-1.48.jar
7f7b04003000-7f7b04004000 r--s 00000000 08:02 413785                     /usr/lib/jvm/java-8-oracle/jre/lib/management-agent.jar
7f7b04004000-7f7b04008000 r--s 00097000 08:02 413727                     /usr/lib/jvm/java-8-oracle/jre/lib/jsse.jar
7f7b04008000-7f7b04023000 r--s 00208000 08:02 413803                     /usr/lib/jvm/java-8-oracle/jre/lib/deploy.jar
7f7b04023000-7f7b040d8000 rw-p 00000000 00:00 0 
7f7b040d8000-7f7b042b1000 r--s 03d1f000 08:02 413728                     /usr/lib/jvm/java-8-oracle/jre/lib/rt.jar
7f7b042b1000-7f7b04eff000 rw-p 00000000 00:00 0 
7f7b04eff000-7f7b04f00000 ---p 00000000 00:00 0 
7f7b04f00000-7f7b05000000 rw-p 00000000 00:00 0 
7f7b05000000-7f7b057c0000 rwxp 00000000 00:00 0 
7f7b057c0000-7f7b14000000 ---p 00000000 00:00 0 
7f7b14000000-7f7b1499c000 rw-p 00000000 00:00 0 
7f7b1499c000-7f7b18000000 ---p 00000000 00:00 0 
7f7b18000000-7f7b1804f000 rw-p 00000000 00:00 0 
7f7b1804f000-7f7b18050000 ---p 00000000 00:00 0 
7f7b18050000-7f7b18150000 rw-p 00000000 00:00 0 
7f7b18150000-7f7b18151000 ---p 00000000 00:00 0 
7f7b18151000-7f7b18251000 rw-p 00000000 00:00 0 
7f7b18251000-7f7b18252000 ---p 00000000 00:00 0 
7f7b18252000-7f7b1837c000 rw-p 00000000 00:00 0 
7f7b1837c000-7f7b185e2000 ---p 00000000 00:00 0 
7f7b185e2000-7f7b1860c000 rw-p 00000000 00:00 0 
7f7b1860c000-7f7b18872000 ---p 00000000 00:00 0 
7f7b18872000-7f7b18894000 rw-p 00000000 00:00 0 
7f7b18894000-7f7b189ba000 ---p 00000000 00:00 0 
7f7b189ba000-7f7b189da000 rw-p 00000000 00:00 0 
7f7b189da000-7f7b18d7b000 ---p 00000000 00:00 0 
7f7b18d7b000-7f7b18d95000 r-xp 00000000 08:02 1084323                    /usr/lib/jvm/java-8-oracle/jre/lib/amd64/libzip.so
7f7b18d95000-7f7b18f95000 ---p 0001a000 08:02 1084323                    /usr/lib/jvm/java-8-oracle/jre/lib/amd64/libzip.so
7f7b18f95000-7f7b18f96000 rw-p 0001a000 08:02 1084323                    /usr/lib/jvm/java-8-oracle/jre/lib/amd64/libzip.so
7f7b18f96000-7f7b18fa1000 r-xp 00000000 08:02 661574                     /lib/x86_64-linux-gnu/libnss_files-2.19.so
7f7b18fa1000-7f7b191a0000 ---p 0000b000 08:02 661574                     /lib/x86_64-linux-gnu/libnss_files-2.19.so
7f7b191a0000-7f7b191a1000 r--p 0000a000 08:02 661574                     /lib/x86_64-linux-gnu/libnss_files-2.19.so
7f7b191a1000-7f7b191a2000 rw-p 0000b000 08:02 661574                     /lib/x86_64-linux-gnu/libnss_files-2.19.so
7f7b191a2000-7f7b191ad000 r-xp 00000000 08:02 661584                     /lib/x86_64-linux-gnu/libnss_nis-2.19.so
7f7b191ad000-7f7b193ac000 ---p 0000b000 08:02 661584                     /lib/x86_64-linux-gnu/libnss_nis-2.19.so
7f7b193ac000-7f7b193ad000 r--p 0000a000 08:02 661584                     /lib/x86_64-linux-gnu/libnss_nis-2.19.so
7f7b193ad000-7f7b193ae000 rw-p 0000b000 08:02 661584                     /lib/x86_64-linux-gnu/libnss_nis-2.19.so
7f7b193ae000-7f7b193c5000 r-xp 00000000 08:02 661568                     /lib/x86_64-linux-gnu/libnsl-2.19.so
7f7b193c5000-7f7b195c4000 ---p 00017000 08:02 661568                     /lib/x86_64-linux-gnu/libnsl-2.19.so
7f7b195c4000-7f7b195c5000 r--p 00016000 08:02 661568                     /lib/x86_64-linux-gnu/libnsl-2.19.so
7f7b195c5000-7f7b195c6000 rw-p 00017000 08:02 661568                     /lib/x86_64-linux-gnu/libnsl-2.19.so
7f7b195c6000-7f7b195c8000 rw-p 00000000 00:00 0 
7f7b195c8000-7f7b195d1000 r-xp 00000000 08:02 661570                     /lib/x86_64-linux-gnu/libnss_compat-2.19.so
7f7b195d1000-7f7b197d0000 ---p 00009000 08:02 661570                     /lib/x86_64-linux-gnu/libnss_compat-2.19.so
7f7b197d0000-7f7b197d1000 r--p 00008000 08:02 661570                     /lib/x86_64-linux-gnu/libnss_compat-2.19.so
7f7b197d1000-7f7b197d2000 rw-p 00009000 08:02 661570                     /lib/x86_64-linux-gnu/libnss_compat-2.19.so
7f7b197d2000-7f7b197fc000 r-xp 00000000 08:02 1084492                    /usr/lib/jvm/java-8-oracle/jre/lib/amd64/libjava.so
7f7b197fc000-7f7b199fc000 ---p 0002a000 08:02 1084492                    /usr/lib/jvm/java-8-oracle/jre/lib/amd64/libjava.so
7f7b199fc000-7f7b199fe000 rw-p 0002a000 08:02 1084492                    /usr/lib/jvm/java-8-oracle/jre/lib/amd64/libjava.so
7f7b199fe000-7f7b19a0b000 r-xp 00000000 08:02 1084501                    /usr/lib/jvm/java-8-oracle/jre/lib/amd64/libverify.so
7f7b19a0b000-7f7b19c0b000 ---p 0000d000 08:02 1084501                    /usr/lib/jvm/java-8-oracle/jre/lib/amd64/libverify.so
7f7b19c0b000-7f7b19c0d000 rw-p 0000d000 08:02 1084501                    /usr/lib/jvm/java-8-oracle/jre/lib/amd64/libverify.so
7f7b19c0d000-7f7b19c14000 r-xp 00000000 08:02 661627                     /lib/x86_64-linux-gnu/librt-2.19.so
7f7b19c14000-7f7b19e13000 ---p 00007000 08:02 661627                     /lib/x86_64-linux-gnu/librt-2.19.so
7f7b19e13000-7f7b19e14000 r--p 00006000 08:02 661627                     /lib/x86_64-linux-gnu/librt-2.19.so
7f7b19e14000-7f7b19e15000 rw-p 00007000 08:02 661627                     /lib/x86_64-linux-gnu/librt-2.19.so
7f7b19e15000-7f7b19f1a000 r-xp 00000000 08:02 661549                     /lib/x86_64-linux-gnu/libm-2.19.so
7f7b19f1a000-7f7b1a119000 ---p 00105000 08:02 661549                     /lib/x86_64-linux-gnu/libm-2.19.so
7f7b1a119000-7f7b1a11a000 r--p 00104000 08:02 661549                     /lib/x86_64-linux-gnu/libm-2.19.so
7f7b1a11a000-7f7b1a11b000 rw-p 00105000 08:02 661549                     /lib/x86_64-linux-gnu/libm-2.19.so
7f7b1a11b000-7f7b1addb000 r-xp 00000000 08:02 1084463                    /usr/lib/jvm/java-8-oracle/jre/lib/amd64/server/libjvm.so
7f7b1addb000-7f7b1afdb000 ---p 00cc0000 08:02 1084463                    /usr/lib/jvm/java-8-oracle/jre/lib/amd64/server/libjvm.so
7f7b1afdb000-7f7b1b0b3000 rw-p 00cc0000 08:02 1084463                    /usr/lib/jvm/java-8-oracle/jre/lib/amd64/server/libjvm.so
7f7b1b0b3000-7f7b1b0fe000 rw-p 00000000 00:00 0 
7f7b1b0fe000-7f7b1b2b9000 r-xp 00000000 08:02 661499                     /lib/x86_64-linux-gnu/libc-2.19.so
7f7b1b2b9000-7f7b1b4b8000 ---p 001bb000 08:02 661499                     /lib/x86_64-linux-gnu/libc-2.19.so
7f7b1b4b8000-7f7b1b4bc000 r--p 001ba000 08:02 661499                     /lib/x86_64-linux-gnu/libc-2.19.so
7f7b1b4bc000-7f7b1b4be000 rw-p 001be000 08:02 661499                     /lib/x86_64-linux-gnu/libc-2.19.so
7f7b1b4be000-7f7b1b4c3000 rw-p 00000000 00:00 0 
7f7b1b4c3000-7f7b1b4c6000 r-xp 00000000 08:02 661516                     /lib/x86_64-linux-gnu/libdl-2.19.so
7f7b1b4c6000-7f7b1b6c5000 ---p 00003000 08:02 661516                     /lib/x86_64-linux-gnu/libdl-2.19.so
7f7b1b6c5000-7f7b1b6c6000 r--p 00002000 08:02 661516                     /lib/x86_64-linux-gnu/libdl-2.19.so
7f7b1b6c6000-7f7b1b6c7000 rw-p 00003000 08:02 661516                     /lib/x86_64-linux-gnu/libdl-2.19.so
7f7b1b6c7000-7f7b1b6dc000 r-xp 00000000 08:02 413719                     /usr/lib/jvm/java-8-oracle/lib/amd64/jli/libjli.so
7f7b1b6dc000-7f7b1b8dc000 ---p 00015000 08:02 413719                     /usr/lib/jvm/java-8-oracle/lib/amd64/jli/libjli.so
7f7b1b8dc000-7f7b1b8dd000 rw-p 00015000 08:02 413719                     /usr/lib/jvm/java-8-oracle/lib/amd64/jli/libjli.so
7f7b1b8dd000-7f7b1b8f6000 r-xp 00000000 08:02 661619                     /lib/x86_64-linux-gnu/libpthread-2.19.so
7f7b1b8f6000-7f7b1baf5000 ---p 00019000 08:02 661619                     /lib/x86_64-linux-gnu/libpthread-2.19.so
7f7b1baf5000-7f7b1baf6000 r--p 00018000 08:02 661619                     /lib/x86_64-linux-gnu/libpthread-2.19.so
7f7b1baf6000-7f7b1baf7000 rw-p 00019000 08:02 661619                     /lib/x86_64-linux-gnu/libpthread-2.19.so
7f7b1baf7000-7f7b1bafb000 rw-p 00000000 00:00 0 
7f7b1bafb000-7f7b1bb1e000 r-xp 00000000 08:02 661475                     /lib/x86_64-linux-gnu/ld-2.19.so
7f7b1bb1e000-7f7b1bb20000 r--s 00007000 08:02 413729                     /usr/lib/jvm/java-8-oracle/jre/lib/jfxswt.jar
7f7b1bb20000-7f7b1bb25000 r--s 00084000 08:02 413777                     /usr/lib/jvm/java-8-oracle/jre/lib/jfr.jar
7f7b1bb25000-7f7b1bb28000 r--s 0001a000 08:02 413725                     /usr/lib/jvm/java-8-oracle/jre/lib/jce.jar
7f7b1bb28000-7f7b1bb32000 r--s 0006c000 08:02 413766                     /usr/lib/jvm/java-8-oracle/jre/lib/javaws.jar
7f7b1bb32000-7f7b1bbfd000 rw-p 00000000 00:00 0 
7f7b1bbfd000-7f7b1bc00000 ---p 00000000 00:00 0 
7f7b1bc00000-7f7b1bd02000 rw-p 00000000 00:00 0 
7f7b1bd02000-7f7b1bd08000 r--s 002f8000 08:02 413805                     /usr/lib/jvm/java-8-oracle/jre/lib/charsets.jar
7f7b1bd08000-7f7b1bd0f000 r--s 000c2000 08:03 15467614                   /home/cosmic/SOFT/idea-IU-145.258.11/plugins/testng/lib/testng-plugin.jar
7f7b1bd0f000-7f7b1bd11000 r--s 0001e000 08:03 15204515                   /home/cosmic/SOFT/idea-IU-145.258.11/lib/idea_rt.jar
7f7b1bd11000-7f7b1bd19000 rw-s 00000000 08:02 526250                     /tmp/hsperfdata_cosmic/29474
7f7b1bd19000-7f7b1bd1a000 rw-p 00000000 00:00 0 
7f7b1bd1a000-7f7b1bd1b000 r--p 00000000 00:00 0 
7f7b1bd1b000-7f7b1bd1d000 rw-p 00000000 00:00 0 
7f7b1bd1d000-7f7b1bd1e000 r--p 00022000 08:02 661475                     /lib/x86_64-linux-gnu/ld-2.19.so
7f7b1bd1e000-7f7b1bd1f000 rw-p 00023000 08:02 661475                     /lib/x86_64-linux-gnu/ld-2.19.so
7f7b1bd1f000-7f7b1bd20000 rw-p 00000000 00:00 0 
7ffcdc39d000-7ffcdc3c0000 rw-p 00000000 00:00 0                          [stack]
7ffcdc3ea000-7ffcdc3ec000 r--p 00000000 00:00 0                          [vvar]
7ffcdc3ec000-7ffcdc3ee000 r-xp 00000000 00:00 0                          [vdso]
ffffffffff600000-ffffffffff601000 r-xp 00000000 00:00 0                  [vsyscall]

VM Arguments:
jvm_args: -ea -Didea.launcher.port=7534 -Didea.launcher.bin.path=/home/cosmic/SOFT/idea-IU-145.258.11/bin -Didea.testng.sm_runner -Dfile.encoding=UTF-8 
java_command: com.intellij.rt.execution.application.AppMain org.testng.RemoteTestNGStarter -port 42684 -usedefaultlisteners false -socket39001 @w@/tmp/idea_working_dirs_testng.tmp -temp /tmp/idea_testng.tmp
java_class_path (initial): /home/cosmic/SOFT/idea-IU-145.258.11/lib/idea_rt.jar:/home/cosmic/SOFT/idea-IU-145.258.11/plugins/testng/lib/testng-plugin.jar:/usr/lib/jvm/java-8-oracle/jre/lib/charsets.jar:/usr/lib/jvm/java-8-oracle/jre/lib/deploy.jar:/usr/lib/jvm/java-8-oracle/jre/lib/ext/cldrdata.jar:/usr/lib/jvm/java-8-oracle/jre/lib/ext/dnsns.jar:/usr/lib/jvm/java-8-oracle/jre/lib/ext/jaccess.jar:/usr/lib/jvm/java-8-oracle/jre/lib/ext/jfxrt.jar:/usr/lib/jvm/java-8-oracle/jre/lib/ext/localedata.jar:/usr/lib/jvm/java-8-oracle/jre/lib/ext/nashorn.jar:/usr/lib/jvm/java-8-oracle/jre/lib/ext/sunec.jar:/usr/lib/jvm/java-8-oracle/jre/lib/ext/sunjce_provider.jar:/usr/lib/jvm/java-8-oracle/jre/lib/ext/sunpkcs11.jar:/usr/lib/jvm/java-8-oracle/jre/lib/ext/zipfs.jar:/usr/lib/jvm/java-8-oracle/jre/lib/javaws.jar:/usr/lib/jvm/java-8-oracle/jre/lib/jce.jar:/usr/lib/jvm/java-8-oracle/jre/lib/jfr.jar:/usr/lib/jvm/java-8-oracle/jre/lib/jfxswt.jar:/usr/lib/jvm/java-8-oracle/jre/lib/jsse.jar:/usr/lib/jvm/java-8-oracle/jre/lib/management-agent.jar:/usr/lib/jvm/java-8-oracle/jre/lib/plugin.jar:/usr/lib/jvm/java-8-oracle/jre/lib/resources.jar:/usr/lib/jvm/java-8-oracle/jre/lib/rt.jar:/home/cosmic/IdeaProjects/FC/ui-tests/target/scala-2.11/test-classes:/home/cosmic/.ivy2/cache/cglib/cglib-nodep/jars/cglib-nodep-2.1_3.jar:/home/cosmic/.ivy2/cache/org.testng/testng/jars/testng-6.9.10.jar:/home/cosmic/.ivy2/cache/com.beust/jcommander/jars/jcommander-1.48.jar:/home/cosmic/.ivy2/cache/ru.yandex.qatools.properties/properties-loader/jars/properties-loader-1.5.jar:/home/cosmic/.ivy2/cache/ru.yandex.qatools.allure/allure-testng-adaptor/jars/allure-testng-adaptor-1.4.23.jar:/home/cosmic/.ivy2/cache/ru.yandex.qatools.allure/allure-model/jars/allure-model-1.4.23.jar:/home/cosmic/.ivy2/cache/ru.yandex.qatools.allure/allure-java-aspects/jars/allure-java-aspects-1.4.23.jar:/home/cosmic/.ivy2/cache/ru.yandex.qatools.allure/allure-java-annotations/jars/allure-java-annotations-1.4.23.jar:/home/cosmic/.ivy2
Launcher Type: SUN_STANDARD

Environment Variables:
JAVA_HOME=/opt/jdk1.8.0_91
JRE_HOME=/opt/jdk1.8.0_91/bin
PATH=/home/cosmic/SOFT/google-cloud-sdk/bin:/usr/local/sbin:/usr/local/bin:/usr/sbin:/usr/bin:/sbin:/bin:/opt/go1.5/bin:/opt/sbt/bin:/home/cosmic/SOFT/google-cloud-sdk/bin:/usr/local/sbin:/usr/local/bin:/usr/sbin:/usr/bin:/sbin:/bin:/home/cosmic/bash_scripts/touchpad.sh:/home/cosmic/bash_scripts/monitor.sh:/opt/jdk1.8.0_91:/opt/jdk1.8.0_91/bin:/opt/go1.5/bin:/opt/sbt/bin
LD_LIBRARY_PATH=/home/cosmic/SOFT/idea-IU-145.258.11/bin:
SHELL=/bin/bash
DISPLAY=:0.0

Signal Handlers:
SIGSEGV: [libjvm.so+0xabca10], sa_mask[0]=11111111011111111101111111111110, sa_flags=SA_RESTART|SA_SIGINFO
SIGBUS: [libjvm.so+0xabca10], sa_mask[0]=11111111011111111101111111111110, sa_flags=SA_RESTART|SA_SIGINFO
SIGFPE: [libjvm.so+0x919a20], sa_mask[0]=11111111011111111101111111111110, sa_flags=SA_RESTART|SA_SIGINFO
SIGPIPE: [libjvm.so+0x919a20], sa_mask[0]=11111111011111111101111111111110, sa_flags=SA_RESTART|SA_SIGINFO
SIGXFSZ: [libjvm.so+0x919a20], sa_mask[0]=11111111011111111101111111111110, sa_flags=SA_RESTART|SA_SIGINFO
SIGILL: [libjvm.so+0x919a20], sa_mask[0]=11111111011111111101111111111110, sa_flags=SA_RESTART|SA_SIGINFO
SIGUSR1: SIG_DFL, sa_mask[0]=00000000000000000000000000000000, sa_flags=none
SIGUSR2: [libjvm.so+0x91b050], sa_mask[0]=00100000000000000000000000000000, sa_flags=SA_RESTART|SA_SIGINFO
SIGHUP: [libjvm.so+0x91c450], sa_mask[0]=11111111011111111101111111111110, sa_flags=SA_RESTART|SA_SIGINFO
SIGINT: [libjvm.so+0x91c450], sa_mask[0]=11111111011111111101111111111110, sa_flags=SA_RESTART|SA_SIGINFO
SIGTERM: [libjvm.so+0x91c450], sa_mask[0]=11111111011111111101111111111110, sa_flags=SA_RESTART|SA_SIGINFO
SIGQUIT: [libjvm.so+0x91c450], sa_mask[0]=11111111011111111101111111111110, sa_flags=SA_RESTART|SA_SIGINFO


---------------  S Y S T E M  ---------------

OS:DISTRIB_ID=Ubuntu
DISTRIB_RELEASE=14.04
DISTRIB_CODENAME=trusty
DISTRIB_DESCRIPTION="Ubuntu 14.04.4 LTS"

uname:Linux 4.2.0-36-generic #41~14.04.1-Ubuntu SMP Tue Apr 19 17:03:32 UTC 2016 x86_64
libc:glibc 2.19 NPTL 2.19 
rlimit: STACK 8192k, CORE 0k, NPROC 31383, NOFILE 4096, AS infinity
load average:1.98 1.37 1.37

/proc/meminfo:
MemTotal:        8056392 kB
MemFree:          472144 kB
MemAvailable:    1215800 kB
Buffers:           43904 kB
Cached:          2347216 kB
SwapCached:         5220 kB
Active:          5903684 kB
Inactive:        1364488 kB
Active(anon):    5476768 kB
Inactive(anon):  1112804 kB
Active(file):     426916 kB
Inactive(file):   251684 kB
Unevictable:        1104 kB
Mlocked:            1104 kB
SwapTotal:       4881404 kB
SwapFree:        4649112 kB
Dirty:              1768 kB
Writeback:             0 kB
AnonPages:       4875244 kB
Mapped:          1741176 kB
Shmem:           1712832 kB
Slab:             151912 kB
SReclaimable:     107332 kB
SUnreclaim:        44580 kB
KernelStack:       14672 kB
PageTables:        70776 kB
NFS_Unstable:          0 kB
Bounce:                0 kB
WritebackTmp:          0 kB
CommitLimit:     8909600 kB
Committed_AS:   14496860 kB
VmallocTotal:   34359738367 kB
VmallocUsed:      360796 kB
VmallocChunk:   34358947836 kB
HardwareCorrupted:     0 kB
AnonHugePages:   1638400 kB
CmaTotal:              0 kB
CmaFree:               0 kB
HugePages_Total:       0
HugePages_Free:        0
HugePages_Rsvd:        0
HugePages_Surp:        0
Hugepagesize:       2048 kB
DirectMap4k:      239560 kB
DirectMap2M:     8030208 kB


CPU:total 4 (2 cores per cpu, 2 threads per core) family 6 model 42 stepping 7, cmov, cx8, fxsr, mmx, sse, sse2, sse3, ssse3, sse4.1, sse4.2, popcnt, avx, clmul, ht, tsc, tscinvbit

/proc/cpuinfo:
processor	: 0
vendor_id	: GenuineIntel
cpu family	: 6
model		: 42
model name	: Intel(R) Core(TM) i3-2377M CPU @ 1.50GHz
stepping	: 7
microcode	: 0x28
cpu MHz		: 1500.000
cache size	: 3072 KB
physical id	: 0
siblings	: 4
core id		: 0
cpu cores	: 2
apicid		: 0
initial apicid	: 0
fpu		: yes
fpu_exception	: yes
cpuid level	: 13
wp		: yes
flags		: fpu vme de pse tsc msr pae mce cx8 apic sep mtrr pge mca cmov pat pse36 clflush dts acpi mmx fxsr sse sse2 ss ht tm pbe syscall nx rdtscp lm constant_tsc arch_perfmon pebs bts rep_good nopl xtopology nonstop_tsc aperfmperf eagerfpu pni pclmulqdq dtes64 monitor ds_cpl vmx est tm2 ssse3 cx16 xtpr pdcm pcid sse4_1 sse4_2 x2apic popcnt tsc_deadline_timer xsave avx lahf_lm arat epb pln pts dtherm tpr_shadow vnmi flexpriority ept vpid xsaveopt
bugs		:
bogomips	: 2993.29
clflush size	: 64
cache_alignment	: 64
address sizes	: 36 bits physical, 48 bits virtual
power management:

processor	: 1
vendor_id	: GenuineIntel
cpu family	: 6
model		: 42
model name	: Intel(R) Core(TM) i3-2377M CPU @ 1.50GHz
stepping	: 7
microcode	: 0x28
cpu MHz		: 1499.941
cache size	: 3072 KB
physical id	: 0
siblings	: 4
core id		: 1
cpu cores	: 2
apicid		: 2
initial apicid	: 2
fpu		: yes
fpu_exception	: yes
cpuid level	: 13
wp		: yes
flags		: fpu vme de pse tsc msr pae mce cx8 apic sep mtrr pge mca cmov pat pse36 clflush dts acpi mmx fxsr sse sse2 ss ht tm pbe syscall nx rdtscp lm constant_tsc arch_perfmon pebs bts rep_good nopl xtopology nonstop_tsc aperfmperf eagerfpu pni pclmulqdq dtes64 monitor ds_cpl vmx est tm2 ssse3 cx16 xtpr pdcm pcid sse4_1 sse4_2 x2apic popcnt tsc_deadline_timer xsave avx lahf_lm arat epb pln pts dtherm tpr_shadow vnmi flexpriority ept vpid xsaveopt
bugs		:
bogomips	: 2993.29
clflush size	: 64
cache_alignment	: 64
address sizes	: 36 bits physical, 48 bits virtual
power management:

processor	: 2
vendor_id	: GenuineIntel
cpu family	: 6
model		: 42
model name	: Intel(R) Core(TM) i3-2377M CPU @ 1.50GHz
stepping	: 7
microcode	: 0x28
cpu MHz		: 1499.941
cache size	: 3072 KB
physical id	: 0
siblings	: 4
core id		: 0
cpu cores	: 2
apicid		: 1
initial apicid	: 1
fpu		: yes
fpu_exception	: yes
cpuid level	: 13
wp		: yes
flags		: fpu vme de pse tsc msr pae mce cx8 apic sep mtrr pge mca cmov pat pse36 clflush dts acpi mmx fxsr sse sse2 ss ht tm pbe syscall nx rdtscp lm constant_tsc arch_perfmon pebs bts rep_good nopl xtopology nonstop_tsc aperfmperf eagerfpu pni pclmulqdq dtes64 monitor ds_cpl vmx est tm2 ssse3 cx16 xtpr pdcm pcid sse4_1 sse4_2 x2apic popcnt tsc_deadline_timer xsave avx lahf_lm arat epb pln pts dtherm tpr_shadow vnmi flexpriority ept vpid xsaveopt
bugs		:
bogomips	: 2993.29
clflush size	: 64
cache_alignment	: 64
address sizes	: 36 bits physical, 48 bits virtual
power management:

processor	: 3
vendor_id	: GenuineIntel
cpu family	: 6
model		: 42
model name	: Intel(R) Core(TM) i3-2377M CPU @ 1.50GHz
stepping	: 7
microcode	: 0x28
cpu MHz		: 1500.000
cache size	: 3072 KB
physical id	: 0
siblings	: 4
core id		: 1
cpu cores	: 2
apicid		: 3
initial apicid	: 3
fpu		: yes
fpu_exception	: yes
cpuid level	: 13
wp		: yes
flags		: fpu vme de pse tsc msr pae mce cx8 apic sep mtrr pge mca cmov pat pse36 clflush dts acpi mmx fxsr sse sse2 ss ht tm pbe syscall nx rdtscp lm constant_tsc arch_perfmon pebs bts rep_good nopl xtopology nonstop_tsc aperfmperf eagerfpu pni pclmulqdq dtes64 monitor ds_cpl vmx est tm2 ssse3 cx16 xtpr pdcm pcid sse4_1 sse4_2 x2apic popcnt tsc_deadline_timer xsave avx lahf_lm arat epb pln pts dtherm tpr_shadow vnmi flexpriority ept vpid xsaveopt
bugs		:
bogomips	: 2993.29
clflush size	: 64
cache_alignment	: 64
address sizes	: 36 bits physical, 48 bits virtual
power management:



Memory: 4k page, physical 8056392k(477780k free), swap 4881404k(4649112k free)

vm_info: Java HotSpot(TM) 64-Bit Server VM (25.91-b14) for linux-amd64 JRE (1.8.0_91-b14), built on Apr  1 2016 00:57:21 by "java_re" with gcc 4.3.0 20080428 (Red Hat 4.3.0-8)

time: Wed Jun  8 23:56:04 2016
elapsed time: 89 seconds (0d 0h 1m 29s)

